0 149
0 126
0 149
0 148
0 165
0 171
0 263
0 164
0 202
0 179
0 190
0 167
0 166
0 167
0 167
0 167
0 165
0 167
0 158
0 164
0 229
0 176
0 166
0 165
0 165
0 170
0 163
0 166
0 165
0 191
0 168
0 146
0 166
0 165
0 170
0 154
0 168
0 172
0 173
0 162
0 165
0 169
0 164
0 167
0 166
0 165
0 166
0 89
0 171
0 169
0 172
0 160
0 125
0 167
0 141
0 197
0 54
0 149
0 153
0 154
0 166
0 171
0 163
0 166
0 179
0 166
0 167
0 167
0 167
0 171
0 160
0 168
0 150
0 196
0 148
0 149
0 214
0 162
0 150
0 183
0 149
0 169
0 165
0 171
0 163
0 131
0 147
0 165
0 163
0 166
0 165
0 170
0 157
0 169
0 170
0 169
0 163
0 165
0 167
0 165
0 165
0 164
0 241
0 184
0 167
0 182
0 166
0 165
0 221
0 166
0 149
0 149
0 148
0 149
0 149
0 153
0 146
0 150
0 135
0 147
0 146
0 160
0 225
0 172
0 167
0 165
0 165
0 172
0 201
0 166
0 165
0 162
0 218
0 165
0 166
0 165
0 163
0 168
0 165
0 164
0 167
0 163
0 169
0 167
0 168
0 146
0 165
0 169
0 164
0 163
0 166
0 159
0 166
0 165
0 170
0 165
0 171
0 164
0 170
0 148
0 152
0 167
0 174
0 172
0 169
0 163
0 165
0 150
0 149
0 164
0 168
0 161
0 162
0 165
0 133
0 170
0 166
0 165
0 164
0 159
0 167
0 150
0 145
0 164
0 173
0 165
0 170
0 135
0 136
0 151
0 213
0 151
0 153
0 145
0 144
0 162
0 165
0 163
0 173
0 174
0 156
0 161
0 166
