0.000149
0.000126
0.000149
0.000148
0.000165
0.000171
0.000263
0.000164
0.000202
0.000179
0.000190
0.000167
0.000166
0.000167
0.000167
0.000167
0.000165
0.000167
0.000158
0.000164
0.000229
0.000176
0.000166
0.000165
0.000165
0.000170
0.000163
0.000166
0.000165
0.000191
0.000168
0.000146
0.000166
0.000165
0.000170
0.000154
0.000168
0.000172
0.000173
0.000162
0.000165
0.000169
0.000164
0.000167
0.000166
0.000165
0.000166
0.000089
0.000171
0.000169
0.000172
0.000160
0.000125
0.000167
0.000141
0.000197
0.000054
0.000149
0.000153
0.000154
0.000166
0.000171
0.000163
0.000166
0.000179
0.000166
0.000167
0.000167
0.000167
0.000171
0.000160
0.000168
0.000150
0.000196
0.000148
0.000149
0.000214
0.000162
0.000150
0.000183
0.000149
0.000169
0.000165
0.000171
0.000163
0.000131
0.000147
0.000165
0.000163
0.000166
0.000165
0.000170
0.000157
0.000169
0.000170
0.000169
0.000163
0.000165
0.000167
0.000165
0.000165
0.000164
0.000241
0.000184
0.000167
0.000182
0.000166
0.000165
0.000221
0.000166
0.000149
0.000149
0.000148
0.000149
0.000149
0.000153
0.000146
0.000150
0.000135
0.000147
0.000146
0.000160
0.000225
0.000172
0.000167
0.000165
0.000165
0.000172
0.000201
0.000166
0.000165
0.000162
0.000218
0.000165
0.000166
0.000165
0.000163
0.000168
0.000165
0.000164
0.000167
0.000163
0.000169
0.000167
0.000168
0.000146
0.000165
0.000169
0.000164
0.000163
0.000166
0.000159
0.000166
0.000165
0.000170
0.000165
0.000171
0.000164
0.000170
0.000148
0.000152
0.000167
0.000174
0.000172
0.000169
0.000163
0.000165
0.000150
0.000149
0.000164
0.000168
0.000161
0.000162
0.000165
0.000133
0.000170
0.000166
0.000165
0.000164
0.000159
0.000167
0.000150
0.000145
0.000164
0.000173
0.000165
0.000170
0.000135
0.000136
0.000151
0.000213
0.000151
0.000153
0.000145
0.000144
0.000162
0.000165
0.000163
0.000173
0.000174
0.000156
0.000161
0.000166
