0.000714
0.000741
0.000710
0.000723
0.000727
0.000753
0.000714
0.000730
0.000724
0.000723
0.000714
0.000727
0.000726
0.000662
0.000760
0.000643
0.000716
0.000718
0.000734
0.000659
0.000724
0.000763
0.000725
0.000709
0.000724
0.000737
0.000721
0.000726
0.000721
0.000728
0.000728
0.000406
0.000733
0.000726
0.000727
0.000717
0.000558
0.000663
0.000718
0.033700
0.001006
0.000655
0.000654
0.000666
0.000730
0.000756
0.000716
0.000731
0.000707
0.000726
0.000725
0.000722
0.000733
0.000723
0.000727
0.000721
0.000649
0.000716
0.000696
0.000658
0.000871
0.000710
0.000652
0.000694
0.000672
0.000758
0.000715
0.000731
0.000711
0.000683
0.000662
0.000721
0.000720
0.000730
0.000723
0.000728
0.000665
0.000736
0.000724
0.000736
0.000717
0.000744
0.000722
0.000725
0.000729
0.000712
0.000832
0.000769
0.000745
0.000714
0.000731
0.000725
0.000783
0.000726
0.000686
0.000654
0.000658
0.000656
0.000767
0.000658
0.000643
0.000654
0.000590
0.000652
0.000736
0.031957
0.001863
0.000728
0.000724
0.000724
0.000731
0.000728
0.000756
0.000725
0.000715
0.000711
0.000939
0.000713
0.000725
0.000722
0.000713
0.000732
0.000730
0.000722
0.000724
0.000723
0.000718
0.000726
0.000724
0.000673
0.000727
0.000728
0.000723
0.000720
0.000727
0.000712
0.000723
0.000749
0.000780
0.000727
0.000727
0.000762
0.000740
0.000652
0.000659
0.000728
0.000735
0.000729
0.000720
0.000715
0.000720
0.000680
0.000655
0.000737
0.000718
0.000739
0.000767
0.000730
0.000694
0.000741
0.000718
0.000721
0.000719
0.000708
0.000714
0.000669
0.000642
0.000725
0.000733
0.000717
0.000732
0.000627
0.000576
0.000661
0.000673
0.000656
0.000660
0.000646
0.000739
0.034631
0.000732
0.000709
0.000809
0.000772
0.000702
0.000712
0.000731
0.000613
0.000605
0.000593
0.000618
0.000660
0.000658
0.000659
0.000672
0.000604
0.000621
0.000657
0.000663
0.000702
0.000662
0.000661
0.000695
0.000667
