0 137
0 113
0 141
0 144
0 147
0 146
0 145
0 152
0 140
0 178
0 150
0 150
0 130
0 151
0 152
0 176
0 163
0 172
0 170
0 172
0 149
0 170
0 166
0 165
0 167
0 165
0 168
0 269
0 166
0 175
0 166
0 148
0 174
0 166
0 163
0 172
0 170
0 160
0 193
0 168
0 145
0 169
0 176
0 166
0 169
0 171
0 166
0 192
0 164
0 170
0 178
0 175
0 168
0 147
0 163
0 205
0 163
0 170
0 141
0 147
0 152
0 183
0 148
0 150
0 144
0 147
0 150
0 146
0 149
0 148
0 149
0 161
0 210
0 155
0 152
0 138
0 179
0 148
0 143
0 132
0 147
0 156
0 147
0 151
0 148
0 168
0 158
0 168
0 171
0 195
0 165
0 147
0 151
0 142
0 152
0 149
0 317
0 169
0 160
0 169
0 168
0 171
0 169
0 172
0 223
0 168
0 166
0 163
0 168
0 188
0 185
0 171
0 168
0 169
0 159
0 208
0 168
0 163
0 149
0 146
0 149
0 146
0 195
0 148
0 185
0 146
0 149
0 154
0 143
0 138
0 135
0 209
0 121
0 151
0 337
0 151
0 152
0 129
0 146
0 150
0 148
0 165
0 150
0 150
0 174
0 149
0 171
0 173
0 213
0 166
0 168
0 170
0 168
0 146
0 168
0 169
0 155
0 167
0 162
0 169
0 166
0 172
0 165
0 168
0 170
0 164
0 165
0 170
0 169
0 137
0 131
0 112
0 135
0 189
0 150
0 146
0 150
0 150
0 165
0 149
0 149
0 155
0 150
0 149
0 153
0 16
0 146
0 146
0 149
0 192
0 162
0 178
0 148
0 132
0 147
0 151
0 160
0 148
0 149
0 147
0 149
0 148
0 151
0 32
0 50
0 147
0 139
0 180
0 150
0 147
0 140
0 134
0 135
0 136
0 133
0 141
0 125
0 152
0 293
0 173
0 342
0 144
0 150
0 15
0 147
0 148
0 190
0 148
0 152
0 165
0 165
0 167
0 166
0 237
0 164
0 167
0 161
0 172
0 169
0 168
0 167
0 170
0 171
0 171
0 211
0 165
0 211
0 166
0 186
0 152
0 142
0 183
0 148
0 147
0 149
0 224
0 159
0 145
0 162
0 168
0 139
0 163
0 17
0 175
0 166
0 166
0 211
0 167
0 196
0 166
0 165
0 161
0 177
0 166
0 167
0 168
0 165
0 170
0 170
0 168
0 165
0 164
0 169
0 164
0 18
0 188
0 164
0 209
0 169
0 167
0 169
0 171
0 164
0 167
0 171
0 166
0 159
0 208
0 167
0 148
0 168
0 167
0 170
0 168
0 301
0 162
0 170
0 169
0 170
0 170
0 170
0 177
0 167
0 168
0 166
0 173
0 166
0 165
0 178
0 161
0 168
0 173
0 159
0 171
0 172
0 168
0 148
0 151
0 163
0 130
0 148
0 314
0 149
0 274
0 171
0 143
0 187
0 234
0 246
0 144
0 187
0 153
0 140
0 182
0 146
0 129
0 146
0 148
0 145
0 167
0 150
0 155
0 170
0 174
0 167
0 153
0 149
0 168
0 163
0 145
0 184
0 146
0 187
0 149
0 148
0 149
0 145
0 160
0 145
0 135
0 15
0 143
0 150
0 151
0 149
0 143
0 145
0 149
0 191
0 151
0 144
0 183
0 152
0 159
0 14
0 151
0 142
0 183
0 146
0 171
0 143
0 172
0 128
0 172
0 194
0 212
0 235
0 170
0 131
0 150
0 330
0 127
0 148
0 151
0 147
0 151
0 143
0 145
0 167
0 147
0 149
0 176
0 167
0 167
0 168
0 168
0 173
0 166
0 170
0 170
0 221
0 171
0 169
0 167
0 166
0 172
0 170
0 197
0 169
0 169
0 161
0 155
0 150
0 169
0 169
0 168
0 170
0 165
0 168
0 169
0 169
0 256
0 162
0 143
0 156
0 147
0 148
0 165
0 213
0 145
0 151
0 145
0 149
0 142
0 167
0 169
0 165
0 171
0 166
0 144
0 145
0 188
0 148
0 152
0 147
0 152
0 15
0 33
0 147
0 193
0 151
0 144
0 188
0 151
0 146
0 191
0 144
0 151
0 150
0 172
0 146
0 149
0 194
0 173
0 169
0 174
0 163
0 209
0 176
0 18
0 172
0 174
0 242
0 178
0 170
0 174
0 214
0 173
0 247
0 196
0 164
0 170
0 164
0 214
0 173
0 166
0 171
0 240
0 165
0 174
0 172
0 163
0 168
0 157
0 169
0 149
0 171
0 169
0 169
0 168
0 185
0 146
0 151
0 172
0 88
0 182
0 169
0 166
0 182
0 170
0 149
0 194
0 151
0 141
0 15
0 149
0 154
0 165
0 171
0 141
0 184
0 166
0 129
0 142
0 145
0 149
0 167
0 149
0 143
0 144
0 144
0 146
0 166
0 170
0 171
0 162
0 180
0 228
0 176
0 171
0 168
0 167
0 165
0 172
0 166
0 161
0 165
0 171
0 173
0 167
0 171
0 167
0 168
0 164
0 162
0 168
0 172
0 168
0 166
0 216
0 173
0 157
0 203
0 195
0 215
0 163
0 209
0 163
0 214
0 168
0 166
0 169
0 165
0 177
0 236
0 169
0 167
0 169
0 218
0 149
0 186
0 146
0 152
0 145
0 144
0 188
0 201
0 150
0 150
0 182
0 226
0 146
0 148
0 150
0 146
0 169
0 148
0 194
0 137
0 14
0 150
0 149
0 181
0 222
0 137
0 152
0 149
0 148
0 146
0 150
0 150
0 160
0 148
0 146
0 150
0 146
0 150
0 144
0 148
0 182
0 149
0 147
0 150
0 231
0 147
0 151
0 146
0 150
0 192
0 154
0 149
0 152
0 148
0 146
0 151
0 147
0 148
0 150
0 142
0 149
0 153
0 159
0 132
0 156
0 146
0 141
0 184
0 142
0 121
0 146
0 189
0 144
0 187
0 146
0 149
0 146
0 150
0 151
0 151
0 166
0 150
0 149
0 149
0 146
0 168
0 457
0 650
0 162
0 150
0 193
0 147
0 166
0 171
0 168
0 168
0 167
0 221
0 167
0 162
0 167
0 169
0 167
0 15
0 148
0 152
0 155
0 149
0 147
0 150
0 148
0 169
0 219
0 174
0 158
0 205
0 173
0 164
0 214
0 165
0 214
0 264
0 174
0 169
0 170
0 165
0 172
0 171
0 165
0 165
0 211
0 157
0 150
0 145
0 148
0 140
0 141
0 182
0 194
0 141
0 148
0 148
0 145
0 189
0 152
0 134
0 153
0 154
0 144
0 187
0 147
0 169
0 147
0 150
0 143
0 185
0 146
0 147
0 133
0 172
0 144
0 149
0 148
0 185
0 166
0 175
0 163
0 168
0 169
0 169
0 147
0 148
0 190
0 143
0 168
0 208
0 147
0 147
0 147
0 142
0 151
0 147
0 165
0 141
0 129
0 123
0 147
0 150
0 141
0 143
0 148
0 258
0 147
0 138
0 179
0 152
0 145
0 186
0 147
0 137
0 180
0 149
0 128
0 168
0 145
0 187
0 147
0 189
0 150
0 141
0 184
0 150
0 140
0 179
0 149
0 246
0 146
0 146
0 145
0 152
0 148
0 150
0 147
0 189
0 211
0 148
0 152
0 147
0 147
0 148
0 149
0 150
0 167
0 174
0 148
0 285
0 151
0 153
0 197
0 146
0 167
0 248
0 128
0 126
0 150
0 147
0 146
0 151
0 150
0 136
0 203
0 151
0 143
0 187
0 149
0 166
0 212
0 146
0 146
0 129
0 147
0 149
0 149
0 142
0 148
0 148
0 150
0 182
0 151
0 154
0 145
0 189
0 142
0 235
0 154
0 154
0 144
0 188
0 152
0 173
0 226
0 191
0 149
0 140
0 181
0 147
0 145
0 147
0 148
0 166
0 148
0 151
0 146
0 146
0 184
0 149
0 144
0 188
0 149
0 151
0 152
0 193
0 148
0 138
0 141
0 147
0 157
0 144
0 167
0 173
0 146
0 149
0 146
0 146
0 189
0 149
0 152
0 15
0 153
0 151
0 215
0 153
0 144
0 187
0 168
0 169
0 131
0 128
0 149
0 146
0 153
0 150
0 159
0 149
0 147
0 147
0 147
0 189
0 145
0 131
0 166
0 147
0 141
0 184
0 150
0 147
0 165
0 214
0 136
0 176
0 143
0 186
0 125
0 145
0 154
0 146
0 147
0 149
0 153
0 200
0 173
0 169
0 165
0 166
0 169
0 162
0 168
0 165
0 163
0 165
0 166
0 170
0 171
0 175
0 218
0 172
0 174
0 184
0 170
0 171
0 171
0 167
0 170
0 165
0 174
0 166
0 210
0 173
0 158
0 161
0 136
0 126
0 146
0 145
0 150
0 149
0 147
0 146
0 148
0 152
0 196
0 146
0 189
0 201
0 150
0 144
0 152
0 196
0 241
0 149
0 150
0 152
0 231
0 148
0 283
0 149
0 146
0 160
0 130
0 131
0 117
0 129
0 166
0 128
0 165
0 146
0 148
0 148
0 147
0 162
0 132
0 158
0 146
0 146
0 150
0 165
0 148
0 151
0 148
0 149
0 170
0 151
0 147
0 167
0 144
0 143
0 183
0 146
0 188
0 138
0 123
0 126
0 149
0 149
0 148
0 145
0 148
0 152
0 147
0 151
0 149
0 149
0 192
0 143
0 165
0 205
0 216
0 226
0 235
0 244
0 252
0 143
0 191
0 130
0 150
0 148
0 151
0 145
0 191
0 157
0 138
0 146
0 299
0 150
0 148
0 184
0 145
0 189
0 148
0 148
0 147
0 169
0 165
0 170
0 168
0 169
0 166
0 168
0 166
0 171
0 172
0 162
0 209
0 170
0 169
0 168
0 165
0 168
0 167
0 173
0 225
0 209
0 173
0 152
0 150
0 179
0 160
0 174
0 169
0 262
0 169
0 168
0 171
0 165
0 165
0 173
0 168
0 187
0 168
0 219
0 168
0 192
0 163
0 165
0 216
0 159
0 210
0 226
0 147
0 156
0 201
0 151
0 151
0 190
0 151
0 175
0 170
0 171
0 169
0 220
0 172
0 169
0 150
0 304
0 164
0 143
0 184
0 150
0 148
0 146
0 192
0 393
0 152
0 171
0 164
0 166
0 173
0 168
0 173
0 166
0 163
0 168
0 168
0 150
0 148
0 150
0 144
0 147
0 160
0 223
0 280
0 125
0 175
0 229
0 16
0 165
0 161
0 168
0 170
0 165
0 190
0 164
0 163
0 172
0 172
0 165
0 216
0 168
0 165
0 169
0 165
0 216
0 161
0 151
0 195
0 154
0 196
0 242
0 139
0 150
0 167
0 169
0 162
0 164
0 172
0 224
0 154
0 152
0 147
0 190
0 173
0 173
0 172
0 179
0 171
0 169
0 170
0 175
0 174
0 164
0 171
0 161
0 208
0 167
0 169
0 168
0 171
0 167
0 166
0 168
0 141
0 183
0 134
0 126
0 165
0 150
0 41
0 134
0 120
0 154
0 137
0 146
0 147
0 146
0 147
0 153
0 150
0 152
0 148
0 142
0 186
0 204
0 255
0 167
0 168
0 177
0 232
0 192
0 249
0 157
0 126
0 143
0 187
0 145
0 147
0 145
0 141
0 148
0 149
0 169
0 152
0 168
0 176
0 18
0 172
0 17
0 170
0 174
0 226
0 159
0 169
0 220
0 167
0 178
0 169
0 166
0 169
0 170
0 164
0 165
0 142
0 150
0 153
0 148
0 147
0 150
0 196
0 148
0 187
0 206
0 150
0 150
0 194
0 154
0 147
0 189
0 125
0 148
0 192
0 148
0 231
0 149
0 146
0 129
0 149
0 142
0 187
0 151
0 148
0 145
0 190
0 146
0 191
0 142
0 187
0 147
0 152
0 142
0 187
0 152
0 184
0 237
0 155
0 168
0 148
0 195
0 166
0 160
0 210
0 149
0 110
0 146
0 148
0 148
0 149
0 146
0 148
0 148
0 148
0 144
0 147
0 151
0 167
0 153
0 197
0 243
0 149
0 147
0 148
0 145
0 148
0 150
0 150
0 142
0 127
0 133
0 138
0 151
0 141
0 231
0 147
0 190
0 148
0 192
0 144
0 145
0 155
0 153
0 145
0 149
0 156
0 150
0 141
0 182
0 148
0 146
0 141
0 184
0 149
0 137
0 135
0 176
0 148
0 160
0 149
0 149
0 146
0 148
0 147
0 137
0 177
0 141
0 183
0 149
0 147
0 191
0 142
0 148
0 136
0 114
0 117
0 160
0 131
0 132
0 134
0 147
0 146
0 152
0 144
0 148
0 151
0 150
0 144
0 149
0 150
0 178
0 147
0 191
0 139
0 123
0 30
0 149
0 143
0 148
0 141
0 180
0 140
0 182
0 195
0 141
0 184
0 142
0 152
0 151
0 132
0 145
0 143
0 146
0 143
0 150
0 143
0 183
0 141
0 185
0 146
0 188
0 145
0 126
0 152
0 164
0 215
0 148
0 192
0 149
0 143
0 183
0 156
0 155
0 177
0 139
0 180
0 268
0 143
0 140
0 151
0 149
0 159
0 132
0 148
0 173
0 166
0 181
0 169
0 166
0 168
0 171
0 201
0 169
0 164
0 165
0 167
0 186
0 146
0 148
0 143
0 152
0 15
0 146
0 140
0 115
0 15
0 128
0 145
0 184
0 150
0 150
0 152
0 140
0 182
0 145
0 142
0 186
0 149
0 146
0 144
0 149
0 133
0 189
0 241
0 194
0 190
0 167
0 211
0 158
0 210
0 207
0 256
0 195
0 200
0 136
0 188
0 165
0 174
0 163
0 161
0 312
0 45
0 103
0 29
0 90
0 76
0 81
0 83
0 79
0 19
0 36
0 67
0 64
0 69
0 58
0 72
0 78
0 76
0 74
0 74
0 78
0 77
0 74
0 80
0 74
0 72
0 93
0 73
0 68
0 97
0 82
0 82
0 10
0 79
0 56
0 6
0 12
0 72
0 94
0 5
0 75
0 72
0 73
0 71
0 77
0 67
0 87
0 87
0 77
0 99
0 78
0 75
0 95
0 75
0 97
0 73
0 95
0 76
0 98
0 76
0 98
0 79
0 103
0 79
0 69
0 81
0 78
0 78
0 98
0 80
0 71
0 84
0 87
0 93
0 82
0 83
0 81
0 85
0 81
0 81
0 82
0 112
0 104
0 117
0 109
0 93
0 104
0 117
0 123
0 143
0 132
0 128
0 167
0 144
0 128
0 167
0 190
0 122
0 157
0 146
0 143
0 182
0 147
0 146
0 150
0 147
0 144
0 149
0 146
0 171
0 152
0 144
0 149
0 133
0 144
0 143
0 186
0 149
0 143
0 149
0 145
0 150
0 129
0 148
0 152
0 117
0 163
0 145
0 105
0 96
0 101
0 131
0 142
0 142
0 159
0 217
0 146
0 159
0 204
0 151
0 176
0 149
0 150
0 149
0 149
0 147
0 156
0 147
0 141
0 130
0 131
0 143
0 149
0 148
0 149
0 152
0 146
0 170
0 101
0 144
0 187
0 162
0 214
0 163
0 210
0 223
0 174
0 213
0 225
0 146
0 147
0 149
0 154
0 156
0 154
0 142
0 32
0 152
0 150
0 202
0 10
0 32
0 144
0 186
0 146
0 145
0 191
0 150
0 149
0 150
0 150
0 146
0 133
0 174
0 143
0 188
0 150
0 167
0 217
0 146
0 150
0 165
0 167
0 165
0 161
0 170
0 167
0 169
0 169
0 164
0 161
0 208
0 170
0 169
0 168
0 168
0 185
0 166
0 169
0 167
0 219
0 151
0 168
0 212
0 167
0 160
0 170
0 160
0 212
0 227
0 171
0 169
0 166
0 186
0 174
0 171
0 16
0 187
0 163
0 143
0 164
0 166
0 217
0 162
0 214
0 171
0 163
0 167
0 163
0 215
0 169
0 171
0 175
0 170
0 173
0 203
0 164
0 151
0 146
0 193
0 167
0 164
0 168
0 165
0 217
0 166
0 166
0 213
0 169
0 172
0 167
0 167
0 134
0 182
0 129
0 138
0 119
0 150
0 149
0 143
0 142
0 149
0 148
0 165
0 216
0 171
0 174
0 143
0 184
0 166
0 202
0 154
0 170
0 168
0 158
0 144
0 189
0 202
0 141
0 184
0 198
0 156
0 181
0 136
0 127
0 167
0 130
0 205
0 150
0 151
0 152
0 146
0 191
0 154
0 14
0 146
0 172
0 165
0 164
0 170
0 166
0 168
0 168
0 163
0 210
0 177
0 18
0 182
0 168
0 220
0 171
0 157
0 203
0 169
0 171
0 168
0 193
0 178
0 166
0 138
0 169
0 228
0 168
0 167
0 172
0 165
0 213
0 313
0 167
0 169
0 145
0 166
0 168
0 166
0 218
0 168
0 166
0 216
0 171
0 167
0 172
0 160
0 212
0 129
0 129
0 139
0 124
0 15
0 131
0 113
0 107
0 120
0 114
0 151
0 132
0 199
0 144
0 189
0 143
0 144
0 150
0 142
0 187
0 152
0 137
0 20
0 158
0 147
0 149
0 142
0 144
0 190
0 170
0 151
0 146
0 151
0 147
0 144
0 187
0 150
0 173
0 170
0 170
0 167
0 169
0 192
0 139
0 167
0 239
0 164
0 171
0 169
0 167
0 273
0 328
0 167
0 238
0 309
0 161
0 213
0 230
0 172
0 162
0 38
0 253
0 327
0 196
0 126
0 169
0 129
0 173
0 207
0 153
0 148
0 194
0 153
0 143
0 149
0 151
0 169
0 168
0 160
0 16
0 173
0 151
0 173
0 167
0 217
0 233
0 167
0 169
0 174
0 172
0 169
0 172
0 172
0 166
0 218
0 131
0 13
0 152
0 147
0 14
