1604204895 429910
1604204895 943321
1604204896 454693
1604204896 966815
1604204897 478987
1604204897 991907
1604204898 505368
1604204899 17828
1604204899 530561
1604204900 43983
1604204900 556972
1604204901 68004
1604204901 579941
1604204902 93555
1604204902 606773
1604204903 119654
1604204903 632809
1604204904 144243
1604204904 656376
1604204905 168997
1604204905 681808
1604204906 195348
1604204906 707362
1604204907 219418
1604204907 733010
1604204908 246179
1604204908 757424
1604204909 269461
1604204909 780953
1604204910 293492
1604204910 806539
1604204911 319651
1604204911 833207
1604204912 345283
1604204912 859634
1604204913 374158
1604204913 887696
1604204914 401098
1604204914 914587
1604204915 425888
1604204915 937887
1604204916 450769
1604204916 963441
1604204917 476318
1604204917 987834
1604204918 499956
1604204919 13094
1604204919 525992
1604204920 39340
1604204920 552277
1604204921 65122
1604204921 578067
1604204922 90373
1604204922 603330
1604204923 117103
1604204923 630719
1604204924 144099
1604204924 658458
1604204925 171231
1604204925 685110
1604204926 198463
1604204926 711996
1604204927 225494
1604204927 739377
1604204928 252781
1604204928 766195
1604204929 279368
1604204929 790818
1604204930 303965
1604204930 817268
1604204931 330708
1604204931 844361
1604204932 357294
1604204932 870241
1604204933 383355
1604204933 896495
1604204934 409952
1604204934 922667
1604204935 433270
1604204935 945791
1604204936 459131
1604204936 972366
1604204937 484967
1604204937 998162
1604204938 511796
1604204939 25661
1604204939 537718
1604204940 46857
1604204940 559726
1604204941 72622
1604204941 585521
1604204942 98665
1604204942 611927
1604204943 124988
1604204943 638411
1604204944 150498
1604204944 663661
1604204945 176273
1604204945 689757
1604204946 203280
1604204946 716378
1604204947 229714
1604204947 743032
1604204948 256258
1604204948 769451
1604204949 281343
1604204949 792515
1604204950 306052
1604204950 819220
1604204951 331842
1604204951 844381
1604204952 357278
1604204952 869852
1604204953 382329
1604204953 894045
1604204954 406428
1604204954 919622
1604204955 433286
1604204955 946398
1604204956 457161
1604204956 966274
1604204957 475221
1604204957 985478
1604204958 497623
1604204959 10471
1604204959 523364
1604204960 36063
1604204960 549600
1604204961 62789
1604204961 575428
1604204962 87889
1604204962 600870
1604204963 114635
1604204963 627739
1604204964 140776
1604204964 652211
1604204965 164128
1604204965 677347
1604204966 190137
1604204966 703242
1604204967 216300
1604204967 729364
1604204968 242889
1604204968 756329
1604204969 269857
1604204969 783393
1604204970 296580
1604204970 809681
1604204971 320903
1604204971 832913
1604204972 345203
1604204972 858355
1604204973 371544
1604204973 883677
1604204974 396854
1604204974 910210
1604204975 423670
1604204975 935268
1604204976 447358
1604204976 960210
1604204977 473230
1604204977 986244
1604204978 497897
1604204979 9398
1604204979 523002
1604204980 35313
1604204980 546471
1604204981 57880
1604204981 571313
1604204982 83582
1604204982 594957
1604204983 105410
1604204983 618479
1604204984 131293
1604204984 644546
1604204985 157288
1604204985 670307
1604204986 183520
1604204986 696888
1604204987 209473
1604204987 722641
1604204988 234786
1604204988 746714
1604204989 259920
1604204989 772738
1604204990 285283
1604204990 798851
1604204991 312380
1604204991 825692
1604204992 339010
1604204992 851988
1604204993 365435
1604204993 878255
1604204994 390566
1604204994 903470
1604204995 416384
1604204995 929299
1604204996 442016
1604204996 955633
1604204997 468256
1604204997 979647
1604204998 491610
1604204999 4647
1604204999 517960
1604205000 28027
1604205000 540390
1604205001 53201
1604205001 566427
1604205002 78846
1604205002 591963
1604205003 104712
1604205003 617560
1604205004 130866
1604205004 643629
1604205005 157916
1604205005 671406
1604205006 184368
1604205006 698125
1604205007 211546
1604205007 724724
1604205008 237823
1604205008 751448
1604205009 264418
1604205009 778213
1604205010 291074
1604205010 803953
1604205011 317393
1604205011 830227
1604205012 342253
