0.513411
0.511372
0.512122
0.512172
0.512920
0.513461
0.512460
0.512733
0.513422
0.512989
0.511032
0.511937
0.513614
0.513218
0.512881
0.513155
0.511434
0.512133
0.512621
0.512811
0.513540
0.512014
0.512056
0.513592
0.513169
0.511245
0.512037
0.511492
0.512539
0.513047
0.513112
0.513556
0.512076
0.514351
0.514524
0.513538
0.513402
0.513489
0.511301
0.511999
0.512882
0.512672
0.512877
0.511516
0.512122
0.513138
0.512898
0.513348
0.512937
0.512845
0.512945
0.512306
0.512957
0.513773
0.513616
0.513380
0.514359
0.512773
0.513879
0.513353
0.513533
0.513498
0.513883
0.513404
0.513414
0.513173
0.511450
0.513147
0.513303
0.513440
0.513653
0.512933
0.512947
0.513114
0.513140
0.513457
0.512715
0.510603
0.512521
0.513340
0.513235
0.512601
0.513195
0.513634
0.513865
0.512057
0.509139
0.512869
0.512896
0.512899
0.513144
0.513262
0.513061
0.513423
0.512087
0.513163
0.512612
0.513484
0.513523
0.513098
0.513336
0.513318
0.513226
0.513193
0.511892
0.511172
0.513537
0.513168
0.512622
0.512539
0.512897
0.512574
0.512477
0.511716
0.512383
0.513194
0.513664
0.513112
0.510763
0.509113
0.508947
0.510257
0.512145
0.512848
0.512893
0.512699
0.513537
0.513189
0.512639
0.512461
0.512981
0.513765
0.513104
0.513037
0.511435
0.511917
0.513219
0.512790
0.513105
0.513058
0.513064
0.513525
0.513440
0.513528
0.513536
0.513187
0.513101
0.511222
0.512010
0.512290
0.513152
0.513189
0.512133
0.513177
0.513356
0.513460
0.511598
0.512090
0.512852
0.513020
0.513014
0.511653
0.511501
0.513604
0.512311
0.511158
0.511409
0.513433
0.512269
0.511375
0.510453
0.513069
0.512814
0.513253
0.512742
0.513019
0.513213
0.513368
0.512585
0.513168
0.512145
0.511928
0.513206
0.512818
0.512545
0.513568
0.513529
0.513312
0.513318
0.512978
0.513447
0.512820
0.512311
0.512904
0.512914
0.512915
0.512717
0.513617
0.512623
0.511391
0.511963
0.513037
0.513313
0.510067
0.512363
0.512811
0.513226
0.512419
0.513117
0.512749
0.512848
0.513306
0.512763
0.514287
0.513490
0.512962
0.513757
0.513421
0.513178
0.513099
0.513625
0.512970
0.513795
0.512861
0.512879
0.513440
0.512834
0.512026
