0.302604
0.305516
0.303812
0.089740
0.213801
0.088968
0.215625
0.089702
0.211829
0.092148
0.089747
0.124118
0.089807
0.088719
0.125215
0.090616
0.089962
0.123439
0.086528
0.093711
0.089353
0.124517
0.089885
0.088453
0.125141
0.090397
0.090253
0.123920
0.086479
0.093598
0.089406
0.124372
0.089132
0.089229
0.125203
0.090019
0.090550
0.123795
0.086378
0.093634
0.089508
0.124326
0.089082
0.089237
0.125291
0.090119
0.090610
0.123650
0.086293
0.093720
0.089553
0.124170
0.089169
0.088953
0.125677
0.089978
0.090835
0.122951
0.086949
0.093573
0.089511
0.123846
0.089694
0.088598
0.125970
0.089877
0.090497
0.123066
0.087608
0.093118
0.089857
0.123476
0.089372
0.088958
0.125648
0.089709
0.090939
0.123222
0.086963
0.093611
0.089814
0.123770
0.089300
0.088439
0.126099
0.089663
0.091090
0.122424
0.087551
0.093748
0.089687
0.123463
0.089902
0.088221
0.126198
0.089576
0.090749
0.122722
0.087749
0.093619
0.089618
0.123331
0.090021
0.088298
0.126200
0.089506
0.090875
0.122597
0.087917
0.093525
0.089532
0.123349
0.089883
0.088368
0.126243
0.089476
0.091120
0.121800
0.088443
0.093597
0.089632
