0.045110
0.054581
0.053682
0.052909
0.051936
0.051547
0.050579
0.050546
0.049749
0.049657
0.049550
0.049099
0.048313
0.047386
0.046945
0.045952
0.045265
0.044581
0.043900
0.043755
0.042960
0.042359
0.041890
0.041865
0.041533
0.040770
0.040402
0.039641
0.039427
0.038915
0.038402
0.037856
0.037509
0.036752
0.036083
0.035409
0.034911
0.033919
0.033860
0.033210
0.033128
0.032961
0.032508
0.032287
0.032182
0.031938
0.031725
0.030931
0.029999
0.029745
0.029453
0.029372
0.028520
0.027756
0.027649
0.027111
0.026563
0.026088
0.025789
0.025692
0.025353
0.025182
0.024186
0.024146
0.023869
0.023852
0.023137
0.023008
0.022998
0.022224
0.021445
0.021000
0.020705
0.020476
0.019806
0.019405
0.018925
0.018693
0.018145
0.017379
0.016892
0.016699
0.015852
0.015161
0.014203
0.013249
0.013018
0.012179
0.011396
0.010510
0.010249
0.009779
0.009352
0.009069
0.008556
0.007875
0.007571
0.006991
0.006180
0.005866
0.005510
0.004568
0.004457
0.004452
0.004279
0.003500
0.002744
0.002736
0.002737
0.002079
0.001303
0.000453
0.000144
0.000146
0.000149
0.000197
0.000217
0.000244
0.000223
0.000145
0.000116
0.000157
0.000142
0.000142
0.000146
0.000087
0.000139
0.000141
0.000142
0.000173
0.000155
0.000142
0.000147
0.000120
0.000140
0.000193
0.000144
0.000212
0.000106
0.000154
0.000147
0.000146
0.000120
0.000140
0.000144
0.000141
0.000144
0.000145
0.000107
0.000142
0.000141
0.000142
0.000229
0.000142
0.000158
0.000149
0.000190
0.000141
0.000142
0.000142
0.000142
0.000151
0.000175
0.000150
0.000151
0.000195
0.000158
0.000150
0.000152
0.000150
0.000151
0.000150
0.000151
0.000157
0.000152
0.000215
0.000155
0.000089
0.000165
0.000159
0.000157
0.000195
0.000152
0.000153
0.000151
0.000150
0.000160
0.000155
0.000151
0.000150
0.000155
0.000153
0.000095
0.000184
0.000170
0.000148
0.000147
0.000147
0.000147
0.000161
0.000256
0.000156
0.000149
0.000151
0.000198
0.000071
0.000152
0.000152
0.000155
0.000155
0.000153
0.000152
0.000148
0.000155
0.000152
0.000180
0.000152
0.000150
0.000183
0.000150
0.000152
0.000152
0.000154
0.000155
0.000141
0.000150
0.000151
0.000152
0.000169
0.000131
0.000200
0.000148
0.000151
0.000153
0.000090
0.000150
0.000152
0.000156
0.000152
0.000181
0.000154
0.000150
0.000156
0.000124
0.000153
0.000202
0.000188
0.000150
0.000151
0.000150
0.000190
0.000148
0.000148
0.000157
0.000113
0.000154
0.000154
0.000177
0.000226
0.000153
0.000154
0.000153
0.000171
0.000157
0.000152
0.000151
0.000157
0.000156
0.000105
0.000048
0.000147
0.000154
0.000150
0.000194
0.000198
0.000157
0.000171
0.000190
0.000204
0.000157
0.000157
0.000130
0.000148
0.000148
0.000152
0.000151
0.000154
0.000153
0.000160
0.000149
0.000148
0.000150
0.000152
0.000151
0.000152
0.000155
0.000124
0.000153
0.000150
0.000149
0.000159
0.000154
0.000164
0.000152
0.000154
0.000150
0.000151
0.000151
0.000153
0.000153
0.000153
0.000151
0.000151
0.000152
0.000152
0.000156
0.000160
0.000158
0.000157
0.000157
0.000157
0.000165
0.000156
0.000160
0.000160
0.000188
0.000161
0.000157
0.000151
0.000156
0.000160
0.000151
0.000150
0.000152
0.000152
0.000155
0.000151
0.000203
0.000174
0.000152
0.000159
0.000158
0.000165
0.000151
0.000216
0.000154
0.000158
0.000158
0.000160
0.000157
0.000155
0.000155
0.000157
0.000167
0.000155
0.000157
0.000151
0.000154
0.000123
0.000149
0.000216
0.000151
0.000151
0.000154
0.000151
0.000155
0.000151
0.000151
0.000152
0.000188
0.000151
0.000175
0.000151
0.000176
0.000157
0.000156
0.000127
0.000149
0.000154
0.000151
0.000149
0.000137
0.000150
0.000094
0.000146
0.000156
0.000163
0.000151
0.000155
0.000156
0.000160
0.000146
0.000159
0.000156
0.000165
0.000081
0.000153
0.000156
0.000159
0.000156
0.000158
0.000240
0.000158
0.000155
0.000155
0.000157
0.000149
0.000149
0.000167
0.000142
0.000147
0.000147
0.000148
0.000148
0.000148
0.000149
0.000149
0.000147
0.000181
0.000148
0.000193
0.000149
0.000149
0.000151
0.000071
0.000146
0.000150
0.000155
0.000158
0.000155
0.000155
0.000156
0.000155
0.000155
0.000155
0.000155
0.000153
0.000149
0.000168
0.000158
0.000149
0.000150
0.000155
0.000149
0.000150
0.000183
0.000150
0.000156
0.000155
0.000150
0.000151
0.000184
0.000173
0.000160
0.000155
0.000157
0.000160
0.000164
0.000156
0.000218
0.000156
0.000155
0.000156
0.000156
0.000155
0.000193
0.000155
0.000164
0.000155
0.000158
0.000157
0.000161
0.000155
0.000171
0.000158
0.000159
0.000159
0.000117
0.000155
0.000156
0.000231
0.000185
0.000176
0.000156
0.000156
0.000158
0.000156
0.000155
0.000156
0.000160
0.000156
0.000155
0.000191
0.000153
0.000155
0.000154
0.000166
0.000167
0.000154
0.000160
0.000152
0.000149
0.000149
0.000153
0.000164
0.000164
0.000149
0.000149
0.000180
0.000196
0.000150
0.000149
0.000184
0.000179
0.000151
0.000176
0.000150
0.000157
0.000158
0.000158
0.000156
0.000158
0.000097
0.000170
0.000155
0.000154
0.000167
0.000181
0.000155
0.000156
0.000156
0.000239
0.000159
0.000186
0.000206
0.000158
0.000159
0.000161
0.000161
0.000156
0.000182
0.000125
0.000156
0.000158
0.000164
0.000196
0.000158
0.000159
0.000170
0.000161
0.000158
0.000160
0.000156
0.000166
0.000160
0.000077
0.000153
0.000155
0.000158
0.000156
0.000155
0.000155
0.000175
0.000174
0.000089
0.000172
0.000117
0.000165
0.000184
0.000159
0.000165
0.000156
0.000157
0.000186
0.000156
0.000172
0.000165
0.000157
0.000158
0.000157
0.000169
0.000178
0.000143
0.000157
0.000198
0.000158
0.000082
0.000162
0.000161
0.000105
0.000154
0.000253
0.000168
0.000154
0.000159
0.000107
0.000155
0.000155
0.000190
0.000094
0.000156
0.000156
0.000159
0.000107
0.000154
0.000155
0.000157
0.000156
0.000155
0.000206
0.000158
0.000155
0.000155
0.000157
0.000174
0.000156
0.000155
0.000158
0.000155
0.000205
0.000155
0.000165
0.000181
0.000155
0.000155
0.000203
0.000157
0.000156
0.000155
0.000252
0.000157
0.000212
0.000198
0.000224
0.000159
0.000165
0.000161
0.000157
0.000165
0.000157
0.000156
0.000157
0.000163
0.000153
0.000155
0.000158
0.000163
0.000103
0.000155
0.000160
0.000166
0.000155
0.000163
0.000158
0.000158
0.000156
0.000197
0.000178
0.000197
0.000163
0.000262
0.000268
0.000203
0.000166
0.000156
0.000264
0.000161
0.000115
0.000178
0.000170
0.000123
0.000164
0.000155
0.000154
0.000167
0.000155
0.000155
0.000158
0.000162
0.000155
0.000155
0.000172
0.000157
0.000158
0.000156
0.000155
0.000155
0.000167
0.000154
0.000156
0.000178
0.000180
0.000225
0.000192
0.000153
0.000155
0.000154
0.000193
0.000154
0.000163
0.000117
0.000160
0.000167
0.000144
0.000152
0.000156
0.000122
0.000160
0.000128
0.000086
0.000158
0.000144
0.000224
0.000168
0.000148
0.000226
0.000216
0.000157
0.000102
0.000175
0.000151
0.000153
0.000154
0.000150
0.000149
0.000150
0.000150
0.000153
0.000238
0.000152
0.000150
0.000228
0.000153
0.000152
0.000153
0.000152
0.000203
0.000143
0.000175
0.000197
0.000107
0.000152
0.000250
0.000239
0.000149
0.000152
0.000192
0.000219
0.000153
0.000176
0.000152
0.000153
0.000151
0.000181
0.000156
0.000227
0.000155
0.000185
0.000152
0.000153
0.000216
0.000167
0.000159
0.000159
0.000183
0.000206
0.000198
0.000157
0.000156
0.000157
0.000160
0.000108
0.000183
0.000167
0.000110
0.000243
0.000155
0.000157
0.000286
0.000191
0.000222
0.000165
0.000228
0.000110
0.000163
0.000205
0.000173
0.000192
0.000133
0.000103
0.000172
0.000152
0.000152
0.000155
0.000155
0.000153
0.000153
0.000156
0.000155
0.000157
0.000154
0.000155
0.000157
0.000166
0.000184
0.000159
0.000123
0.000184
0.000162
0.000154
0.000157
0.000163
0.000159
0.000074
0.000155
0.000156
0.000170
0.000158
0.000123
0.000076
0.000154
0.000154
0.000227
0.000156
0.000162
0.000170
0.000156
0.000213
0.000157
0.000158
0.000159
0.000163
0.000201
0.000157
0.000156
0.000160
0.000160
0.000158
0.000083
0.000152
0.000159
0.000155
0.000156
0.000170
0.000155
0.000167
0.000104
0.000155
0.000153
0.000156
0.000159
0.000156
0.000156
0.000211
0.000154
0.000232
0.000160
0.000155
0.000180
0.000155
0.000184
0.000156
0.000157
0.000158
0.000169
0.000162
0.000187
0.000164
0.000155
0.000174
0.000162
0.000090
0.000070
0.000151
0.000158
0.000155
0.000156
0.000185
0.000156
0.000160
0.000096
0.000151
0.000154
0.000154
0.000153
0.000154
0.000155
0.000187
0.000166
0.000162
0.000178
0.000154
0.000155
0.000158
0.000158
0.000155
0.000157
0.000166
0.000155
0.000156
0.000163
0.000155
0.000156
0.000155
0.000164
0.000150
0.000149
0.000149
0.000152
0.000168
0.000113
0.000150
0.000153
0.000171
0.000187
0.000156
0.000151
0.000164
0.000088
0.000166
0.000152
0.000150
0.000151
0.000149
0.000157
0.000176
0.000187
0.000124
0.000152
0.000221
0.000150
0.000149
0.000150
0.000180
0.000149
0.000149
0.000183
0.000084
0.000147
0.000155
0.000158
0.000155
0.000170
0.000077
0.000156
0.000156
0.000155
0.000150
0.000149
0.000150
0.000166
0.000150
0.000149
0.000150
0.000171
0.000149
0.000149
0.000150
0.000151
0.000153
0.000085
0.000179
0.000184
0.000150
0.000151
0.000174
0.000160
0.000154
0.000152
0.000149
0.000150
0.000178
0.000197
0.000150
0.000152
0.000108
0.000149
0.000149
0.000149
0.000179
0.000151
0.000166
0.000158
0.000149
0.000181
0.000149
0.000150
0.000153
0.000156
0.000150
0.000160
0.000154
0.000153
0.000184
0.000158
0.000157
0.000180
0.000156
0.000156
0.000155
0.000155
0.000157
0.000158
0.000155
0.000156
0.000155
0.000154
0.000156
0.000155
0.000149
0.000152
0.000158
0.000213
0.000139
0.000147
0.000165
0.000123
0.000152
0.000175
0.000150
0.000174
0.000258
0.000163
0.000157
0.000154
0.000152
0.000152
0.000152
0.000152
0.000180
0.000154
0.000151
0.000165
0.000154
0.000169
0.000152
0.000152
0.000226
0.000156
0.000162
0.000131
0.000151
0.000160
0.000182
0.000160
0.000152
0.000105
0.000151
0.000162
0.000150
0.000150
0.000178
0.000151
0.000149
0.000223
0.000150
0.000149
0.000149
0.000151
0.000150
0.000161
0.000150
0.000150
0.000179
0.000149
0.000149
0.000150
0.000155
0.000156
0.000150
0.000173
0.000152
0.000174
0.000153
0.000105
0.000153
0.000161
0.000187
0.000150
0.000149
0.000149
0.000149
0.000150
0.000151
0.000182
0.000153
0.000149
0.000207
0.000151
0.000153
0.000123
0.000154
0.000150
0.000164
0.000149
0.000200
0.000149
0.000137
0.000170
0.000150
0.000150
0.000155
0.000151
0.000152
0.000149
0.000150
0.000247
0.000190
0.000150
0.000150
0.000153
0.000164
0.000150
0.000150
0.000149
0.000150
0.000149
0.000149
0.000151
0.000172
0.000150
0.000165
0.000156
0.000158
0.000184
0.000169
0.000154
0.000156
0.000156
0.000154
0.000155
0.000155
0.000149
0.000155
0.000202
0.000155
0.000155
0.000160
0.000179
0.000107
0.000150
0.000152
0.000152
0.000149
0.000149
0.000158
0.000150
0.000190
0.000146
0.000148
0.000153
0.000108
0.000174
0.000151
0.000188
0.000157
0.000149
0.000150
0.000150
0.000165
0.000178
0.000164
0.000153
0.000080
0.000186
0.000155
0.000153
0.000228
0.000150
0.000149
0.000154
0.000144
0.000165
0.000150
0.000154
0.000150
0.000152
0.000150
0.000150
0.000149
0.000154
0.000109
0.000153
0.000123
0.000150
0.000152
0.000150
0.000169
0.000192
0.000150
0.000155
0.000150
0.000155
0.000157
0.000149
0.000150
0.000150
0.000149
0.000152
0.000150
0.000183
0.000152
0.000157
0.000112
0.000152
0.000184
0.000153
0.000108
0.000148
0.000150
0.000150
0.000172
0.000081
0.000147
0.000151
0.000150
0.000172
0.000150
0.000149
0.000149
0.000151
0.000160
0.000083
0.000161
0.000180
0.000150
0.000150
0.000149
0.000149
0.000211
0.000155
0.000148
0.000150
0.000164
0.000119
0.000150
0.000151
0.000149
0.000150
0.000151
0.000150
0.000150
0.000172
0.000166
0.000172
0.000149
0.000150
0.000151
0.000166
0.000151
0.000150
0.000149
0.000152
0.000150
0.000174
0.000150
0.000151
0.000153
0.000157
0.000160
0.000149
0.000150
0.000149
0.000154
0.000188
0.000140
0.000151
0.000150
0.000151
0.000149
0.000206
0.000100
0.000148
0.000152
0.000149
0.000150
0.000159
0.000158
0.000199
0.000156
0.000156
0.000168
0.000190
0.000156
0.000156
0.000165
0.000159
0.000155
0.000155
0.000177
0.000159
0.000171
0.000126
0.000155
0.000155
0.000171
0.000151
0.000153
0.000151
0.000176
0.000152
0.000159
0.000151
0.000149
0.000151
0.000155
0.000158
0.000150
0.000150
0.000149
0.000149
0.000151
0.000180
0.000150
0.000150
0.000150
0.000159
0.000155
0.000155
0.000150
0.000155
0.000155
0.000180
0.000143
0.000160
0.000155
0.000173
0.000171
0.000163
0.000155
0.000153
0.000158
0.000159
0.000158
0.000156
0.000159
0.000206
0.000156
0.000149
0.000180
0.000155
0.000173
0.000156
0.000158
0.000157
0.000167
0.000155
0.000155
0.000178
0.000162
0.000123
0.000154
0.000154
0.000158
0.000216
0.000218
0.000190
0.000152
0.000150
0.000152
0.000151
0.000160
0.000157
0.000156
0.000157
0.000157
0.000222
0.000179
0.000156
0.000155
0.000187
0.000160
0.000166
0.000159
0.000156
0.000150
0.000190
0.000156
0.000159
0.000158
0.000157
0.000158
0.000156
0.000158
0.000161
0.000155
0.000155
0.000157
0.000155
0.000155
0.000156
0.000161
0.000156
0.000156
0.000185
0.000132
0.000157
0.000155
0.000155
0.000210
0.000168
0.000154
0.000158
0.000159
0.000156
0.000156
0.000155
0.000156
0.000155
0.000182
0.000156
0.000160
0.000081
0.000152
0.000155
0.000155
0.000156
0.000155
0.000157
0.000227
0.000157
0.000156
0.000181
0.000157
0.000214
0.000157
0.000071
0.000151
0.000198
0.000154
0.000159
0.000155
0.000162
0.000167
0.000156
0.000161
0.000221
0.000158
0.000155
0.000155
0.000155
0.000166
0.000182
0.000174
0.000117
0.000154
0.000158
0.000157
0.000198
0.000161
0.000151
0.000179
0.000154
0.000124
0.000185
0.000207
0.000160
0.000156
0.000254
0.000207
0.000219
0.000177
0.000222
0.000177
0.000181
0.000163
0.000177
0.000177
0.000185
0.000178
0.000206
0.000179
0.000167
0.000155
0.000179
0.000119
0.000169
0.000099
0.000174
0.000171
0.000153
0.000146
0.000150
0.000170
0.000139
0.000150
0.000158
0.000152
0.000203
0.000150
0.000151
0.000150
0.000162
0.000158
0.000170
0.000095
0.000153
0.000123
0.000148
0.000188
0.000150
0.000150
0.000168
0.000195
0.000159
0.000161
0.000116
0.000157
0.000156
0.000166
0.000108
0.000179
0.000155
0.000156
0.000211
0.000155
0.000237
0.000251
0.000169
0.000158
0.000149
0.000179
0.000113
0.000186
0.000118
0.000121
0.000136
0.000105
0.000101
0.000093
0.000110
0.000089
0.000085
0.000097
0.000094
0.000101
0.000094
0.000091
0.000092
0.000102
0.000092
0.000079
0.000168
0.000137
0.000085
0.000119
0.000140
0.000121
0.000087
0.000118
0.000120
0.000109
0.000167
0.000164
0.000140
0.000149
0.000169
0.000162
0.000161
0.000114
0.000155
0.000155
0.000156
0.000247
0.000216
0.000167
0.000158
0.000156
0.000160
0.000160
0.000156
0.000168
0.000160
0.000151
0.000157
0.000150
0.000156
0.000158
0.000164
0.000166
0.000149
0.000151
0.000149
0.000154
0.000223
0.000150
0.000186
0.000150
0.000150
0.000149
0.000186
0.000153
0.000196
0.000157
0.000171
0.000162
0.000144
0.000166
0.000182
0.000149
0.000149
0.000173
0.000150
0.000204
0.000152
0.000149
0.000166
0.000201
0.000164
0.000154
0.000151
0.000151
0.000150
0.000150
0.000151
0.000149
0.000131
0.000151
0.000172
0.000150
0.000152
0.000091
0.000146
0.000152
0.000093
0.000149
0.000149
0.000155
0.000149
0.000167
0.000154
0.000163
0.000153
0.000071
0.000159
0.000125
0.000160
0.000158
0.000161
0.000157
0.000150
0.000149
0.000174
0.000149
0.000150
0.000150
0.000169
0.000173
0.000159
0.000178
0.000162
0.000156
0.000185
0.000149
0.000149
0.000149
0.000150
0.000150
0.000150
0.000153
0.000155
0.000168
0.000193
0.000167
0.000187
0.000155
0.000156
0.000154
0.000155
0.000155
0.000158
0.000155
0.000161
0.000159
0.000166
0.000156
0.000175
0.000107
0.000155
0.000154
0.000157
0.000157
0.000154
0.000143
0.000159
0.000156
0.000161
0.000158
0.000195
0.000158
0.000148
0.000159
0.000160
0.000154
0.000174
0.000160
0.000149
0.000153
0.000119
0.000161
0.000154
0.000153
0.000154
0.000160
0.000155
0.000155
0.000154
0.000149
0.000150
0.000149
0.000151
0.000160
0.000154
0.000151
0.000151
0.000074
0.000180
0.000150
0.000151
0.000155
0.000151
0.000137
0.000168
0.000087
0.000226
0.000149
0.000166
0.000150
0.000149
0.000156
0.000161
0.000155
0.000156
0.000154
0.000088
0.000207
0.000169
0.000155
0.000158
0.000157
0.000171
0.000165
0.000168
0.000158
0.000168
0.000156
0.000181
0.000157
0.000156
0.000145
0.000174
0.000157
0.000162
0.000150
0.000154
0.000156
0.000256
0.000184
0.000115
0.000160
0.000108
0.000050
0.000187
0.000150
0.000152
0.000085
0.000049
0.000155
0.000156
0.000226
0.000202
0.000176
0.000178
0.000179
0.000182
0.000187
0.000177
0.000147
0.000148
0.000096
0.000141
0.000154
0.000151
0.000207
0.000172
0.000150
0.000136
0.000160
0.000145
0.000155
0.000185
0.000155
0.000204
0.000168
0.000155
0.000158
0.000166
0.000171
0.000236
0.000170
0.000155
0.000159
0.000124
0.000161
0.000157
0.000188
0.000241
0.000161
0.000174
0.000102
0.000181
0.000157
0.000155
0.000205
0.000223
0.000159
0.000119
0.000222
0.000156
0.000162
0.000157
0.000158
0.000149
0.000172
0.000050
0.000160
0.000155
0.000164
0.000156
0.000152
0.000155
0.000155
0.000156
0.000169
0.000155
0.000159
0.000155
0.000161
0.000161
0.000171
0.000155
0.000156
0.000156
0.000194
0.000164
0.000157
0.000165
0.000194
0.000155
0.000158
0.000199
0.000151
0.000049
0.000157
0.000155
0.000159
0.000154
0.000217
0.000181
0.000165
0.000155
0.000157
0.000155
0.000140
0.000185
0.000159
0.000072
0.000158
0.000096
0.000186
0.000155
0.000155
0.000156
0.000155
0.000243
0.000163
0.000159
0.000159
0.000160
0.000158
0.000118
0.000163
0.000155
0.000223
0.000155
0.000189
0.000158
0.000228
0.000189
0.000157
0.000160
0.000155
0.000163
0.000186
0.000135
0.000099
0.000155
0.000168
0.000225
0.000156
0.000160
0.000156
0.000183
0.000206
0.000187
0.000167
0.000182
0.000157
0.000157
0.000155
0.000173
0.000158
0.000082
0.000155
0.000155
0.000158
0.000156
0.000150
0.000156
0.000322
0.000239
0.000187
0.000159
0.000163
0.000168
0.000158
0.000161
0.000170
0.000193
0.000181
0.000166
0.000159
0.000199
0.000185
0.000160
0.000159
0.000089
0.000156
0.000155
0.000155
0.000156
0.000166
0.000172
0.000156
0.000157
0.000163
0.000197
0.000155
0.000155
0.000156
0.000161
0.000162
0.000123
0.000174
0.000096
0.000165
0.000157
0.000167
0.000170
0.000155
0.000155
0.000158
0.000176
0.000156
0.000218
0.000137
0.000197
0.000155
0.000155
0.000155
0.000217
0.000180
0.000157
0.000154
0.000171
0.000171
0.000179
0.000156
0.000155
0.000157
0.000158
0.000155
0.000164
0.000154
0.000075
0.000230
0.000154
0.000168
0.000108
0.000196
0.000154
0.000156
0.000158
0.000155
0.000135
0.000155
0.000155
0.000155
0.000156
0.000156
0.000155
0.000173
0.000238
0.000232
0.000198
0.000217
0.000245
0.000232
0.000171
0.000158
0.000144
0.000186
0.000155
0.000155
0.000154
0.000154
0.000156
0.000084
0.000157
0.000160
0.000169
0.000155
0.000160
0.000162
0.000170
0.000150
0.000156
0.000140
0.000156
0.000202
0.000155
0.000278
0.000245
0.000155
0.000201
0.000154
0.000155
0.000209
0.000157
0.000160
0.000144
0.000158
0.000155
0.000155
0.000159
0.000233
0.000155
0.000155
0.000171
0.000156
0.000157
0.000082
0.000153
0.000159
0.000156
0.000155
0.000157
0.000159
0.000144
0.000154
0.000155
0.000154
0.000155
0.000228
0.000207
0.000172
0.000285
0.000197
0.000154
0.000173
0.000155
0.000232
0.000177
0.000154
0.000171
0.000155
0.000156
0.000171
0.000162
0.000163
0.000161
0.000155
0.000155
0.000157
0.000177
0.000173
0.000178
0.000155
0.000155
0.000155
0.000248
0.000131
0.000157
0.000157
0.000181
0.000161
0.000158
0.000212
0.000188
0.000230
0.000161
0.000186
0.000157
0.000158
0.000156
0.000183
0.000159
0.000163
0.000124
0.000168
0.000156
0.000159
0.000175
0.000165
0.000168
0.000159
0.000157
0.000224
0.000192
0.000159
0.000169
0.000163
0.000076
0.000158
0.000156
0.000156
0.000161
0.000183
0.000158
0.000188
0.000159
0.000156
0.000154
0.000155
0.000156
0.000206
0.000168
0.000163
0.000188
0.000155
0.000163
0.000152
0.000155
0.000215
0.000157
0.000163
0.000157
0.000155
0.000155
0.000161
0.000155
0.000156
0.000200
0.000229
0.000159
0.000171
0.000159
0.000196
0.000174
0.000163
0.000157
0.000197
0.000186
0.000189
0.000164
0.000165
0.000162
0.000161
0.000158
0.000184
0.000163
0.000079
0.000163
0.000156
0.000190
0.000160
0.000116
0.000156
0.000156
0.000156
0.000155
0.000156
0.000156
0.000237
0.000161
0.000161
0.000165
0.000535
0.000159
0.000163
0.000160
0.000155
0.000161
0.000103
0.000156
0.000154
0.000156
0.000159
0.000155
0.000157
0.000156
0.000155
0.000155
0.000162
0.000151
0.000199
0.000159
0.000110
0.000154
0.000105
0.000178
0.000163
0.000157
0.000154
0.000123
0.000181
0.000175
0.000158
0.000155
0.000156
0.000160
0.000123
0.000160
0.000124
0.000156
0.000228
0.000162
0.000168
0.000158
0.000155
0.000155
0.000160
0.000155
0.000157
0.000072
0.000156
0.000176
0.000118
0.000083
0.000155
0.000172
0.000155
0.000124
0.000082
0.000156
0.000169
0.000159
0.000156
0.000228
0.000171
0.000177
0.000171
0.000168
0.000172
0.000158
0.000105
0.000154
0.000229
0.000159
0.000081
0.000158
0.000155
0.000156
0.000159
0.000078
0.000180
0.000207
0.000161
0.000182
0.000158
0.000202
0.000181
0.000186
0.000159
0.000174
0.000158
0.000160
0.000155
0.000158
0.000163
0.000165
0.000165
0.000161
0.000154
0.000156
0.000189
0.000237
0.000206
0.000158
0.000211
0.000120
0.000162
0.000155
0.000201
0.000184
0.000163
0.000193
0.000157
0.000158
0.000157
0.000132
0.000155
0.000156
0.000071
0.000158
0.000200
0.000163
0.000155
0.000156
0.000160
0.000173
0.000174
0.000155
0.000186
0.000159
0.000166
0.000227
0.000217
0.000150
0.000155
0.000156
0.000160
0.000162
0.000154
0.000253
0.000230
0.000158
0.000156
0.000160
0.000115
0.000250
0.000174
0.000162
0.000159
0.000157
0.000155
0.000158
0.000156
0.000186
0.000155
0.000156
0.000132
0.000155
0.000157
0.000163
0.000155
0.000186
0.000154
0.000155
0.000184
0.000147
0.000256
0.000184
0.000221
0.000208
0.000083
0.000158
0.000156
0.000158
0.000096
0.000158
0.000155
0.000147
0.000158
0.000154
0.000155
0.000155
0.000156
0.000169
0.000178
0.000154
0.000158
0.000158
0.000161
0.000155
0.000179
0.000158
0.000163
0.000084
0.000156
0.000167
0.000155
0.000159
0.000110
0.000106
0.000155
0.000160
0.000159
0.000155
0.000158
0.000164
0.000171
0.000214
0.000259
0.000186
0.000181
0.000201
0.000217
0.000210
0.000176
0.000244
0.000170
0.000214
0.000190
0.000183
0.000220
0.000235
0.000186
0.000216
0.000214
0.000156
0.000153
0.000130
0.000155
0.000152
0.000179
0.000153
0.000141
0.000152
0.000157
0.000152
0.000158
0.000126
0.000151
0.000152
0.000151
0.000149
0.000166
0.000098
0.000149
0.000131
0.000148
0.000150
0.000151
0.000155
0.000084
0.000146
0.000148
0.000153
0.000197
0.000148
0.000151
0.000149
0.000170
0.000150
0.000155
0.000142
0.000150
0.000152
0.000151
0.000149
0.000149
0.000149
0.000191
0.000154
0.000091
0.000149
0.000174
0.000166
0.000149
0.000150
0.000148
0.000149
0.000144
0.000148
0.000159
0.000153
0.000208
0.000154
0.000149
0.000159
0.000148
0.000292
0.000162
0.000152
0.000162
0.000151
0.000161
0.000158
0.000156
0.000151
0.000164
0.000113
0.000150
0.000152
0.000158
0.000150
0.000167
0.000156
0.000108
0.000153
0.000171
0.000157
0.000150
0.000154
0.000151
0.000152
0.000159
0.000150
0.000153
0.000150
0.000154
0.000104
0.000154
0.000150
0.000153
0.000154
0.000153
0.000165
0.000150
0.000152
0.000152
0.000111
0.000100
0.000156
0.000207
0.000158
0.000152
0.000154
0.000153
0.000152
0.000152
0.000161
0.000151
0.000151
0.000153
0.000156
0.000177
0.000154
0.000147
0.000193
0.000175
0.000150
0.000157
0.000257
0.000156
0.000164
0.000151
0.000218
0.000150
0.000153
0.000150
0.000205
0.000151
0.000153
0.000151
0.000152
0.000152
0.000154
0.000164
0.000224
0.000140
0.000171
0.000214
0.000144
0.000152
0.000152
0.000150
0.000200
0.000068
0.000155
0.000154
0.000152
0.000151
0.000199
0.000231
0.000158
0.000160
0.000223
0.000150
0.000150
0.000152
0.000153
0.000240
0.000155
0.000154
0.000218
0.000154
0.000120
0.000151
0.000235
0.000153
0.000177
0.000153
0.000156
0.000156
0.000161
0.000212
0.000151
0.000151
0.000155
0.000149
0.000151
0.000162
0.000153
0.000159
0.000153
0.000156
0.000163
0.000170
0.000183
0.000152
0.000152
0.000208
0.000152
0.000164
0.000152
0.000165
0.000152
0.000154
0.000156
0.000169
0.000174
0.000156
0.000158
0.000140
0.000073
0.000154
0.000159
0.000168
0.000180
0.000154
0.000156
0.000161
0.000191
0.000156
0.000154
0.000201
0.000140
0.000181
0.000152
0.000152
0.000149
0.000152
0.000150
0.000225
0.000151
0.000152
0.000153
0.000156
0.000144
0.000186
0.000147
0.000144
0.000145
0.000160
0.000144
0.000144
0.000196
0.000159
0.000144
0.000192
0.000144
0.000150
0.000146
0.000162
0.000167
0.000149
0.000123
0.000144
0.000152
0.000164
0.000156
0.000151
0.000150
0.000152
0.000151
0.000165
0.000152
0.000182
0.000121
0.000147
0.000152
0.000135
0.000157
0.000152
0.000145
0.000144
0.000144
0.000144
0.000144
0.000144
0.000144
0.000162
0.000230
0.000145
0.000145
0.000145
0.000149
0.000120
0.000049
0.000145
0.000147
0.000145
0.000145
0.000145
0.000133
0.000161
0.000152
0.000166
0.000157
0.000142
0.000151
0.000150
0.000225
0.000156
0.000153
0.000151
0.000149
0.000157
0.000150
0.000222
0.000158
0.000160
0.000150
0.000163
0.000150
0.000167
0.000123
0.000145
0.000164
0.000205
0.000157
0.000210
0.000152
0.000155
0.000150
0.000152
0.000155
0.000158
0.000211
0.000153
0.000133
0.000150
0.000151
0.000152
0.000204
0.000078
0.000150
0.000150
0.000153
0.000150
0.000150
0.000166
0.000184
0.000152
0.000153
0.000159
0.000150
0.000156
0.000151
0.000105
0.000150
0.000156
0.000150
0.000150
0.000150
0.000227
0.000152
0.000194
0.000153
0.000153
0.000149
0.000179
0.000076
0.000153
0.000153
0.000154
0.000150
0.000172
0.000157
0.000198
0.000164
0.000203
0.000158
0.000153
0.000158
0.000194
0.000193
0.000154
0.000153
0.000154
0.000150
0.000150
0.000151
0.000150
0.000172
0.000150
0.000202
0.000173
0.000159
0.000092
0.000197
0.000158
0.000202
0.000155
0.000155
0.000158
0.000158
0.000136
0.000159
0.000119
0.000167
0.000192
0.000149
0.000150
0.000151
0.000159
0.000118
0.000150
0.000159
0.000150
0.000153
0.000155
0.000152
0.000151
0.000233
0.000154
0.000117
0.000112
0.000143
0.000144
0.000167
0.000144
0.000144
0.000144
0.000144
0.000145
0.000210
0.000208
0.000146
0.000144
0.000160
0.000144
0.000145
0.000148
0.000144
0.000145
0.000144
0.000160
0.000223
0.000156
0.000153
0.000150
0.000151
0.000152
0.000165
0.000150
0.000153
0.000150
0.000153
0.000178
0.000172
0.000147
0.000151
0.000153
0.000150
0.000152
0.000155
0.000141
0.000156
0.000153
0.000149
0.000151
0.000198
0.000155
0.000130
0.000149
0.000150
0.000155
0.000109
0.000152
0.000151
0.000151
0.000199
0.000078
0.000155
0.000159
0.000150
0.000163
0.000186
0.000225
0.000155
0.000152
0.000150
0.000153
0.000222
0.000154
0.000150
0.000150
0.000189
0.000157
0.000103
0.000155
0.000105
0.000152
0.000155
0.000087
0.000154
0.000150
0.000150
0.000168
0.000117
0.000050
0.000152
0.000192
0.000159
0.000151
0.000150
0.000152
0.000223
0.000165
0.000217
0.000150
0.000159
0.000151
0.000165
0.000225
0.000155
0.000150
0.000151
0.000153
0.000154
0.000156
0.000153
0.000153
0.000150
0.000153
0.000159
0.000191
0.000225
0.000152
0.000151
0.000157
0.000151
0.000164
0.000151
0.000151
0.000151
0.000152
0.000150
0.000167
0.000151
0.000154
0.000151
0.000150
0.000152
0.000152
0.000153
0.000164
0.000152
0.000171
0.000111
0.000150
0.000162
0.000150
0.000159
0.000152
0.000152
0.000155
0.000086
0.000155
0.000154
0.000154
0.000087
0.000152
0.000142
0.000168
0.000197
0.000155
0.000155
0.000156
0.000155
0.000157
0.000158
0.000161
0.000215
0.000189
0.000145
0.000144
0.000145
0.000205
0.000144
0.000144
0.000147
0.000184
0.000144
0.000144
0.000205
0.000150
0.000145
0.000150
0.000145
0.000174
0.000144
0.000149
0.000174
0.000231
0.000164
0.000154
0.000150
0.000249
0.000155
0.000077
0.000149
0.000155
0.000154
0.000152
0.000154
0.000157
0.000110
0.000247
0.000222
0.000157
0.000168
0.000150
0.000150
0.000150
0.000190
0.000150
0.000182
0.000174
0.000150
0.000166
0.000150
0.000161
0.000151
0.000154
0.000151
0.000150
0.000152
0.000201
0.000152
0.000150
0.000154
0.000150
0.000151
0.000154
0.000155
0.000143
0.000154
0.000110
0.000150
0.000153
0.000152
0.000152
0.000212
0.000151
0.000152
0.000154
0.000134
0.000164
0.000227
0.000156
0.000153
0.000183
0.000153
0.000153
0.000150
0.000152
0.000173
0.000150
0.000158
0.000176
0.000151
0.000150
0.000151
0.000170
0.000149
0.000243
0.000152
0.000164
0.000153
0.000141
0.000154
0.000153
0.000165
0.000152
0.000170
0.000151
0.000150
0.000152
0.000152
0.000152
0.000150
0.000190
0.000150
0.000171
0.000172
0.000150
0.000153
0.000154
0.000157
0.000151
0.000156
0.000151
0.000152
0.000158
0.000106
0.000150
0.000152
0.000157
0.000163
0.000150
0.000153
0.000151
0.000153
0.000154
0.000178
0.000152
0.000165
0.000159
0.000145
0.000145
0.000145
0.000148
0.000145
0.000145
0.000145
0.000152
0.000081
0.000145
0.000097
0.000227
0.000148
0.000202
0.000150
0.000148
0.000159
0.000154
0.000154
0.000074
0.000147
0.000154
0.000080
0.000148
0.000152
0.000154
0.000150
0.000151
0.000151
0.000159
0.000153
0.000150
0.000155
0.000122
0.000176
0.000145
0.000145
0.000145
0.000158
0.000146
0.000146
0.000193
0.000148
0.000145
0.000159
0.000169
0.000145
0.000149
0.000155
0.000144
0.000168
0.000158
0.000146
0.000144
0.000152
0.000154
0.000155
0.000172
0.000153
0.000157
0.000152
0.000154
0.000164
0.000151
0.000151
0.000159
0.000158
0.000162
0.000147
0.000154
0.000155
0.000157
0.000190
0.000155
0.000163
0.000152
0.000165
0.000155
0.000154
0.000156
0.000151
0.000220
0.000151
0.000150
0.000151
0.000151
0.000152
0.000152
0.000163
0.000152
0.000152
0.000210
0.000152
0.000236
0.000173
0.000154
0.000153
0.000158
0.000162
0.000150
0.000151
0.000154
0.000153
0.000155
0.000152
0.000157
0.000175
0.000166
0.000155
0.000151
0.000151
0.000151
0.000150
0.000152
0.000184
0.000157
0.000154
0.000078
0.000150
0.000168
0.000155
0.000156
0.000163
0.000143
0.000156
0.000157
0.000158
0.000156
0.000210
0.000145
0.000145
0.000146
0.000146
0.000145
0.000146
0.000161
0.000145
0.000147
0.000145
0.000145
0.000187
0.000147
0.000144
0.000146
0.000145
0.000155
0.000169
0.000119
0.000152
0.000156
0.000197
0.000158
0.000156
0.000200
0.000147
0.000149
0.000095
0.000142
0.000149
0.000148
0.000086
0.000142
0.000144
0.000144
0.000152
0.000205
0.000123
0.000154
0.000154
0.000157
0.000151
0.000152
0.000153
0.000176
0.000155
0.000155
0.000154
0.000168
0.000152
0.000152
0.000153
0.000152
0.000161
0.000151
0.000153
0.000690
0.000178
0.000159
0.000158
0.000212
0.000192
0.000164
0.000156
0.000169
0.000233
0.000157
0.000162
0.000156
0.000154
0.000257
0.000226
0.000286
0.000293
0.000256
0.000237
0.000153
0.000155
0.000158
0.000154
0.000072
0.000147
0.000151
0.000151
0.000151
0.000151
0.000151
0.000163
0.000151
0.000151
0.000151
0.000150
0.000156
0.000156
0.000153
0.000169
0.000153
0.000154
0.000151
0.000151
0.000151
0.000162
0.000152
0.000151
0.000176
0.000071
0.000148
0.000153
0.000156
0.000153
0.000150
0.000152
0.000153
0.000150
0.000151
0.000199
0.000155
0.000134
0.000151
0.000150
0.000150
0.000151
0.000150
0.000152
0.000197
0.000186
0.000155
0.000152
0.000164
0.000124
0.000152
0.000150
0.000151
0.000160
0.000105
0.000187
0.000157
0.000155
0.000178
0.000151
0.000164
0.000236
0.000179
0.000175
0.000187
0.000175
0.000167
0.000189
0.000177
0.000219
0.000118
0.000157
0.000146
0.000156
0.000206
0.000170
0.000179
0.000154
0.000158
0.000148
0.000152
0.000168
0.000190
0.000152
0.000151
0.000220
0.000203
0.000151
0.000217
0.000169
0.000154
0.000156
0.000178
0.000156
0.000192
0.000156
0.000153
0.000189
0.000152
0.000161
0.000127
0.000154
0.000151
0.000151
0.000151
0.000204
0.000151
0.000151
0.000151
0.000152
0.000151
0.000158
0.000172
0.000180
0.000157
0.000167
0.000165
0.000159
0.000158
0.000166
0.000155
0.000153
0.000151
0.000154
0.000151
0.000174
0.000179
0.000150
0.000150
0.000216
0.000150
0.000154
0.000157
0.000159
0.000158
0.000160
0.000164
0.000108
0.000159
0.000159
0.000124
0.000155
0.000155
0.000167
0.000159
0.000082
0.000160
0.000159
0.000156
0.000158
0.000156
0.000151
0.000150
0.000150
0.000150
0.000150
0.000176
0.000151
0.000151
0.000153
0.000181
0.000150
0.000231
0.000110
0.000155
0.000128
0.000206
0.000152
0.000158
0.000152
0.000153
0.000159
0.000159
0.000181
0.000158
0.000163
0.000159
0.000187
0.000214
0.000165
0.000158
0.000166
0.000158
0.000161
0.000160
0.000160
0.000105
0.000154
0.000153
0.000151
0.000169
0.000159
0.000159
0.000171
0.000160
0.000156
0.000160
0.000156
0.000164
0.000092
0.000158
0.000203
0.000157
0.000155
0.000155
0.000169
0.000159
0.000156
0.000163
0.000156
0.000155
0.000180
0.000172
0.000170
0.000160
0.000159
0.000156
0.000156
0.000166
0.000157
0.000160
0.000165
0.000208
0.000156
0.000157
0.000156
0.000156
0.000211
0.000165
0.000145
0.000156
0.000157
0.000157
0.000179
0.000156
0.000172
0.000083
0.000156
0.000089
0.000153
0.000155
0.000157
0.000155
0.000270
0.000165
0.000165
0.000154
0.000250
0.000112
0.000190
0.000152
0.000151
0.000152
0.000151
0.000195
0.000154
0.000154
0.000154
0.000152
0.000152
0.000152
0.000152
0.000151
0.000180
0.000154
0.000155
0.000125
0.000149
0.000151
0.000220
0.000125
0.000168
0.000181
0.000163
0.000123
0.000150
0.000165
0.000151
0.000151
0.000151
0.000152
0.000165
0.000193
0.000179
0.000151
0.000150
0.000152
0.000151
0.000151
0.000151
0.000152
0.000152
0.000152
0.000152
0.000153
0.000168
0.000161
0.000157
0.000154
0.000180
0.000152
0.000152
0.000154
0.000151
0.000151
0.000151
0.000154
0.000154
0.000138
0.000152
0.000152
0.000151
0.000151
0.000160
0.000175
0.000157
0.000152
0.000211
0.000164
0.000154
0.000157
0.000152
0.000202
0.000196
0.000156
0.000161
0.000155
0.000237
0.000162
0.000155
0.000154
0.000156
0.000153
0.000150
0.000151
0.000201
0.000150
0.000150
0.000151
0.000152
0.000151
0.000151
0.000151
0.000154
0.000155
0.000151
0.000152
0.000152
0.000152
0.000197
0.000151
0.000150
0.000151
0.000154
0.000151
0.000156
0.000150
0.000152
0.000154
0.000188
0.000151
0.000157
0.000151
0.000181
0.000151
0.000152
0.000151
0.000151
0.000150
0.000175
0.000162
0.000151
0.000153
0.000157
0.000161
0.000125
0.000155
0.000163
0.000201
0.000163
0.000152
0.000158
0.000150
0.000197
0.000198
0.000164
0.000151
0.000151
0.000152
0.000151
0.000207
0.000099
0.000155
0.000127
0.000150
0.000237
0.000205
0.000181
0.000179
0.000153
0.000150
0.000152
0.000152
0.000150
0.000154
0.000158
0.000158
0.000158
0.000151
0.000154
0.000151
0.000157
0.000202
0.000151
0.000152
0.000160
0.000152
0.000151
0.000208
0.000151
0.000150
0.000153
0.000153
0.000154
0.000151
0.000184
0.000151
0.000151
0.000152
0.000267
0.000175
0.000125
0.000221
0.000173
0.000168
0.000204
0.000153
0.000153
0.000156
0.000152
0.000155
0.000152
0.000151
0.000153
0.000165
0.000135
0.000151
0.000151
0.000152
0.000153
0.000160
0.000161
0.000151
0.000154
0.000156
0.000157
0.000158
0.000156
0.000159
0.000157
0.000158
0.000161
0.000157
0.000160
0.000155
0.000158
0.000157
0.000192
0.000194
0.000117
0.000147
0.000140
0.000261
0.000201
0.000207
0.000134
0.000192
0.000183
0.000164
0.000161
0.000159
0.000160
0.000164
0.000095
0.000085
0.000170
0.000152
0.000155
0.000160
0.000152
0.000179
0.000156
0.000166
0.000161
0.000107
0.000157
0.000160
0.000156
0.000165
0.000156
0.000261
0.000223
0.000164
0.000162
0.000159
0.000160
0.000163
0.000154
0.000159
0.000177
0.000161
0.000157
0.000126
0.000151
0.000098
0.000154
0.000116
0.000049
0.000148
0.000202
0.000151
0.000153
0.000151
0.000151
0.000175
0.000151
0.000151
0.000157
0.000126
0.000150
0.000156
0.000124
0.000195
0.000174
0.000150
0.000175
0.000151
0.000150
0.000152
0.000157
0.000168
0.000152
0.000151
0.000139
0.000153
0.000158
0.000154
0.000152
0.000163
0.000151
0.000150
0.000155
0.000144
0.000149
0.000175
0.000151
0.000158
0.000157
0.000169
0.000157
0.000157
0.000158
0.000156
0.000164
0.000158
0.000156
0.000178
0.000160
0.000161
0.000159
0.000151
0.000151
0.000151
0.000179
0.000151
0.000157
0.000155
0.000152
0.000084
0.000151
0.000152
0.000154
0.000151
0.000154
0.000159
0.000156
0.000182
0.000160
0.000124
0.000154
0.000161
0.000124
0.000165
0.000157
0.000158
0.000166
0.000156
0.000156
0.000158
0.000156
0.000162
0.000158
0.000073
0.000166
0.000159
0.000231
0.000187
0.000156
0.000208
0.000184
0.000173
0.000180
0.000093
0.000179
0.000151
0.000151
0.000151
0.000156
0.000163
0.000159
0.000164
0.000157
0.000156
0.000156
0.000154
0.000157
0.000155
0.000179
0.000244
0.000195
0.000170
0.000155
0.000157
0.000155
0.000158
0.000093
0.000166
0.000158
0.000180
0.000168
0.000114
0.000149
0.000152
0.000151
0.000153
0.000150
0.000151
0.000152
0.000150
0.000151
0.000153
0.000222
0.000156
0.000151
0.000150
0.000157
0.000097
0.000152
0.000107
0.000151
0.000157
0.000159
0.000152
0.000150
0.000151
0.000151
0.000159
0.000074
0.000151
0.000158
0.000202
0.000169
0.000150
0.000068
0.000181
0.000218
0.000214
0.000160
0.000151
0.000178
0.000150
0.000174
0.000157
0.000154
0.000185
0.000174
0.000173
0.000169
0.000152
0.000151
0.000179
0.000150
0.000154
0.000176
0.000158
0.000199
0.000156
0.000210
0.000164
0.000159
0.000157
0.000156
0.000156
0.000166
0.000167
0.000080
0.000155
0.000159
0.000209
0.000224
0.000184
0.000156
0.000156
0.000156
0.000156
0.000156
0.000221
0.000159
0.000099
0.000155
0.000156
0.000155
0.000172
0.000160
0.000156
0.000205
0.000173
0.000156
0.000157
0.000160
0.000166
0.000156
0.000165
0.000093
0.000156
0.000158
0.000197
0.000103
0.000155
0.000156
0.000161
0.000157
0.000157
0.000156
0.000201
0.000161
0.000157
0.000204
0.000163
0.000173
0.000156
0.000158
0.000158
0.000156
0.000157
0.000173
0.000155
0.000111
0.000150
0.000154
0.000184
0.000159
0.000157
0.000150
0.000157
0.000157
0.000160
0.000157
0.000157
0.000156
0.000156
0.000156
0.000157
0.000159
0.000157
0.000158
0.000208
0.000159
0.000156
0.000156
0.000156
0.000156
0.000158
0.000184
0.000157
0.000156
0.000157
0.000158
0.000108
0.000155
0.000156
0.000157
0.000159
0.000091
0.000154
0.000203
0.000160
0.000160
0.000186
0.000164
0.000156
0.000156
0.000160
0.000125
0.000157
0.000158
0.000156
0.000157
0.000076
0.000176
0.000176
0.000163
0.000310
0.000206
0.000159
0.000107
0.000155
0.000166
0.000165
0.000156
0.000158
0.000160
0.000151
0.000163
0.000151
0.000153
0.000150
0.000152
0.000160
0.000151
0.000151
0.000151
0.000161
0.000124
0.000174
0.000156
0.000165
0.000179
0.000166
0.000157
0.000159
0.000158
0.000160
0.000158
0.000111
0.000048
0.000154
0.000158
0.000174
0.000157
0.000202
0.000169
0.000206
0.000181
0.000145
0.000158
0.000159
0.000159
0.000183
0.000159
0.000189
0.000186
0.000145
0.000158
0.000158
0.000156
0.000158
0.000159
0.000158
0.000162
0.000157
0.000170
0.000158
0.000163
0.000154
0.000152
0.000152
0.000195
0.000152
0.000152
0.000205
0.000105
0.000151
0.000151
0.000155
0.000095
0.000198
0.000159
0.000122
0.000099
0.000155
0.000183
0.000158
0.000157
0.000164
0.000106
0.000157
0.000168
0.000157
0.000151
0.000153
0.000092
0.000150
0.000151
0.000174
0.000115
0.000157
0.000157
0.000181
0.000161
0.000120
0.000158
0.000160
0.000157
0.000163
0.000156
0.000186
0.000201
0.000161
0.000210
0.000192
0.000108
0.000158
0.000107
0.000155
0.000162
0.000205
0.000158
0.000156
0.000170
0.000157
0.000155
0.000184
0.000156
0.000157
0.000158
0.000156
0.000161
0.000121
0.000155
0.000239
0.000166
0.000179
0.000162
0.000170
0.000170
0.000169
0.000169
0.000169
0.000181
0.000170
0.000169
0.000187
0.000158
0.000173
0.000157
0.000158
0.000160
0.000158
0.000169
0.000196
0.000156
0.000188
0.000156
0.000157
0.000151
0.000162
0.000152
0.000202
0.000181
0.000153
0.000152
0.000152
0.000152
0.000152
0.000151
0.000150
0.000178
0.000152
0.000201
0.000158
0.000162
0.000175
0.000155
0.000158
0.000098
0.000154
0.000159
0.000157
0.000204
0.000177
0.000156
0.000159
0.000226
0.000159
0.000152
0.000152
0.000157
0.000157
0.000157
0.000161
0.000172
0.000133
0.000158
0.000150
0.000157
0.000156
0.000156
0.000157
0.000182
0.000157
0.000157
0.000179
0.000158
0.000157
0.000157
0.000159
0.000173
0.000158
0.000156
0.000178
0.000142
0.000211
0.000144
0.000159
0.000121
0.000046
0.000152
0.000169
0.000156
0.000156
0.000163
0.000219
0.000157
0.000158
0.000158
0.000157
0.000156
0.000156
0.000207
0.000220
0.000158
0.000162
0.000170
0.000205
0.000158
0.000156
0.000190
0.000158
0.000202
0.000157
0.000169
0.000197
0.000166
0.000178
0.000158
0.000160
0.000156
0.000155
0.000159
0.000168
0.000156
0.000158
0.000155
0.000158
0.000153
0.000151
0.000155
0.000151
0.000159
0.000159
0.000239
0.000158
0.000156
0.000159
0.000156
0.000237
0.000179
0.000156
0.000158
0.000166
0.000157
0.000156
0.000159
0.000156
0.000169
0.000187
0.000158
0.000175
0.000159
0.000158
0.000160
0.000157
0.000182
0.000173
0.000177
0.000142
0.000185
0.000157
0.000156
0.000162
0.000156
0.000155
0.000155
0.000182
0.000220
0.000159
0.000165
0.000154
0.000170
0.000196
0.000163
0.000077
0.000148
0.000155
0.000124
0.000149
0.000155
0.000124
0.000188
0.000180
0.000187
0.000188
0.000158
0.000158
0.000199
0.000159
0.000186
0.000157
0.000158
0.000186
0.000156
0.000156
0.000157
0.000157
0.000156
0.000159
0.000160
0.000168
0.000198
0.000226
0.000209
0.000079
0.000159
0.000181
0.000181
0.000166
0.000157
0.000175
0.000150
0.000179
0.000181
0.000150
0.000158
0.000101
0.000152
0.000151
0.000152
0.000151
0.000160
0.000122
0.000162
0.000204
0.000159
0.000076
0.000155
0.000183
0.000157
0.000156
0.000178
0.000142
0.000157
0.000157
0.000170
0.000179
0.000161
0.000156
0.000156
0.000150
0.000154
0.000153
0.000157
0.000152
0.000156
0.000156
0.000167
0.000156
0.000157
0.000162
0.000151
0.000173
0.000154
0.000168
0.000137
0.000161
0.000152
0.000157
0.000155
0.000151
0.000165
0.000187
0.000163
0.000156
0.000156
0.000189
0.000078
0.000177
0.000156
0.000159
0.000156
0.000157
0.000165
0.000159
0.000097
0.000158
0.000159
0.000156
0.000156
0.000157
0.000158
0.000157
0.000158
0.000160
0.000158
0.000161
0.000157
0.000182
0.000161
0.000160
0.000155
0.000156
0.000203
0.000160
0.000126
0.000174
0.000141
0.000157
0.000159
0.000156
0.000157
0.000189
0.000176
0.000152
0.000158
0.000129
0.000150
0.000152
0.000151
0.000152
0.000153
0.000153
0.000151
0.000163
0.000156
0.000186
0.000158
0.000172
0.000160
0.000166
0.000158
0.000089
0.000187
0.000176
0.000156
0.000155
0.000159
0.000156
0.000154
0.000153
0.000155
0.000182
0.000089
0.000153
0.000154
0.000155
0.000155
0.000187
0.000182
0.000204
0.000194
0.000153
0.000154
0.000159
0.000156
0.000149
0.000195
0.000148
0.000151
0.000155
0.000170
0.000201
0.000184
0.000161
0.000162
0.000160
0.000113
0.000154
0.000159
0.000158
0.000160
0.000158
0.000236
0.000160
0.000149
0.000156
0.000167
0.000157
0.000159
0.000132
0.000233
0.000155
0.000159
0.000154
0.000106
0.000156
0.000150
0.000150
0.000151
0.000160
0.000161
0.000156
0.000155
0.000159
0.000150
0.000155
0.000163
0.000154
0.000155
0.000161
0.000124
0.000155
0.000162
0.000155
0.000161
0.000150
0.000150
0.000150
0.000158
0.000157
0.000156
0.000155
0.000159
0.000124
0.000158
0.000155
0.000158
0.000160
0.000156
0.000161
0.000266
0.000201
0.000166
0.000156
0.000158
0.000156
0.000156
0.000160
0.000158
0.000155
0.000160
0.000158
0.000163
0.000160
0.000155
0.000236
0.000217
0.000162
0.000246
0.000156
0.000158
0.000156
0.000156
0.000165
0.000095
0.000155
0.000192
0.000155
0.000155
0.000156
0.000159
0.000159
0.000203
0.000206
0.000160
0.000119
0.000157
0.000161
0.000149
0.000156
0.000155
0.000161
0.000156
0.000156
0.000156
0.000158
0.000168
0.000111
0.000184
0.000158
0.000156
0.000157
0.000155
0.000178
0.000157
0.000155
0.000158
0.000167
0.000156
0.000178
0.000123
0.000156
0.000155
0.000155
0.000168
0.000156
0.000156
0.000178
0.000168
0.000183
0.000158
0.000080
0.000156
0.000162
0.000158
0.000156
0.000175
0.000172
0.000157
0.000157
0.000155
0.000157
0.000165
0.000160
0.000155
0.000164
0.000167
0.000156
0.000157
0.000082
0.000155
0.000158
0.000157
0.000157
0.000162
0.000166
0.000158
0.000158
0.000159
0.000156
0.000163
0.000155
0.000178
0.000157
0.000161
0.000158
0.000085
0.000158
0.000151
0.000154
0.000157
0.000183
0.000156
0.000155
0.000162
0.000156
0.000156
0.000156
0.000155
0.000155
0.000166
0.000167
0.000114
0.000153
0.000248
0.000177
0.000161
0.000159
0.000159
0.000155
0.000159
0.000180
0.000144
0.000155
0.000161
0.000156
0.000156
0.000157
0.000178
0.000158
0.000157
0.000155
0.000156
0.000157
0.000156
0.000168
0.000211
0.000159
0.000158
0.000157
0.000160
0.000124
0.000178
0.000180
0.000197
0.000245
0.000159
0.000123
0.000156
0.000231
0.000156
0.000174
0.000170
0.000183
0.000238
0.000117
0.000152
0.000157
0.000172
0.000155
0.000156
0.000183
0.000156
0.000155
0.000156
0.000157
0.000155
0.000159
0.000141
0.000051
0.000152
0.000222
0.000155
0.000171
0.000158
0.000159
0.000155
0.000177
0.000156
0.000157
0.000155
0.000157
0.000170
0.000160
0.000156
0.000155
0.000183
0.000173
0.000155
0.000155
0.000158
0.000156
0.000156
0.000156
0.000155
0.000201
0.000162
0.000123
0.000154
0.000155
0.000155
0.000158
0.000157
0.000163
0.000120
0.000162
0.000155
0.000156
0.000181
0.000155
0.000184
0.000155
0.000155
0.000158
0.000155
0.000157
0.000161
0.000113
0.000161
0.000110
0.000155
0.000148
0.000204
0.000161
0.000167
0.000157
0.000155
0.000155
0.000162
0.000124
0.000154
0.000247
0.000156
0.000164
0.000164
0.000158
0.000168
0.000158
0.000156
0.000164
0.000166
0.000158
0.000157
0.000159
0.000156
0.000164
0.000208
0.000197
0.000156
0.000155
0.000174
0.000171
0.000155
0.000156
0.000156
0.000157
0.000158
0.000200
0.000155
0.000161
0.000215
0.000205
0.000116
0.000153
0.000211
0.000165
0.000159
0.000157
0.000156
0.000164
0.000158
0.000184
0.000159
0.000156
0.000166
0.000112
0.000156
0.000159
0.000195
0.000186
0.000158
0.000160
0.000117
0.000156
0.000156
0.000202
0.000158
0.000155
0.000172
0.000156
0.000159
0.000157
0.000158
0.000155
0.000157
0.000166
0.000086
0.000154
0.000155
0.000203
0.000293
0.000177
0.001607
0.000559
0.000524
0.000179
0.000169
0.000177
0.000158
0.000170
0.000173
0.000165
0.000165
0.000189
0.000156
0.000150
0.000152
0.000162
0.000149
0.000187
0.000197
0.000153
0.000152
0.000150
0.000150
0.000156
0.000088
0.000149
0.000151
0.000152
0.000077
0.000146
0.000203
0.000152
0.000164
0.000150
0.000148
0.000154
0.000149
0.000172
0.000203
0.000150
0.000152
0.000149
0.000158
0.000152
0.000221
0.000149
0.000154
0.000150
0.000156
0.000151
0.000152
0.000157
0.000151
0.000150
0.000151
0.000153
0.000150
0.000158
0.000151
0.000149
0.000152
0.000150
0.000150
0.000151
0.000152
0.000167
0.000097
0.000177
0.000156
0.000162
0.000153
0.000163
0.000150
0.000177
0.000152
0.000150
0.000151
0.000151
0.000152
0.000156
0.000153
0.000152
0.000151
0.000150
0.000154
0.000155
0.000183
0.000138
0.000151
0.000151
0.000151
0.000145
0.000148
0.000191
0.000145
0.000145
0.000145
0.000145
0.000159
0.000145
0.000145
0.000146
0.000152
0.000157
0.000144
0.000146
0.000148
0.000145
0.000150
0.000154
0.000152
0.000154
0.000173
0.000150
0.000155
0.000173
0.000152
0.000160
0.000174
0.000153
0.000151
0.000154
0.000154
0.000158
0.000087
0.000155
0.000154
0.000130
0.000146
0.000154
0.000162
0.000145
0.000169
0.000150
0.000144
0.000144
0.000202
0.000149
0.000147
0.000148
0.000147
0.000159
0.000147
0.000147
0.000146
0.000146
0.000147
0.000148
0.000147
0.000154
0.000146
0.000150
0.000118
0.000144
0.000146
0.000145
0.000151
0.000145
0.000145
0.000152
0.000145
0.000271
0.000156
0.000182
0.000144
0.000147
0.000162
0.000150
0.000152
0.000143
0.000145
0.000144
0.000145
0.000144
0.000144
0.000144
0.000154
0.000153
0.000150
0.000155
0.000150
0.000150
0.000162
0.000199
0.000172
0.000181
0.000150
0.000152
0.000154
0.000151
0.000155
0.000152
0.000150
0.000153
0.000154
0.000072
0.000148
0.000151
0.000153
0.000154
0.000151
0.000175
0.000158
0.000160
0.000156
0.000157
0.000161
0.000104
0.000153
0.000153
0.000158
0.000150
0.000152
0.000150
0.000154
0.000157
0.000152
0.000150
0.000154
0.000152
0.000151
0.000151
0.000155
0.000128
0.000151
0.000150
0.000174
0.000153
0.000150
0.000152
0.000153
0.000154
0.000123
0.000152
0.000151
0.000152
0.000147
0.000155
0.000154
0.000155
0.000154
0.000155
0.000163
0.000109
0.000153
0.000153
0.000153
0.000148
0.000122
0.000142
0.000144
0.000144
0.000108
0.000144
0.000145
0.000143
0.000159
0.000144
0.000144
0.000144
0.000198
0.000143
0.000146
0.000144
0.000143
0.000144
0.000169
0.000158
0.000146
0.000145
0.000151
0.000198
0.000144
0.000167
0.000189
0.000152
0.000151
0.000160
0.000155
0.000149
0.000162
0.000167
0.000150
0.000150
0.000150
0.000151
0.000092
0.000171
0.000153
0.000172
0.000155
0.000153
0.000151
0.000151
0.000154
0.000172
0.000153
0.000150
0.000184
0.000151
0.000151
0.000153
0.000153
0.000151
0.000152
0.000152
0.000203
0.000155
0.000174
0.000154
0.000153
0.000151
0.000150
0.000153
0.000155
0.000150
0.000155
0.000152
0.000151
0.000150
0.000159
0.000142
0.000151
0.000154
0.000129
0.000153
0.000091
0.000148
0.000154
0.000153
0.000151
0.000144
0.000146
0.000146
0.000146
0.000145
0.000146
0.000093
0.000142
0.000160
0.000144
0.000143
0.000144
0.000145
0.000169
0.000186
0.000171
0.000185
0.000236
0.000174
0.000175
0.000165
0.000100
0.000202
0.000175
0.000202
0.000176
0.000173
0.000173
0.000174
0.000174
0.000175
0.000206
0.000152
0.000152
0.000199
0.000174
0.000173
0.000195
0.000224
0.000198
0.000160
0.000146
0.000142
0.000143
0.000150
0.000175
0.000151
0.000150
0.000151
0.000156
0.000150
0.000154
0.000152
0.000166
0.000139
0.000154
0.000082
0.000149
0.000152
0.000193
0.000157
0.000116
0.000149
0.000150
0.000154
0.000150
0.000152
0.000157
0.000111
0.000152
0.000150
0.000150
0.000151
0.000149
0.000150
0.000151
0.000183
0.000153
0.000150
0.000116
0.000151
0.000152
0.000149
0.000152
0.000150
0.000178
0.000163
0.000154
0.000138
0.000080
0.000149
0.000149
0.000150
0.000150
0.000152
0.000079
0.000150
0.000152
0.000152
0.000165
0.000153
0.000149
0.000150
0.000152
0.000152
0.000150
0.000150
0.000150
0.000151
0.000149
0.000163
0.000153
0.000150
0.000151
0.000150
0.000149
0.000194
0.000155
0.000144
0.000155
0.000159
0.000155
0.000156
0.000161
0.000184
0.000154
0.000163
0.000155
0.000180
0.000143
0.000145
0.000144
0.000144
0.000132
0.000148
0.000185
0.000148
0.000152
0.000152
0.000152
0.000156
0.000153
0.000156
0.000100
0.000148
0.000152
0.000156
0.000154
0.000157
0.000174
0.000155
0.000182
0.000158
0.000158
0.000207
0.000146
0.000209
0.000156
0.000155
0.000158
0.000153
0.000166
0.000101
0.000152
0.000153
0.000156
0.000150
0.000151
0.000151
0.000152
0.000153
0.000158
0.000150
0.000152
0.000160
0.000181
0.000150
0.000150
0.000150
0.000152
0.000155
0.000133
0.000149
0.000150
0.000150
0.000149
0.000105
0.000154
0.000151
0.000149
0.000149
0.000153
0.000160
0.000151
0.000154
0.000153
0.000152
0.000166
0.000153
0.000167
0.000156
0.000154
0.000152
0.000154
0.000150
0.000154
0.000164
0.000133
0.000150
0.000150
0.000158
0.000121
0.000149
0.000150
0.000152
0.000076
0.000167
0.000144
0.000144
0.000144
0.000144
0.000146
0.000145
0.000145
0.000144
0.000144
0.000151
0.000145
0.000254
0.000171
0.000153
0.000147
0.000171
0.000152
0.000155
0.000200
0.000157
0.000204
0.000223
0.000180
0.000156
0.000087
0.000149
0.000154
0.000152
0.000153
0.000152
0.000175
0.000151
0.000160
0.000175
0.000153
0.000150
0.000176
0.000153
0.000177
0.000150
0.000155
0.000125
0.000155
0.000150
0.000164
0.000172
0.000150
0.000152
0.000150
0.000154
0.000150
0.000158
0.000153
0.000153
0.000089
0.000150
0.000153
0.000152
0.000152
0.000150
0.000151
0.000145
0.000147
0.000149
0.000145
0.000145
0.000145
0.000145
0.000146
0.000144
0.000145
0.000149
0.000073
0.000140
0.000150
0.000147
0.000146
0.000083
0.000147
0.000145
0.000145
0.000145
0.000145
0.000176
0.000153
0.000163
0.000243
0.000156
0.000156
0.000205
0.000199
0.000117
0.000157
0.000171
0.000072
0.000151
0.000164
0.000144
0.000152
0.000155
0.000154
0.000168
0.000155
0.000189
0.000156
0.000178
0.000157
0.000154
0.000155
0.000153
0.000154
0.000158
0.000138
0.000152
0.000163
0.000132
0.000162
0.000159
0.000154
0.000089
0.000147
0.000175
0.000192
0.000154
0.000149
0.000178
0.000153
0.000173
0.000164
0.000193
0.000153
0.000176
0.000169
0.000139
0.000218
0.000146
0.000146
0.000162
0.000151
0.000164
0.000151
0.000155
0.000151
0.000151
0.000152
0.000153
0.000155
0.000152
0.000154
0.000153
0.000151
0.000152
0.000206
0.000152
0.000151
0.000157
0.000153
0.000154
0.000153
0.000153
0.000151
0.000151
0.000149
0.000186
0.000146
0.000145
0.000147
0.000149
0.000114
0.000144
0.000145
0.000145
0.000145
0.000148
0.000145
0.000209
0.000168
0.000152
0.000149
0.000158
0.000159
0.000131
0.000153
0.000117
0.000150
0.000154
0.000159
0.000155
0.000089
0.000152
0.000147
0.000153
0.000134
0.000151
0.000150
0.000150
0.000150
0.000208
0.000151
0.000203
0.000155
0.000154
0.000161
0.000155
0.000155
0.000159
0.000158
0.000161
0.000155
0.000154
0.000183
0.000157
0.000181
0.000156
0.000155
0.000158
0.000155
0.000154
0.000145
0.000146
0.000146
0.000146
0.000145
0.000152
0.000151
0.000145
0.000147
0.000169
0.000145
0.000145
0.000145
0.000145
0.000145
0.000173
0.000147
0.000159
0.000146
0.000155
0.000217
0.000152
0.000157
0.000155
0.000158
0.000143
0.000124
0.000149
0.000151
0.000151
0.000152
0.000094
0.000146
0.000152
0.000196
0.007007
0.006747
0.006299
0.005794
0.004975
0.004511
0.003580
0.002822
0.002274
0.001412
0.001332
0.001247
0.000509
0.000192
0.000108
0.000256
0.000198
0.000150
0.000155
0.000147
0.000150
0.000151
0.000149
0.000150
0.000152
0.000149
0.000151
0.000151
0.000154
0.000150
0.000193
0.000097
0.000151
0.000150
0.000155
0.000084
0.000171
0.000152
0.000150
0.000154
0.000153
0.000157
0.000181
0.000166
0.000187
0.000118
0.000155
0.000154
0.000186
0.000159
0.000153
0.000224
0.000150
0.000152
0.000152
0.000135
0.000150
0.000168
0.000159
0.000151
0.000150
0.000151
0.000159
0.000077
0.000152
0.000156
0.000182
0.000162
0.000103
0.000156
0.000158
0.000207
0.000210
0.000156
0.000158
0.000150
0.000150
0.000175
0.000173
0.000186
0.000147
0.000149
0.000150
0.000174
0.000155
0.000168
0.000163
0.000151
0.000152
0.000196
0.000227
0.000153
0.000174
0.000156
0.000150
0.000155
0.000159
0.000160
0.000157
0.000153
0.000153
0.000172
0.000091
0.000141
0.000144
0.000145
0.000146
0.000144
0.000218
0.000130
0.000143
0.000144
0.000143
0.000145
0.000144
0.000198
0.000145
0.000144
0.000145
0.000144
0.000146
0.000148
0.000121
0.000154
0.000277
0.000153
0.000161
0.000133
0.000152
0.000151
0.000154
0.000145
0.000149
0.000149
0.000151
0.000163
0.000152
0.000152
0.000165
0.000199
0.000166
0.000151
0.000161
0.000151
0.000174
0.000144
0.000143
0.000144
0.000145
0.000168
0.000144
0.000144
0.000150
0.000144
0.000144
0.000144
0.000145
0.000229
0.000235
0.000168
0.000152
0.000147
0.000156
0.000184
0.000153
0.000192
0.000177
0.000178
0.000161
0.000152
0.000154
0.000154
0.000155
0.000178
0.000153
0.000159
0.000152
0.000153
0.000156
0.000173
0.000152
0.000164
0.000155
0.000153
0.000154
0.000154
0.000184
0.000152
0.000152
0.000159
0.000153
0.000154
0.000157
0.000174
0.000154
0.000178
0.000155
0.000116
0.000112
0.000104
0.000112
0.000114
0.000160
0.000134
0.000170
0.000153
0.000151
0.000166
0.000152
0.000150
0.000151
0.000151
0.000150
0.000150
0.000152
0.000200
0.000072
0.000185
0.000149
0.000205
0.000152
0.000149
0.000149
0.000153
0.000157
0.000105
0.000077
0.000162
0.000146
0.000152
0.000154
0.000169
0.000130
0.000088
0.000150
0.000161
0.000150
0.000151
0.000152
0.000156
0.000152
0.000157
0.000173
0.000154
0.000131
0.000150
0.000150
0.000166
0.000153
0.000152
0.000150
0.000180
0.000150
0.000154
0.000152
0.000149
0.000151
0.000149
0.000175
0.000153
0.000118
0.000149
0.000152
0.000082
0.000150
0.000081
0.000148
0.000161
0.000153
0.000152
0.000152
0.000151
0.000152
0.000252
0.000149
0.000180
0.000175
0.000158
0.000150
0.000150
0.000153
0.000150
0.000149
0.000152
0.000150
0.000150
0.000150
0.000153
0.000159
0.000150
0.000157
0.000153
0.000152
0.000154
0.000152
0.000153
0.000145
0.000149
0.000088
0.000147
0.000189
0.000190
0.000148
0.000151
0.000159
0.000154
0.000145
0.000159
0.000188
0.000144
0.000144
0.000150
0.000145
0.000144
0.000144
0.000150
0.000154
0.000156
0.000157
0.000158
0.000155
0.000155
0.000169
0.000150
0.000156
0.000109
0.000153
0.000152
0.000152
0.000150
0.000151
0.000149
0.000145
0.000145
0.000143
0.000148
0.000121
0.000143
0.000154
0.000234
0.000144
0.000143
0.000154
0.000178
0.000155
0.000166
0.000154
0.000154
0.000169
0.000150
0.000149
0.000153
0.000150
0.000153
0.000150
0.000159
0.000150
0.000152
0.000155
0.000210
0.000108
0.000149
0.000151
0.000149
0.000153
0.000151
0.000151
0.000150
0.000152
0.000149
0.000151
0.000149
0.000158
0.000150
0.000152
0.000217
0.000150
0.000149
0.000156
0.000122
0.000176
0.000153
0.000152
0.000150
0.000174
0.000151
0.000150
0.000153
0.000156
0.000150
0.000154
0.000111
0.000162
0.000151
0.000149
0.000169
0.000156
0.000151
0.000152
0.000161
0.000112
0.000158
0.000121
0.000151
0.000151
0.000152
0.000175
0.000158
0.000145
0.000144
0.000147
0.000077
0.000141
0.000144
0.000240
0.000147
0.000146
0.000148
0.000147
0.000147
0.000147
0.000148
0.000149
0.000149
0.000147
0.000147
0.000147
0.000172
0.000156
0.000153
0.000152
0.000171
0.000151
0.000155
0.000155
0.000153
0.000152
0.000153
0.000155
0.000152
0.000152
0.000173
0.000219
0.000163
0.000155
0.000152
0.000150
0.000151
0.000151
0.000152
0.000150
0.000153
0.000154
0.000153
0.000168
0.000150
0.000152
0.000162
0.000160
0.000152
0.000150
0.000150
0.000145
0.000159
0.000145
0.000149
0.000145
0.000145
0.000144
0.000211
0.000147
0.000156
0.000158
0.000150
0.000126
0.000145
0.000145
0.000157
0.000145
0.000144
0.000144
0.000198
0.000144
0.000146
0.000146
0.000144
0.000145
0.000149
0.000144
0.000176
0.000145
0.000147
0.000161
0.000169
0.000144
0.000166
0.000150
0.000161
0.000155
0.000153
0.000162
0.000156
0.000153
0.000153
0.000104
0.000154
0.000157
0.000148
0.000150
0.000152
0.000152
0.000152
0.000164
0.000168
0.000162
0.000156
0.000105
0.000152
0.000162
0.000157
0.000136
0.000154
0.000194
0.000182
0.000157
0.000156
0.000154
0.000157
0.000155
0.000228
0.000157
0.000158
0.000163
0.000089
0.000149
0.000150
0.000166
0.000088
0.000074
0.000152
0.000152
0.000151
0.000154
0.000125
0.000148
0.000206
0.000150
0.000152
0.000149
0.000105
0.000149
0.000227
0.000160
0.000157
0.000171
0.000156
0.000155
0.000159
0.000217
0.000159
0.000156
0.000155
0.000153
0.000154
0.000165
0.000155
0.000152
0.000152
0.000151
0.000153
0.000151
0.000154
0.000154
0.000156
0.000173
0.000156
0.000093
0.000197
0.000153
0.000150
0.000168
0.000153
0.000151
0.000157
0.000159
0.000125
0.000183
0.000164
0.000079
0.000158
0.000160
0.000181
0.000209
0.000241
0.000153
0.000154
0.000224
0.000176
0.000154
0.000117
0.000150
0.000152
0.000166
0.000150
0.000154
0.000154
0.000184
0.000155
0.000155
0.000161
0.000154
0.000154
0.000159
0.000150
0.000157
0.000151
0.000152
0.000221
0.000112
0.000153
0.000156
0.000153
0.000159
0.000208
0.000153
0.000152
0.000157
0.000160
0.000154
0.000155
0.000153
0.000153
0.000153
0.000172
0.000154
0.000183
0.000153
0.000153
0.000152
0.000154
0.000152
0.000204
0.000163
0.000154
0.000151
0.000157
0.000153
0.000177
0.000152
0.000152
0.000172
0.000150
0.000153
0.000153
0.000151
0.000151
0.000152
0.000154
0.000156
0.000115
0.000150
0.000147
0.000145
0.000145
0.000117
0.000144
0.000147
0.000145
0.000158
0.000113
0.000143
0.000154
0.000186
0.000154
0.000154
0.000167
0.000156
0.000154
0.000156
0.000155
0.000152
0.000154
0.000153
0.000150
0.000156
0.000150
0.000176
0.000173
0.000150
0.000153
0.000151
0.000152
0.000152
0.000152
0.000150
0.000151
0.000151
0.000152
0.000080
0.000156
0.000151
0.000151
0.000150
0.000198
0.000172
0.000150
0.000153
0.000175
0.000164
0.000152
0.000157
0.000158
0.000117
0.000158
0.000123
0.000154
0.000156
0.000158
0.000156
0.000158
0.000156
0.000166
0.000158
0.000150
0.000150
0.000150
0.000162
0.000150
0.000152
0.000166
0.000161
0.000159
0.000158
0.000161
0.000159
0.000180
0.000205
0.000558
0.000159
0.000176
0.000154
0.000175
0.000153
0.000157
0.000120
0.000151
0.000157
0.000114
0.000190
0.000188
0.000150
0.000158
0.000170
0.000196
0.000213
0.000193
0.000219
0.000158
0.000116
0.000248
0.000176
0.000165
0.000158
0.000158
0.000156
0.000155
0.000158
0.000185
0.000157
0.000152
0.000158
0.000155
0.000263
0.000153
0.000165
0.000155
0.000150
0.000151
0.000174
0.000152
0.000151
0.000155
0.000151
0.000160
0.000150
0.000151
0.000171
0.000151
0.000159
0.000150
0.000151
0.000150
0.000150
0.000156
0.000145
0.000147
0.000145
0.000161
0.000146
0.000148
0.000122
0.000155
0.000112
0.000143
0.000144
0.000145
0.000187
0.000087
0.000197
0.000172
0.000197
0.000077
0.000151
0.000159
0.000144
0.000144
0.000144
0.000154
0.000150
0.000149
0.000153
0.000175
0.000150
0.000153
0.000152
0.000157
0.000150
0.000149
0.000150
0.000173
0.000150
0.000150
0.000149
0.000150
0.000151
0.000152
0.000150
0.000154
0.000153
0.000156
0.000152
0.000164
0.000139
0.000151
0.000153
0.000150
0.000155
0.000152
0.000151
0.000150
0.000157
0.000164
0.000157
0.000123
0.000153
0.000150
0.000149
0.000154
0.000154
0.000166
0.000156
0.000155
0.000153
0.000175
0.000152
0.000157
0.000152
0.000152
0.000152
0.000200
0.000154
0.000152
0.000153
0.000153
0.000151
0.000154
0.000153
0.000154
0.000153
0.000157
0.000155
0.000155
0.000214
0.000215
0.000154
0.000158
0.000152
0.000154
0.000160
0.000154
0.000169
0.000102
0.000156
0.000161
0.000152
0.000150
0.000150
0.000152
0.000156
0.000159
0.000152
0.000155
0.000156
0.000103
0.000151
0.000152
0.000167
0.000092
0.000050
0.000150
0.000158
0.000176
0.000151
0.000073
0.000160
0.000151
0.000152
0.000152
0.000158
0.000119
0.000153
0.000153
0.000151
0.000160
0.000156
0.000141
0.000150
0.000152
0.000153
0.000161
0.000152
0.000144
0.000144
0.000145
0.000144
0.000163
0.000144
0.000166
0.000144
0.000144
0.000145
0.000144
0.000203
0.000163
0.000144
0.000268
0.000167
0.000145
0.000145
0.000156
0.000153
0.000156
0.000198
0.000142
0.000152
0.000153
0.000092
0.000156
0.000148
0.000150
0.000151
0.000159
0.000152
0.000153
0.000151
0.000154
0.000178
0.000196
0.000157
0.000143
0.000205
0.000149
0.000144
0.000144
0.000147
0.000144
0.000146
0.000144
0.000143
0.000168
0.000145
0.000144
0.000144
0.000168
0.000144
0.000144
0.000145
0.000152
0.000144
0.000144
0.000144
0.000154
0.000171
0.000151
0.000149
0.000149
0.000149
0.000150
0.000153
0.000161
0.000176
0.000148
0.000153
0.000150
0.000156
0.000133
0.000161
0.000153
0.000149
0.000150
0.000156
0.000152
0.000144
0.000148
0.000203
0.000144
0.000191
0.000144
0.000144
0.000145
0.000144
0.000146
0.000144
0.000145
0.000148
0.000148
0.000143
0.000143
0.000104
0.000160
0.000151
0.000149
0.000158
0.000174
0.000153
0.000149
0.000149
0.000152
0.000154
0.000155
0.000077
0.000149
0.000154
0.000153
0.000152
0.000150
0.000180
0.000152
0.000144
0.000179
0.000144
0.000144
0.000144
0.000153
0.000144
0.000147
0.000161
0.000148
0.000145
0.000147
0.000122
0.000143
0.000146
0.000162
0.000092
0.000141
0.000144
0.000156
0.000143
0.000197
0.000152
0.000126
0.000143
0.000145
0.000144
0.000144
0.000166
0.000152
0.000145
0.000152
0.000147
0.000107
0.000145
0.000168
0.000145
0.000144
0.000143
0.000144
0.000151
0.000160
0.000145
0.000194
0.000157
0.000154
0.000154
0.000208
0.000193
0.000153
0.000154
0.000269
0.000157
0.000156
0.000156
0.000153
0.000153
0.000162
0.000155
0.000119
0.000148
0.000154
0.000150
0.000152
0.000153
0.000084
0.000159
0.000158
0.000155
0.000152
0.000150
0.000150
0.000150
0.000152
0.000151
0.000150
0.000152
0.000169
0.000155
0.000153
0.000155
0.000202
0.000149
0.000152
0.000145
0.000150
0.000124
0.000143
0.000145
0.000144
0.000169
0.000145
0.000145
0.000161
0.000144
0.000144
0.000149
0.000145
0.000145
0.000148
0.000122
0.000151
0.000152
0.000154
0.000091
0.000150
0.000157
0.000153
0.000153
0.000156
0.000156
0.000152
0.000163
0.000158
0.000154
0.000254
0.000155
0.000076
0.000268
0.000155
0.000157
0.000152
0.000151
0.000150
0.000153
0.000152
0.000150
0.000177
0.000154
0.000153
0.000152
0.000154
0.000152
0.000153
0.000158
0.000129
0.000077
0.000152
0.000151
0.000165
0.000153
0.000149
0.000154
0.000081
0.000163
0.000153
0.000152
0.000258
0.000153
0.000132
0.000100
0.000154
0.000154
0.000155
0.000180
0.000157
0.000155
0.000212
0.000117
0.000051
0.000151
0.000154
0.000154
0.000157
0.000156
0.000150
0.000151
0.000151
0.000154
0.000166
0.000151
0.000157
0.000158
0.000172
0.000153
0.000157
0.000135
0.000150
0.000150
0.000157
0.000224
0.000198
0.000202
0.000182
0.000155
0.000188
0.000188
0.000174
0.000168
0.000157
0.000155
0.000162
0.000176
0.000155
0.000157
0.000123
0.000155
0.000151
0.000155
0.000174
0.000154
0.000153
0.000174
0.000136
0.000173
0.000153
0.000154
0.000155
0.000202
0.000154
0.000154
0.000169
0.000136
0.000152
0.000162
0.000154
0.000155
0.000154
0.000153
0.000159
0.000175
0.000156
0.000153
0.000175
0.000191
0.000160
0.000159
0.000125
0.000156
0.000155
0.000157
0.000154
0.000155
0.000211
0.000072
0.000159
0.000117
0.000163
0.000156
0.000160
0.000123
0.000162
0.000130
0.000076
0.000164
0.000156
0.000183
0.000155
0.000161
0.000117
0.000149
0.000204
0.000185
0.000150
0.000156
0.000151
0.000156
0.000151
0.000150
0.000157
0.000152
0.000152
0.000151
0.000150
0.000152
0.000155
0.000212
0.000167
0.000153
0.000154
0.000151
0.000151
0.000155
0.000092
0.000156
0.000156
0.000155
0.000153
0.000153
0.000152
0.000156
0.000155
0.000151
0.000161
0.000154
0.000154
0.000173
0.000157
0.000108
0.000152
0.000154
0.000154
0.000145
0.000145
0.000145
0.000145
0.000156
0.000145
0.000147
0.000161
0.000146
0.000160
0.000161
0.000131
0.000164
0.000155
0.000159
0.000144
0.000155
0.000162
0.000145
0.000146
0.000147
0.000149
0.000151
0.000146
0.000144
0.000145
0.000169
0.000145
0.000145
0.000146
0.000145
0.000152
0.000214
0.000146
0.000146
0.000159
0.000149
0.000146
0.000152
0.000154
0.000155
0.000157
0.000177
0.000159
0.000150
0.000155
0.000134
0.000152
0.000152
0.000207
0.000153
0.000157
0.000154
0.000153
0.000152
0.000184
0.000154
0.000154
0.000153
0.000156
0.000153
0.000154
0.000153
0.000153
0.000154
0.000154
0.000169
0.000160
0.000165
0.000175
0.000228
0.000165
0.000265
0.000175
0.000188
0.000185
0.000197
0.000150
0.000320
0.000226
0.000225
0.000168
0.000152
0.000155
0.000143
0.000170
0.000151
0.000153
0.000082
0.000239
0.000220
0.000200
0.000181
0.000151
0.000075
0.000037
0.000172
0.000171
0.000174
0.000240
0.000165
0.000156
0.000156
0.000158
0.000079
0.000167
0.000153
0.000155
0.000115
0.000155
0.000151
0.000161
0.000093
0.000148
0.000203
0.000089
0.000162
0.000164
0.000189
0.000162
0.000162
0.000189
0.000161
0.000189
0.000165
0.000160
0.000162
0.000159
0.000158
0.000172
0.000226
0.000188
0.000163
0.000185
0.000165
0.000234
0.000161
0.000207
0.000159
0.000153
0.000156
0.000124
0.000165
0.000150
0.000153
0.000156
0.000154
0.000162
0.000154
0.000156
0.000154
0.000154
0.000157
0.000155
0.000154
0.000164
0.000109
0.000151
0.000178
0.000161
0.000158
0.000205
0.000152
0.000155
0.000086
0.000150
0.000156
0.000144
0.000145
0.000144
0.000145
0.000175
0.000151
0.000150
0.000166
0.000148
0.000144
0.000169
0.000145
0.000173
0.000144
0.000143
0.000178
0.000158
0.000102
0.000175
0.000152
0.000151
0.000151
0.000151
0.000151
0.000156
0.000151
0.000151
0.000156
0.000180
0.000201
0.000154
0.000162
0.000108
0.000164
0.000221
0.000157
0.000158
0.000162
0.000147
0.000148
0.000154
0.000175
0.000158
0.000150
0.000161
0.000109
0.000048
0.000147
0.000150
0.000199
0.000156
0.000151
0.000157
0.000112
0.000151
0.000181
0.000198
0.000157
0.000130
0.000153
0.000162
0.000154
0.000157
0.000155
0.000158
0.000157
0.000194
0.000126
0.000153
0.000152
0.000153
0.000155
0.000153
0.000174
0.000078
0.000148
0.000151
0.000153
0.000154
0.000164
0.000154
0.000145
0.000160
0.000158
0.000111
0.000151
0.000154
0.000154
0.000154
0.000153
0.000150
0.000154
0.000156
0.000158
0.000156
0.000158
0.000186
0.000154
0.000184
0.000155
0.000180
0.000159
0.000150
0.000154
0.000151
0.000200
0.000205
0.000162
0.000158
0.000154
0.000196
0.000153
0.000162
0.000154
0.000165
0.000155
0.000153
0.000154
0.000167
0.000223
0.000153
0.000153
0.000159
0.000154
0.000157
0.000158
0.000155
0.000157
0.000160
0.000153
0.000153
0.000153
0.000172
0.000159
0.000086
0.000149
0.000195
0.000196
0.000151
0.000151
0.000153
0.000155
0.000157
0.000124
0.000207
0.000153
0.000153
0.000145
0.000145
0.000145
0.000145
0.000145
0.000167
0.000149
0.000097
0.000141
0.000106
0.000156
0.000145
0.000156
0.000145
0.000151
0.000158
0.000154
0.000145
0.000145
0.000147
0.000151
0.000079
0.000142
0.000147
0.000145
0.000145
0.000149
0.000148
0.000080
0.000147
0.000150
0.000150
0.000146
0.000148
0.000148
0.000198
0.000172
0.000152
0.000165
0.000172
0.000150
0.000150
0.000144
0.000146
0.000243
0.000145
0.000144
0.000150
0.000124
0.000146
0.000146
0.000146
0.000146
0.000149
0.000103
0.000152
0.000152
0.000155
0.000154
0.000157
0.000093
0.000153
0.000153
0.000160
0.000132
0.000152
0.000155
0.000159
0.000165
0.000154
0.000154
0.000145
0.000145
0.000145
0.000151
0.000150
0.000156
0.000154
0.000150
0.000152
0.000157
0.000182
0.000161
0.000137
0.000154
0.000155
0.000156
0.000146
0.000215
0.000223
0.000144
0.000164
0.000148
0.000162
0.000125
0.000144
0.000145
0.000145
0.000197
0.000145
0.000145
0.000200
0.000149
0.000145
0.000145
0.000150
0.000116
0.000146
0.000146
0.000153
0.000157
0.000135
0.000156
0.000158
0.000118
0.000151
0.000175
0.000153
0.000253
0.000158
0.000156
0.000204
0.000163
0.000251
0.000231
0.000144
0.000181
0.000175
0.000189
0.000158
0.000154
0.000159
0.000112
0.000185
0.000154
0.000151
0.000159
0.000155
0.000158
0.000153
0.000151
0.000154
0.000152
0.000174
0.000158
0.000154
0.000154
0.000154
0.000148
0.000132
0.000193
0.000180
0.000180
0.000193
0.000174
0.000157
0.000160
0.000183
0.000152
0.000124
0.000144
0.000145
0.000146
0.000147
0.000146
0.000145
0.000165
0.000159
0.000165
0.000159
0.000158
0.000154
0.000167
0.000159
0.000104
0.000156
0.000154
0.000155
0.000157
0.000165
0.000222
0.000153
0.000154
0.000157
0.000155
0.000154
0.000154
0.000153
0.000156
0.000074
0.000150
0.000109
0.000154
0.000155
0.000154
0.000157
0.000108
0.000158
0.000159
0.000120
0.000154
0.000154
0.000155
0.000149
0.000153
0.000149
0.000145
0.000164
0.000148
0.000165
0.000090
0.000143
0.000145
0.000147
0.000148
0.000145
0.000145
0.000148
0.000163
0.000198
0.000148
0.000146
0.000145
0.000155
0.000150
0.000173
0.000153
0.000153
0.000197
0.000200
0.000157
0.000153
0.000154
0.000152
0.000153
0.000155
0.000153
0.000155
0.000154
0.000154
0.000153
0.000155
0.000095
0.000158
0.000154
0.000070
0.000152
0.000153
0.000160
0.000153
0.000155
0.000153
0.000157
0.000163
0.000203
0.000161
0.000157
0.000154
0.000157
0.000161
0.000074
0.000165
0.000175
0.000123
0.000145
0.000222
0.000204
0.000145
0.000162
0.000145
0.000147
0.000077
0.000152
0.000145
0.000207
0.000183
0.000147
0.000144
0.000145
0.000147
0.000146
0.000154
0.000146
0.000145
0.000145
0.000149
0.000210
0.000096
0.000153
0.000154
0.000151
0.000151
0.000153
0.000153
0.000153
0.000156
0.000156
0.000174
0.000158
0.000156
0.000156
0.000155
0.000154
0.000157
0.000149
0.000149
0.000145
0.000145
0.000146
0.000154
0.000145
0.000145
0.000145
0.000150
0.000150
0.000154
0.000145
0.000146
0.000146
0.000146
0.000145
0.000146
0.000201
0.000147
0.000145
0.000145
0.000161
0.000148
0.000172
0.000147
0.000202
0.000163
0.000157
0.000158
0.000217
0.000165
0.000155
0.000159
0.000157
0.000151
0.000155
0.000083
0.000156
0.000135
0.000160
0.000151
0.000159
0.000151
0.000181
0.000152
0.000153
0.000154
0.000153
0.000179
0.000159
0.000157
0.000155
0.000153
0.000180
0.000155
0.000175
0.000154
0.000155
0.000155
0.000176
0.000153
0.000153
0.000157
0.000154
0.000167
0.000155
0.000156
0.000197
0.000157
0.000158
0.000159
0.000117
0.000157
0.000198
0.000200
0.000144
0.000172
0.000197
0.000156
0.000153
0.000154
0.000154
0.000150
0.000154
0.000152
0.000155
0.000088
0.000150
0.000084
0.000157
0.000121
0.000150
0.000175
0.000156
0.000217
0.000188
0.000095
0.000149
0.000150
0.000174
0.000167
0.000153
0.000155
0.000179
0.000156
0.000186
0.000194
0.000204
0.000157
0.000156
0.000157
0.000211
0.000154
0.000125
0.000149
0.000151
0.000197
0.000153
0.000163
0.000170
0.000151
0.000155
0.000112
0.000095
0.000160
0.000184
0.000153
0.000097
0.000150
0.000154
0.000175
0.000154
0.000154
0.000156
0.000203
0.000155
0.000153
0.000251
0.000158
0.000119
0.000152
0.000158
0.000201
0.000150
0.000153
0.000153
0.000154
0.000162
0.000153
0.000161
0.000152
0.000154
0.000153
0.000157
0.000179
0.000153
0.000161
0.000153
0.000195
0.000231
0.000153
0.000155
0.000154
0.000179
0.000173
0.000150
0.000186
0.000153
0.000189
0.000156
0.000155
0.000152
0.000165
0.000163
0.000152
0.000148
0.000153
0.000145
0.000145
0.000151
0.000145
0.000146
0.000145
0.000149
0.000102
0.000148
0.000123
0.000146
0.000152
0.000144
0.000145
0.000145
0.000147
0.000145
0.000157
0.000145
0.000144
0.000149
0.000147
0.000208
0.000152
0.000145
0.000145
0.000144
0.000144
0.000145
0.000144
0.000202
0.000145
0.000146
0.000169
0.000190
0.000154
0.000154
0.000158
0.000158
0.000156
0.000156
0.000156
0.000157
0.000158
0.000202
0.000213
0.000154
0.000158
0.000150
0.000151
0.000194
0.000152
0.000196
0.000149
0.000152
0.000151
0.000153
0.000153
0.000150
0.000151
0.000179
0.000152
0.000155
0.000153
0.000197
0.000186
0.000234
0.000153
0.000154
0.000156
0.000153
0.000153
0.000163
0.000153
0.000152
0.000154
0.000150
0.000151
0.000155
0.000176
0.000155
0.000155
0.000154
0.000162
0.000166
0.000155
0.000158
0.000103
0.000156
0.000156
0.000152
0.000147
0.000145
0.000144
0.000145
0.000150
0.000241
0.000139
0.000146
0.000147
0.000095
0.000143
0.000180
0.000180
0.000160
0.000186
0.000161
0.000155
0.000160
0.000167
0.000157
0.000156
0.000078
0.000180
0.000151
0.000152
0.000150
0.000156
0.000156
0.000155
0.000153
0.000154
0.000167
0.000153
0.000159
0.000200
0.000160
0.000155
0.000160
0.000152
0.000150
0.000156
0.000153
0.000155
0.000153
0.000208
0.000178
0.000153
0.000165
0.000158
0.000129
0.000160
0.000151
0.000154
0.000089
0.000152
0.000156
0.000162
0.000233
0.000158
0.000081
0.000151
0.000178
0.000157
0.000167
0.000162
0.000156
0.000154
0.000154
0.000152
0.000170
0.000151
0.000164
0.000154
0.000154
0.000162
0.000156
0.000154
0.000154
0.000243
0.000154
0.000154
0.000168
0.000154
0.000158
0.000154
0.000170
0.000154
0.000153
0.000154
0.000153
0.000154
0.000155
0.000159
0.000202
0.000151
0.000158
0.000145
0.000146
0.000145
0.000146
0.000151
0.000148
0.000151
0.000152
0.000151
0.000151
0.000150
0.000166
0.000151
0.000170
0.000221
0.000155
0.000195
0.000155
0.000156
0.000156
0.000163
0.000206
0.000156
0.000158
0.000159
0.000157
0.000159
0.000157
0.000155
0.000157
0.000154
0.000155
0.000158
0.000155
0.000148
0.000163
0.000148
0.000152
0.000155
0.000153
0.000154
0.000154
0.000152
0.000152
0.000170
0.000152
0.000152
0.000152
0.000243
0.000164
0.000154
0.000147
0.000156
0.000153
0.000154
0.000155
0.000157
0.000156
0.000160
0.000113
0.000153
0.000164
0.000155
0.000155
0.000154
0.000176
0.000175
0.000154
0.000121
0.000094
0.000151
0.000085
0.000149
0.000144
0.000145
0.000147
0.000159
0.000145
0.000148
0.000167
0.000145
0.000145
0.000144
0.000144
0.000145
0.000145
0.000250
0.000148
0.000144
0.000144
0.000158
0.000145
0.000154
0.000153
0.000153
0.000153
0.000153
0.000154
0.000230
0.000154
0.000153
0.000153
0.000167
0.000153
0.000154
0.000153
0.000149
0.000153
0.000154
0.000155
0.000155
0.000145
0.000150
0.000164
0.000149
0.000151
0.000150
0.000252
0.000153
0.000153
0.000172
0.000155
0.000152
0.000160
0.000148
0.000149
0.000147
0.000155
0.000156
0.000158
0.000159
0.000108
0.000153
0.000154
0.000154
0.000154
0.000153
0.000153
0.000154
0.000150
0.000159
0.000117
0.000153
0.000155
0.000156
0.000162
0.000078
0.000154
0.000145
0.000163
0.000145
0.000146
0.000146
0.000146
0.000145
0.000146
0.000153
0.000168
0.000152
0.000153
0.000146
0.000212
0.000153
0.000161
0.000151
0.000146
0.000145
0.000157
0.000154
0.000154
0.000155
0.000154
0.000154
0.000160
0.000152
0.000154
0.000176
0.000157
0.000156
0.000080
0.000153
0.000156
0.000151
0.000150
0.000151
0.000163
0.000181
0.000149
0.000147
0.000150
0.000148
0.000149
0.000204
0.000148
0.000155
0.000223
0.000149
0.000186
0.000146
0.000146
0.000165
0.000150
0.000107
0.000144
0.000145
0.000155
0.000153
0.000158
0.000153
0.000151
0.000154
0.000152
0.000153
0.000086
0.000156
0.000121
0.000156
0.000188
0.000154
0.000156
0.000198
0.000161
0.000154
0.000154
0.000158
0.000147
0.000146
0.000146
0.000150
0.000155
0.000102
0.000149
0.000151
0.000151
0.000150
0.000161
0.000146
0.000148
0.000148
0.000146
0.000151
0.000151
0.000150
0.000152
0.000152
0.000179
0.000179
0.000157
0.000083
0.000149
0.000152
0.000150
0.000152
0.000151
0.000158
0.000151
0.000151
0.000180
0.000161
0.000149
0.000188
0.000129
0.000158
0.000151
0.000151
0.000182
0.000150
0.000150
0.000150
0.000150
0.000172
0.000150
0.000150
0.000150
0.000153
0.000177
0.000134
0.000149
0.000174
0.000086
0.000147
0.000152
0.000150
0.000153
0.000160
0.000129
0.000151
0.000150
0.000154
0.000154
0.000155
0.000153
0.000154
0.000153
0.000156
0.000156
0.000156
0.000151
0.000151
0.000163
0.000158
0.000156
0.000154
0.000159
0.000155
0.000083
0.000154
0.000153
0.000164
0.000160
0.000148
0.000150
0.000153
0.000152
0.000232
0.000156
0.000152
0.000155
0.000185
0.000155
0.000149
0.000148
0.000147
0.000148
0.000150
0.000148
0.000163
0.000146
0.000149
0.000154
0.000147
0.000154
0.000168
0.000149
0.000159
0.000147
0.000148
0.000148
0.000147
0.000147
0.000157
0.000159
0.000104
0.000156
0.000200
0.000154
0.000154
0.000155
0.000175
0.000155
0.000155
0.000126
0.000157
0.000135
0.000155
0.000156
0.000153
0.000153
0.000154
0.000156
0.000154
0.000154
0.000210
0.000156
0.000092
0.000170
0.000153
0.000153
0.000155
0.000160
0.000150
0.000152
0.000246
0.000183
0.000184
0.000154
0.000156
0.000156
0.000157
0.000160
0.000156
0.000152
0.000153
0.000153
0.000179
0.000156
0.000160
0.000158
0.000158
0.000127
0.000150
0.000152
0.000182
0.000152
0.000171
0.000169
0.000156
0.000155
0.000154
0.000161
0.000155
0.000154
0.000162
0.000160
0.000143
0.000155
0.000156
0.000153
0.000234
0.000168
0.000154
0.000154
0.000155
0.000155
0.000155
0.000156
0.000152
0.000154
0.000153
0.000154
0.000153
0.000154
0.000159
0.000177
0.000177
0.000153
0.000154
0.000154
0.000152
0.000160
0.000152
0.000151
0.000152
0.000154
0.000165
0.000154
0.000151
0.000179
0.000158
0.000155
0.000155
0.000188
0.000160
0.000159
0.000158
0.000151
0.000144
0.000146
0.000147
0.000162
0.000215
0.000155
0.000147
0.000147
0.000149
0.000198
0.000159
0.000159
0.000158
0.000158
0.000157
0.000159
0.000157
0.000158
0.000154
0.000153
0.000163
0.000173
0.000156
0.000156
0.000152
0.000155
0.000155
0.000158
0.000160
0.000177
0.000158
0.000203
0.000076
0.000151
0.000156
0.000097
0.000157
0.000157
0.000154
0.000161
0.000152
0.000155
0.000155
0.000153
0.000154
0.000083
0.000146
0.000171
0.000149
0.000151
0.000080
0.000175
0.000180
0.000149
0.000149
0.000191
0.000151
0.000159
0.000151
0.000152
0.000153
0.000154
0.000153
0.000154
0.000156
0.000286
0.000165
0.000154
0.000197
0.000152
0.000156
0.000156
0.000152
0.000154
0.000072
0.000148
0.000156
0.000152
0.000155
0.000156
0.000156
0.000157
0.000158
0.000144
0.000203
0.000149
0.000144
0.000145
0.000145
0.000143
0.000144
0.000144
0.000171
0.000177
0.000144
0.000200
0.000155
0.000145
0.000145
0.000166
0.000144
0.000177
0.000153
0.000175
0.000153
0.000182
0.000150
0.000171
0.000153
0.000152
0.000203
0.000153
0.000154
0.000083
0.000149
0.000154
0.000195
0.000123
0.000150
0.000158
0.000109
0.000151
0.000152
0.000158
0.000154
0.000149
0.000150
0.000156
0.000152
0.000152
0.000152
0.000265
0.000153
0.000157
0.000158
0.000178
0.000156
0.000155
0.000189
0.000156
0.000180
0.000153
0.000156
0.000153
0.000157
0.000163
0.000158
0.000204
0.000153
0.000157
0.000155
0.000176
0.000153
0.000153
0.000156
0.000198
0.000155
0.000158
0.000104
0.000176
0.000153
0.000153
0.000159
0.000163
0.000166
0.000156
0.000242
0.000153
0.000155
0.000154
0.000157
0.000156
0.000197
0.000156
0.000245
0.000133
0.000154
0.000157
0.000157
0.000153
0.000160
0.000222
0.000161
0.000176
0.000152
0.000155
0.000153
0.000153
0.000153
0.000158
0.000158
0.000105
0.000152
0.000154
0.000154
0.000156
0.000153
0.000155
0.000154
0.000152
0.000164
0.000154
0.000161
0.000168
0.000177
0.000146
0.000153
0.000152
0.000151
0.000149
0.000076
0.000148
0.000145
0.000146
0.000145
0.000233
0.000146
0.000146
0.000149
0.000155
0.000155
0.000165
0.000153
0.000156
0.000156
0.000154
0.000164
0.000153
0.000153
0.000153
0.000155
0.000156
0.000154
0.000152
0.000151
0.000150
0.000155
0.000124
0.000159
0.000102
0.000152
0.000154
0.000111
0.000051
0.000198
0.000144
0.000168
0.000172
0.000137
0.000160
0.000182
0.000154
0.000176
0.000157
0.000154
0.000157
0.000156
0.000185
0.000153
0.000168
0.000176
0.000152
0.000161
0.000155
0.000125
0.000151
0.000156
0.000154
0.000153
0.000153
0.000150
0.000150
0.000152
0.000154
0.000145
0.000145
0.000146
0.000147
0.000094
0.000146
0.000146
0.000145
0.000180
0.000152
0.000151
0.000151
0.000152
0.000157
0.000149
0.000155
0.000119
0.000149
0.000161
0.000156
0.000150
0.000150
0.000151
0.000098
0.000148
0.000160
0.000151
0.000157
0.000155
0.000156
0.000158
0.000155
0.000163
0.000075
0.000153
0.000126
0.000144
0.000150
0.000179
0.000147
0.000151
0.000145
0.000145
0.000149
0.000146
0.000153
0.000175
0.000157
0.000149
0.000154
0.000123
0.000148
0.000150
0.000150
0.000186
0.000151
0.000145
0.000167
0.000147
0.000145
0.000150
0.000156
0.000150
0.000153
0.000147
0.000204
0.000144
0.000146
0.000146
0.000145
0.000145
0.000175
0.000162
0.000152
0.000150
0.000155
0.000153
0.000151
0.000171
0.000154
0.000158
0.000155
0.000158
0.000128
0.000155
0.000159
0.000186
0.000158
0.000124
0.000144
0.000191
0.000144
0.000145
0.000145
0.000147
0.000145
0.000210
0.000149
0.000167
0.000145
0.000144
0.000190
0.000173
0.000178
0.000144
0.000182
0.000253
0.000151
0.000213
0.000145
0.000145
0.000146
0.000146
0.000149
0.000123
0.000149
0.000157
0.000186
0.000157
0.000158
0.000084
0.000152
0.000157
0.000155
0.000160
0.000159
0.000141
0.000101
0.000151
0.000151
0.000153
0.000151
0.000150
0.000150
0.000150
0.000147
0.000152
0.000168
0.000146
0.000145
0.000145
0.000145
0.000144
0.000157
0.000145
0.000166
0.000147
0.000147
0.000145
0.000144
0.000146
0.000155
0.000152
0.000151
0.000153
0.000152
0.000154
0.000153
0.000157
0.000160
0.000153
0.000155
0.000154
0.000173
0.000152
0.000161
0.000150
0.000150
0.000239
0.000159
0.000118
0.000148
0.000151
0.000151
0.000150
0.000228
0.000177
0.000153
0.000179
0.000152
0.000151
0.000152
0.000155
0.000124
0.000157
0.000149
0.000151
0.000149
0.000151
0.000190
0.000152
0.000178
0.000151
0.000158
0.000151
0.000150
0.000150
0.000150
0.000150
0.000150
0.000150
0.000153
0.000163
0.000106
0.000177
0.000150
0.000182
0.000092
0.000169
0.000157
0.000156
0.000129
0.000080
0.000157
0.000156
0.000175
0.000156
0.000158
0.000154
0.000156
0.000203
0.000151
0.000157
0.000161
0.000109
0.000159
0.000158
0.000157
0.000150
0.000153
0.000158
0.000152
0.000155
0.000202
0.000157
0.000146
0.000152
0.000175
0.000152
0.000154
0.000167
0.000155
0.000154
0.000153
0.000154
0.000175
0.000156
0.000155
0.000155
0.000154
0.000165
0.000085
0.000152
0.000154
0.000150
0.000153
0.000154
0.000153
0.000150
0.000150
0.000155
0.000150
0.000149
0.000150
0.000154
0.000124
0.000150
0.000147
0.000144
0.000144
0.000145
0.000145
0.000144
0.000148
0.000119
0.000087
0.000151
0.000163
0.000164
0.000149
0.000145
0.000148
0.000152
0.000166
0.000082
0.000200
0.000156
0.000154
0.000121
0.000081
0.000148
0.000150
0.000152
0.000147
0.000092
0.000142
0.000151
0.000154
0.000151
0.000150
0.000151
0.000154
0.000104
0.000149
0.000153
0.000093
0.000147
0.000149
0.000145
0.000153
0.000149
0.000150
0.000151
0.000144
0.000150
0.000175
0.000158
0.000150
0.000145
0.000195
0.000146
0.000145
0.000149
0.000151
0.000151
0.000177
0.000150
0.000150
0.000157
0.000152
0.000154
0.000123
0.000149
0.000158
0.000154
0.000152
0.000155
0.000189
0.000154
0.000161
0.000151
0.000181
0.000153
0.000150
0.000145
0.000150
0.000202
0.000173
0.000178
0.000202
0.000170
0.000186
0.000181
0.000151
0.000178
0.000188
0.000166
0.000106
0.000175
0.000176
0.000175
0.000177
0.000174
0.000176
0.000233
0.000207
0.000164
0.000175
0.000184
0.000172
0.000152
0.000176
0.000158
0.000158
0.000162
0.000162
0.000153
0.000157
0.000159
0.000154
0.000155
0.000222
0.000156
0.000193
0.000154
0.000156
0.000156
0.000156
0.000161
0.000196
0.000166
0.000164
0.000105
0.000155
0.000164
0.000247
0.000159
0.000164
0.000164
0.000156
0.000157
0.000162
0.000153
0.000156
0.000085
0.000170
0.000152
0.000154
0.000175
0.000184
0.000169
0.000160
0.000165
0.000180
0.000132
0.000154
0.000159
0.000153
0.000171
0.000125
0.000156
0.000136
0.000164
0.000150
0.000157
0.000082
0.000152
0.000158
0.000153
0.000170
0.000125
0.000160
0.000154
0.000155
0.000153
0.000154
0.000157
0.000168
0.000150
0.000150
0.000163
0.000156
0.000153
0.000221
0.000229
0.000166
0.000195
0.000225
0.000177
0.000151
0.000171
0.000155
0.000124
0.000157
0.000178
0.000119
0.000155
0.000158
0.000205
0.000160
0.000158
0.000161
0.000207
0.000149
0.000156
0.000186
0.000151
0.000165
0.000152
0.000229
0.000214
0.000155
0.000090
0.000152
0.000236
0.000152
0.000160
0.000162
0.000160
0.000154
0.000143
0.000167
0.000189
0.000093
0.000157
0.000213
0.000102
0.000150
0.000155
0.000156
0.000153
0.000176
0.000151
0.000150
0.000151
0.000153
0.000166
0.000154
0.000161
0.000154
0.000153
0.000156
0.000148
0.000054
0.000176
0.000168
0.000150
0.000235
0.000189
0.000166
0.000168
0.000149
0.000150
0.000199
0.000145
0.000144
0.000145
0.000146
0.000153
0.000148
0.000145
0.000183
0.000156
0.000156
0.000150
0.000227
0.000198
0.000198
0.000152
0.000179
0.000170
0.000154
0.000175
0.000207
0.000162
0.000191
0.000151
0.000142
0.000113
0.000163
0.000160
0.000132
0.000142
0.000151
0.000150
0.000150
0.000173
0.000164
0.000225
0.000156
0.000178
0.000177
0.000198
0.000155
0.000155
0.000154
0.000162
0.000193
0.000165
0.000180
0.000124
0.000158
0.000160
0.000150
0.000151
0.000154
0.000169
0.000152
0.000155
0.000155
0.000152
0.000153
0.000162
0.000155
0.000155
0.000217
0.000155
0.000154
0.000181
0.000158
0.000117
0.000153
0.000150
0.000107
0.000152
0.000155
0.000150
0.000152
0.000151
0.000151
0.000144
0.000161
0.000157
0.000149
0.000153
0.000209
0.000151
0.000150
0.000179
0.000146
0.000163
0.000144
0.000147
0.000149
0.000151
0.000158
0.000149
0.000150
0.000175
0.000153
0.000174
0.000150
0.000170
0.000199
0.000150
0.000152
0.000163
0.000154
0.000220
0.000172
0.000153
0.000150
0.000208
0.000152
0.000154
0.000110
0.000162
0.000136
0.000150
0.000153
0.000155
0.000169
0.000208
0.000224
0.000222
0.000150
0.000153
0.000153
0.000200
0.000162
0.000155
0.000177
0.000152
0.000165
0.000152
0.000154
0.000198
0.000162
0.000151
0.000168
0.000150
0.000153
0.000152
0.000134
0.000152
0.000154
0.000165
0.000160
0.000158
0.000151
0.000157
0.000151
0.000153
0.000156
0.000150
0.000155
0.000149
0.000153
0.000207
0.000183
0.000178
0.000145
0.000178
0.000157
0.000154
0.000153
0.000171
0.000153
0.000157
0.000164
0.000129
0.000153
0.000156
0.000151
0.000162
0.000212
0.000150
0.000152
0.000154
0.000174
0.000155
0.000188
0.000154
0.000150
0.000168
0.000153
0.000154
0.000160
0.000167
0.000158
0.000153
0.000151
0.000200
0.000151
0.000187
0.000150
0.000150
0.000154
0.000123
0.000154
0.000162
0.000104
0.000153
0.000155
0.000168
0.000150
0.000174
0.000081
0.000154
0.000154
0.000284
0.000159
0.000216
0.000163
0.000228
0.000185
0.000179
0.000166
0.000165
0.000166
0.000173
0.000167
0.000173
0.000155
0.000159
0.000156
0.000157
0.000155
0.000138
0.000168
0.000161
0.000149
0.000181
0.000137
0.000168
0.000151
0.000152
0.000069
0.000048
0.000156
0.000133
0.000151
0.000161
0.000172
0.000152
0.000222
0.000157
0.000151
0.000150
0.000156
0.000221
0.000117
0.000146
0.000178
0.000165
0.000151
0.000152
0.000158
0.000156
0.000153
0.000163
0.000159
0.000153
0.000164
0.000149
0.000163
0.000151
0.000153
0.000148
0.000174
0.000171
0.000151
0.000169
0.000161
0.000130
0.000153
0.000158
0.000155
0.000134
0.000149
0.000157
0.000147
0.000220
0.000151
0.000150
0.000155
0.000111
0.000149
0.000151
0.000176
0.000148
0.000148
0.000165
0.000199
0.000179
0.000152
0.000155
0.000097
0.000153
0.000153
0.000169
0.000087
0.000150
0.000172
0.000154
0.000153
0.000175
0.000157
0.000146
0.000049
0.000182
0.000147
0.000155
0.000152
0.000152
0.000155
0.000213
0.000164
0.000160
0.000140
0.000159
0.000159
0.000151
0.000148
0.000150
0.000199
0.000151
0.000164
0.000185
0.000152
0.000151
0.000182
0.000156
0.000120
0.000222
0.000151
0.000162
0.000151
0.000162
0.000152
0.000148
0.000172
0.000149
0.000148
0.000154
0.000152
0.000205
0.000155
0.000153
0.000155
0.000153
0.000150
0.000153
0.000122
0.000149
0.000149
0.000150
0.000080
0.000160
0.000151
0.000155
0.000149
0.000190
0.000155
0.000165
0.000217
0.000152
0.000173
0.000156
0.000206
0.000191
0.000154
0.000155
0.000153
0.000153
0.000142
0.000157
0.000147
0.000152
0.000154
0.000154
0.000150
0.000093
0.000149
0.000150
0.000150
0.000156
0.000138
0.000164
0.000153
0.000152
0.000153
0.000159
0.000153
0.000220
0.000126
0.000167
0.000212
0.000157
0.000153
0.000186
0.000154
0.000152
0.000175
0.000187
0.000152
0.000151
0.000153
0.000157
0.000161
0.000169
0.000210
0.000152
0.000152
0.000153
0.000153
0.000159
0.000177
0.000166
0.000155
0.000152
0.000160
0.000142
0.000166
0.000153
0.000157
0.000127
0.000153
0.000209
0.000150
0.000145
0.000148
0.000145
0.000164
0.000151
0.000150
0.000153
0.000162
0.000150
0.000150
0.000146
0.000149
0.000123
0.000147
0.000145
0.000145
0.000154
0.000154
0.000159
0.000160
0.000121
0.000168
0.000167
0.000227
0.000157
0.000123
0.000180
0.000174
0.000180
0.000153
0.000154
0.000073
0.000154
0.000190
0.000154
0.000150
0.000153
0.000077
0.000154
0.000168
0.000150
0.000150
0.000166
0.000139
0.000155
0.000210
0.000122
0.000166
0.000145
0.000099
0.000152
0.000154
0.000166
0.000150
0.000154
0.000158
0.000153
0.000252
0.000106
0.000151
0.000156
0.000175
0.000164
0.000166
0.000167
0.000149
0.000154
0.000155
0.000156
0.000196
0.000072
0.000154
0.000158
0.000155
0.000163
0.000183
0.000178
0.000156
0.000159
0.000155
0.000157
0.000156
0.000155
0.000201
0.000180
0.000154
0.000198
0.000193
0.000167
0.000146
0.000146
0.000146
0.000150
0.000153
0.000160
0.000118
0.000179
0.000224
0.000156
0.000154
0.000173
0.000126
0.000148
0.000105
0.000150
0.000166
0.000156
0.000208
0.000157
0.000146
0.000166
0.000171
0.000155
0.000166
0.000151
0.000154
0.000196
0.000198
0.000222
0.000186
0.000189
0.000154
0.000154
0.000156
0.000084
0.000157
0.000153
0.000156
0.000167
0.000181
0.000150
0.000155
0.000155
0.000157
0.000159
0.000192
0.000152
0.000156
0.000109
0.000155
0.000168
0.000153
0.000157
0.000155
0.000184
0.000107
0.000185
0.000152
0.000079
0.000153
0.000156
0.000154
0.000168
0.000210
0.000157
0.000151
0.000151
0.000155
0.000157
0.000176
0.000194
0.000124
0.000152
0.000152
0.000155
0.000152
0.000157
0.000152
0.000157
0.000116
0.000156
0.000125
0.000163
0.000151
0.000151
0.000154
0.000150
0.000152
0.000167
0.000156
0.000152
0.000170
0.000155
0.000152
0.000165
0.000161
0.000105
0.000153
0.000155
0.000153
0.000153
0.000168
0.000156
0.000127
0.000158
0.000126
0.000164
0.000152
0.000155
0.000155
0.000157
0.000161
0.000154
0.000155
0.000155
0.000156
0.000153
0.000152
0.000151
0.000151
0.000153
0.000151
0.000158
0.000108
0.000153
0.000156
0.000153
0.000182
0.000170
0.000152
0.000160
0.000132
0.000155
0.000152
0.000156
0.000151
0.000158
0.000160
0.000157
0.000155
0.000170
0.000181
0.000157
0.000095
