0 45110
0 54581
0 53682
0 52909
0 51936
0 51547
0 50579
0 50546
0 49749
0 49657
0 49550
0 49099
0 48313
0 47386
0 46945
0 45952
0 45265
0 44581
0 43900
0 43755
0 42960
0 42359
0 41890
0 41865
0 41533
0 40770
0 40402
0 39641
0 39427
0 38915
0 38402
0 37856
0 37509
0 36752
0 36083
0 35409
0 34911
0 33919
0 33860
0 33210
0 33128
0 32961
0 32508
0 32287
0 32182
0 31938
0 31725
0 30931
0 29999
0 29745
0 29453
0 29372
0 28520
0 27756
0 27649
0 27111
0 26563
0 26088
0 25789
0 25692
0 25353
0 25182
0 24186
0 24146
0 23869
0 23852
0 23137
0 23008
0 22998
0 22224
0 21445
0 21000
0 20705
0 20476
0 19806
0 19405
0 18925
0 18693
0 18145
0 17379
0 16892
0 16699
0 15852
0 15161
0 14203
0 13249
0 13018
0 12179
0 11396
0 10510
0 10249
0 9779
0 9352
0 9069
0 8556
0 7875
0 7571
0 6991
0 6180
0 5866
0 5510
0 4568
0 4457
0 4452
0 4279
0 3500
0 2744
0 2736
0 2737
0 2079
0 1303
0 453
0 144
0 146
0 149
0 197
0 217
0 244
0 223
0 145
0 116
0 157
0 142
0 142
0 146
0 87
0 139
0 141
0 142
0 173
0 155
0 142
0 147
0 120
0 140
0 193
0 144
0 212
0 106
0 154
0 147
0 146
0 120
0 140
0 144
0 141
0 144
0 145
0 107
0 142
0 141
0 142
0 229
0 142
0 158
0 149
0 190
0 141
0 142
0 142
0 142
0 151
0 175
0 150
0 151
0 195
0 158
0 150
0 152
0 150
0 151
0 150
0 151
0 157
0 152
0 215
0 155
0 89
0 165
0 159
0 157
0 195
0 152
0 153
0 151
0 150
0 160
0 155
0 151
0 150
0 155
0 153
0 95
0 184
0 170
0 148
0 147
0 147
0 147
0 161
0 256
0 156
0 149
0 151
0 198
0 71
0 152
0 152
0 155
0 155
0 153
0 152
0 148
0 155
0 152
0 180
0 152
0 150
0 183
0 150
0 152
0 152
0 154
0 155
0 141
0 150
0 151
0 152
0 169
0 131
0 200
0 148
0 151
0 153
0 90
0 150
0 152
0 156
0 152
0 181
0 154
0 150
0 156
0 124
0 153
0 202
0 188
0 150
0 151
0 150
0 190
0 148
0 148
0 157
0 113
0 154
0 154
0 177
0 226
0 153
0 154
0 153
0 171
0 157
0 152
0 151
0 157
0 156
0 105
0 48
0 147
0 154
0 150
0 194
0 198
0 157
0 171
0 190
0 204
0 157
0 157
0 130
0 148
0 148
0 152
0 151
0 154
0 153
0 160
0 149
0 148
0 150
0 152
0 151
0 152
0 155
0 124
0 153
0 150
0 149
0 159
0 154
0 164
0 152
0 154
0 150
0 151
0 151
0 153
0 153
0 153
0 151
0 151
0 152
0 152
0 156
0 160
0 158
0 157
0 157
0 157
0 165
0 156
0 160
0 160
0 188
0 161
0 157
0 151
0 156
0 160
0 151
0 150
0 152
0 152
0 155
0 151
0 203
0 174
0 152
0 159
0 158
0 165
0 151
0 216
0 154
0 158
0 158
0 160
0 157
0 155
0 155
0 157
0 167
0 155
0 157
0 151
0 154
0 123
0 149
0 216
0 151
0 151
0 154
0 151
0 155
0 151
0 151
0 152
0 188
0 151
0 175
0 151
0 176
0 157
0 156
0 127
0 149
0 154
0 151
0 149
0 137
0 150
0 94
0 146
0 156
0 163
0 151
0 155
0 156
0 160
0 146
0 159
0 156
0 165
0 81
0 153
0 156
0 159
0 156
0 158
0 240
0 158
0 155
0 155
0 157
0 149
0 149
0 167
0 142
0 147
0 147
0 148
0 148
0 148
0 149
0 149
0 147
0 181
0 148
0 193
0 149
0 149
0 151
0 71
0 146
0 150
0 155
0 158
0 155
0 155
0 156
0 155
0 155
0 155
0 155
0 153
0 149
0 168
0 158
0 149
0 150
0 155
0 149
0 150
0 183
0 150
0 156
0 155
0 150
0 151
0 184
0 173
0 160
0 155
0 157
0 160
0 164
0 156
0 218
0 156
0 155
0 156
0 156
0 155
0 193
0 155
0 164
0 155
0 158
0 157
0 161
0 155
0 171
0 158
0 159
0 159
0 117
0 155
0 156
0 231
0 185
0 176
0 156
0 156
0 158
0 156
0 155
0 156
0 160
0 156
0 155
0 191
0 153
0 155
0 154
0 166
0 167
0 154
0 160
0 152
0 149
0 149
0 153
0 164
0 164
0 149
0 149
0 180
0 196
0 150
0 149
0 184
0 179
0 151
0 176
0 150
0 157
0 158
0 158
0 156
0 158
0 97
0 170
0 155
0 154
0 167
0 181
0 155
0 156
0 156
0 239
0 159
0 186
0 206
0 158
0 159
0 161
0 161
0 156
0 182
0 125
0 156
0 158
0 164
0 196
0 158
0 159
0 170
0 161
0 158
0 160
0 156
0 166
0 160
0 77
0 153
0 155
0 158
0 156
0 155
0 155
0 175
0 174
0 89
0 172
0 117
0 165
0 184
0 159
0 165
0 156
0 157
0 186
0 156
0 172
0 165
0 157
0 158
0 157
0 169
0 178
0 143
0 157
0 198
0 158
0 82
0 162
0 161
0 105
0 154
0 253
0 168
0 154
0 159
0 107
0 155
0 155
0 190
0 94
0 156
0 156
0 159
0 107
0 154
0 155
0 157
0 156
0 155
0 206
0 158
0 155
0 155
0 157
0 174
0 156
0 155
0 158
0 155
0 205
0 155
0 165
0 181
0 155
0 155
0 203
0 157
0 156
0 155
0 252
0 157
0 212
0 198
0 224
0 159
0 165
0 161
0 157
0 165
0 157
0 156
0 157
0 163
0 153
0 155
0 158
0 163
0 103
0 155
0 160
0 166
0 155
0 163
0 158
0 158
0 156
0 197
0 178
0 197
0 163
0 262
0 268
0 203
0 166
0 156
0 264
0 161
0 115
0 178
0 170
0 123
0 164
0 155
0 154
0 167
0 155
0 155
0 158
0 162
0 155
0 155
0 172
0 157
0 158
0 156
0 155
0 155
0 167
0 154
0 156
0 178
0 180
0 225
0 192
0 153
0 155
0 154
0 193
0 154
0 163
0 117
0 160
0 167
0 144
0 152
0 156
0 122
0 160
0 128
0 86
0 158
0 144
0 224
0 168
0 148
0 226
0 216
0 157
0 102
0 175
0 151
0 153
0 154
0 150
0 149
0 150
0 150
0 153
0 238
0 152
0 150
0 228
0 153
0 152
0 153
0 152
0 203
0 143
0 175
0 197
0 107
0 152
0 250
0 239
0 149
0 152
0 192
0 219
0 153
0 176
0 152
0 153
0 151
0 181
0 156
0 227
0 155
0 185
0 152
0 153
0 216
0 167
0 159
0 159
0 183
0 206
0 198
0 157
0 156
0 157
0 160
0 108
0 183
0 167
0 110
0 243
0 155
0 157
0 286
0 191
0 222
0 165
0 228
0 110
0 163
0 205
0 173
0 192
0 133
0 103
0 172
0 152
0 152
0 155
0 155
0 153
0 153
0 156
0 155
0 157
0 154
0 155
0 157
0 166
0 184
0 159
0 123
0 184
0 162
0 154
0 157
0 163
0 159
0 74
0 155
0 156
0 170
0 158
0 123
0 76
0 154
0 154
0 227
0 156
0 162
0 170
0 156
0 213
0 157
0 158
0 159
0 163
0 201
0 157
0 156
0 160
0 160
0 158
0 83
0 152
0 159
0 155
0 156
0 170
0 155
0 167
0 104
0 155
0 153
0 156
0 159
0 156
0 156
0 211
0 154
0 232
0 160
0 155
0 180
0 155
0 184
0 156
0 157
0 158
0 169
0 162
0 187
0 164
0 155
0 174
0 162
0 90
0 70
0 151
0 158
0 155
0 156
0 185
0 156
0 160
0 96
0 151
0 154
0 154
0 153
0 154
0 155
0 187
0 166
0 162
0 178
0 154
0 155
0 158
0 158
0 155
0 157
0 166
0 155
0 156
0 163
0 155
0 156
0 155
0 164
0 150
0 149
0 149
0 152
0 168
0 113
0 150
0 153
0 171
0 187
0 156
0 151
0 164
0 88
0 166
0 152
0 150
0 151
0 149
0 157
0 176
0 187
0 124
0 152
0 221
0 150
0 149
0 150
0 180
0 149
0 149
0 183
0 84
0 147
0 155
0 158
0 155
0 170
0 77
0 156
0 156
0 155
0 150
0 149
0 150
0 166
0 150
0 149
0 150
0 171
0 149
0 149
0 150
0 151
0 153
0 85
0 179
0 184
0 150
0 151
0 174
0 160
0 154
0 152
0 149
0 150
0 178
0 197
0 150
0 152
0 108
0 149
0 149
0 149
0 179
0 151
0 166
0 158
0 149
0 181
0 149
0 150
0 153
0 156
0 150
0 160
0 154
0 153
0 184
0 158
0 157
0 180
0 156
0 156
0 155
0 155
0 157
0 158
0 155
0 156
0 155
0 154
0 156
0 155
0 149
0 152
0 158
0 213
0 139
0 147
0 165
0 123
0 152
0 175
0 150
0 174
0 258
0 163
0 157
0 154
0 152
0 152
0 152
0 152
0 180
0 154
0 151
0 165
0 154
0 169
0 152
0 152
0 226
0 156
0 162
0 131
0 151
0 160
0 182
0 160
0 152
0 105
0 151
0 162
0 150
0 150
0 178
0 151
0 149
0 223
0 150
0 149
0 149
0 151
0 150
0 161
0 150
0 150
0 179
0 149
0 149
0 150
0 155
0 156
0 150
0 173
0 152
0 174
0 153
0 105
0 153
0 161
0 187
0 150
0 149
0 149
0 149
0 150
0 151
0 182
0 153
0 149
0 207
0 151
0 153
0 123
0 154
0 150
0 164
0 149
0 200
0 149
0 137
0 170
0 150
0 150
0 155
0 151
0 152
0 149
0 150
0 247
0 190
0 150
0 150
0 153
0 164
0 150
0 150
0 149
0 150
0 149
0 149
0 151
0 172
0 150
0 165
0 156
0 158
0 184
0 169
0 154
0 156
0 156
0 154
0 155
0 155
0 149
0 155
0 202
0 155
0 155
0 160
0 179
0 107
0 150
0 152
0 152
0 149
0 149
0 158
0 150
0 190
0 146
0 148
0 153
0 108
0 174
0 151
0 188
0 157
0 149
0 150
0 150
0 165
0 178
0 164
0 153
0 80
0 186
0 155
0 153
0 228
0 150
0 149
0 154
0 144
0 165
0 150
0 154
0 150
0 152
0 150
0 150
0 149
0 154
0 109
0 153
0 123
0 150
0 152
0 150
0 169
0 192
0 150
0 155
0 150
0 155
0 157
0 149
0 150
0 150
0 149
0 152
0 150
0 183
0 152
0 157
0 112
0 152
0 184
0 153
0 108
0 148
0 150
0 150
0 172
0 81
0 147
0 151
0 150
0 172
0 150
0 149
0 149
0 151
0 160
0 83
0 161
0 180
0 150
0 150
0 149
0 149
0 211
0 155
0 148
0 150
0 164
0 119
0 150
0 151
0 149
0 150
0 151
0 150
0 150
0 172
0 166
0 172
0 149
0 150
0 151
0 166
0 151
0 150
0 149
0 152
0 150
0 174
0 150
0 151
0 153
0 157
0 160
0 149
0 150
0 149
0 154
0 188
0 140
0 151
0 150
0 151
0 149
0 206
0 100
0 148
0 152
0 149
0 150
0 159
0 158
0 199
0 156
0 156
0 168
0 190
0 156
0 156
0 165
0 159
0 155
0 155
0 177
0 159
0 171
0 126
0 155
0 155
0 171
0 151
0 153
0 151
0 176
0 152
0 159
0 151
0 149
0 151
0 155
0 158
0 150
0 150
0 149
0 149
0 151
0 180
0 150
0 150
0 150
0 159
0 155
0 155
0 150
0 155
0 155
0 180
0 143
0 160
0 155
0 173
0 171
0 163
0 155
0 153
0 158
0 159
0 158
0 156
0 159
0 206
0 156
0 149
0 180
0 155
0 173
0 156
0 158
0 157
0 167
0 155
0 155
0 178
0 162
0 123
0 154
0 154
0 158
0 216
0 218
0 190
0 152
0 150
0 152
0 151
0 160
0 157
0 156
0 157
0 157
0 222
0 179
0 156
0 155
0 187
0 160
0 166
0 159
0 156
0 150
0 190
0 156
0 159
0 158
0 157
0 158
0 156
0 158
0 161
0 155
0 155
0 157
0 155
0 155
0 156
0 161
0 156
0 156
0 185
0 132
0 157
0 155
0 155
0 210
0 168
0 154
0 158
0 159
0 156
0 156
0 155
0 156
0 155
0 182
0 156
0 160
0 81
0 152
0 155
0 155
0 156
0 155
0 157
0 227
0 157
0 156
0 181
0 157
0 214
0 157
0 71
0 151
0 198
0 154
0 159
0 155
0 162
0 167
0 156
0 161
0 221
0 158
0 155
0 155
0 155
0 166
0 182
0 174
0 117
0 154
0 158
0 157
0 198
0 161
0 151
0 179
0 154
0 124
0 185
0 207
0 160
0 156
0 254
0 207
0 219
0 177
0 222
0 177
0 181
0 163
0 177
0 177
0 185
0 178
0 206
0 179
0 167
0 155
0 179
0 119
0 169
0 99
0 174
0 171
0 153
0 146
0 150
0 170
0 139
0 150
0 158
0 152
0 203
0 150
0 151
0 150
0 162
0 158
0 170
0 95
0 153
0 123
0 148
0 188
0 150
0 150
0 168
0 195
0 159
0 161
0 116
0 157
0 156
0 166
0 108
0 179
0 155
0 156
0 211
0 155
0 237
0 251
0 169
0 158
0 149
0 179
0 113
0 186
0 118
0 121
0 136
0 105
0 101
0 93
0 110
0 89
0 85
0 97
0 94
0 101
0 94
0 91
0 92
0 102
0 92
0 79
0 168
0 137
0 85
0 119
0 140
0 121
0 87
0 118
0 120
0 109
0 167
0 164
0 140
0 149
0 169
0 162
0 161
0 114
0 155
0 155
0 156
0 247
0 216
0 167
0 158
0 156
0 160
0 160
0 156
0 168
0 160
0 151
0 157
0 150
0 156
0 158
0 164
0 166
0 149
0 151
0 149
0 154
0 223
0 150
0 186
0 150
0 150
0 149
0 186
0 153
0 196
0 157
0 171
0 162
0 144
0 166
0 182
0 149
0 149
0 173
0 150
0 204
0 152
0 149
0 166
0 201
0 164
0 154
0 151
0 151
0 150
0 150
0 151
0 149
0 131
0 151
0 172
0 150
0 152
0 91
0 146
0 152
0 93
0 149
0 149
0 155
0 149
0 167
0 154
0 163
0 153
0 71
0 159
0 125
0 160
0 158
0 161
0 157
0 150
0 149
0 174
0 149
0 150
0 150
0 169
0 173
0 159
0 178
0 162
0 156
0 185
0 149
0 149
0 149
0 150
0 150
0 150
0 153
0 155
0 168
0 193
0 167
0 187
0 155
0 156
0 154
0 155
0 155
0 158
0 155
0 161
0 159
0 166
0 156
0 175
0 107
0 155
0 154
0 157
0 157
0 154
0 143
0 159
0 156
0 161
0 158
0 195
0 158
0 148
0 159
0 160
0 154
0 174
0 160
0 149
0 153
0 119
0 161
0 154
0 153
0 154
0 160
0 155
0 155
0 154
0 149
0 150
0 149
0 151
0 160
0 154
0 151
0 151
0 74
0 180
0 150
0 151
0 155
0 151
0 137
0 168
0 87
0 226
0 149
0 166
0 150
0 149
0 156
0 161
0 155
0 156
0 154
0 88
0 207
0 169
0 155
0 158
0 157
0 171
0 165
0 168
0 158
0 168
0 156
0 181
0 157
0 156
0 145
0 174
0 157
0 162
0 150
0 154
0 156
0 256
0 184
0 115
0 160
0 108
0 50
0 187
0 150
0 152
0 85
0 49
0 155
0 156
0 226
0 202
0 176
0 178
0 179
0 182
0 187
0 177
0 147
0 148
0 96
0 141
0 154
0 151
0 207
0 172
0 150
0 136
0 160
0 145
0 155
0 185
0 155
0 204
0 168
0 155
0 158
0 166
0 171
0 236
0 170
0 155
0 159
0 124
0 161
0 157
0 188
0 241
0 161
0 174
0 102
0 181
0 157
0 155
0 205
0 223
0 159
0 119
0 222
0 156
0 162
0 157
0 158
0 149
0 172
0 50
0 160
0 155
0 164
0 156
0 152
0 155
0 155
0 156
0 169
0 155
0 159
0 155
0 161
0 161
0 171
0 155
0 156
0 156
0 194
0 164
0 157
0 165
0 194
0 155
0 158
0 199
0 151
0 49
0 157
0 155
0 159
0 154
0 217
0 181
0 165
0 155
0 157
0 155
0 140
0 185
0 159
0 72
0 158
0 96
0 186
0 155
0 155
0 156
0 155
0 243
0 163
0 159
0 159
0 160
0 158
0 118
0 163
0 155
0 223
0 155
0 189
0 158
0 228
0 189
0 157
0 160
0 155
0 163
0 186
0 135
0 99
0 155
0 168
0 225
0 156
0 160
0 156
0 183
0 206
0 187
0 167
0 182
0 157
0 157
0 155
0 173
0 158
0 82
0 155
0 155
0 158
0 156
0 150
0 156
0 322
0 239
0 187
0 159
0 163
0 168
0 158
0 161
0 170
0 193
0 181
0 166
0 159
0 199
0 185
0 160
0 159
0 89
0 156
0 155
0 155
0 156
0 166
0 172
0 156
0 157
0 163
0 197
0 155
0 155
0 156
0 161
0 162
0 123
0 174
0 96
0 165
0 157
0 167
0 170
0 155
0 155
0 158
0 176
0 156
0 218
0 137
0 197
0 155
0 155
0 155
0 217
0 180
0 157
0 154
0 171
0 171
0 179
0 156
0 155
0 157
0 158
0 155
0 164
0 154
0 75
0 230
0 154
0 168
0 108
0 196
0 154
0 156
0 158
0 155
0 135
0 155
0 155
0 155
0 156
0 156
0 155
0 173
0 238
0 232
0 198
0 217
0 245
0 232
0 171
0 158
0 144
0 186
0 155
0 155
0 154
0 154
0 156
0 84
0 157
0 160
0 169
0 155
0 160
0 162
0 170
0 150
0 156
0 140
0 156
0 202
0 155
0 278
0 245
0 155
0 201
0 154
0 155
0 209
0 157
0 160
0 144
0 158
0 155
0 155
0 159
0 233
0 155
0 155
0 171
0 156
0 157
0 82
0 153
0 159
0 156
0 155
0 157
0 159
0 144
0 154
0 155
0 154
0 155
0 228
0 207
0 172
0 285
0 197
0 154
0 173
0 155
0 232
0 177
0 154
0 171
0 155
0 156
0 171
0 162
0 163
0 161
0 155
0 155
0 157
0 177
0 173
0 178
0 155
0 155
0 155
0 248
0 131
0 157
0 157
0 181
0 161
0 158
0 212
0 188
0 230
0 161
0 186
0 157
0 158
0 156
0 183
0 159
0 163
0 124
0 168
0 156
0 159
0 175
0 165
0 168
0 159
0 157
0 224
0 192
0 159
0 169
0 163
0 76
0 158
0 156
0 156
0 161
0 183
0 158
0 188
0 159
0 156
0 154
0 155
0 156
0 206
0 168
0 163
0 188
0 155
0 163
0 152
0 155
0 215
0 157
0 163
0 157
0 155
0 155
0 161
0 155
0 156
0 200
0 229
0 159
0 171
0 159
0 196
0 174
0 163
0 157
0 197
0 186
0 189
0 164
0 165
0 162
0 161
0 158
0 184
0 163
0 79
0 163
0 156
0 190
0 160
0 116
0 156
0 156
0 156
0 155
0 156
0 156
0 237
0 161
0 161
0 165
0 535
0 159
0 163
0 160
0 155
0 161
0 103
0 156
0 154
0 156
0 159
0 155
0 157
0 156
0 155
0 155
0 162
0 151
0 199
0 159
0 110
0 154
0 105
0 178
0 163
0 157
0 154
0 123
0 181
0 175
0 158
0 155
0 156
0 160
0 123
0 160
0 124
0 156
0 228
0 162
0 168
0 158
0 155
0 155
0 160
0 155
0 157
0 72
0 156
0 176
0 118
0 83
0 155
0 172
0 155
0 124
0 82
0 156
0 169
0 159
0 156
0 228
0 171
0 177
0 171
0 168
0 172
0 158
0 105
0 154
0 229
0 159
0 81
0 158
0 155
0 156
0 159
0 78
0 180
0 207
0 161
0 182
0 158
0 202
0 181
0 186
0 159
0 174
0 158
0 160
0 155
0 158
0 163
0 165
0 165
0 161
0 154
0 156
0 189
0 237
0 206
0 158
0 211
0 120
0 162
0 155
0 201
0 184
0 163
0 193
0 157
0 158
0 157
0 132
0 155
0 156
0 71
0 158
0 200
0 163
0 155
0 156
0 160
0 173
0 174
0 155
0 186
0 159
0 166
0 227
0 217
0 150
0 155
0 156
0 160
0 162
0 154
0 253
0 230
0 158
0 156
0 160
0 115
0 250
0 174
0 162
0 159
0 157
0 155
0 158
0 156
0 186
0 155
0 156
0 132
0 155
0 157
0 163
0 155
0 186
0 154
0 155
0 184
0 147
0 256
0 184
0 221
0 208
0 83
0 158
0 156
0 158
0 96
0 158
0 155
0 147
0 158
0 154
0 155
0 155
0 156
0 169
0 178
0 154
0 158
0 158
0 161
0 155
0 179
0 158
0 163
0 84
0 156
0 167
0 155
0 159
0 110
0 106
0 155
0 160
0 159
0 155
0 158
0 164
0 171
0 214
0 259
0 186
0 181
0 201
0 217
0 210
0 176
0 244
0 170
0 214
0 190
0 183
0 220
0 235
0 186
0 216
0 214
0 156
0 153
0 130
0 155
0 152
0 179
0 153
0 141
0 152
0 157
0 152
0 158
0 126
0 151
0 152
0 151
0 149
0 166
0 98
0 149
0 131
0 148
0 150
0 151
0 155
0 84
0 146
0 148
0 153
0 197
0 148
0 151
0 149
0 170
0 150
0 155
0 142
0 150
0 152
0 151
0 149
0 149
0 149
0 191
0 154
0 91
0 149
0 174
0 166
0 149
0 150
0 148
0 149
0 144
0 148
0 159
0 153
0 208
0 154
0 149
0 159
0 148
0 292
0 162
0 152
0 162
0 151
0 161
0 158
0 156
0 151
0 164
0 113
0 150
0 152
0 158
0 150
0 167
0 156
0 108
0 153
0 171
0 157
0 150
0 154
0 151
0 152
0 159
0 150
0 153
0 150
0 154
0 104
0 154
0 150
0 153
0 154
0 153
0 165
0 150
0 152
0 152
0 111
0 100
0 156
0 207
0 158
0 152
0 154
0 153
0 152
0 152
0 161
0 151
0 151
0 153
0 156
0 177
0 154
0 147
0 193
0 175
0 150
0 157
0 257
0 156
0 164
0 151
0 218
0 150
0 153
0 150
0 205
0 151
0 153
0 151
0 152
0 152
0 154
0 164
0 224
0 140
0 171
0 214
0 144
0 152
0 152
0 150
0 200
0 68
0 155
0 154
0 152
0 151
0 199
0 231
0 158
0 160
0 223
0 150
0 150
0 152
0 153
0 240
0 155
0 154
0 218
0 154
0 120
0 151
0 235
0 153
0 177
0 153
0 156
0 156
0 161
0 212
0 151
0 151
0 155
0 149
0 151
0 162
0 153
0 159
0 153
0 156
0 163
0 170
0 183
0 152
0 152
0 208
0 152
0 164
0 152
0 165
0 152
0 154
0 156
0 169
0 174
0 156
0 158
0 140
0 73
0 154
0 159
0 168
0 180
0 154
0 156
0 161
0 191
0 156
0 154
0 201
0 140
0 181
0 152
0 152
0 149
0 152
0 150
0 225
0 151
0 152
0 153
0 156
0 144
0 186
0 147
0 144
0 145
0 160
0 144
0 144
0 196
0 159
0 144
0 192
0 144
0 150
0 146
0 162
0 167
0 149
0 123
0 144
0 152
0 164
0 156
0 151
0 150
0 152
0 151
0 165
0 152
0 182
0 121
0 147
0 152
0 135
0 157
0 152
0 145
0 144
0 144
0 144
0 144
0 144
0 144
0 162
0 230
0 145
0 145
0 145
0 149
0 120
0 49
0 145
0 147
0 145
0 145
0 145
0 133
0 161
0 152
0 166
0 157
0 142
0 151
0 150
0 225
0 156
0 153
0 151
0 149
0 157
0 150
0 222
0 158
0 160
0 150
0 163
0 150
0 167
0 123
0 145
0 164
0 205
0 157
0 210
0 152
0 155
0 150
0 152
0 155
0 158
0 211
0 153
0 133
0 150
0 151
0 152
0 204
0 78
0 150
0 150
0 153
0 150
0 150
0 166
0 184
0 152
0 153
0 159
0 150
0 156
0 151
0 105
0 150
0 156
0 150
0 150
0 150
0 227
0 152
0 194
0 153
0 153
0 149
0 179
0 76
0 153
0 153
0 154
0 150
0 172
0 157
0 198
0 164
0 203
0 158
0 153
0 158
0 194
0 193
0 154
0 153
0 154
0 150
0 150
0 151
0 150
0 172
0 150
0 202
0 173
0 159
0 92
0 197
0 158
0 202
0 155
0 155
0 158
0 158
0 136
0 159
0 119
0 167
0 192
0 149
0 150
0 151
0 159
0 118
0 150
0 159
0 150
0 153
0 155
0 152
0 151
0 233
0 154
0 117
0 112
0 143
0 144
0 167
0 144
0 144
0 144
0 144
0 145
0 210
0 208
0 146
0 144
0 160
0 144
0 145
0 148
0 144
0 145
0 144
0 160
0 223
0 156
0 153
0 150
0 151
0 152
0 165
0 150
0 153
0 150
0 153
0 178
0 172
0 147
0 151
0 153
0 150
0 152
0 155
0 141
0 156
0 153
0 149
0 151
0 198
0 155
0 130
0 149
0 150
0 155
0 109
0 152
0 151
0 151
0 199
0 78
0 155
0 159
0 150
0 163
0 186
0 225
0 155
0 152
0 150
0 153
0 222
0 154
0 150
0 150
0 189
0 157
0 103
0 155
0 105
0 152
0 155
0 87
0 154
0 150
0 150
0 168
0 117
0 50
0 152
0 192
0 159
0 151
0 150
0 152
0 223
0 165
0 217
0 150
0 159
0 151
0 165
0 225
0 155
0 150
0 151
0 153
0 154
0 156
0 153
0 153
0 150
0 153
0 159
0 191
0 225
0 152
0 151
0 157
0 151
0 164
0 151
0 151
0 151
0 152
0 150
0 167
0 151
0 154
0 151
0 150
0 152
0 152
0 153
0 164
0 152
0 171
0 111
0 150
0 162
0 150
0 159
0 152
0 152
0 155
0 86
0 155
0 154
0 154
0 87
0 152
0 142
0 168
0 197
0 155
0 155
0 156
0 155
0 157
0 158
0 161
0 215
0 189
0 145
0 144
0 145
0 205
0 144
0 144
0 147
0 184
0 144
0 144
0 205
0 150
0 145
0 150
0 145
0 174
0 144
0 149
0 174
0 231
0 164
0 154
0 150
0 249
0 155
0 77
0 149
0 155
0 154
0 152
0 154
0 157
0 110
0 247
0 222
0 157
0 168
0 150
0 150
0 150
0 190
0 150
0 182
0 174
0 150
0 166
0 150
0 161
0 151
0 154
0 151
0 150
0 152
0 201
0 152
0 150
0 154
0 150
0 151
0 154
0 155
0 143
0 154
0 110
0 150
0 153
0 152
0 152
0 212
0 151
0 152
0 154
0 134
0 164
0 227
0 156
0 153
0 183
0 153
0 153
0 150
0 152
0 173
0 150
0 158
0 176
0 151
0 150
0 151
0 170
0 149
0 243
0 152
0 164
0 153
0 141
0 154
0 153
0 165
0 152
0 170
0 151
0 150
0 152
0 152
0 152
0 150
0 190
0 150
0 171
0 172
0 150
0 153
0 154
0 157
0 151
0 156
0 151
0 152
0 158
0 106
0 150
0 152
0 157
0 163
0 150
0 153
0 151
0 153
0 154
0 178
0 152
0 165
0 159
0 145
0 145
0 145
0 148
0 145
0 145
0 145
0 152
0 81
0 145
0 97
0 227
0 148
0 202
0 150
0 148
0 159
0 154
0 154
0 74
0 147
0 154
0 80
0 148
0 152
0 154
0 150
0 151
0 151
0 159
0 153
0 150
0 155
0 122
0 176
0 145
0 145
0 145
0 158
0 146
0 146
0 193
0 148
0 145
0 159
0 169
0 145
0 149
0 155
0 144
0 168
0 158
0 146
0 144
0 152
0 154
0 155
0 172
0 153
0 157
0 152
0 154
0 164
0 151
0 151
0 159
0 158
0 162
0 147
0 154
0 155
0 157
0 190
0 155
0 163
0 152
0 165
0 155
0 154
0 156
0 151
0 220
0 151
0 150
0 151
0 151
0 152
0 152
0 163
0 152
0 152
0 210
0 152
0 236
0 173
0 154
0 153
0 158
0 162
0 150
0 151
0 154
0 153
0 155
0 152
0 157
0 175
0 166
0 155
0 151
0 151
0 151
0 150
0 152
0 184
0 157
0 154
0 78
0 150
0 168
0 155
0 156
0 163
0 143
0 156
0 157
0 158
0 156
0 210
0 145
0 145
0 146
0 146
0 145
0 146
0 161
0 145
0 147
0 145
0 145
0 187
0 147
0 144
0 146
0 145
0 155
0 169
0 119
0 152
0 156
0 197
0 158
0 156
0 200
0 147
0 149
0 95
0 142
0 149
0 148
0 86
0 142
0 144
0 144
0 152
0 205
0 123
0 154
0 154
0 157
0 151
0 152
0 153
0 176
0 155
0 155
0 154
0 168
0 152
0 152
0 153
0 152
0 161
0 151
0 153
0 690
0 178
0 159
0 158
0 212
0 192
0 164
0 156
0 169
0 233
0 157
0 162
0 156
0 154
0 257
0 226
0 286
0 293
0 256
0 237
0 153
0 155
0 158
0 154
0 72
0 147
0 151
0 151
0 151
0 151
0 151
0 163
0 151
0 151
0 151
0 150
0 156
0 156
0 153
0 169
0 153
0 154
0 151
0 151
0 151
0 162
0 152
0 151
0 176
0 71
0 148
0 153
0 156
0 153
0 150
0 152
0 153
0 150
0 151
0 199
0 155
0 134
0 151
0 150
0 150
0 151
0 150
0 152
0 197
0 186
0 155
0 152
0 164
0 124
0 152
0 150
0 151
0 160
0 105
0 187
0 157
0 155
0 178
0 151
0 164
0 236
0 179
0 175
0 187
0 175
0 167
0 189
0 177
0 219
0 118
0 157
0 146
0 156
0 206
0 170
0 179
0 154
0 158
0 148
0 152
0 168
0 190
0 152
0 151
0 220
0 203
0 151
0 217
0 169
0 154
0 156
0 178
0 156
0 192
0 156
0 153
0 189
0 152
0 161
0 127
0 154
0 151
0 151
0 151
0 204
0 151
0 151
0 151
0 152
0 151
0 158
0 172
0 180
0 157
0 167
0 165
0 159
0 158
0 166
0 155
0 153
0 151
0 154
0 151
0 174
0 179
0 150
0 150
0 216
0 150
0 154
0 157
0 159
0 158
0 160
0 164
0 108
0 159
0 159
0 124
0 155
0 155
0 167
0 159
0 82
0 160
0 159
0 156
0 158
0 156
0 151
0 150
0 150
0 150
0 150
0 176
0 151
0 151
0 153
0 181
0 150
0 231
0 110
0 155
0 128
0 206
0 152
0 158
0 152
0 153
0 159
0 159
0 181
0 158
0 163
0 159
0 187
0 214
0 165
0 158
0 166
0 158
0 161
0 160
0 160
0 105
0 154
0 153
0 151
0 169
0 159
0 159
0 171
0 160
0 156
0 160
0 156
0 164
0 92
0 158
0 203
0 157
0 155
0 155
0 169
0 159
0 156
0 163
0 156
0 155
0 180
0 172
0 170
0 160
0 159
0 156
0 156
0 166
0 157
0 160
0 165
0 208
0 156
0 157
0 156
0 156
0 211
0 165
0 145
0 156
0 157
0 157
0 179
0 156
0 172
0 83
0 156
0 89
0 153
0 155
0 157
0 155
0 270
0 165
0 165
0 154
0 250
0 112
0 190
0 152
0 151
0 152
0 151
0 195
0 154
0 154
0 154
0 152
0 152
0 152
0 152
0 151
0 180
0 154
0 155
0 125
0 149
0 151
0 220
0 125
0 168
0 181
0 163
0 123
0 150
0 165
0 151
0 151
0 151
0 152
0 165
0 193
0 179
0 151
0 150
0 152
0 151
0 151
0 151
0 152
0 152
0 152
0 152
0 153
0 168
0 161
0 157
0 154
0 180
0 152
0 152
0 154
0 151
0 151
0 151
0 154
0 154
0 138
0 152
0 152
0 151
0 151
0 160
0 175
0 157
0 152
0 211
0 164
0 154
0 157
0 152
0 202
0 196
0 156
0 161
0 155
0 237
0 162
0 155
0 154
0 156
0 153
0 150
0 151
0 201
0 150
0 150
0 151
0 152
0 151
0 151
0 151
0 154
0 155
0 151
0 152
0 152
0 152
0 197
0 151
0 150
0 151
0 154
0 151
0 156
0 150
0 152
0 154
0 188
0 151
0 157
0 151
0 181
0 151
0 152
0 151
0 151
0 150
0 175
0 162
0 151
0 153
0 157
0 161
0 125
0 155
0 163
0 201
0 163
0 152
0 158
0 150
0 197
0 198
0 164
0 151
0 151
0 152
0 151
0 207
0 99
0 155
0 127
0 150
0 237
0 205
0 181
0 179
0 153
0 150
0 152
0 152
0 150
0 154
0 158
0 158
0 158
0 151
0 154
0 151
0 157
0 202
0 151
0 152
0 160
0 152
0 151
0 208
0 151
0 150
0 153
0 153
0 154
0 151
0 184
0 151
0 151
0 152
0 267
0 175
0 125
0 221
0 173
0 168
0 204
0 153
0 153
0 156
0 152
0 155
0 152
0 151
0 153
0 165
0 135
0 151
0 151
0 152
0 153
0 160
0 161
0 151
0 154
0 156
0 157
0 158
0 156
0 159
0 157
0 158
0 161
0 157
0 160
0 155
0 158
0 157
0 192
0 194
0 117
0 147
0 140
0 261
0 201
0 207
0 134
0 192
0 183
0 164
0 161
0 159
0 160
0 164
0 95
0 85
0 170
0 152
0 155
0 160
0 152
0 179
0 156
0 166
0 161
0 107
0 157
0 160
0 156
0 165
0 156
0 261
0 223
0 164
0 162
0 159
0 160
0 163
0 154
0 159
0 177
0 161
0 157
0 126
0 151
0 98
0 154
0 116
0 49
0 148
0 202
0 151
0 153
0 151
0 151
0 175
0 151
0 151
0 157
0 126
0 150
0 156
0 124
0 195
0 174
0 150
0 175
0 151
0 150
0 152
0 157
0 168
0 152
0 151
0 139
0 153
0 158
0 154
0 152
0 163
0 151
0 150
0 155
0 144
0 149
0 175
0 151
0 158
0 157
0 169
0 157
0 157
0 158
0 156
0 164
0 158
0 156
0 178
0 160
0 161
0 159
0 151
0 151
0 151
0 179
0 151
0 157
0 155
0 152
0 84
0 151
0 152
0 154
0 151
0 154
0 159
0 156
0 182
0 160
0 124
0 154
0 161
0 124
0 165
0 157
0 158
0 166
0 156
0 156
0 158
0 156
0 162
0 158
0 73
0 166
0 159
0 231
0 187
0 156
0 208
0 184
0 173
0 180
0 93
0 179
0 151
0 151
0 151
0 156
0 163
0 159
0 164
0 157
0 156
0 156
0 154
0 157
0 155
0 179
0 244
0 195
0 170
0 155
0 157
0 155
0 158
0 93
0 166
0 158
0 180
0 168
0 114
0 149
0 152
0 151
0 153
0 150
0 151
0 152
0 150
0 151
0 153
0 222
0 156
0 151
0 150
0 157
0 97
0 152
0 107
0 151
0 157
0 159
0 152
0 150
0 151
0 151
0 159
0 74
0 151
0 158
0 202
0 169
0 150
0 68
0 181
0 218
0 214
0 160
0 151
0 178
0 150
0 174
0 157
0 154
0 185
0 174
0 173
0 169
0 152
0 151
0 179
0 150
0 154
0 176
0 158
0 199
0 156
0 210
0 164
0 159
0 157
0 156
0 156
0 166
0 167
0 80
0 155
0 159
0 209
0 224
0 184
0 156
0 156
0 156
0 156
0 156
0 221
0 159
0 99
0 155
0 156
0 155
0 172
0 160
0 156
0 205
0 173
0 156
0 157
0 160
0 166
0 156
0 165
0 93
0 156
0 158
0 197
0 103
0 155
0 156
0 161
0 157
0 157
0 156
0 201
0 161
0 157
0 204
0 163
0 173
0 156
0 158
0 158
0 156
0 157
0 173
0 155
0 111
0 150
0 154
0 184
0 159
0 157
0 150
0 157
0 157
0 160
0 157
0 157
0 156
0 156
0 156
0 157
0 159
0 157
0 158
0 208
0 159
0 156
0 156
0 156
0 156
0 158
0 184
0 157
0 156
0 157
0 158
0 108
0 155
0 156
0 157
0 159
0 91
0 154
0 203
0 160
0 160
0 186
0 164
0 156
0 156
0 160
0 125
0 157
0 158
0 156
0 157
0 76
0 176
0 176
0 163
0 310
0 206
0 159
0 107
0 155
0 166
0 165
0 156
0 158
0 160
0 151
0 163
0 151
0 153
0 150
0 152
0 160
0 151
0 151
0 151
0 161
0 124
0 174
0 156
0 165
0 179
0 166
0 157
0 159
0 158
0 160
0 158
0 111
0 48
0 154
0 158
0 174
0 157
0 202
0 169
0 206
0 181
0 145
0 158
0 159
0 159
0 183
0 159
0 189
0 186
0 145
0 158
0 158
0 156
0 158
0 159
0 158
0 162
0 157
0 170
0 158
0 163
0 154
0 152
0 152
0 195
0 152
0 152
0 205
0 105
0 151
0 151
0 155
0 95
0 198
0 159
0 122
0 99
0 155
0 183
0 158
0 157
0 164
0 106
0 157
0 168
0 157
0 151
0 153
0 92
0 150
0 151
0 174
0 115
0 157
0 157
0 181
0 161
0 120
0 158
0 160
0 157
0 163
0 156
0 186
0 201
0 161
0 210
0 192
0 108
0 158
0 107
0 155
0 162
0 205
0 158
0 156
0 170
0 157
0 155
0 184
0 156
0 157
0 158
0 156
0 161
0 121
0 155
0 239
0 166
0 179
0 162
0 170
0 170
0 169
0 169
0 169
0 181
0 170
0 169
0 187
0 158
0 173
0 157
0 158
0 160
0 158
0 169
0 196
0 156
0 188
0 156
0 157
0 151
0 162
0 152
0 202
0 181
0 153
0 152
0 152
0 152
0 152
0 151
0 150
0 178
0 152
0 201
0 158
0 162
0 175
0 155
0 158
0 98
0 154
0 159
0 157
0 204
0 177
0 156
0 159
0 226
0 159
0 152
0 152
0 157
0 157
0 157
0 161
0 172
0 133
0 158
0 150
0 157
0 156
0 156
0 157
0 182
0 157
0 157
0 179
0 158
0 157
0 157
0 159
0 173
0 158
0 156
0 178
0 142
0 211
0 144
0 159
0 121
0 46
0 152
0 169
0 156
0 156
0 163
0 219
0 157
0 158
0 158
0 157
0 156
0 156
0 207
0 220
0 158
0 162
0 170
0 205
0 158
0 156
0 190
0 158
0 202
0 157
0 169
0 197
0 166
0 178
0 158
0 160
0 156
0 155
0 159
0 168
0 156
0 158
0 155
0 158
0 153
0 151
0 155
0 151
0 159
0 159
0 239
0 158
0 156
0 159
0 156
0 237
0 179
0 156
0 158
0 166
0 157
0 156
0 159
0 156
0 169
0 187
0 158
0 175
0 159
0 158
0 160
0 157
0 182
0 173
0 177
0 142
0 185
0 157
0 156
0 162
0 156
0 155
0 155
0 182
0 220
0 159
0 165
0 154
0 170
0 196
0 163
0 77
0 148
0 155
0 124
0 149
0 155
0 124
0 188
0 180
0 187
0 188
0 158
0 158
0 199
0 159
0 186
0 157
0 158
0 186
0 156
0 156
0 157
0 157
0 156
0 159
0 160
0 168
0 198
0 226
0 209
0 79
0 159
0 181
0 181
0 166
0 157
0 175
0 150
0 179
0 181
0 150
0 158
0 101
0 152
0 151
0 152
0 151
0 160
0 122
0 162
0 204
0 159
0 76
0 155
0 183
0 157
0 156
0 178
0 142
0 157
0 157
0 170
0 179
0 161
0 156
0 156
0 150
0 154
0 153
0 157
0 152
0 156
0 156
0 167
0 156
1 -999843
0 162
0 151
0 173
0 154
0 168
0 137
0 161
0 152
0 157
0 155
0 151
0 165
0 187
0 163
0 156
0 156
0 189
0 78
0 177
0 156
0 159
0 156
0 157
0 165
0 159
0 97
0 158
0 159
0 156
0 156
0 157
0 158
0 157
0 158
0 160
0 158
0 161
0 157
0 182
0 161
0 160
0 155
0 156
0 203
0 160
0 126
0 174
0 141
0 157
0 159
0 156
0 157
0 189
0 176
0 152
0 158
0 129
0 150
0 152
0 151
0 152
0 153
0 153
0 151
0 163
0 156
0 186
0 158
0 172
0 160
0 166
0 158
0 89
0 187
0 176
0 156
0 155
0 159
0 156
0 154
0 153
0 155
0 182
0 89
0 153
0 154
0 155
0 155
0 187
0 182
0 204
0 194
0 153
0 154
0 159
0 156
0 149
0 195
0 148
0 151
0 155
0 170
0 201
0 184
0 161
0 162
0 160
0 113
0 154
0 159
0 158
0 160
0 158
0 236
0 160
0 149
0 156
0 167
0 157
0 159
0 132
0 233
0 155
0 159
0 154
0 106
0 156
0 150
0 150
0 151
0 160
0 161
0 156
0 155
0 159
0 150
0 155
0 163
0 154
0 155
0 161
0 124
0 155
0 162
0 155
0 161
0 150
0 150
0 150
0 158
0 157
0 156
0 155
0 159
0 124
0 158
0 155
0 158
0 160
0 156
0 161
0 266
0 201
0 166
0 156
0 158
0 156
0 156
0 160
0 158
0 155
0 160
0 158
0 163
0 160
0 155
0 236
0 217
0 162
0 246
0 156
0 158
0 156
0 156
0 165
0 95
0 155
0 192
0 155
0 155
0 156
0 159
0 159
0 203
0 206
0 160
0 119
0 157
0 161
0 149
0 156
0 155
0 161
0 156
0 156
0 156
0 158
0 168
0 111
0 184
0 158
0 156
0 157
0 155
0 178
0 157
0 155
0 158
0 167
0 156
0 178
0 123
0 156
0 155
0 155
0 168
0 156
0 156
0 178
0 168
0 183
0 158
0 80
0 156
0 162
0 158
0 156
0 175
0 172
0 157
0 157
0 155
0 157
0 165
0 160
0 155
0 164
0 167
0 156
0 157
0 82
0 155
0 158
0 157
0 157
0 162
0 166
0 158
0 158
0 159
0 156
0 163
0 155
0 178
0 157
0 161
0 158
0 85
0 158
0 151
0 154
0 157
0 183
0 156
0 155
0 162
0 156
0 156
0 156
0 155
0 155
0 166
0 167
0 114
0 153
0 248
0 177
0 161
0 159
0 159
0 155
0 159
0 180
0 144
0 155
0 161
0 156
0 156
0 157
0 178
0 158
0 157
0 155
0 156
0 157
0 156
0 168
0 211
0 159
0 158
0 157
0 160
0 124
0 178
0 180
0 197
0 245
0 159
0 123
0 156
0 231
0 156
0 174
0 170
0 183
0 238
0 117
0 152
0 157
0 172
0 155
0 156
0 183
0 156
0 155
0 156
0 157
0 155
0 159
0 141
0 51
0 152
0 222
0 155
0 171
0 158
0 159
0 155
0 177
0 156
0 157
0 155
0 157
0 170
0 160
0 156
0 155
0 183
0 173
0 155
0 155
0 158
0 156
0 156
0 156
0 155
0 201
0 162
0 123
0 154
0 155
0 155
0 158
0 157
0 163
0 120
0 162
0 155
0 156
0 181
0 155
0 184
0 155
0 155
0 158
0 155
0 157
0 161
0 113
0 161
0 110
0 155
0 148
0 204
0 161
0 167
0 157
0 155
0 155
0 162
0 124
0 154
0 247
0 156
0 164
0 164
0 158
0 168
0 158
0 156
0 164
0 166
0 158
0 157
0 159
0 156
0 164
0 208
0 197
0 156
0 155
0 174
0 171
0 155
0 156
0 156
0 157
0 158
0 200
0 155
0 161
0 215
0 205
0 116
0 153
0 211
0 165
0 159
0 157
0 156
0 164
0 158
0 184
0 159
0 156
0 166
0 112
0 156
0 159
0 195
0 186
0 158
0 160
0 117
0 156
0 156
0 202
0 158
0 155
0 172
0 156
0 159
0 157
0 158
0 155
0 157
0 166
0 86
0 154
0 155
0 203
0 293
0 177
0 1607
0 559
0 524
0 179
0 169
0 177
0 158
0 170
0 173
0 165
0 165
0 189
0 156
0 150
0 152
0 162
0 149
0 187
0 197
0 153
0 152
0 150
0 150
0 156
0 88
0 149
0 151
0 152
0 77
0 146
0 203
0 152
0 164
0 150
0 148
0 154
0 149
0 172
0 203
0 150
0 152
0 149
0 158
0 152
0 221
0 149
0 154
0 150
0 156
0 151
0 152
0 157
0 151
0 150
0 151
0 153
0 150
0 158
0 151
0 149
0 152
0 150
0 150
0 151
0 152
0 167
0 97
0 177
0 156
0 162
0 153
0 163
0 150
0 177
0 152
0 150
0 151
0 151
0 152
0 156
0 153
0 152
0 151
0 150
0 154
0 155
0 183
0 138
0 151
0 151
0 151
0 145
0 148
0 191
0 145
0 145
0 145
0 145
0 159
0 145
0 145
0 146
0 152
0 157
0 144
0 146
0 148
0 145
0 150
0 154
0 152
0 154
0 173
0 150
0 155
0 173
0 152
0 160
0 174
0 153
0 151
0 154
0 154
0 158
0 87
0 155
0 154
0 130
0 146
0 154
0 162
0 145
0 169
0 150
0 144
0 144
0 202
0 149
0 147
0 148
0 147
0 159
0 147
0 147
0 146
0 146
0 147
0 148
0 147
0 154
0 146
0 150
0 118
0 144
0 146
0 145
0 151
0 145
0 145
0 152
0 145
0 271
0 156
0 182
0 144
0 147
0 162
0 150
0 152
0 143
0 145
0 144
0 145
0 144
0 144
0 144
0 154
0 153
0 150
0 155
0 150
0 150
0 162
0 199
0 172
0 181
0 150
0 152
0 154
0 151
0 155
0 152
0 150
0 153
0 154
0 72
0 148
0 151
0 153
0 154
0 151
0 175
0 158
0 160
0 156
0 157
0 161
0 104
0 153
0 153
0 158
0 150
0 152
0 150
0 154
0 157
0 152
0 150
0 154
0 152
0 151
0 151
0 155
0 128
0 151
0 150
0 174
0 153
0 150
0 152
0 153
0 154
0 123
0 152
0 151
0 152
0 147
0 155
0 154
0 155
0 154
0 155
0 163
0 109
0 153
0 153
0 153
0 148
0 122
0 142
0 144
0 144
0 108
0 144
0 145
0 143
0 159
0 144
0 144
0 144
0 198
0 143
0 146
0 144
0 143
0 144
0 169
0 158
0 146
0 145
0 151
0 198
0 144
0 167
0 189
0 152
0 151
0 160
0 155
0 149
0 162
0 167
0 150
0 150
0 150
0 151
0 92
0 171
0 153
0 172
0 155
0 153
0 151
0 151
0 154
0 172
0 153
0 150
0 184
0 151
0 151
0 153
0 153
0 151
0 152
0 152
0 203
0 155
0 174
0 154
0 153
0 151
0 150
0 153
0 155
0 150
0 155
0 152
0 151
0 150
0 159
0 142
0 151
0 154
0 129
0 153
0 91
0 148
0 154
0 153
0 151
0 144
0 146
0 146
0 146
0 145
0 146
0 93
0 142
0 160
0 144
0 143
0 144
0 145
0 169
0 186
0 171
0 185
0 236
0 174
0 175
0 165
0 100
0 202
0 175
0 202
0 176
0 173
0 173
0 174
0 174
0 175
0 206
0 152
0 152
0 199
0 174
0 173
0 195
0 224
0 198
0 160
0 146
0 142
0 143
0 150
0 175
0 151
0 150
0 151
0 156
0 150
0 154
0 152
0 166
0 139
0 154
0 82
0 149
0 152
0 193
0 157
0 116
0 149
0 150
0 154
0 150
0 152
0 157
0 111
0 152
0 150
0 150
0 151
0 149
0 150
0 151
0 183
0 153
0 150
0 116
0 151
0 152
0 149
0 152
0 150
0 178
0 163
0 154
0 138
0 80
0 149
0 149
0 150
0 150
0 152
0 79
0 150
0 152
0 152
0 165
0 153
0 149
0 150
0 152
0 152
0 150
0 150
0 150
0 151
0 149
0 163
0 153
0 150
0 151
0 150
0 149
0 194
0 155
0 144
0 155
0 159
0 155
0 156
0 161
0 184
0 154
0 163
0 155
0 180
0 143
0 145
0 144
0 144
0 132
0 148
0 185
0 148
0 152
0 152
0 152
0 156
0 153
0 156
0 100
0 148
0 152
0 156
0 154
0 157
0 174
0 155
0 182
0 158
0 158
0 207
0 146
0 209
0 156
0 155
0 158
0 153
0 166
0 101
0 152
0 153
0 156
0 150
0 151
0 151
0 152
0 153
0 158
0 150
0 152
0 160
0 181
0 150
0 150
0 150
0 152
0 155
0 133
0 149
0 150
0 150
0 149
0 105
0 154
0 151
0 149
0 149
0 153
0 160
0 151
0 154
0 153
0 152
0 166
0 153
0 167
0 156
0 154
0 152
0 154
0 150
0 154
0 164
0 133
0 150
0 150
0 158
0 121
0 149
0 150
0 152
0 76
0 167
0 144
0 144
0 144
0 144
0 146
0 145
0 145
0 144
0 144
0 151
0 145
0 254
0 171
0 153
0 147
0 171
0 152
0 155
0 200
0 157
0 204
0 223
0 180
0 156
0 87
0 149
0 154
0 152
0 153
0 152
0 175
0 151
0 160
0 175
0 153
0 150
0 176
0 153
0 177
0 150
0 155
0 125
0 155
0 150
0 164
0 172
0 150
0 152
0 150
0 154
0 150
0 158
0 153
0 153
0 89
0 150
0 153
0 152
0 152
0 150
0 151
0 145
0 147
0 149
0 145
0 145
0 145
0 145
0 146
0 144
0 145
0 149
0 73
0 140
0 150
0 147
0 146
0 83
0 147
0 145
0 145
0 145
0 145
0 176
0 153
0 163
0 243
0 156
0 156
0 205
0 199
0 117
0 157
0 171
0 72
0 151
0 164
0 144
0 152
0 155
0 154
0 168
0 155
0 189
0 156
0 178
0 157
0 154
0 155
0 153
0 154
0 158
0 138
0 152
0 163
0 132
0 162
0 159
0 154
0 89
0 147
0 175
0 192
0 154
0 149
0 178
0 153
0 173
0 164
0 193
0 153
0 176
0 169
0 139
0 218
0 146
0 146
0 162
0 151
0 164
0 151
0 155
0 151
0 151
0 152
0 153
0 155
0 152
0 154
0 153
0 151
0 152
0 206
0 152
0 151
0 157
0 153
0 154
0 153
0 153
0 151
0 151
0 149
0 186
0 146
0 145
0 147
0 149
0 114
0 144
0 145
0 145
0 145
0 148
0 145
0 209
0 168
0 152
0 149
0 158
0 159
0 131
0 153
0 117
0 150
0 154
0 159
0 155
0 89
0 152
0 147
0 153
0 134
0 151
0 150
0 150
0 150
0 208
0 151
0 203
0 155
0 154
0 161
0 155
0 155
0 159
0 158
0 161
0 155
0 154
0 183
0 157
0 181
0 156
0 155
0 158
0 155
0 154
0 145
0 146
0 146
0 146
0 145
0 152
0 151
0 145
0 147
0 169
0 145
0 145
0 145
0 145
0 145
0 173
0 147
0 159
0 146
0 155
0 217
0 152
0 157
0 155
0 158
0 143
0 124
0 149
0 151
0 151
0 152
0 94
0 146
0 152
0 196
0 7007
0 6747
0 6299
0 5794
0 4975
0 4511
0 3580
0 2822
0 2274
0 1412
0 1332
0 1247
0 509
0 192
0 108
0 256
0 198
0 150
0 155
0 147
0 150
0 151
0 149
0 150
0 152
0 149
0 151
0 151
0 154
0 150
0 193
0 97
0 151
0 150
0 155
0 84
0 171
0 152
0 150
0 154
0 153
0 157
0 181
0 166
0 187
0 118
0 155
0 154
0 186
0 159
0 153
0 224
0 150
0 152
0 152
0 135
0 150
0 168
0 159
0 151
0 150
0 151
0 159
0 77
0 152
0 156
0 182
0 162
0 103
0 156
0 158
0 207
0 210
0 156
0 158
0 150
0 150
0 175
0 173
0 186
0 147
0 149
0 150
0 174
0 155
0 168
0 163
0 151
0 152
0 196
0 227
0 153
0 174
0 156
0 150
0 155
0 159
0 160
0 157
0 153
0 153
0 172
0 91
0 141
0 144
0 145
0 146
0 144
0 218
0 130
0 143
0 144
0 143
0 145
0 144
0 198
0 145
0 144
0 145
0 144
0 146
0 148
0 121
0 154
0 277
0 153
0 161
0 133
0 152
0 151
0 154
0 145
0 149
0 149
0 151
0 163
0 152
0 152
0 165
0 199
0 166
0 151
0 161
0 151
0 174
0 144
0 143
0 144
0 145
0 168
0 144
0 144
0 150
0 144
0 144
0 144
0 145
0 229
0 235
0 168
0 152
0 147
0 156
0 184
0 153
0 192
0 177
0 178
0 161
0 152
0 154
0 154
0 155
0 178
0 153
0 159
0 152
0 153
0 156
0 173
0 152
0 164
0 155
0 153
0 154
0 154
0 184
0 152
0 152
0 159
0 153
0 154
0 157
0 174
0 154
0 178
0 155
0 116
0 112
0 104
0 112
0 114
0 160
0 134
0 170
0 153
0 151
0 166
0 152
0 150
0 151
0 151
0 150
0 150
0 152
0 200
0 72
0 185
0 149
0 205
0 152
0 149
0 149
0 153
0 157
0 105
0 77
0 162
0 146
0 152
0 154
0 169
0 130
0 88
0 150
0 161
0 150
0 151
0 152
0 156
0 152
0 157
0 173
0 154
0 131
0 150
0 150
0 166
0 153
0 152
0 150
0 180
0 150
0 154
0 152
0 149
0 151
0 149
0 175
0 153
0 118
0 149
0 152
0 82
0 150
0 81
0 148
0 161
0 153
0 152
0 152
0 151
0 152
0 252
0 149
0 180
0 175
0 158
0 150
0 150
0 153
0 150
0 149
0 152
0 150
0 150
0 150
0 153
0 159
0 150
0 157
0 153
0 152
0 154
0 152
0 153
0 145
0 149
0 88
0 147
0 189
0 190
0 148
0 151
0 159
0 154
0 145
0 159
0 188
0 144
0 144
0 150
0 145
0 144
0 144
0 150
0 154
0 156
0 157
0 158
0 155
0 155
0 169
0 150
0 156
0 109
0 153
0 152
0 152
0 150
0 151
0 149
0 145
0 145
0 143
0 148
0 121
0 143
0 154
0 234
0 144
0 143
0 154
0 178
0 155
0 166
0 154
0 154
0 169
0 150
0 149
0 153
0 150
0 153
0 150
0 159
0 150
0 152
0 155
0 210
0 108
0 149
0 151
0 149
0 153
0 151
0 151
0 150
0 152
0 149
0 151
0 149
0 158
0 150
0 152
0 217
0 150
0 149
0 156
0 122
0 176
0 153
0 152
0 150
0 174
0 151
0 150
0 153
0 156
0 150
0 154
0 111
0 162
0 151
0 149
0 169
0 156
0 151
0 152
0 161
0 112
0 158
0 121
0 151
0 151
0 152
0 175
0 158
0 145
0 144
0 147
0 77
0 141
0 144
0 240
0 147
0 146
0 148
0 147
0 147
0 147
0 148
0 149
0 149
0 147
0 147
0 147
0 172
0 156
0 153
0 152
0 171
0 151
0 155
0 155
0 153
0 152
0 153
0 155
0 152
0 152
0 173
0 219
0 163
0 155
0 152
0 150
0 151
0 151
0 152
0 150
0 153
0 154
0 153
0 168
0 150
0 152
0 162
0 160
0 152
0 150
0 150
0 145
0 159
0 145
0 149
0 145
0 145
0 144
0 211
0 147
0 156
0 158
0 150
0 126
0 145
0 145
0 157
0 145
0 144
0 144
0 198
0 144
0 146
0 146
0 144
0 145
0 149
0 144
0 176
0 145
0 147
0 161
0 169
0 144
0 166
0 150
0 161
0 155
0 153
0 162
0 156
0 153
0 153
0 104
0 154
0 157
0 148
0 150
0 152
0 152
0 152
0 164
0 168
0 162
0 156
0 105
0 152
0 162
0 157
0 136
0 154
0 194
0 182
0 157
0 156
0 154
0 157
0 155
0 228
0 157
0 158
0 163
0 89
0 149
0 150
0 166
0 88
0 74
0 152
0 152
0 151
0 154
0 125
0 148
0 206
0 150
0 152
0 149
0 105
0 149
0 227
0 160
0 157
0 171
0 156
0 155
0 159
0 217
0 159
0 156
0 155
0 153
0 154
0 165
0 155
0 152
0 152
0 151
0 153
0 151
0 154
0 154
0 156
0 173
0 156
0 93
0 197
0 153
0 150
0 168
0 153
0 151
0 157
0 159
0 125
0 183
0 164
0 79
0 158
0 160
0 181
0 209
0 241
0 153
0 154
0 224
0 176
0 154
0 117
0 150
0 152
0 166
0 150
0 154
0 154
0 184
0 155
0 155
0 161
0 154
0 154
0 159
0 150
0 157
0 151
0 152
0 221
0 112
0 153
0 156
0 153
0 159
0 208
0 153
0 152
0 157
0 160
0 154
0 155
0 153
0 153
0 153
0 172
0 154
0 183
0 153
0 153
0 152
0 154
0 152
0 204
0 163
0 154
0 151
0 157
0 153
0 177
0 152
0 152
0 172
0 150
0 153
0 153
0 151
0 151
0 152
0 154
0 156
0 115
0 150
0 147
0 145
0 145
0 117
0 144
0 147
0 145
0 158
0 113
0 143
0 154
0 186
0 154
0 154
0 167
0 156
0 154
0 156
0 155
0 152
0 154
0 153
0 150
0 156
0 150
0 176
0 173
0 150
0 153
0 151
0 152
0 152
0 152
0 150
0 151
0 151
0 152
0 80
0 156
0 151
0 151
0 150
0 198
0 172
0 150
0 153
0 175
0 164
0 152
0 157
0 158
0 117
0 158
0 123
0 154
0 156
0 158
0 156
0 158
0 156
0 166
0 158
0 150
0 150
0 150
0 162
0 150
0 152
0 166
0 161
0 159
0 158
0 161
0 159
0 180
0 205
0 558
0 159
0 176
0 154
0 175
0 153
0 157
0 120
0 151
0 157
0 114
0 190
0 188
0 150
0 158
0 170
0 196
0 213
0 193
0 219
0 158
0 116
0 248
0 176
0 165
0 158
0 158
0 156
0 155
0 158
0 185
0 157
0 152
0 158
0 155
0 263
0 153
0 165
0 155
0 150
0 151
0 174
0 152
0 151
0 155
0 151
0 160
0 150
0 151
0 171
0 151
0 159
0 150
0 151
0 150
0 150
0 156
0 145
0 147
0 145
0 161
0 146
0 148
0 122
0 155
0 112
0 143
0 144
0 145
0 187
0 87
0 197
0 172
0 197
0 77
0 151
0 159
0 144
0 144
0 144
0 154
0 150
0 149
0 153
0 175
0 150
0 153
0 152
0 157
0 150
0 149
0 150
0 173
0 150
0 150
0 149
0 150
0 151
0 152
0 150
0 154
0 153
0 156
0 152
0 164
0 139
0 151
0 153
0 150
0 155
0 152
0 151
0 150
0 157
0 164
0 157
0 123
0 153
0 150
0 149
0 154
0 154
0 166
0 156
0 155
0 153
0 175
0 152
0 157
0 152
0 152
0 152
0 200
0 154
0 152
0 153
0 153
0 151
0 154
0 153
0 154
0 153
0 157
0 155
0 155
0 214
0 215
0 154
0 158
0 152
0 154
0 160
0 154
0 169
0 102
0 156
0 161
0 152
0 150
0 150
0 152
0 156
0 159
0 152
0 155
0 156
0 103
0 151
0 152
0 167
0 92
0 50
0 150
0 158
0 176
0 151
0 73
0 160
0 151
0 152
0 152
0 158
0 119
0 153
0 153
0 151
0 160
0 156
0 141
0 150
0 152
0 153
0 161
0 152
0 144
0 144
0 145
0 144
0 163
0 144
0 166
0 144
0 144
0 145
0 144
0 203
0 163
0 144
0 268
0 167
0 145
0 145
0 156
0 153
0 156
0 198
0 142
0 152
0 153
0 92
0 156
0 148
0 150
0 151
0 159
0 152
0 153
0 151
0 154
0 178
0 196
0 157
0 143
0 205
0 149
0 144
0 144
0 147
0 144
0 146
0 144
0 143
0 168
0 145
0 144
0 144
0 168
0 144
0 144
0 145
0 152
0 144
0 144
0 144
0 154
0 171
0 151
0 149
0 149
0 149
0 150
0 153
0 161
0 176
0 148
0 153
0 150
0 156
0 133
0 161
0 153
0 149
0 150
0 156
0 152
0 144
0 148
0 203
0 144
0 191
0 144
0 144
0 145
0 144
0 146
0 144
0 145
0 148
0 148
0 143
0 143
0 104
0 160
0 151
0 149
0 158
0 174
0 153
0 149
0 149
0 152
0 154
0 155
0 77
0 149
0 154
0 153
0 152
0 150
0 180
0 152
0 144
0 179
0 144
0 144
0 144
0 153
0 144
0 147
0 161
0 148
0 145
0 147
0 122
0 143
0 146
0 162
0 92
0 141
0 144
0 156
0 143
0 197
0 152
0 126
0 143
0 145
0 144
0 144
0 166
0 152
0 145
0 152
0 147
0 107
0 145
0 168
0 145
0 144
0 143
0 144
0 151
0 160
0 145
0 194
0 157
0 154
0 154
0 208
0 193
0 153
0 154
0 269
0 157
0 156
0 156
0 153
0 153
0 162
0 155
0 119
0 148
0 154
0 150
0 152
0 153
0 84
0 159
0 158
0 155
0 152
0 150
0 150
0 150
0 152
0 151
0 150
0 152
0 169
0 155
0 153
0 155
0 202
0 149
0 152
0 145
0 150
0 124
0 143
0 145
0 144
0 169
0 145
0 145
0 161
0 144
0 144
0 149
0 145
0 145
0 148
0 122
0 151
0 152
0 154
0 91
0 150
0 157
0 153
0 153
0 156
0 156
0 152
0 163
0 158
0 154
0 254
0 155
0 76
0 268
0 155
0 157
0 152
0 151
0 150
0 153
0 152
0 150
0 177
0 154
0 153
0 152
0 154
0 152
0 153
0 158
0 129
0 77
0 152
0 151
0 165
0 153
0 149
0 154
0 81
0 163
0 153
0 152
0 258
0 153
0 132
0 100
0 154
0 154
0 155
0 180
0 157
0 155
0 212
0 117
0 51
0 151
0 154
0 154
0 157
0 156
0 150
0 151
0 151
0 154
0 166
0 151
0 157
0 158
0 172
0 153
0 157
0 135
0 150
0 150
0 157
0 224
0 198
0 202
0 182
0 155
0 188
0 188
0 174
0 168
0 157
0 155
0 162
0 176
0 155
0 157
0 123
0 155
0 151
0 155
0 174
0 154
0 153
0 174
0 136
0 173
0 153
0 154
0 155
0 202
0 154
0 154
0 169
0 136
0 152
0 162
0 154
0 155
0 154
0 153
0 159
0 175
0 156
0 153
0 175
0 191
0 160
0 159
0 125
0 156
0 155
0 157
0 154
0 155
0 211
0 72
0 159
0 117
0 163
0 156
0 160
0 123
0 162
0 130
0 76
0 164
0 156
0 183
0 155
0 161
0 117
0 149
0 204
0 185
0 150
0 156
0 151
0 156
0 151
0 150
0 157
0 152
0 152
0 151
0 150
0 152
0 155
0 212
0 167
0 153
0 154
0 151
0 151
0 155
0 92
0 156
0 156
0 155
0 153
0 153
0 152
0 156
0 155
0 151
0 161
0 154
0 154
0 173
0 157
0 108
0 152
0 154
0 154
0 145
0 145
0 145
0 145
0 156
0 145
0 147
0 161
0 146
0 160
0 161
0 131
0 164
0 155
0 159
0 144
0 155
0 162
0 145
0 146
0 147
0 149
0 151
0 146
0 144
0 145
0 169
0 145
0 145
0 146
0 145
0 152
0 214
0 146
0 146
0 159
0 149
0 146
0 152
0 154
0 155
0 157
0 177
0 159
0 150
0 155
0 134
0 152
0 152
0 207
0 153
0 157
0 154
0 153
0 152
0 184
0 154
0 154
0 153
0 156
0 153
0 154
0 153
0 153
0 154
0 154
0 169
0 160
0 165
0 175
0 228
0 165
0 265
0 175
0 188
0 185
0 197
0 150
0 320
0 226
0 225
0 168
0 152
0 155
0 143
0 170
0 151
0 153
0 82
0 239
0 220
0 200
0 181
0 151
0 75
0 37
0 172
0 171
0 174
0 240
0 165
0 156
0 156
0 158
0 79
0 167
0 153
0 155
0 115
0 155
0 151
0 161
0 93
0 148
0 203
0 89
0 162
0 164
0 189
0 162
0 162
0 189
0 161
0 189
0 165
0 160
0 162
0 159
0 158
0 172
0 226
0 188
0 163
0 185
0 165
0 234
0 161
0 207
0 159
0 153
0 156
0 124
0 165
0 150
0 153
0 156
0 154
0 162
0 154
0 156
0 154
0 154
0 157
0 155
0 154
0 164
0 109
0 151
0 178
0 161
0 158
0 205
0 152
0 155
0 86
0 150
0 156
0 144
0 145
0 144
0 145
0 175
0 151
0 150
0 166
0 148
0 144
0 169
0 145
0 173
0 144
0 143
0 178
0 158
0 102
0 175
0 152
0 151
0 151
0 151
0 151
0 156
0 151
0 151
0 156
0 180
0 201
0 154
0 162
0 108
0 164
0 221
0 157
0 158
0 162
0 147
0 148
0 154
0 175
0 158
0 150
0 161
0 109
0 48
0 147
0 150
0 199
0 156
0 151
0 157
0 112
0 151
0 181
0 198
0 157
0 130
0 153
0 162
0 154
0 157
0 155
0 158
0 157
0 194
0 126
0 153
0 152
0 153
0 155
0 153
0 174
0 78
0 148
0 151
0 153
0 154
0 164
0 154
0 145
0 160
0 158
0 111
0 151
0 154
0 154
0 154
0 153
0 150
0 154
0 156
0 158
0 156
0 158
0 186
0 154
0 184
0 155
0 180
0 159
0 150
0 154
0 151
0 200
0 205
0 162
0 158
0 154
0 196
0 153
0 162
0 154
0 165
0 155
0 153
0 154
0 167
0 223
0 153
0 153
0 159
0 154
0 157
0 158
0 155
0 157
0 160
0 153
0 153
0 153
0 172
0 159
0 86
0 149
0 195
0 196
0 151
0 151
0 153
0 155
0 157
0 124
0 207
0 153
0 153
0 145
0 145
0 145
0 145
0 145
0 167
0 149
0 97
0 141
0 106
0 156
0 145
0 156
0 145
0 151
0 158
0 154
0 145
0 145
0 147
0 151
0 79
0 142
0 147
0 145
0 145
0 149
0 148
0 80
0 147
0 150
0 150
0 146
0 148
0 148
0 198
0 172
0 152
0 165
0 172
0 150
0 150
0 144
0 146
0 243
0 145
0 144
0 150
0 124
0 146
0 146
0 146
0 146
0 149
0 103
0 152
0 152
0 155
0 154
0 157
0 93
0 153
0 153
0 160
0 132
0 152
0 155
0 159
0 165
0 154
0 154
0 145
0 145
0 145
0 151
0 150
0 156
0 154
0 150
0 152
0 157
0 182
0 161
0 137
0 154
0 155
0 156
0 146
0 215
0 223
0 144
0 164
0 148
0 162
0 125
0 144
0 145
0 145
0 197
0 145
0 145
0 200
0 149
0 145
0 145
0 150
0 116
0 146
0 146
0 153
0 157
0 135
0 156
0 158
0 118
0 151
0 175
0 153
0 253
0 158
0 156
0 204
0 163
0 251
0 231
0 144
0 181
0 175
0 189
0 158
0 154
0 159
0 112
0 185
0 154
0 151
0 159
0 155
0 158
0 153
0 151
0 154
0 152
0 174
0 158
0 154
0 154
0 154
0 148
0 132
0 193
0 180
0 180
0 193
0 174
0 157
0 160
0 183
0 152
0 124
0 144
0 145
0 146
0 147
0 146
0 145
0 165
0 159
0 165
0 159
0 158
0 154
0 167
0 159
0 104
0 156
0 154
0 155
0 157
0 165
0 222
0 153
0 154
0 157
0 155
0 154
0 154
0 153
0 156
0 74
0 150
0 109
0 154
0 155
0 154
0 157
0 108
0 158
0 159
0 120
0 154
0 154
0 155
0 149
0 153
0 149
0 145
0 164
0 148
0 165
0 90
0 143
0 145
0 147
0 148
0 145
0 145
0 148
0 163
0 198
0 148
0 146
0 145
0 155
0 150
0 173
0 153
0 153
0 197
0 200
0 157
0 153
0 154
0 152
0 153
0 155
0 153
0 155
0 154
0 154
0 153
0 155
0 95
0 158
0 154
0 70
0 152
0 153
0 160
0 153
0 155
0 153
0 157
0 163
0 203
0 161
0 157
0 154
0 157
0 161
0 74
0 165
0 175
0 123
0 145
0 222
0 204
0 145
0 162
0 145
0 147
0 77
0 152
0 145
0 207
0 183
0 147
0 144
0 145
0 147
0 146
0 154
0 146
0 145
0 145
0 149
0 210
0 96
0 153
0 154
0 151
0 151
0 153
0 153
0 153
0 156
0 156
0 174
0 158
0 156
0 156
0 155
0 154
0 157
0 149
0 149
0 145
0 145
0 146
0 154
0 145
0 145
0 145
0 150
0 150
0 154
0 145
0 146
0 146
0 146
0 145
0 146
0 201
0 147
0 145
0 145
0 161
0 148
0 172
0 147
0 202
0 163
0 157
0 158
0 217
0 165
0 155
0 159
0 157
0 151
0 155
0 83
0 156
0 135
0 160
0 151
0 159
0 151
0 181
0 152
0 153
0 154
0 153
0 179
0 159
0 157
0 155
0 153
0 180
0 155
0 175
0 154
0 155
0 155
0 176
0 153
0 153
0 157
0 154
0 167
0 155
0 156
0 197
0 157
0 158
0 159
0 117
0 157
0 198
0 200
0 144
0 172
0 197
0 156
0 153
0 154
0 154
0 150
0 154
0 152
0 155
0 88
0 150
0 84
0 157
0 121
0 150
0 175
0 156
0 217
0 188
0 95
0 149
0 150
0 174
0 167
0 153
0 155
0 179
0 156
0 186
0 194
0 204
0 157
0 156
0 157
0 211
0 154
0 125
0 149
0 151
0 197
0 153
0 163
0 170
0 151
0 155
0 112
0 95
0 160
0 184
0 153
0 97
0 150
0 154
0 175
0 154
0 154
0 156
0 203
0 155
0 153
0 251
0 158
0 119
0 152
0 158
0 201
0 150
0 153
0 153
0 154
0 162
0 153
0 161
0 152
0 154
0 153
0 157
0 179
0 153
0 161
0 153
0 195
0 231
0 153
0 155
0 154
0 179
0 173
0 150
0 186
0 153
0 189
0 156
0 155
0 152
0 165
0 163
0 152
0 148
0 153
0 145
0 145
0 151
0 145
0 146
0 145
0 149
0 102
0 148
0 123
0 146
0 152
0 144
0 145
0 145
0 147
0 145
0 157
0 145
0 144
0 149
0 147
0 208
0 152
0 145
0 145
0 144
0 144
0 145
0 144
0 202
0 145
0 146
0 169
0 190
0 154
0 154
0 158
0 158
0 156
0 156
0 156
0 157
0 158
0 202
0 213
0 154
0 158
0 150
0 151
0 194
0 152
0 196
0 149
0 152
0 151
0 153
0 153
0 150
0 151
0 179
0 152
0 155
0 153
0 197
0 186
0 234
0 153
0 154
0 156
0 153
0 153
0 163
0 153
0 152
0 154
0 150
0 151
0 155
0 176
0 155
0 155
0 154
0 162
0 166
0 155
0 158
0 103
0 156
0 156
0 152
0 147
0 145
0 144
0 145
0 150
0 241
0 139
0 146
0 147
0 95
0 143
0 180
0 180
0 160
0 186
0 161
0 155
0 160
0 167
0 157
0 156
0 78
0 180
0 151
0 152
0 150
0 156
0 156
0 155
0 153
0 154
0 167
0 153
0 159
0 200
0 160
0 155
0 160
0 152
0 150
0 156
0 153
0 155
0 153
0 208
0 178
0 153
0 165
0 158
0 129
0 160
0 151
0 154
0 89
0 152
0 156
0 162
0 233
0 158
0 81
0 151
0 178
0 157
0 167
0 162
0 156
0 154
0 154
0 152
0 170
0 151
0 164
0 154
0 154
0 162
0 156
0 154
0 154
0 243
0 154
0 154
0 168
0 154
0 158
0 154
0 170
0 154
0 153
0 154
0 153
0 154
0 155
0 159
0 202
0 151
0 158
0 145
0 146
0 145
0 146
0 151
0 148
0 151
0 152
0 151
0 151
0 150
0 166
0 151
0 170
0 221
0 155
0 195
0 155
0 156
0 156
0 163
0 206
0 156
0 158
0 159
0 157
0 159
0 157
0 155
0 157
0 154
0 155
0 158
0 155
0 148
0 163
0 148
0 152
0 155
0 153
0 154
0 154
0 152
0 152
0 170
0 152
0 152
0 152
0 243
0 164
0 154
0 147
0 156
0 153
0 154
0 155
0 157
0 156
0 160
0 113
0 153
0 164
0 155
0 155
0 154
0 176
0 175
0 154
0 121
0 94
0 151
0 85
0 149
0 144
0 145
0 147
0 159
0 145
0 148
0 167
0 145
0 145
0 144
0 144
0 145
0 145
0 250
0 148
0 144
0 144
0 158
0 145
0 154
0 153
0 153
0 153
0 153
0 154
0 230
0 154
0 153
0 153
0 167
0 153
0 154
0 153
0 149
0 153
0 154
0 155
0 155
0 145
0 150
0 164
0 149
0 151
0 150
0 252
0 153
0 153
0 172
0 155
0 152
0 160
0 148
0 149
0 147
0 155
0 156
0 158
0 159
0 108
0 153
0 154
0 154
0 154
0 153
0 153
0 154
0 150
0 159
0 117
0 153
0 155
0 156
0 162
0 78
0 154
0 145
0 163
0 145
0 146
0 146
0 146
0 145
0 146
0 153
0 168
0 152
0 153
0 146
0 212
0 153
0 161
0 151
0 146
0 145
0 157
0 154
0 154
0 155
0 154
0 154
0 160
0 152
0 154
0 176
0 157
0 156
0 80
0 153
0 156
0 151
0 150
0 151
0 163
0 181
0 149
0 147
0 150
0 148
0 149
0 204
0 148
0 155
0 223
0 149
0 186
0 146
0 146
0 165
0 150
0 107
0 144
0 145
0 155
0 153
0 158
0 153
0 151
0 154
0 152
0 153
0 86
0 156
0 121
0 156
0 188
0 154
0 156
0 198
0 161
0 154
0 154
0 158
0 147
0 146
0 146
0 150
0 155
0 102
0 149
0 151
0 151
0 150
0 161
0 146
0 148
0 148
0 146
0 151
0 151
0 150
0 152
0 152
0 179
0 179
0 157
0 83
0 149
0 152
0 150
0 152
1 -999849
0 158
0 151
0 151
0 180
0 161
0 149
0 188
0 129
0 158
0 151
0 151
0 182
0 150
0 150
0 150
0 150
0 172
0 150
0 150
0 150
0 153
0 177
0 134
0 149
0 174
0 86
0 147
0 152
0 150
0 153
0 160
0 129
0 151
0 150
0 154
0 154
0 155
0 153
0 154
0 153
0 156
0 156
0 156
0 151
0 151
0 163
0 158
0 156
0 154
0 159
0 155
0 83
0 154
0 153
0 164
0 160
0 148
0 150
0 153
0 152
0 232
0 156
0 152
0 155
0 185
0 155
0 149
0 148
0 147
0 148
0 150
0 148
0 163
0 146
0 149
0 154
0 147
0 154
0 168
0 149
0 159
0 147
0 148
0 148
0 147
0 147
0 157
0 159
0 104
0 156
0 200
0 154
0 154
0 155
0 175
0 155
0 155
0 126
0 157
0 135
0 155
0 156
0 153
0 153
0 154
0 156
0 154
0 154
0 210
0 156
0 92
0 170
0 153
0 153
0 155
0 160
0 150
0 152
0 246
0 183
0 184
0 154
0 156
0 156
0 157
0 160
0 156
0 152
0 153
0 153
0 179
0 156
0 160
0 158
0 158
0 127
0 150
0 152
0 182
0 152
0 171
0 169
0 156
0 155
0 154
0 161
0 155
0 154
0 162
0 160
0 143
0 155
0 156
0 153
0 234
0 168
0 154
0 154
0 155
0 155
0 155
0 156
0 152
0 154
0 153
0 154
0 153
0 154
0 159
0 177
0 177
0 153
0 154
0 154
0 152
0 160
0 152
0 151
0 152
0 154
0 165
0 154
0 151
0 179
0 158
0 155
0 155
0 188
0 160
0 159
0 158
0 151
0 144
0 146
0 147
0 162
0 215
0 155
0 147
0 147
0 149
0 198
0 159
0 159
0 158
0 158
0 157
0 159
0 157
0 158
0 154
0 153
0 163
0 173
0 156
0 156
0 152
0 155
0 155
0 158
0 160
0 177
0 158
0 203
0 76
0 151
0 156
0 97
0 157
0 157
0 154
0 161
0 152
0 155
0 155
0 153
0 154
0 83
0 146
0 171
0 149
0 151
0 80
0 175
0 180
0 149
0 149
0 191
0 151
0 159
0 151
0 152
0 153
0 154
0 153
0 154
0 156
0 286
0 165
0 154
0 197
0 152
0 156
0 156
0 152
0 154
0 72
0 148
0 156
0 152
0 155
0 156
0 156
0 157
0 158
0 144
0 203
0 149
0 144
0 145
0 145
0 143
0 144
0 144
0 171
0 177
0 144
0 200
0 155
0 145
0 145
0 166
0 144
0 177
0 153
0 175
0 153
0 182
0 150
0 171
0 153
0 152
0 203
0 153
0 154
0 83
0 149
0 154
0 195
0 123
0 150
0 158
0 109
0 151
0 152
0 158
0 154
0 149
0 150
0 156
0 152
0 152
0 152
0 265
0 153
0 157
0 158
0 178
0 156
0 155
0 189
0 156
0 180
0 153
0 156
0 153
0 157
0 163
0 158
0 204
0 153
0 157
0 155
0 176
0 153
0 153
0 156
0 198
0 155
0 158
0 104
0 176
0 153
0 153
0 159
0 163
0 166
0 156
0 242
0 153
0 155
0 154
0 157
0 156
0 197
0 156
0 245
0 133
0 154
0 157
0 157
0 153
0 160
0 222
0 161
0 176
0 152
0 155
0 153
0 153
0 153
0 158
0 158
0 105
0 152
0 154
0 154
0 156
0 153
0 155
0 154
0 152
0 164
0 154
0 161
0 168
0 177
0 146
0 153
0 152
0 151
0 149
0 76
0 148
0 145
0 146
0 145
0 233
0 146
0 146
0 149
0 155
0 155
0 165
0 153
0 156
0 156
0 154
0 164
0 153
0 153
0 153
0 155
0 156
0 154
0 152
0 151
0 150
0 155
0 124
0 159
0 102
0 152
0 154
0 111
0 51
0 198
0 144
0 168
0 172
0 137
0 160
0 182
0 154
0 176
0 157
0 154
0 157
0 156
0 185
0 153
0 168
0 176
0 152
0 161
0 155
0 125
0 151
0 156
0 154
0 153
0 153
0 150
0 150
0 152
0 154
0 145
0 145
0 146
0 147
0 94
0 146
0 146
0 145
0 180
0 152
0 151
0 151
0 152
0 157
0 149
0 155
0 119
0 149
0 161
0 156
0 150
0 150
0 151
0 98
0 148
0 160
0 151
0 157
0 155
0 156
0 158
0 155
0 163
0 75
0 153
0 126
0 144
0 150
0 179
0 147
0 151
0 145
0 145
0 149
0 146
0 153
0 175
0 157
0 149
0 154
0 123
0 148
0 150
0 150
0 186
0 151
0 145
0 167
0 147
0 145
0 150
0 156
0 150
0 153
0 147
0 204
0 144
0 146
0 146
0 145
0 145
0 175
0 162
0 152
0 150
0 155
0 153
0 151
0 171
0 154
0 158
0 155
0 158
0 128
0 155
0 159
0 186
0 158
0 124
0 144
0 191
0 144
0 145
0 145
0 147
0 145
0 210
0 149
0 167
0 145
0 144
0 190
0 173
0 178
0 144
0 182
0 253
0 151
0 213
0 145
0 145
0 146
0 146
0 149
0 123
0 149
0 157
0 186
0 157
0 158
0 84
0 152
0 157
0 155
0 160
0 159
0 141
0 101
0 151
0 151
0 153
0 151
0 150
0 150
0 150
0 147
0 152
0 168
0 146
0 145
0 145
0 145
0 144
0 157
0 145
0 166
0 147
0 147
0 145
0 144
0 146
0 155
0 152
0 151
0 153
0 152
0 154
0 153
0 157
0 160
0 153
0 155
0 154
0 173
0 152
0 161
0 150
0 150
0 239
0 159
0 118
0 148
0 151
0 151
0 150
0 228
0 177
0 153
0 179
0 152
0 151
0 152
0 155
0 124
0 157
0 149
0 151
0 149
0 151
0 190
0 152
0 178
0 151
0 158
0 151
0 150
0 150
0 150
0 150
0 150
0 150
0 153
0 163
0 106
0 177
0 150
0 182
0 92
0 169
0 157
0 156
0 129
0 80
0 157
0 156
0 175
0 156
0 158
0 154
0 156
0 203
0 151
0 157
0 161
0 109
0 159
0 158
0 157
0 150
0 153
0 158
0 152
0 155
0 202
0 157
0 146
0 152
0 175
0 152
0 154
0 167
0 155
0 154
0 153
0 154
0 175
0 156
0 155
0 155
0 154
0 165
0 85
0 152
0 154
0 150
0 153
0 154
0 153
0 150
0 150
0 155
0 150
0 149
0 150
0 154
0 124
0 150
0 147
0 144
0 144
0 145
0 145
0 144
0 148
0 119
0 87
0 151
0 163
0 164
0 149
0 145
0 148
0 152
0 166
0 82
0 200
0 156
0 154
0 121
0 81
0 148
0 150
0 152
0 147
0 92
0 142
0 151
0 154
0 151
0 150
0 151
0 154
0 104
0 149
0 153
0 93
0 147
0 149
0 145
0 153
0 149
0 150
0 151
0 144
0 150
0 175
0 158
0 150
0 145
0 195
0 146
0 145
0 149
0 151
0 151
0 177
0 150
0 150
0 157
0 152
0 154
0 123
0 149
0 158
0 154
0 152
0 155
0 189
0 154
0 161
0 151
0 181
0 153
0 150
0 145
0 150
0 202
0 173
0 178
0 202
0 170
0 186
0 181
0 151
0 178
0 188
0 166
0 106
0 175
0 176
0 175
0 177
0 174
0 176
0 233
0 207
0 164
0 175
0 184
0 172
0 152
0 176
0 158
0 158
0 162
0 162
0 153
0 157
0 159
0 154
0 155
0 222
0 156
0 193
0 154
0 156
0 156
0 156
0 161
0 196
0 166
0 164
0 105
0 155
0 164
0 247
0 159
0 164
0 164
0 156
0 157
0 162
0 153
0 156
0 85
0 170
0 152
0 154
0 175
0 184
0 169
0 160
0 165
0 180
0 132
0 154
0 159
0 153
0 171
0 125
0 156
0 136
0 164
0 150
0 157
0 82
0 152
0 158
0 153
0 170
0 125
0 160
0 154
0 155
0 153
0 154
0 157
0 168
0 150
0 150
0 163
0 156
0 153
0 221
0 229
0 166
0 195
0 225
0 177
0 151
0 171
0 155
0 124
0 157
0 178
0 119
0 155
0 158
0 205
0 160
0 158
0 161
0 207
0 149
0 156
0 186
0 151
0 165
0 152
0 229
0 214
0 155
0 90
0 152
0 236
0 152
0 160
0 162
0 160
0 154
0 143
0 167
0 189
0 93
0 157
0 213
0 102
0 150
0 155
0 156
0 153
0 176
0 151
0 150
0 151
0 153
0 166
0 154
0 161
0 154
0 153
0 156
0 148
0 54
0 176
0 168
0 150
0 235
0 189
0 166
0 168
0 149
0 150
0 199
0 145
0 144
0 145
0 146
0 153
0 148
0 145
0 183
0 156
0 156
0 150
0 227
0 198
0 198
0 152
0 179
0 170
0 154
0 175
0 207
0 162
0 191
0 151
0 142
0 113
0 163
0 160
0 132
0 142
0 151
0 150
0 150
0 173
0 164
0 225
0 156
0 178
0 177
0 198
0 155
0 155
0 154
0 162
0 193
0 165
0 180
0 124
0 158
0 160
0 150
0 151
0 154
0 169
0 152
0 155
0 155
0 152
0 153
0 162
0 155
0 155
0 217
0 155
0 154
0 181
0 158
0 117
0 153
0 150
0 107
0 152
0 155
0 150
0 152
0 151
0 151
0 144
0 161
0 157
0 149
0 153
0 209
0 151
0 150
0 179
0 146
0 163
0 144
0 147
0 149
0 151
0 158
0 149
0 150
0 175
0 153
0 174
0 150
0 170
0 199
0 150
0 152
0 163
0 154
0 220
0 172
0 153
0 150
0 208
0 152
0 154
0 110
0 162
0 136
0 150
0 153
0 155
0 169
0 208
0 224
0 222
0 150
0 153
0 153
0 200
0 162
0 155
0 177
0 152
0 165
0 152
0 154
0 198
0 162
0 151
0 168
0 150
0 153
0 152
0 134
0 152
0 154
0 165
0 160
0 158
0 151
0 157
0 151
0 153
0 156
0 150
0 155
0 149
0 153
0 207
0 183
0 178
0 145
0 178
0 157
0 154
0 153
0 171
0 153
0 157
0 164
0 129
0 153
0 156
0 151
0 162
0 212
0 150
0 152
0 154
0 174
0 155
0 188
0 154
0 150
0 168
0 153
0 154
0 160
0 167
0 158
0 153
0 151
0 200
0 151
0 187
0 150
0 150
0 154
0 123
0 154
0 162
0 104
0 153
0 155
0 168
0 150
0 174
0 81
0 154
0 154
0 284
0 159
0 216
0 163
0 228
0 185
0 179
0 166
0 165
0 166
0 173
0 167
0 173
0 155
0 159
0 156
0 157
0 155
0 138
0 168
0 161
0 149
0 181
0 137
0 168
0 151
0 152
0 69
0 48
0 156
0 133
0 151
0 161
0 172
0 152
0 222
0 157
0 151
0 150
0 156
0 221
0 117
0 146
0 178
0 165
0 151
0 152
0 158
0 156
0 153
0 163
0 159
0 153
0 164
0 149
0 163
0 151
0 153
0 148
0 174
0 171
0 151
0 169
0 161
0 130
0 153
0 158
0 155
0 134
0 149
0 157
0 147
0 220
0 151
0 150
0 155
0 111
0 149
0 151
0 176
0 148
0 148
0 165
0 199
0 179
0 152
0 155
0 97
0 153
0 153
0 169
0 87
0 150
0 172
0 154
0 153
0 175
0 157
0 146
0 49
0 182
0 147
0 155
0 152
0 152
0 155
0 213
0 164
0 160
0 140
0 159
0 159
0 151
0 148
0 150
0 199
0 151
0 164
0 185
0 152
0 151
0 182
0 156
0 120
0 222
0 151
0 162
0 151
0 162
0 152
0 148
0 172
0 149
0 148
0 154
0 152
0 205
0 155
0 153
0 155
0 153
0 150
0 153
0 122
0 149
0 149
0 150
0 80
0 160
0 151
0 155
0 149
0 190
0 155
0 165
0 217
0 152
0 173
0 156
0 206
0 191
0 154
0 155
0 153
0 153
0 142
0 157
0 147
0 152
0 154
0 154
0 150
0 93
0 149
0 150
0 150
0 156
0 138
0 164
0 153
0 152
0 153
0 159
0 153
0 220
0 126
0 167
0 212
0 157
0 153
0 186
0 154
0 152
0 175
0 187
0 152
0 151
0 153
0 157
0 161
0 169
0 210
0 152
0 152
0 153
0 153
0 159
0 177
0 166
0 155
0 152
0 160
0 142
0 166
0 153
0 157
0 127
0 153
0 209
0 150
0 145
0 148
0 145
0 164
0 151
0 150
0 153
0 162
0 150
0 150
0 146
0 149
0 123
0 147
0 145
0 145
0 154
0 154
0 159
0 160
0 121
0 168
0 167
0 227
0 157
0 123
0 180
0 174
0 180
0 153
0 154
0 73
0 154
0 190
0 154
0 150
0 153
0 77
0 154
0 168
0 150
0 150
0 166
0 139
0 155
0 210
0 122
0 166
0 145
0 99
0 152
0 154
0 166
0 150
0 154
0 158
0 153
0 252
0 106
0 151
0 156
0 175
0 164
0 166
0 167
0 149
0 154
0 155
0 156
0 196
0 72
0 154
0 158
0 155
0 163
0 183
0 178
0 156
0 159
0 155
0 157
0 156
0 155
0 201
0 180
0 154
0 198
0 193
0 167
0 146
0 146
0 146
0 150
0 153
0 160
0 118
0 179
0 224
0 156
0 154
0 173
0 126
0 148
0 105
0 150
0 166
0 156
0 208
0 157
0 146
0 166
0 171
0 155
0 166
0 151
0 154
0 196
0 198
0 222
0 186
0 189
0 154
0 154
0 156
0 84
0 157
0 153
0 156
0 167
0 181
0 150
0 155
0 155
0 157
0 159
0 192
0 152
0 156
0 109
0 155
0 168
0 153
0 157
0 155
0 184
0 107
0 185
0 152
0 79
0 153
0 156
0 154
0 168
0 210
0 157
0 151
0 151
0 155
0 157
0 176
0 194
0 124
0 152
0 152
0 155
0 152
0 157
0 152
0 157
0 116
0 156
0 125
0 163
0 151
0 151
0 154
0 150
0 152
0 167
0 156
0 152
0 170
0 155
0 152
0 165
0 161
0 105
0 153
0 155
0 153
0 153
0 168
0 156
0 127
0 158
0 126
0 164
0 152
0 155
0 155
0 157
0 161
0 154
0 155
0 155
0 156
0 153
0 152
0 151
0 151
0 153
0 151
0 158
0 108
0 153
0 156
0 153
0 182
0 170
0 152
0 160
0 132
0 155
0 152
0 156
0 151
0 158
0 160
0 157
0 155
0 170
0 181
0 157
0 95
