0 118
0 142
0 251
0 283
0 155
0 190
0 143
0 103
0 134
0 137
0 130
0 165
0 128
0 132
0 170
0 81
0 134
0 169
0 161
0 209
0 133
0 171
0 120
0 124
0 159
0 170
0 130
0 30
0 133
0 147
0 126
0 161
0 173
0 9
0 129
0 167
0 10
0 151
0 193
0 205
0 144
0 146
0 130
0 196
0 131
0 168
0 148
0 189
0 150
0 179
0 177
0 227
0 14
0 237
0 226
0 304
0 10
0 23
0 160
0 203
0 245
0 133
0 133
0 129
0 168
0 179
0 126
0 119
0 187
0 382
0 132
0 339
0 136
0 202
0 133
0 202
0 143
0 182
0 195
0 310
0 139
0 148
0 37
0 206
0 176
0 203
0 140
0 152
0 193
0 187
0 178
0 225
0 234
0 186
0 149
0 196
0 177
0 149
0 139
0 38
0 131
0 206
0 146
0 190
0 211
0 127
0 163
0 175
0 140
0 140
0 179
0 166
0 37
0 63
0 150
0 155
0 236
0 164
0 411
0 140
0 187
0 152
0 194
0 175
0 28
0 60
0 195
0 229
0 140
0 17
0 182
0 156
0 200
0 169
0 217
0 11
0 24
0 167
0 214
0 173
0 223
0 172
0 218
0 199
0 170
0 221
0 163
0 177
0 173
0 131
0 171
0 183
0 124
0 161
0 173
0 134
0 36
0 135
0 135
0 172
0 126
0 162
0 216
0 36
0 107
0 135
0 171
0 137
0 140
0 180
0 137
0 189
0 119
0 125
0 162
0 126
0 163
0 123
0 182
0 135
0 160
0 37
0 142
0 153
0 193
0 149
0 190
0 139
0 131
0 167
0 150
0 132
0 168
0 11
0 265
0 131
0 307
0 137
0 176
0 188
0 198
0 11
0 142
0 182
0 195
0 209
0 151
0 132
0 227
0 135
0 172
0 146
0 190
0 51
0 88
0 150
0 157
0 49
0 193
0 129
0 165
0 15
0 149
0 189
0 206
0 132
0 160
0 39
0 150
0 136
0 222
0 50
0 67
0 145
0 185
0 182
0 152
0 153
0 139
0 178
0 74
0 140
0 174
0 141
0 137
0 137
0 176
0 292
0 343
0 140
0 152
0 193
0 205
0 157
0 140
0 126
0 154
0 142
0 181
0 193
0 160
0 142
0 158
0 362
0 205
0 173
0 170
0 163
0 208
0 229
0 21
0 161
0 161
0 214
0 192
0 165
0 151
0 135
0 176
0 173
0 117
0 151
0 186
0 135
0 138
0 209
0 249
0 161
0 36
0 164
0 204
0 15
0 140
0 181
0 149
0 246
0 136
0 37
0 157
0 34
0 115
0 148
0 129
0 124
0 160
0 172
0 123
0 118
0 149
0 112
0 123
0 159
0 120
0 114
0 146
0 13
0 122
0 116
0 120
0 119
0 120
0 121
0 112
0 144
0 9
0 121
0 133
0 104
0 117
0 113
0 117
0 149
0 124
0 106
0 133
0 108
0 104
0 12
0 103
0 131
0 109
0 101
0 144
0 108
0 105
0 102
0 130
0 118
0 105
0 91
0 118
0 97
0 127
0 136
0 102
0 112
0 11
0 143
0 109
0 103
0 133
0 27
0 156
0 104
0 100
0 128
0 141
0 110
0 104
0 105
0 105
0 103
0 131
0 109
0 115
0 98
0 128
0 10
0 120
0 113
0 106
0 104
0 11
0 118
0 156
0 12
0 124
0 119
0 145
0 128
0 158
0 121
0 115
0 146
0 122
0 156
0 165
0 172
0 122
0 104
0 132
0 91
0 11
0 170
0 145
0 185
0 138
0 137
0 211
0 260
0 272
0 142
0 37
0 141
0 180
0 152
0 162
0 198
0 138
0 140
0 136
0 95
0 128
0 138
0 119
0 15
0 145
0 44
0 182
0 139
0 141
0 143
0 143
0 135
0 122
0 35
0 143
0 119
0 151
0 119
0 173
0 155
0 122
0 141
0 119
0 77
0 124
0 111
0 159
0 128
0 138
0 167
0 151
0 182
0 429
0 113
0 115
0 113
0 143
0 95
0 127
0 165
0 182
0 130
0 120
0 126
0 118
0 119
0 118
0 123
0 103
0 133
0 142
0 133
0 117
0 148
0 126
0 164
0 181
0 119
0 118
0 238
0 269
0 14
0 122
0 123
0 115
0 146
0 120
0 117
0 149
0 173
0 207
0 99
0 128
0 121
0 123
0 117
0 125
0 125
0 129
0 170
0 15
0 121
0 150
0 117
0 116
0 116
0 146
0 115
0 113
0 123
0 119
0 122
0 111
0 142
0 33
0 122
0 30
0 114
0 148
0 119
0 146
0 130
0 168
0 186
0 156
0 170
0 201
0 117
0 149
0 160
0 8
0 16
0 135
0 215
0 118
0 107
0 132
0 164
0 9
0 168
0 135
0 119
0 149
0 119
0 122
0 28
0 42
0 129
0 121
0 117
0 104
0 103
0 105
0 136
0 117
0 141
0 170
0 8
0 135
0 128
0 168
0 135
0 170
0 181
0 127
0 161
0 142
0 123
0 128
0 209
0 134
0 349
0 129
0 165
0 134
0 134
0 111
0 176
0 141
0 120
0 14
0 155
0 116
0 212
0 214
0 116
0 105
0 164
0 203
0 110
0 149
0 193
0 206
0 127
0 287
0 125
0 160
0 171
0 124
0 159
0 170
0 20
0 152
0 140
0 155
0 161
0 167
0 208
0 142
0 182
0 194
0 159
0 49
0 131
0 158
0 167
0 206
0 150
0 151
0 150
0 191
0 147
0 144
0 185
0 130
0 165
0 221
0 131
0 171
0 145
0 186
0 331
0 279
0 334
0 14
0 167
0 214
0 146
0 176
0 225
0 238
0 151
0 158
0 200
0 213
0 155
0 148
0 189
0 142
0 112
0 131
0 169
0 23
0 117
0 267
0 35
0 158
0 291
0 327
0 125
0 161
0 315
0 113
0 147
0 145
0 149
0 196
0 45
0 330
0 168
0 160
0 160
0 134
0 143
0 183
0 146
0 129
0 165
0 231
0 130
0 134
0 161
0 213
0 11
0 134
0 140
0 131
0 132
0 36
0 133
0 148
0 187
0 198
0 145
0 213
0 123
0 163
0 11
0 145
0 128
0 150
0 148
0 146
0 144
0 186
0 198
0 220
0 107
0 140
0 151
0 148
0 190
0 146
0 153
0 147
0 190
0 12
0 170
0 219
0 173
0 177
0 233
0 169
0 218
0 182
0 171
0 54
0 75
0 176
0 166
0 209
0 193
0 147
0 189
0 202
0 168
0 215
0 229
0 239
0 167
0 220
0 235
0 181
0 41
0 163
0 213
0 163
0 168
0 218
0 233
0 142
0 183
0 220
0 173
0 182
0 234
0 207
0 258
0 154
0 150
0 168
0 210
0 222
0 133
0 189
0 143
0 183
0 264
0 138
0 131
0 404
0 153
0 145
0 186
0 145
0 142
0 183
0 140
0 185
0 198
0 208
0 149
0 152
0 194
0 80
0 14
0 167
0 160
0 136
0 176
0 36
0 247
0 294
0 13
0 154
0 142
0 181
0 155
0 134
0 173
0 153
0 193
0 175
0 229
0 14
0 175
0 223
0 173
0 235
0 176
0 228
0 214
0 167
0 215
0 160
0 146
0 187
0 159
0 173
0 222
0 237
0 146
0 186
0 173
0 222
0 210
0 175
0 182
0 210
0 279
0 162
0 170
0 164
0 154
0 166
0 141
0 195
0 218
0 150
0 147
0 146
0 160
0 208
0 247
0 147
0 282
0 159
0 155
0 137
0 138
0 175
0 124
0 161
0 172
0 161
0 145
0 134
0 119
0 155
0 304
0 145
0 140
0 33
0 142
0 120
0 130
0 110
0 145
0 156
0 164
0 173
0 149
0 187
0 198
0 121
0 138
0 182
0 220
0 120
0 131
0 101
0 132
0 136
0 173
0 126
0 161
0 149
0 189
0 199
0 153
0 201
0 126
0 114
0 185
0 15
0 205
0 249
0 186
0 223
0 191
0 145
0 233
0 130
0 126
0 162
0 164
0 18
0 138
0 164
0 188
0 202
0 143
0 182
0 148
0 190
0 152
0 138
0 133
0 174
0 138
0 176
0 188
0 138
0 178
0 138
0 145
0 186
0 193
0 159
0 141
0 184
0 12
0 144
0 184
0 135
0 172
0 173
0 142
0 182
0 194
0 140
0 127
0 177
0 35
0 128
0 164
0 152
0 151
0 306
0 171
0 213
0 181
0 217
0 151
0 136
0 230
0 187
0 149
0 194
0 143
0 185
0 197
0 177
0 132
0 139
0 170
0 220
0 139
0 178
0 191
0 151
0 195
0 207
0 125
0 37
0 154
0 196
0 232
0 270
0 14
0 154
0 136
0 144
0 187
0 207
0 138
0 164
0 139
0 133
0 149
0 146
0 148
0 200
0 135
0 150
0 146
0 186
0 198
0 152
0 211
0 38
0 187
0 17
0 285
0 151
0 152
0 197
0 56
0 136
0 137
0 137
0 152
0 196
0 137
0 174
0 167
0 85
0 355
0 194
0 236
0 248
0 147
0 188
0 174
0 137
0 178
0 191
0 12
0 154
0 38
0 145
0 188
0 140
0 34
0 146
0 187
0 183
0 33
0 144
0 184
0 11
0 148
0 143
0 182
0 195
0 195
0 150
0 189
0 197
0 149
0 191
0 268
0 135
0 175
0 188
0 198
0 277
0 365
0 181
0 174
0 225
0 251
0 206
0 255
0 275
0 301
0 17
0 197
0 62
0 175
0 282
0 234
0 136
0 159
0 151
0 153
0 121
0 160
0 167
0 149
0 167
0 151
0 146
0 189
0 183
0 154
0 59
0 172
0 136
0 212
0 140
0 125
0 112
0 35
0 129
0 125
0 33
0 172
0 29
0 130
0 145
0 186
0 117
0 150
0 9
0 150
0 152
0 192
0 204
0 214
0 147
0 37
0 143
0 182
0 195
0 149
0 189
0 160
0 145
0 299
0 149
0 189
0 203
0 150
0 204
0 18
0 8
0 157
0 177
0 213
0 155
0 199
0 212
0 186
0 185
0 172
0 221
0 14
0 160
0 206
0 221
0 164
0 196
0 159
0 154
0 167
0 210
0 60
0 146
0 187
0 135
0 52
0 71
0 152
0 177
0 162
0 210
0 224
0 235
0 13
0 197
0 153
0 157
0 202
0 216
0 155
0 177
0 159
0 181
0 237
0 253
0 14
0 156
0 155
0 238
0 288
0 302
0 163
0 174
0 175
0 225
0 170
0 221
0 236
0 153
0 19
0 161
0 184
0 235
0 264
0 154
0 176
0 219
0 149
0 191
0 176
0 183
0 167
0 214
0 156
0 199
0 155
0 200
0 214
0 12
0 183
0 180
0 156
0 48
0 166
0 217
0 178
0 183
0 182
0 237
0 252
0 18
0 173
0 222
0 178
0 176
0 170
0 218
0 177
0 229
0 242
0 242
0 298
0 154
0 162
0 188
0 151
0 192
0 175
0 230
0 13
0 151
0 192
0 185
0 230
0 167
0 216
0 150
0 233
0 175
0 224
0 173
0 226
0 14
0 165
0 185
0 39
0 180
0 228
0 242
0 169
0 222
0 237
0 13
0 170
0 53
0 133
0 186
0 244
0 161
0 187
0 42
0 183
0 184
0 164
0 170
0 217
0 176
0 227
0 193
0 185
0 171
0 218
0 161
0 426
0 64
0 173
0 180
0 174
0 234
0 152
0 329
0 193
0 234
0 172
0 171
0 219
0 129
0 167
0 177
0 226
0 66
0 86
0 180
0 148
0 190
0 170
0 220
0 234
0 246
0 152
0 206
0 185
0 170
0 219
0 14
0 164
0 162
0 200
0 21
0 164
0 126
0 120
0 155
0 167
0 11
0 57
0 198
0 294
0 316
0 136
0 168
0 189
0 162
0 147
0 187
0 213
0 360
0 134
0 72
0 140
0 145
0 189
0 162
0 39
0 159
0 204
0 11
0 131
0 167
0 156
0 139
0 140
0 182
0 75
0 137
0 175
0 127
0 162
0 149
0 190
0 150
0 199
0 212
0 13
0 168
0 211
0 9
0 128
0 156
0 141
0 146
0 148
0 189
0 201
0 142
0 190
0 202
0 11
0 144
0 159
0 56
0 141
0 181
0 193
0 203
0 151
0 196
0 209
0 150
0 191
0 150
0 197
0 261
0 171
0 221
0 235
0 170
0 226
0 178
0 173
0 219
0 234
0 178
0 226
0 240
0 286
0 346
0 363
0 374
0 182
0 235
0 14
0 173
0 224
0 239
0 155
0 180
0 188
0 242
0 164
0 184
0 157
0 179
0 231
0 284
0 164
0 180
0 41
0 175
0 222
0 236
0 205
0 193
0 243
0 162
0 206
0 153
0 155
0 181
0 173
0 42
0 162
0 180
0 36
0 172
0 222
0 236
0 179
0 232
0 143
0 185
0 157
0 138
0 53
0 133
0 173
0 12
0 142
0 182
0 194
0 204
0 232
0 115
0 148
0 154
0 53
0 173
0 221
0 235
0 247
0 198
0 260
0 277
0 178
0 226
0 204
0 46
0 66
0 164
0 214
0 301
0 174
0 225
0 14
0 170
0 191
0 244
0 260
0 13
0 159
0 241
0 296
0 176
0 226
0 148
0 175
0 222
0 233
0 156
0 206
0 220
0 232
0 174
0 286
0 245
0 41
0 172
0 221
0 236
0 176
0 274
0 319
0 136
0 162
0 210
0 224
0 235
0 137
0 148
0 132
0 169
0 177
0 143
0 139
0 229
0 140
0 140
0 131
0 169
0 181
0 191
0 200
0 147
0 188
0 202
0 11
0 139
0 155
0 54
0 169
0 216
0 12
0 26
0 149
0 193
0 206
0 146
0 186
0 203
0 159
0 133
0 14
0 156
0 153
0 151
0 193
0 140
0 32
0 48
0 145
0 189
0 151
0 266
0 337
0 173
0 143
0 189
0 202
0 213
0 11
0 172
0 219
0 242
0 294
0 179
0 228
0 241
0 252
0 197
0 255
0 173
0 221
0 151
0 256
0 182
0 161
0 185
0 148
0 210
0 171
0 219
0 234
0 245
0 178
0 228
0 243
0 187
0 247
0 263
0 164
0 172
0 222
0 143
0 244
0 241
0 182
0 241
0 296
0 313
0 13
0 175
0 140
0 191
0 154
0 189
0 67
0 177
0 227
0 241
0 172
0 225
0 239
0 251
0 176
0 158
0 186
0 245
0 261
0 14
0 309
0 349
0 152
0 174
0 223
0 164
0 187
0 43
0 306
0 42
0 199
0 155
0 172
0 224
0 238
0 175
0 151
0 189
0 40
0 179
0 238
0 153
0 177
0 225
0 174
0 221
0 235
0 185
0 191
0 167
0 213
0 171
0 175
0 387
0 166
0 212
0 180
0 229
0 148
0 17
0 169
0 216
0 193
0 144
0 172
0 217
0 162
0 170
0 47097
0 172
0 211
0 224
0 235
0 245
0 255
0 265
0 275
0 285
0 295
0 305
0 315
0 325
0 335
0 344
0 371
0 415
0 429
0 439
0 449
0 624
0 655
0 679
0 698
0 714
0 730
0 746
0 762
0 778
0 794
0 808
0 825
0 987
0 1010
0 1028
0 17
0 88
0 120
0 140
0 17
0 162
0 211
0 226
0 237
0 14
0 176
0 227
0 240
0 13
0 168
0 220
0 235
0 172
0 146
0 193
0 13
0 155
0 141
0 139
0 14
0 135
0 141
0 289
0 332
0 350
0 121
0 30
0 46
0 152
0 149
0 306
0 474
0 512
0 121
0 143
0 154
0 101
0 153
0 140
0 179
0 191
0 201
0 139
0 146
0 184
0 237
0 9
0 29
0 153
0 196
0 157
0 157
0 201
0 152
0 136
0 40
0 156
0 36
0 156
0 39
0 124
0 151
0 194
0 22
0 134
0 168
0 219
0 231
0 137
0 178
0 190
0 149
0 191
0 346
0 150
0 191
0 148
0 191
0 203
0 147
0 188
0 200
0 142
0 178
0 231
0 181
0 152
0 194
0 207
0 162
0 36
0 127
0 140
0 175
0 176
0 168
0 152
0 195
0 208
0 219
0 184
0 232
0 261
0 314
0 146
0 172
0 150
0 162
0 214
0 230
0 243
0 30
0 157
0 175
0 229
0 160
0 233
0 170
0 219
0 172
0 224
0 173
0 228
0 244
0 255
0 265
0 161
0 125
0 181
0 158
0 201
0 214
0 167
0 153
0 196
0 164
0 212
0 226
0 238
0 171
0 155
0 198
0 200
0 134
0 15
0 203
0 257
0 271
0 13
0 179
0 196
0 41
0 193
0 234
0 345
0 375
0 199
0 255
0 176
0 399
0 15
0 178
0 183
0 156
0 200
0 214
0 162
0 211
0 200
0 261
0 289
0 176
0 227
0 241
0 179
0 232
0 246
0 257
0 162
0 159
0 207
0 222
0 233
0 175
0 180
0 178
0 226
0 224
0 278
0 155
0 181
0 38
0 174
0 225
0 238
0 180
0 173
0 220
0 233
0 606
0 656
0 131
0 169
0 182
0 193
0 176
0 172
0 173
0 225
0 174
0 223
0 238
0 180
0 230
0 182
0 146
0 185
0 198
0 178
0 175
0 226
0 178
0 231
0 163
0 178
0 163
0 142
0 190
0 190
0 43
0 181
0 175
0 224
0 175
0 226
0 174
0 224
0 50
0 183
0 238
0 19
0 9
0 29
0 330
0 406
0 425
0 438
0 142
0 184
0 196
0 240
0 92
0 193
0 233
0 12
0 188
0 242
0 14
0 161
0 213
0 230
0 11
0 24
0 167
0 221
0 236
0 174
0 17
0 165
0 210
0 224
0 235
0 245
0 185
0 233
0 164
0 168
0 215
0 75
0 209
0 252
0 133
0 173
0 185
0 187
0 174
0 220
0 148
0 217
0 176
0 221
0 235
0 164
0 209
0 127
0 164
0 250
0 242
0 323
0 376
0 14
0 204
0 166
0 233
0 282
0 296
0 167
0 218
0 165
0 174
0 201
0 173
0 197
0 21
0 186
0 237
0 17
0 177
0 164
0 210
0 223
0 176
0 330
0 148
0 190
0 252
0 151
0 224
0 247
0 160
0 184
0 244
0 175
0 173
0 219
0 233
0 179
0 241
0 259
0 171
0 217
0 230
0 242
0 165
0 214
0 228
0 161
0 210
0 226
0 17
0 37
0 170
0 221
0 235
0 170
0 218
0 233
0 311
0 163
0 145
0 185
0 198
0 154
0 168
0 222
0 238
0 15
0 170
0 59
0 171
0 222
0 236
0 190
0 190
0 178
0 155
0 204
0 175
0 177
0 300
0 351
0 24
0 166
0 178
0 165
0 214
0 229
0 240
0 180
0 176
0 244
0 15
0 144
0 243
0 42
0 209
0 42
0 166
0 215
0 178
0 227
0 242
0 10
0 22
0 168
0 40
0 178
0 176
0 223
0 236
0 173
0 223
0 236
0 172
0 220
0 189
0 247
0 175
0 227
0 242
0 166
0 214
0 228
0 171
0 220
0 195
0 39
0 156
0 160
0 210
0 225
0 238
0 14
0 176
0 229
0 169
0 216
0 230
0 169
0 222
0 180
0 228
0 177
0 159
0 173
0 223
0 238
0 164
0 212
0 226
0 237
0 169
0 174
0 170
0 218
0 180
0 230
0 244
0 207
0 263
0 277
0 194
0 232
0 162
0 209
0 137
0 176
0 11
0 157
0 212
0 166
0 213
0 228
0 248
0 161
0 141
0 18
0 164
0 164
0 213
0 229
0 240
0 230
0 256
0 319
0 139
0 196
0 208
0 217
0 164
0 203
0 17
0 128
0 33
0 147
0 192
0 203
0 213
0 223
0 138
0 179
0 191
0 201
0 152
0 160
0 133
0 171
0 183
0 193
0 360
0 156
0 124
0 164
0 177
0 187
0 196
0 12
0 9
0 161
0 212
0 226
0 238
0 164
0 174
0 224
0 240
0 181
0 164
0 212
0 227
0 31
0 170
0 218
0 174
0 225
0 160
0 206
0 219
0 231
0 172
0 223
0 237
0 316
0 369
0 25
0 10
0 184
0 42
0 233
0 180
0 160
0 241
0 168
0 214
0 228
0 179
0 183
0 166
0 212
0 226
0 149
0 200
0 11
0 24
0 178
0 182
0 169
0 215
0 229
0 240
0 208
0 257
0 44
0 182
0 180
0 163
0 213
0 189
0 247
0 261
0 272
0 283
0 12
0 166
0 216
0 14
0 159
0 211
0 224
0 235
0 245
0 255
0 12
0 230
0 178
0 229
0 26
0 176
0 226
0 164
0 214
0 14
0 178
0 228
0 13
0 165
0 174
0 223
0 236
0 176
0 189
0 164
0 213
0 224
0 276
0 179
0 172
0 218
0 176
0 170
0 217
0 211
0 257
0 176
0 171
0 170
0 40
0 175
0 226
0 145
0 169
0 178
0 224
0 237
0 236
0 155
0 170
0 223
0 156
0 195
0 168
0 212
0 225
0 236
0 164
0 220
0 267
0 280
0 171
0 219
0 233
0 172
0 224
0 238
0 194
0 138
0 177
0 157
0 201
0 167
0 218
0 231
0 243
0 177
0 223
0 237
0 249
0 165
0 165
0 211
0 225
0 180
0 176
0 224
0 190
0 324
0 349
0 137
0 176
0 167
0 218
0 232
0 243
0 173
0 220
0 234
0 245
0 220
0 157
0 205
0 164
0 215
0 229
0 240
0 250
0 174
0 223
0 161
0 214
0 228
0 171
0 220
0 235
0 178
0 230
0 221
0 261
0 180
0 233
0 248
0 238
0 180
0 176
0 229
0 242
0 254
0 420
0 138
0 18
0 171
0 155
0 181
0 21
0 151
0 194
0 299
0 45
0 151
0 193
0 207
0 175
0 240
0 155
0 198
0 212
0 171
0 220
0 233
0 245
0 173
0 179
0 419
0 178
0 175
0 224
0 239
0 173
0 221
0 235
0 231
0 280
0 210
0 322
0 164
0 212
0 226
0 166
0 214
0 227
0 238
0 170
0 219
0 232
0 168
0 162
0 212
0 13
0 178
0 231
0 247
0 258
0 178
0 94
0 130
0 18
0 27
0 174
0 224
0 237
0 250
0 239
0 176
0 226
0 279
0 15
0 168
0 215
0 230
0 178
0 176
0 234
0 260
0 162
0 176
0 230
0 245
0 180
0 175
0 167
0 215
0 230
0 203
0 273
0 300
0 316
0 163
0 172
0 233
0 154
0 202
0 216
0 10
0 23
0 155
0 197
0 167
0 378
0 402
0 444
0 172
0 168
0 215
0 166
0 212
0 150
0 196
0 176
0 225
0 240
0 184
0 116
0 172
0 223
0 33
0 50
0 68
0 79
0 172
0 221
0 235
0 248
0 260
0 187
0 187
0 244
0 260
0 172
0 221
0 234
0 177
0 177
0 162
0 208
0 222
0 206
0 261
0 178
0 224
0 206
0 262
0 148
0 169
0 217
0 233
0 244
0 255
0 165
0 217
0 231
0 243
0 178
0 165
0 212
0 227
0 177
0 227
0 241
0 155
0 199
0 212
0 211
0 175
0 176
0 227
0 241
0 170
0 217
0 231
0 177
0 62
0 110
0 282
0 324
0 170
0 217
0 231
0 191
0 64
0 169
0 215
0 229
0 188
0 148
0 166
0 212
0 226
0 238
0 162
0 210
0 224
0 198
0 251
0 14
0 178
0 181
0 177
0 230
0 245
0 166
0 213
0 226
0 167
0 215
0 235
0 290
0 174
0 223
0 238
0 165
0 212
0 227
0 238
0 177
0 230
0 244
0 256
0 268
0 247
0 356
0 371
0 132
0 169
0 181
0 348
0 424
0 444
0 172
0 215
0 176
0 228
0 167
0 221
0 12
0 27
0 144
0 174
0 222
0 236
0 249
0 271
0 182
0 42
0 169
0 218
0 232
0 185
0 235
0 342
0 392
0 177
0 224
0 200
0 264
0 235
0 46
0 170
0 220
0 241
0 212
0 40
0 179
0 231
0 148
0 194
0 208
0 180
0 193
0 246
0 13
0 170
0 158
0 174
0 221
0 205
0 155
0 176
0 233
0 167
0 223
0 275
0 174
0 222
0 236
0 248
0 169
0 219
0 174
0 219
0 179
0 323
0 339
0 160
0 181
0 235
0 257
0 274
0 306
0 363
0 173
0 220
0 234
0 12
0 234
0 139
0 182
0 194
0 31
0 47
0 175
0 166
0 215
0 229
0 165
0 208
0 222
0 12
0 180
0 228
0 242
0 254
0 199
0 160
0 206
0 221
0 233
0 244
0 214
0 153
0 203
0 220
0 12
0 172
0 219
0 233
0 237
0 175
0 224
0 238
0 250
0 182
0 175
0 253
0 182
0 231
0 14
0 169
0 237
0 17
0 10
0 23
0 34
0 173
0 223
0 188
0 239
0 253
0 161
0 210
0 257
0 178
0 236
0 172
0 217
0 231
0 242
0 175
0 176
0 229
0 163
0 208
0 162
0 207
0 221
0 233
0 180
0 233
0 248
0 15
0 167
0 41
0 185
0 38
0 170
0 215
0 229
0 154
0 159
0 204
0 217
0 165
0 212
0 167
0 217
0 165
0 281
0 170
0 161
0 212
0 226
0 237
0 179
0 229
0 176
0 169
0 215
0 229
0 164
0 211
0 167
0 214
0 228
0 186
0 46
0 184
0 236
0 249
0 260
0 177
0 227
0 243
0 19
0 179
0 170
0 218
0 172
0 218
0 176
0 227
0 179
0 213
0 173
0 224
0 179
0 178
0 228
0 244
0 178
0 176
0 291
0 178
0 146
0 190
0 204
0 232
0 178
0 155
0 169
0 216
0 156
0 206
0 219
0 230
0 143
0 140
0 187
0 205
0 134
0 171
0 189
0 149
0 151
0 142
0 182
0 151
0 34
0 143
0 185
0 120
0 156
0 198
0 39
0 132
0 130
0 164
0 158
0 192
0 203
0 104
0 132
0 142
0 120
0 152
0 141
0 122
0 151
0 120
0 114
0 190
0 108
0 137
0 146
0 130
0 170
0 145
0 185
0 158
0 148
0 123
0 159
0 170
0 58
0 85
0 94
0 9
0 19
0 7
0 132
0 166
0 146
0 166
0 115
0 129
0 146
0 189
0 113
0 161
0 141
0 183
0 195
0 205
0 125
0 168
0 182
0 17
0 154
0 170
0 165
0 120
0 154
0 219
0 265
0 142
0 209
0 128
0 140
0 127
0 163
0 11
0 132
0 173
0 185
0 195
0 204
0 132
0 170
0 11
0 132
0 122
0 196
0 235
0 132
0 153
0 200
0 218
0 140
0 180
0 106
0 136
0 147
0 7
0 16
0 149
0 28
0 42
0 122
0 122
0 132
0 173
0 9
0 112
0 12
0 115
0 149
0 159
0 124
0 136
0 110
0 106
0 139
0 150
0 92
0 121
0 131
0 119
0 103
0 112
0 144
0 96
0 102
0 106
0 137
0 13
0 97
0 124
0 8
0 16
0 147
0 177
0 104
0 94
0 122
0 131
0 9
0 118
0 23
0 36
0 101
0 114
0 103
0 130
0 143
0 173
0 7
0 15
0 113
0 33
0 47
0 110
0 145
0 105
0 104
0 127
0 121
0 147
0 155
0 163
0 40
0 68
0 98
0 123
0 116
0 147
0 9
0 102
0 103
0 131
0 103
0 92
0 157
0 10
0 100
0 132
0 91
0 116
0 117
0 149
0 121
0 156
0 165
0 173
0 118
0 149
0 159
0 124
0 163
0 173
0 130
0 28
0 41
0 53
0 134
0 104
0 138
0 148
0 96
0 122
0 114
0 145
0 134
0 116
0 107
0 118
0 96
0 123
0 150
0 55
0 149
0 194
0 167
0 206
0 218
0 138
0 145
0 187
0 156
0 196
0 208
0 218
0 152
0 194
0 179
0 197
0 233
0 150
0 190
0 143
0 182
0 194
0 146
0 189
0 146
0 186
0 198
0 146
0 37
0 129
0 171
0 150
0 191
0 203
0 150
0 131
0 167
0 136
0 176
0 189
0 199
0 138
0 181
0 193
0 202
0 158
0 151
0 204
0 219
0 11
0 146
0 186
0 198
0 150
0 151
0 138
0 175
0 9
0 27
0 157
0 178
0 230
0 243
0 169
0 217
0 161
0 210
0 224
0 235
0 246
0 175
0 221
0 234
0 251
0 310
0 172
0 146
0 183
0 10
0 136
0 175
0 188
0 198
0 208
0 176
0 229
0 243
0 254
0 157
0 342
0 119
0 153
0 15
0 153
0 186
0 142
0 188
0 132
0 146
0 189
0 202
0 212
0 152
0 155
0 135
0 138
0 177
0 189
0 199
0 209
0 142
0 188
0 201
0 211
0 221
0 158
0 138
0 179
0 192
0 201
0 211
0 140
0 184
0 197
0 153
0 147
0 152
0 144
0 184
0 147
0 188
0 134
0 298
0 345
0 154
0 195
0 207
0 139
0 181
0 193
0 204
0 161
0 149
0 191
0 203
0 154
0 148
0 188
0 131
0 170
0 182
0 193
0 151
0 150
0 149
0 189
0 201
0 147
0 190
0 202
0 150
0 191
0 203
0 213
0 223
0 151
0 157
0 147
0 188
0 144
0 185
0 197
0 179
0 235
0 147
0 186
0 197
0 207
0 151
0 197
0 12
0 150
0 191
0 259
0 168
0 149
0 189
0 202
0 163
0 204
0 216
0 226
0 154
0 155
0 199
0 213
0 174
0 222
0 128
0 167
0 179
0 189
0 145
0 185
0 198
0 211
0 252
0 264
0 273
0 9
0 20
0 29
0 163
0 179
0 214
0 182
0 220
0 154
0 195
0 208
0 187
0 244
0 152
0 196
0 208
0 12
0 140
0 184
0 196
0 206
0 153
0 170
0 38
0 141
0 182
0 193
0 157
0 144
0 145
0 185
0 148
0 192
0 147
0 188
0 137
0 32
0 49
0 183
0 150
0 33
0 149
0 32
0 68
0 235
0 117
0 152
0 164
0 188
0 138
0 129
0 169
0 181
0 129
0 166
0 178
0 145
0 134
0 15
0 144
0 137
0 122
0 159
0 170
0 11
0 129
0 165
0 177
0 177
0 40
0 210
0 143
0 183
0 202
0 217
0 112
0 145
0 119
0 132
0 171
0 35
0 116
0 118
0 152
0 123
0 153
0 164
0 105
0 133
0 198
0 203
0 127
0 124
0 135
0 177
0 129
0 136
0 121
0 170
0 201
0 9
0 135
0 175
0 189
0 201
0 214
0 12
0 111
0 102
0 130
0 220
0 103
0 191
0 140
0 172
0 182
0 114
0 148
0 118
0 111
0 142
0 9
0 112
0 145
0 155
0 161
0 118
0 149
0 117
0 151
0 117
0 149
0 122
0 122
0 106
0 137
0 121
0 133
0 172
0 187
0 120
0 35
0 97
0 125
0 102
0 102
0 131
0 141
0 117
0 145
0 10
0 20
0 132
0 172
0 105
0 103
0 132
0 7
0 17
0 117
0 152
0 173
0 107
0 137
0 100
0 129
0 99
0 131
0 11
0 99
0 105
0 133
0 91
0 132
0 169
0 184
0 125
0 141
0 94
0 124
0 133
0 141
0 148
0 8
0 106
0 105
0 106
0 25
0 101
0 107
0 93
0 125
0 26
0 129
0 25
0 149
0 90
0 117
0 126
0 134
0 141
0 154
0 184
0 193
0 200
0 8
0 102
0 129
0 114
0 142
0 107
0 137
0 124
0 89
0 87
0 88
0 149
0 86
0 101
0 130
0 118
0 89
0 102
0 132
0 97
0 125
0 134
0 104
0 95
0 124
0 27
0 114
0 148
0 161
0 171
0 181
0 11
0 120
0 149
0 86
0 111
0 119
0 121
0 122
0 109
0 135
0 143
0 133
0 76
0 98
0 106
0 134
0 9
0 188
0 217
0 105
0 33
0 105
0 103
0 134
0 143
0 7
0 20
0 28
0 35
0 110
0 143
0 156
0 112
0 223
0 251
0 261
0 9
0 94
0 161
0 182
0 9
0 106
0 101
0 129
0 143
0 173
0 182
0 102
0 129
0 147
0 180
0 98
0 97
0 32
0 105
0 132
0 106
0 132
0 35
0 111
0 23
0 36
0 106
0 137
0 105
0 89
0 91
0 26
0 99
0 128
0 138
0 6
0 15
0 103
0 105
0 11
0 106
0 134
0 144
0 13
0 93
0 119
0 128
0 108
0 100
0 107
0 25
0 37
0 98
0 130
0 25
0 36
0 43
0 148
0 179
0 92
0 119
0 7
0 16
0 104
0 135
0 100
0 127
0 88
0 163
0 172
0 63
0 76
0 101
0 110
0 118
0 125
0 132
0 7
0 82
0 59
0 76
0 82
0 76
0 70
0 89
0 95
0 8
0 66
0 86
0 9
0 77
0 63
0 72
0 119
0 19
0 71
0 92
0 5
0 71
0 90
0 14
0 73
0 69
0 73
0 8
0 74
0 7
0 73
0 93
0 75
0 33
0 8
0 81
0 28
0 82
0 64
0 82
0 6
0 72
0 89
0 8
0 72
0 73
0 93
0 11
0 72
0 93
0 6
0 74
0 113
0 8
0 72
0 93
0 73
0 10
0 71
0 71
0 91
0 72
0 67
0 88
0 61
0 7
0 74
0 70
0 89
0 6
0 16
0 79
0 68
0 86
0 68
0 87
0 112
0 189
0 70
0 90
0 100
0 80
0 7
0 14
0 70
0 66
0 85
0 92
0 97
0 68
0 87
0 67
0 88
0 94
0 63
0 81
0 87
0 75
0 140
0 81
0 99
0 4
0 15
0 58
0 66
0 69
0 65
0 85
0 67
0 67
0 86
0 71
0 69
0 47
0 68
0 67
0 59
0 73
0 77
0 7
0 64
0 81
0 51
0 45
0 58
0 63
0 67
0 63
0 107
0 63
0 81
0 5
0 10
0 57
0 68
0 101
0 76
0 97
0 62
0 81
0 87
0 7
0 64
0 81
0 65
0 119
0 76
0 77
0 22
0 67
0 86
0 91
0 67
0 85
0 78
0 100
0 127
0 146
0 26
0 33
0 66
0 59
0 76
0 63
0 81
0 96
0 56
0 73
0 4
0 83
0 106
0 117
0 9
0 72
0 69
0 65
0 15
0 23
0 67
0 84
0 74
0 18
0 60
0 78
0 84
0 70
0 87
0 12
0 69
0 65
0 83
0 89
0 8
0 69
0 66
0 84
0 63
0 81
0 5
0 71
0 93
0 104
0 8
0 68
0 69
0 68
0 54
0 70
0 63
0 68
0 114
0 64
0 81
0 69
0 65
0 68
0 68
0 9
0 98
0 56
0 72
0 56
0 70
0 68
0 52
0 66
0 76
0 97
0 5
0 88
0 81
0 104
0 112
0 6
0 13
0 86
0 110
0 118
0 7
0 89
0 84
0 79
0 101
0 23
0 74
0 95
0 6
0 71
0 68
0 86
0 82
0 77
0 97
0 104
0 77
0 97
0 65
0 83
0 90
0 89
0 106
0 127
0 66
0 86
0 71
0 108
0 73
0 92
0 71
0 91
0 98
0 104
0 77
0 80
0 74
0 74
0 94
0 101
0 10
0 94
0 120
0 128
0 101
0 129
0 138
0 145
0 152
0 158
0 121
0 156
0 117
0 149
0 159
0 139
0 177
0 188
0 135
0 223
0 233
0 127
0 162
0 173
0 122
0 135
0 169
0 120
0 153
0 123
0 122
0 34
0 122
0 156
0 137
0 29
0 44
0 132
0 126
0 161
0 172
0 133
0 172
0 183
0 155
0 187
0 10
0 125
0 159
0 170
0 10
0 130
0 167
0 176
0 184
0 193
0 201
0 210
0 33
0 136
0 114
0 31
0 114
0 126
0 162
0 173
0 147
0 186
0 197
0 206
0 214
0 132
0 166
0 177
0 132
0 170
0 181
0 189
0 137
0 134
0 171
0 159
0 202
0 214
0 148
0 187
0 147
0 187
0 130
0 167
0 153
0 147
0 152
0 150
0 37
0 54
0 156
0 137
0 175
0 282
0 12
0 177
0 115
0 169
0 220
0 235
0 151
0 142
0 181
0 192
0 151
0 143
0 183
0 196
0 150
0 199
0 214
0 225
0 148
0 189
0 201
0 125
0 146
0 190
0 144
0 186
0 198
0 139
0 145
0 184
0 151
0 194
0 152
0 194
0 207
0 217
0 226
0 11
0 174
0 137
0 177
0 189
0 11
0 152
0 146
0 186
0 151
0 136
0 179
0 191
0 202
0 10
0 21
0 143
0 184
0 195
0 146
0 188
0 201
0 211
0 142
0 184
0 146
0 187
0 200
0 148
0 191
0 204
0 154
0 174
0 229
0 245
0 12
0 198
0 44
0 142
0 181
0 157
0 161
0 194
0 10
0 291
0 337
0 351
0 362
0 372
0 11
0 150
0 134
0 173
0 154
0 157
0 142
0 183
0 196
0 157
0 148
0 191
0 172
0 222
0 141
0 183
0 196
0 207
0 217
0 145
0 185
0 10
0 22
0 146
0 189
0 147
0 186
0 199
0 209
0 144
0 186
0 135
0 151
0 173
0 236
0 251
0 155
0 196
0 225
0 272
0 137
0 180
0 192
0 203
0 212
0 150
0 214
0 294
0 108
0 140
0 152
0 152
0 153
0 208
0 180
0 220
0 160
0 203
0 224
0 148
0 255
0 153
0 31
0 47
0 70
0 80
0 175
0 114
0 114
0 151
0 146
0 174
0 101
0 131
0 141
0 150
0 158
0 123
0 110
0 142
0 153
0 123
0 13
0 113
0 173
0 104
0 119
0 171
0 113
0 144
0 110
0 141
0 115
0 192
0 121
0 122
0 161
0 177
0 191
0 203
0 95
0 123
0 142
0 92
0 104
0 97
0 124
0 133
0 8
0 95
0 124
0 89
0 234
0 101
0 104
0 103
0 134
0 9
0 98
0 125
0 105
0 136
0 107
0 135
0 145
0 152
0 94
0 124
0 133
0 104
0 92
0 119
0 105
0 94
0 124
0 133
0 140
0 8
0 129
0 165
0 181
0 95
0 124
0 133
0 98
0 127
0 9
0 94
0 124
0 133
0 7
0 15
0 125
0 42
0 109
0 107
0 101
0 129
0 113
0 153
0 113
0 96
0 83
0 163
0 180
0 7
0 87
0 113
0 6
0 14
0 96
0 89
0 114
0 114
0 150
0 164
0 11
0 160
0 81
0 127
0 127
0 154
0 12
0 112
0 136
0 86
0 111
0 120
0 7
0 93
0 112
0 85
0 112
0 121
0 127
0 134
0 69
0 134
0 111
0 96
0 10
0 93
0 120
0 91
0 116
0 95
0 126
0 135
0 142
0 150
0 104
0 131
0 140
0 113
0 103
0 131
0 121
0 150
0 105
0 136
0 146
0 105
0 133
0 166
0 129
0 166
0 127
0 161
0 132
0 48
0 65
0 75
0 151
0 154
0 203
0 12
0 154
0 196
0 135
0 174
0 13
0 27
0 155
0 205
0 146
0 249
0 166
0 320
0 391
0 114
0 157
0 142
0 182
0 152
0 129
0 142
0 187
0 12
0 175
0 212
0 223
0 9
0 143
0 187
0 200
0 129
0 162
0 172
0 219
0 208
0 357
0 149
0 191
0 203
0 152
0 152
0 143
0 188
0 150
0 120
0 156
0 168
0 178
0 148
0 190
0 202
0 213
0 207
0 145
0 189
0 201
0 128
0 164
0 176
0 11
0 146
0 187
0 199
0 144
0 187
0 171
0 141
0 183
0 196
0 135
0 174
0 185
0 195
0 149
0 189
0 173
0 130
0 169
0 181
0 191
0 145
0 14
0 203
0 152
0 193
0 139
0 159
0 36
0 134
0 175
0 187
0 197
0 139
0 120
0 159
0 170
0 180
0 174
0 161
0 203
0 151
0 192
0 204
0 215
0 225
0 149
0 191
0 138
0 185
0 264
0 289
0 11
0 165
0 213
0 154
0 145
0 185
0 198
0 191
0 231
0 244
0 156
0 146
0 187
0 174
0 221
0 233
0 136
0 175
0 11
0 140
0 119
0 158
0 170
0 148
0 188
0 201
0 152
0 142
0 181
0 193
0 140
0 183
0 195
0 206
0 153
0 154
0 198
0 129
0 180
0 235
0 173
0 111
0 144
0 129
0 166
0 152
0 195
0 208
0 218
0 228
0 148
0 189
0 201
0 243
0 331
0 149
0 171
0 32
0 50
0 140
0 183
0 196
0 206
0 216
0 165
0 131
0 172
0 184
0 11
0 148
0 190
0 137
0 142
0 248
0 151
0 133
0 145
0 186
0 136
0 144
0 186
0 198
0 155
0 159
0 61
0 149
0 188
0 200
0 209
0 137
0 177
0 189
0 199
0 11
0 151
0 137
0 182
0 195
0 205
0 11
0 141
0 181
0 193
0 148
0 191
0 148
0 188
0 201
0 149
0 189
0 202
0 146
0 146
0 143
0 182
0 147
0 194
0 207
0 11
0 152
0 196
0 174
0 229
0 255
0 275
0 157
0 206
0 231
0 137
0 176
0 228
0 251
0 324
0 171
0 223
0 134
0 178
0 133
0 183
0 201
0 226
0 137
0 161
0 205
0 227
0 31
0 115
0 147
0 118
0 113
0 148
0 118
0 150
0 111
0 143
0 14
0 111
0 142
0 153
0 161
0 117
0 156
0 167
0 176
0 128
0 237
0 123
0 128
0 162
0 172
0 130
0 167
0 179
0 131
0 167
0 131
0 140
0 185
0 12
0 139
0 179
0 191
0 201
0 137
0 181
0 193
0 203
0 146
0 187
0 199
0 209
0 218
0 228
0 152
0 150
0 137
0 171
0 10
0 149
0 190
0 202
0 166
0 210
0 221
0 231
0 143
0 183
0 196
0 205
0 154
0 199
0 150
0 159
0 145
0 189
0 201
0 143
0 183
0 196
0 152
0 196
0 208
0 154
0 157
0 46
0 142
0 180
0 192
0 144
0 187
0 12
0 151
0 191
0 317
0 367
0 379
0 226
0 153
0 194
0 206
0 153
0 198
0 270
0 149
0 190
0 202
0 151
0 191
0 151
0 144
0 185
0 142
0 185
0 197
0 207
0 217
0 143
0 183
0 146
0 191
0 11
0 146
0 187
0 199
0 170
0 278
0 205
0 147
0 188
0 199
0 243
0 255
0 266
0 11
0 152
0 243
0 280
0 8
0 19
0 129
0 171
0 179
0 128
0 164
0 142
0 30
0 116
0 137
0 179
0 191
0 19
0 133
0 232
0 342
0 146
0 196
0 215
0 231
0 136
0 153
0 198
0 149
0 189
0 201
0 147
0 176
0 183
0 231
0 243
0 9
0 23
0 152
0 194
0 154
0 198
0 137
0 149
0 188
0 227
0 12
0 159
0 36
0 150
0 190
0 202
0 135
0 155
0 161
0 204
0 216
0 158
0 201
0 213
0 223
0 162
0 204
0 216
0 154
0 200
0 213
0 153
0 195
0 208
0 218
0 149
0 191
0 202
0 212
0 221
0 153
0 197
0 210
0 145
0 184
0 197
0 153
0 201
0 12
0 146
0 185
0 197
0 168
0 219
0 13
0 149
0 189
0 149
0 192
0 204
0 214
0 155
0 198
0 211
0 221
0 230
0 153
0 198
0 141
0 180
0 192
0 203
0 10
0 150
0 142
0 185
0 156
0 138
0 180
0 192
0 202
0 144
0 185
0 197
0 208
0 170
0 199
0 120
0 227
0 275
0 294
0 314
0 152
0 149
0 123
0 159
0 170
0 180
0 301
0 181
0 152
0 194
0 173
0 310
0 481
0 116
0 298
0 360
0 375
0 390
0 150
0 192
0 150
0 191
0 203
0 181
0 234
0 12
0 153
0 147
0 189
0 133
0 173
0 175
0 125
0 161
0 150
0 189
0 132
0 51
0 69
0 141
0 179
0 128
0 135
0 173
0 121
0 157
0 9
0 26
0 36
0 149
0 191
0 135
0 148
0 186
0 140
0 156
0 202
0 143
0 182
0 148
0 188
0 152
0 140
0 182
0 194
0 230
0 121
0 156
0 167
0 177
0 186
0 161
0 342
0 138
0 121
0 158
0 123
0 141
0 185
0 301
0 346
0 183
0 141
0 185
0 198
0 148
0 189
0 200
0 210
0 220
0 164
0 206
0 141
0 181
0 193
0 175
0 172
0 226
0 160
0 148
0 191
0 203
0 137
0 176
0 135
0 180
0 193
0 203
0 213
0 13
0 213
0 270
0 287
0 11
0 145
0 186
0 171
0 253
0 268
0 126
0 158
0 169
0 222
0 237
0 249
0 261
0 212
0 156
0 210
0 173
0 222
0 236
0 183
0 250
0 527
0 157
0 200
0 158
0 166
0 39
0 194
0 241
0 468
0 572
0 679
0 706
0 170
0 139
0 178
0 196
0 242
0 174
0 227
0 243
0 176
0 225
0 162
0 173
0 224
0 211
0 279
0 67
0 173
0 219
0 178
0 42
0 169
0 216
0 230
0 181
0 235
0 170
0 225
0 240
0 161
0 180
0 231
0 190
0 248
0 158
0 203
0 217
0 169
0 47392
0 47474
0 47493
0 117
0 247
0 262
0 271
0 280
0 289
0 298
0 307
0 327
0 345
0 354
0 363
0 372
0 381
0 390
0 398
0 407
0 416
0 425
0 434
0 443
0 452
0 460
0 470
0 478
0 488
0 497
0 506
0 514
0 523
0 532
0 544
0 558
0 136
0 173
0 185
0 194
0 130
0 15
0 156
0 142
0 182
0 146
0 185
0 149
0 194
0 205
0 216
0 138
0 177
0 153
0 127
0 150
0 189
0 145
0 36
0 164
0 204
0 142
0 183
0 195
0 205
0 152
0 197
0 144
0 185
0 152
0 197
0 148
0 189
0 202
0 154
0 198
0 210
0 145
0 186
0 199
0 209
0 140
0 183
0 195
0 205
0 149
0 153
0 194
0 208
0 218
0 149
0 193
0 146
0 185
0 197
0 198
0 244
0 256
0 157
0 108
0 152
0 192
0 232
0 145
0 184
0 196
0 151
0 196
0 208
0 218
0 143
0 187
0 200
0 211
0 221
0 151
0 191
0 155
0 39
0 118
0 37
0 189
0 234
0 245
0 255
0 155
0 124
0 162
0 151
0 134
0 173
0 185
0 196
0 141
0 184
0 170
0 216
0 146
0 190
0 150
0 212
0 132
0 173
0 184
0 194
0 142
0 179
0 192
0 9
0 19
0 149
0 192
0 130
0 162
0 172
0 8
0 19
0 28
0 135
0 175
0 188
0 198
0 207
0 171
0 140
0 179
0 220
0 299
0 144
0 185
0 143
0 183
0 153
0 197
0 265
0 297
0 179
0 229
0 243
0 161
0 214
0 14
0 247
0 157
0 202
0 216
0 227
0 237
0 191
0 254
0 19
0 180
0 278
0 370
0 156
0 272
0 302
0 314
0 241
0 291
0 304
0 277
0 338
0 105
0 162
0 179
0 134
0 167
0 212
0 137
0 243
0 135
0 171
0 153
0 202
0 152
0 157
0 205
0 225
0 244
0 130
0 172
0 9
0 64
0 162
0 207
0 219
0 149
0 188
0 157
0 202
0 216
0 167
0 208
0 221
0 158
0 202
0 197
0 243
0 169
0 267
0 141
0 184
0 197
0 207
0 145
0 189
0 202
0 274
0 323
0 338
0 348
0 358
0 367
0 377
0 33
0 152
0 193
0 14
0 310
0 357
0 377
0 137
0 176
0 189
0 199
0 122
0 163
0 174
0 183
0 10
0 136
0 173
0 185
0 162
0 171
0 221
0 148
0 188
0 200
0 143
0 185
0 157
0 204
0 217
0 207
0 146
0 150
0 133
0 157
0 205
0 152
0 194
0 207
0 217
0 182
0 127
0 152
0 202
0 216
0 60
0 89
0 26
0 153
0 164
0 211
0 224
0 213
0 264
0 134
0 15
0 151
0 196
0 189
0 131
0 169
0 152
0 203
0 216
0 19
0 40
0 165
0 205
0 245
0 257
0 10
0 157
0 202
0 217
0 277
0 122
0 160
0 170
0 127
0 164
0 143
0 186
0 197
0 207
0 216
0 153
0 192
0 11
0 140
0 182
0 196
0 205
0 215
0 169
0 145
0 186
0 216
0 265
0 138
0 178
0 190
0 199
0 10
0 199
0 251
0 267
0 135
0 179
0 191
0 201
0 211
0 206
0 158
0 266
0 297
0 176
0 225
0 239
0 251
0 201
0 164
0 152
0 194
0 207
0 218
0 143
0 41
0 170
0 225
0 149
0 163
0 210
0 223
0 234
0 171
0 273
0 309
0 338
0 354
0 178
0 232
0 174
0 224
0 239
0 156
0 179
0 173
0 220
0 233
0 245
0 171
0 247
0 111
0 164
0 175
0 223
0 161
0 212
0 14
0 148
0 191
0 29
0 174
0 223
0 237
0 249
0 169
0 219
0 163
0 210
0 224
0 236
0 171
0 221
0 177
0 227
0 146
0 192
0 205
0 176
0 226
0 240
0 252
0 179
0 227
0 162
0 214
0 229
0 173
0 223
0 237
0 250
0 305
0 159
0 206
0 220
0 232
0 242
0 169
0 221
0 155
0 199
0 14
0 29
0 176
0 173
0 224
0 238
0 170
0 217
0 232
0 198
0 44
0 66
0 172
0 219
0 233
0 244
0 255
0 175
0 220
0 273
0 286
0 177
0 163
0 210
0 224
0 258
0 253
0 303
0 14
0 158
0 204
0 217
0 229
0 184
0 156
0 203
0 217
0 229
0 175
0 228
0 242
0 170
0 220
0 174
0 222
0 237
0 249
0 176
0 228
0 242
0 254
0 209
0 282
0 157
0 201
0 141
0 181
0 193
0 151
0 219
0 151
0 191
0 121
0 158
0 170
0 179
0 188
0 197
0 174
0 210
0 10
0 147
0 189
0 151
0 196
0 237
0 249
0 161
0 213
0 13
0 153
0 193
0 206
0 185
0 238
0 259
0 153
0 224
0 242
0 136
0 185
0 198
0 20
0 148
0 192
0 160
0 152
0 131
0 165
0 141
0 184
0 196
0 143
0 184
0 197
0 146
0 187
0 151
0 198
0 295
0 111
0 144
0 155
0 127
0 165
0 11
0 165
0 33
0 119
0 154
0 166
0 131
0 149
0 146
0 186
0 147
0 190
0 126
0 161
0 173
0 182
0 10
0 148
0 188
0 201
0 142
0 184
0 196
0 206
0 216
0 226
0 149
0 193
0 205
0 12
0 150
0 192
0 204
0 146
0 145
0 188
0 201
0 211
0 220
0 229
0 169
0 227
0 242
0 253
0 154
0 151
0 192
0 149
0 193
0 205
0 135
0 175
0 187
0 197
0 152
0 198
0 171
0 147
0 192
0 145
0 184
0 145
0 188
0 155
0 200
0 148
0 188
0 149
0 194
0 149
0 190
0 203
0 11
0 259
0 301
0 186
0 202
0 48
0 144
0 33
0 146
0 185
0 149
0 193
0 137
0 44
0 149
0 190
0 202
0 137
0 177
0 190
0 201
0 10
0 151
0 195
0 207
0 145
0 186
0 198
0 208
0 154
0 320
0 136
0 153
0 155
0 140
0 179
0 190
0 200
0 210
0 149
0 194
0 207
0 9
0 20
0 150
0 189
0 202
0 165
0 146
0 188
0 146
0 187
0 199
0 209
0 142
0 185
0 197
0 207
0 216
0 152
0 191
0 154
0 144
0 183
0 145
0 184
0 196
0 194
0 238
0 157
0 147
0 193
0 205
0 215
0 225
0 235
0 139
0 158
0 146
0 187
0 146
0 191
0 148
0 187
0 200
0 164
0 208
0 13
0 152
0 193
0 205
0 157
0 186
0 245
0 266
0 152
0 194
0 136
0 173
0 9
0 20
0 30
0 151
0 195
0 142
0 182
0 178
0 14
0 142
0 186
0 198
0 209
0 10
0 144
0 184
0 196
0 204
0 148
0 188
0 201
0 11
0 197
0 242
0 254
0 162
0 203
0 148
0 146
0 186
0 198
0 138
0 177
0 189
0 200
0 143
0 186
0 198
0 156
0 152
0 154
0 128
0 164
0 10
0 146
0 188
0 200
0 138
0 178
0 190
0 199
0 209
0 137
0 179
0 192
0 12
0 147
0 187
0 147
0 192
0 204
0 215
0 225
0 12
0 149
0 188
0 200
0 210
0 158
0 204
0 13
0 120
0 153
0 151
0 135
0 175
0 187
0 197
0 12
0 148
0 192
0 204
0 151
0 194
0 152
0 147
0 128
0 150
0 194
0 207
0 152
0 193
0 205
0 216
0 161
0 131
0 171
0 182
0 8
0 19
0 159
0 136
0 173
0 151
0 145
0 185
0 183
0 24
0 202
0 146
0 187
0 200
0 195
0 240
0 148
0 187
0 200
0 142
0 185
0 197
0 207
0 146
0 188
0 201
0 138
0 146
0 190
0 202
0 212
0 11
0 150
0 190
0 203
0 147
0 186
0 198
0 172
0 230
0 117
0 152
0 164
0 10
0 144
0 184
0 195
0 205
0 134
0 175
0 187
0 197
0 118
0 151
0 145
0 188
0 326
0 204
0 247
0 13
0 146
0 186
0 198
0 208
0 217
0 145
0 188
0 151
0 137
0 177
0 188
0 162
0 201
0 213
0 223
0 145
0 184
0 144
0 187
0 152
0 194
0 207
0 159
0 200
0 212
0 8
0 18
0 194
0 239
0 251
0 153
0 197
0 209
0 220
0 152
0 194
0 133
0 170
0 150
0 195
0 208
0 218
0 130
0 170
0 182
0 192
0 140
0 180
0 192
0 202
0 200
0 246
0 146
0 219
0 265
0 278
0 158
0 158
0 139
0 180
0 148
0 188
0 158
0 205
0 227
0 246
0 148
0 182
0 220
0 190
0 229
0 240
0 150
0 191
0 203
0 154
0 150
0 191
0 203
0 180
0 223
0 234
0 243
0 131
0 147
0 188
0 157
0 137
0 177
0 135
0 151
0 190
0 202
0 148
0 191
0 152
0 194
0 207
0 140
0 183
0 196
0 146
0 186
0 198
0 149
0 143
0 34
0 137
0 179
0 148
0 163
0 212
0 226
0 12
0 167
0 212
0 119
0 156
0 168
0 146
0 186
0 198
0 148
0 153
0 195
0 207
0 217
0 227
0 152
0 147
0 242
0 50
0 146
0 187
0 179
0 153
0 157
0 199
0 211
0 221
0 131
0 153
0 152
0 194
0 147
0 194
0 146
0 159
0 197
0 209
0 8
0 19
0 143
0 184
0 125
0 162
0 10
0 140
0 131
0 167
0 146
0 188
0 200
0 229
0 143
0 180
0 11
0 146
0 198
0 124
0 34
0 145
0 181
0 192
0 15
0 151
0 191
0 203
0 213
0 145
0 189
0 179
0 228
0 239
0 149
0 191
0 203
0 213
0 150
0 192
0 204
0 215
0 147
0 189
0 201
0 146
0 186
0 199
0 208
0 218
0 146
0 189
0 135
0 175
0 188
0 198
0 146
0 191
0 203
0 213
0 223
0 232
0 150
0 143
0 182
0 194
0 204
0 213
0 223
0 163
0 153
0 188
0 10
0 147
0 189
0 201
0 138
0 176
0 187
0 197
0 206
0 216
0 148
0 194
0 137
0 176
0 188
0 197
0 146
0 188
0 200
0 147
0 136
0 177
0 9
0 21
0 37
0 147
0 189
0 154
0 198
0 149
0 143
0 183
0 9
0 21
0 141
0 181
0 193
0 203
0 212
0 148
0 148
0 190
0 138
0 180
0 192
0 7
0 18
0 28
0 163
0 210
0 122
0 155
0 166
0 175
0 148
0 189
0 135
0 175
0 187
0 197
0 10
0 149
0 191
0 124
0 156
0 157
0 150
0 191
0 165
0 172
0 113
0 195
0 143
0 187
0 152
0 233
0 285
0 299
0 13
0 28
0 268
0 308
0 145
0 189
0 201
0 147
0 188
0 69
0 133
0 169
0 151
0 148
0 189
0 112
0 150
0 147
0 188
0 144
0 186
0 198
0 208
0 218
0 147
0 190
0 202
0 142
0 182
0 362
0 150
0 189
0 148
0 188
0 200
0 211
0 146
0 187
0 199
0 207
0 146
0 186
0 147
0 187
0 199
0 150
0 194
0 142
0 183
0 195
0 148
0 191
0 142
0 182
0 155
0 331
0 561
0 111
0 143
0 154
0 164
0 21
0 136
0 181
0 12
0 64
0 150
0 188
0 200
0 210
0 220
0 266
0 35
0 53
0 19
0 32
0 148
0 189
0 202
0 159
0 199
0 210
0 149
0 190
0 202
0 150
0 194
0 207
0 139
0 156
0 333
0 145
0 185
0 140
0 179
0 190
0 146
0 186
0 185
0 230
0 141
0 235
0 150
0 167
0 211
0 223
0 158
0 214
0 271
0 283
0 174
0 216
0 144
0 184
0 196
0 152
0 196
0 153
0 199
0 132
0 169
0 157
0 149
0 201
0 137
0 174
0 131
0 159
0 204
0 217
0 227
0 142
0 184
0 197
0 208
0 218
0 146
0 188
0 200
0 210
0 146
0 187
0 200
0 142
0 182
0 194
0 154
0 136
0 176
0 189
0 198
0 208
0 131
0 176
0 189
0 199
0 11
0 145
0 189
0 150
0 144
0 184
0 196
0 123
0 160
0 11
0 152
0 195
0 207
0 218
0 145
0 186
0 150
0 194
0 206
0 145
0 186
0 199
0 153
0 339
0 460
0 490
0 500
0 150
0 190
0 203
0 154
0 166
0 211
0 222
0 232
0 152
0 191
0 203
0 214
0 148
0 140
0 180
0 192
0 202
0 212
0 183
0 226
0 170
0 219
0 232
0 151
0 193
0 147
0 187
0 199
0 153
0 136
0 174
0 186
0 11
0 151
0 194
0 199
0 133
0 170
0 181
0 190
0 154
0 144
0 236
0 248
0 259
0 152
0 197
0 145
0 184
0 196
0 151
0 194
0 207
0 142
0 181
0 192
0 154
0 151
0 152
0 200
0 213
0 148
0 190
0 202
0 155
0 144
0 183
0 314
0 362
0 142
0 150
0 193
0 204
0 152
0 197
0 209
0 193
0 245
0 258
0 270
0 153
0 148
0 189
0 201
0 211
0 148
0 188
0 200
0 210
0 219
0 141
0 144
0 184
0 196
0 206
0 139
0 181
0 139
0 182
0 194
0 204
0 149
0 191
0 158
0 205
0 147
0 189
0 153
0 153
0 196
0 13
0 151
0 192
0 152
0 141
0 182
0 154
0 198
0 160
0 150
0 147
0 194
0 144
0 153
0 157
0 143
0 184
0 196
0 145
0 185
0 197
0 208
0 138
0 181
0 194
0 203
0 213
0 146
0 187
0 164
0 146
0 190
0 268
0 149
0 189
0 201
0 148
0 188
0 200
0 193
0 189
0 173
0 119
0 148
0 190
0 202
0 145
0 184
0 196
0 149
0 192
0 153
0 143
0 182
0 150
0 155
0 195
0 157
0 136
0 180
0 11
0 138
0 177
0 189
0 199
0 11
0 164
0 140
0 181
0 194
0 204
0 146
0 184
0 196
0 207
0 144
0 187
0 198
0 267
0 292
0 313
0 129
0 161
0 157
0 204
0 217
0 147
0 191
0 203
0 213
0 224
0 233
0 156
0 201
0 17
0 122
0 172
0 211
0 223
0 233
0 155
0 199
0 212
0 222
0 232
0 185
0 240
0 264
0 282
0 151
0 193
0 150
0 192
0 138
0 131
0 175
0 57
0 157
0 254
0 301
0 13
0 125
0 152
0 192
0 12
0 120
0 158
0 170
0 179
0 188
0 150
0 194
0 146
0 184
0 197
0 150
0 194
0 206
0 216
0 226
0 238
0 35
0 166
0 213
0 226
0 127
0 163
0 174
0 136
0 148
0 187
0 200
0 186
0 129
0 166
0 151
0 191
0 203
0 148
0 193
0 145
0 183
0 195
0 153
0 199
0 12
0 133
0 174
0 187
0 250
0 301
0 313
0 145
0 187
0 200
0 209
0 219
0 146
0 187
0 200
0 210
0 152
0 195
0 207
0 217
0 151
0 126
0 161
0 172
0 182
0 152
0 195
0 207
0 148
0 189
0 201
0 153
0 194
0 206
0 216
0 226
0 142
0 185
0 198
0 208
0 11
0 151
0 242
0 255
0 265
0 153
0 134
0 145
0 184
0 196
0 206
0 215
0 224
0 233
0 242
0 324
0 129
0 166
0 177
0 280
0 325
0 337
0 347
0 142
0 185
0 197
0 149
0 190
0 173
0 124
0 162
0 154
0 180
0 226
0 239
0 138
0 188
0 224
0 9
0 21
0 151
0 150
0 191
0 203
0 139
0 153
0 196
0 208
0 219
0 152
0 194
0 207
0 149
0 191
0 144
0 184
0 196
0 147
0 189
0 201
0 211
0 141
0 181
0 155
0 196
0 208
0 218
0 227
0 155
0 198
0 145
0 184
0 197
0 207
0 142
0 184
0 196
0 206
0 149
0 190
0 152
0 194
0 206
0 217
0 226
0 235
0 143
0 183
0 196
0 11
0 147
0 192
0 144
0 184
0 195
0 147
0 190
0 203
0 149
0 187
0 138
0 178
0 190
0 199
0 133
0 172
0 184
0 194
0 210
0 271
0 284
0 294
0 306
0 51
0 142
0 181
0 193
0 203
0 151
0 152
0 192
0 205
0 215
0 150
0 193
0 205
0 146
0 134
0 146
0 193
0 206
0 146
0 185
0 197
0 207
0 146
0 188
0 136
0 176
0 188
0 199
0 208
0 148
0 187
0 199
0 209
0 144
0 187
0 156
0 33
0 151
0 192
0 204
0 12
0 146
0 188
0 199
0 155
0 150
0 189
0 234
0 246
0 256
0 153
0 142
0 183
0 195
0 204
0 181
0 145
0 184
0 196
0 150
0 37
0 199
0 216
0 266
0 13
0 133
0 145
0 184
0 161
0 207
0 221
0 16
0 7
0 148
0 188
0 201
0 204
0 147
0 191
0 143
0 182
0 146
0 187
0 200
0 211
0 155
0 198
0 211
0 147
0 186
0 199
0 149
0 192
0 204
0 149
0 190
0 148
0 191
0 203
0 212
0 150
0 190
0 141
0 181
0 147
0 194
0 135
0 174
0 187
0 197
0 152
0 195
0 209
0 245
0 147
0 187
0 199
0 208
0 218
0 227
0 140
0 184
0 197
0 9
0 19
0 128
0 172
0 78
0 137
0 110
0 142
0 154
0 224
0 99
0 128
0 138
0 146
0 154
0 139
0 179
0 191
0 202
0 211
0 208
0 137
0 177
0 148
0 151
0 169
0 204
0 188
0 158
0 204
0 147
0 126
0 161
0 126
0 165
0 177
0 153
0 197
0 210
0 221
0 171
0 146
0 188
0 199
0 136
0 173
0 145
0 185
0 146
0 189
0 145
0 183
0 124
0 165
0 197
0 131
0 151
0 234
0 156
0 198
0 211
0 222
0 12
0 144
0 188
0 201
0 211
0 221
0 149
0 193
0 206
0 215
0 155
0 200
0 146
0 188
0 200
0 11
0 144
0 189
0 202
0 11
0 153
0 195
0 151
0 195
0 137
0 176
0 189
0 198
0 207
0 217
0 149
0 193
0 205
0 158
0 258
0 313
0 140
0 175
0 10
0 138
0 180
0 191
0 201
0 211
0 149
0 194
0 144
0 188
0 201
0 187
0 136
0 168
0 9
0 147
0 187
0 199
0 152
0 147
0 189
0 201
0 160
0 135
0 174
0 10
0 151
0 185
0 233
0 245
0 255
0 150
0 191
0 203
0 143
0 180
0 11
0 157
0 151
0 193
0 206
0 216
0 144
0 189
0 203
0 213
0 11
0 151
0 165
0 211
0 123
0 154
0 165
0 174
0 154
0 196
0 209
0 219
0 138
0 183
0 195
0 143
0 182
0 194
0 145
0 188
0 200
0 148
0 189
0 143
0 187
0 12
0 144
0 184
0 169
0 217
0 142
0 185
0 197
0 208
0 152
0 193
0 205
0 157
0 147
0 187
0 199
0 135
0 178
0 190
0 145
0 202
0 252
0 263
0 273
0 147
0 187
0 198
0 208
0 210
0 146
0 186
0 198
0 210
0 145
0 183
0 195
0 205
0 153
0 145
0 188
0 147
0 188
0 143
0 187
0 153
0 117
0 150
0 146
0 185
0 152
0 161
0 207
0 218
0 228
0 126
0 164
0 176
0 185
0 145
0 185
0 196
0 206
0 215
0 148
0 191
0 152
0 145
0 133
0 172
0 184
0 159
0 203
0 150
0 192
0 204
0 138
0 177
0 189
0 199
0 209
0 218
0 180
0 234
0 245
0 256
0 127
0 165
0 207
0 152
0 196
0 151
0 191
0 204
0 11
0 179
0 219
0 142
0 186
0 199
0 211
0 12
0 33
0 138
0 181
0 11
0 136
0 175
0 187
0 197
0 207
0 216
0 147
0 149
0 145
0 184
0 196
0 140
0 184
0 165
0 215
0 229
0 158
0 123
0 156
0 168
0 150
0 140
0 179
0 191
0 201
0 211
0 145
0 186
0 199
0 210
0 145
0 187
0 144
0 184
0 196
0 206
0 148
0 188
0 200
0 157
0 208
0 143
0 186
0 198
0 208
0 217
0 226
0 236
0 152
0 193
0 205
0 215
0 151
0 194
0 166
0 214
0 10
0 28
0 149
0 190
0 177
0 225
0 237
0 148
0 190
0 202
0 152
0 196
0 207
0 144
0 184
0 149
0 193
0 205
0 145
0 185
0 197
0 150
0 192
0 143
0 186
0 9
0 21
0 150
0 192
0 205
0 152
0 196
0 208
0 218
0 153
0 195
0 235
0 247
0 257
0 148
0 199
0 210
0 219
0 148
0 187
0 244
0 301
0 313
0 10
0 28
0 191
0 156
0 139
0 182
0 194
0 204
0 214
0 153
0 197
0 209
0 260
0 326
0 144
0 187
0 139
0 181
0 154
0 35
0 146
0 187
0 139
0 178
0 191
0 201
0 211
0 154
0 200
0 212
0 146
0 188
0 200
0 132
0 174
0 186
0 196
0 205
0 9
0 20
0 151
0 194
0 206
0 217
0 185
0 236
0 258
0 136
0 179
0 192
0 11
0 149
0 203
0 13
0 27
0 159
0 35
0 145
0 146
0 189
0 201
0 212
0 221
0 231
0 158
0 149
0 192
0 205
0 143
0 183
0 194
0 205
0 9
0 20
0 147
0 192
0 150
0 191
0 203
0 146
0 187
0 154
0 198
0 210
0 221
0 163
0 172
0 214
0 231
0 153
0 174
0 153
0 193
0 205
0 150
0 193
0 205
0 145
0 187
0 200
0 210
0 133
0 173
0 11
0 152
0 193
0 205
0 140
0 181
0 193
0 204
0 160
0 205
0 142
0 185
0 197
0 208
0 127
0 163
0 175
0 113
0 148
0 160
0 161
0 210
0 225
0 235
0 157
0 191
0 238
0 251
0 143
0 184
0 198
0 145
0 188
0 200
0 150
0 189
0 201
0 211
0 160
0 202
0 213
0 10
0 150
0 189
0 296
0 365
0 141
0 147
0 187
0 201
0 153
0 200
0 213
0 225
0 235
0 245
0 144
0 184
0 146
0 185
0 197
0 150
0 119
0 154
0 8
0 20
0 38
0 145
0 185
0 197
0 151
0 39
0 118
0 130
0 172
0 184
0 11
0 139
0 179
0 192
0 202
0 211
0 221
0 147
0 192
0 141
0 104
0 136
0 146
0 191
0 144
0 115
0 148
0 188
0 144
0 185
0 197
0 148
0 192
0 204
0 144
0 184
0 151
0 150
0 193
0 205
0 143
0 183
0 196
0 150
0 194
0 206
0 214
0 270
0 287
0 299
0 147
0 193
0 16
0 138
0 37
0 128
0 15
0 133
0 176
0 12
0 122
0 127
0 162
0 131
0 168
0 179
0 188
0 131
0 165
0 160
0 145
0 186
0 144
0 184
0 139
0 183
0 195
0 205
0 146
0 186
0 198
0 153
0 192
0 147
0 189
0 201
0 211
0 153
0 144
0 189
0 201
0 157
0 207
0 222
0 287
0 351
0 140
0 15
0 145
0 185
0 197
0 206
0 216
0 225
0 235
0 141
0 184
0 196
0 205
0 163
0 255
0 271
0 280
0 289
0 310
0 319
0 218
0 266
0 277
0 286
0 152
0 122
0 157
0 10
0 166
0 219
0 232
0 242
0 251
0 260
0 142
0 183
0 141
0 136
0 14
0 128
0 117
0 138
0 179
0 196
0 127
0 165
0 182
0 149
0 192
0 159
0 198
0 211
0 255
0 124
0 155
0 143
0 184
0 158
0 200
0 212
0 142
0 187
0 12
0 239
0 287
0 116
0 148
0 159
0 133
0 164
0 207
0 147
0 191
0 203
0 213
0 223
0 147
0 187
0 198
0 209
0 152
0 193
0 205
0 215
0 150
0 192
0 205
0 148
0 193
0 12
0 139
0 179
0 192
0 11
0 159
0 33
0 153
0 149
0 189
0 201
0 211
0 145
0 189
0 202
0 213
0 166
0 140
0 183
0 195
0 205
0 145
0 185
0 198
0 208
0 149
0 192
0 204
0 145
0 187
0 153
0 196
0 207
0 217
0 8
0 19
0 28
0 149
0 188
0 154
0 152
0 144
0 186
0 199
0 209
0 220
0 229
0 61
0 147
0 184
0 196
0 152
0 149
0 194
0 276
0 289
0 144
0 185
0 196
0 138
0 178
0 190
0 201
0 156
0 199
0 201
0 244
0 256
0 201
0 247
0 260
0 271
0 280
0 289
0 152
0 136
0 115
0 148
0 159
0 169
0 12
0 149
0 190
0 201
0 145
0 189
0 202
0 212
0 157
0 197
0 208
0 218
0 132
0 173
0 184
0 194
0 10
0 149
0 189
0 200
0 137
0 180
0 11
0 164
0 208
0 222
0 150
0 195
0 149
0 191
0 203
0 213
0 184
0 231
0 13
0 163
0 204
0 142
0 183
0 194
0 204
0 213
0 135
0 179
0 8
0 19
0 30
0 200
0 244
0 256
0 145
0 189
0 202
0 143
0 184
0 164
0 210
0 141
0 180
0 192
0 203
0 212
0 150
0 194
0 205
0 215
0 225
0 150
0 218
0 261
0 274
0 284
0 295
0 155
0 144
0 184
0 196
0 149
0 193
0 122
0 159
0 34
0 155
0 194
0 205
0 216
0 146
0 188
0 178
0 224
0 153
0 194
0 123
0 163
0 175
0 11
0 166
0 51
0 71
0 205
0 152
0 149
0 190
0 192
0 246
0 260
0 150
0 157
0 153
0 197
0 210
0 221
0 144
0 184
0 154
0 144
0 184
0 196
0 170
0 215
0 160
0 144
0 183
0 195
0 205
0 215
0 144
0 186
0 199
0 140
0 179
0 191
0 202
0 144
0 187
0 199
0 137
0 179
0 191
0 138
0 175
0 186
0 149
0 190
0 143
0 185
0 189
0 232
0 244
0 255
0 265
0 128
0 164
0 176
0 185
0 9
0 127
0 165
0 148
0 157
0 191
0 202
0 211
0 150
0 194
0 12
0 211
0 148
0 187
0 136
0 177
0 189
0 199
0 208
0 217
0 226
0 235
0 35
0 152
0 198
0 210
0 123
0 224
0 121
0 155
0 222
0 125
0 160
0 171
0 159
0 200
0 13
0 132
0 116
0 149
0 142
0 184
0 195
0 206
0 216
0 149
0 193
0 204
0 215
0 136
0 199
0 143
0 184
0 143
0 181
0 131
0 167
0 178
0 284
0 333
0 143
0 185
0 197
0 207
0 152
0 164
0 207
0 219
0 228
0 144
0 132
0 143
0 185
0 197
0 207
0 151
0 145
0 187
0 266
0 144
0 187
0 254
0 113
0 145
0 156
0 166
0 175
0 146
0 189
0 144
0 184
0 149
0 193
0 146
0 186
0 199
0 210
0 207
0 261
0 139
0 180
0 192
0 203
0 203
0 152
0 198
0 141
0 183
0 195
0 206
0 215
0 130
0 166
0 44
0 59
0 69
0 78
0 148
0 194
0 12
0 128
0 166
0 179
0 9
0 19
0 147
0 189
0 201
0 212
0 144
0 184
0 147
0 188
0 201
0 211
0 142
0 183
0 195
0 205
0 215
0 149
0 193
0 205
0 154
0 145
0 193
0 122
0 156
0 166
0 176
0 185
0 149
0 188
0 200
0 137
0 181
0 193
0 148
0 190
0 202
0 147
0 191
0 203
0 217
0 151
0 191
0 203
0 143
0 183
0 195
0 152
0 130
0 165
0 177
0 10
0 177
0 218
0 229
0 239
0 248
0 202
0 49
0 149
0 193
0 205
0 216
0 174
0 145
0 188
0 158
0 206
0 10
0 153
0 196
0 209
0 148
0 189
0 201
0 144
0 189
0 201
0 147
0 187
0 199
0 209
0 153
0 140
0 178
0 190
0 149
0 189
0 205
0 150
0 194
0 206
0 217
0 149
0 190
0 201
0 211
0 221
0 151
0 140
0 239
0 258
0 268
0 143
0 182
0 194
0 153
0 141
0 180
0 192
0 146
0 34
0 150
0 192
0 204
0 152
0 195
0 208
0 18
0 117
0 147
0 190
0 202
0 190
0 233
0 246
0 143
0 184
0 196
0 206
0 148
0 188
0 200
0 210
0 221
0 310
0 143
0 116
0 150
0 161
0 170
0 148
0 190
0 202
0 212
0 161
0 207
0 145
0 148
0 188
0 200
0 145
0 184
0 205
0 150
0 193
0 206
0 137
0 176
0 188
0 198
0 207
0 216
0 136
0 180
0 192
0 203
0 148
0 189
0 201
0 210
0 220
0 243
0 321
0 344
0 361
0 127
0 166
0 135
0 170
0 153
0 197
0 209
0 219
0 166
0 218
0 21
0 149
0 189
0 201
0 211
0 221
0 230
0 143
0 185
0 156
0 208
0 166
0 207
0 219
0 147
0 249
0 144
0 185
0 198
0 153
0 188
0 46
0 64
0 150
0 192
0 204
0 149
0 148
0 189
0 141
0 181
0 193
0 203
0 156
0 201
0 143
0 122
0 147
0 187
0 200
0 210
0 220
0 151
0 132
0 175
0 187
0 198
0 8
0 19
0 144
0 184
0 197
0 206
0 213
0 266
0 119
0 152
0 156
0 201
0 212
0 222
0 152
0 196
0 208
0 156
0 140
0 179
0 137
0 177
0 157
0 124
0 160
0 142
0 183
0 136
0 150
0 195
0 200
0 243
0 166
0 210
0 133
0 169
0 141
0 117
0 144
0 183
0 200
0 13
0 131
0 32
0 129
0 168
0 181
0 145
0 147
0 192
0 205
0 215
0 224
0 9
0 20
0 135
0 144
0 184
0 141
0 184
0 197
0 207
0 216
0 145
0 184
0 195
0 205
0 228
0 33
0 145
0 186
0 198
0 208
0 139
0 182
0 194
0 136
0 176
0 188
0 198
0 158
0 147
0 187
0 199
0 210
0 151
0 139
0 184
0 196
0 206
0 11
0 294
0 135
0 175
0 187
0 197
0 206
0 150
0 193
0 205
0 215
0 147
0 152
0 195
0 149
0 46870
0 46921
0 46937
0 46949
0 115
0 147
0 158
0 224
0 242
0 252
0 261
0 270
0 279
0 288
0 296
0 317
0 337
0 352
0 366
0 381
0 394
0 412
0 422
0 431
0 440
0 448
0 457
0 466
0 474
0 483
0 492
0 501
0 510
0 42
0 159
0 8
0 19
0 29
0 38
0 316
0 364
0 53
0 14
0 125
0 160
0 172
0 138
0 180
0 193
0 142
0 180
0 192
0 202
0 152
0 199
0 146
0 185
0 197
0 207
0 161
0 211
0 225
0 12
0 140
0 180
0 192
0 11
0 154
0 195
0 208
0 218
0 228
0 153
0 197
0 147
0 186
0 119
0 153
0 148
0 192
0 155
0 139
0 181
0 193
0 204
0 213
0 223
0 140
0 179
0 192
0 201
0 212
0 221
0 208
0 39
0 144
0 182
0 195
0 139
0 183
0 151
0 193
0 151
0 193
0 206
0 217
0 229
0 293
0 315
0 325
0 334
0 343
0 151
0 142
0 192
0 13
0 151
0 133
0 173
0 9
0 20
0 296
0 463
0 113
0 146
0 157
0 167
0 176
0 152
0 192
0 204
0 12
0 147
0 188
0 167
0 221
0 10
0 69
0 148
0 188
0 200
0 148
0 35
0 135
0 30
0 47
0 146
0 186
0 199
0 209
0 154
0 147
0 147
0 187
0 199
0 146
0 187
0 200
0 150
0 193
0 149
0 138
0 181
0 194
0 204
0 146
0 187
0 199
0 209
0 149
0 193
0 205
0 143
0 182
0 194
0 204
0 214
0 139
0 120
0 144
0 184
0 149
0 192
0 204
0 213
0 142
0 183
0 196
0 141
0 186
0 200
0 211
0 17
0 148
0 188
0 147
0 191
0 204
0 143
0 185
0 146
0 188
0 149
0 192
0 204
0 131
0 172
0 184
0 9
0 20
0 140
0 183
0 195
0 205
0 215
0 143
0 182
0 195
0 145
0 188
0 201
0 211
0 151
0 224
0 275
0 292
0 140
0 180
0 192
0 202
0 212
0 139
0 181
0 193
0 204
0 215
0 139
0 179
0 192
0 201
0 152
0 197
0 209
0 219
0 230
0 149
0 222
0 250
0 19
0 129
0 210
0 142
0 185
0 197
0 207
0 217
0 226
0 138
0 177
0 191
0 201
0 150
0 147
0 143
0 184
0 196
0 157
0 189
0 33
0 144
0 184
0 196
0 153
0 198
0 146
0 186
0 198
0 209
0 143
0 183
0 197
0 242
0 137
0 144
0 183
0 147
0 190
0 140
0 179
0 191
0 202
0 212
0 139
0 146
0 190
0 202
0 147
0 185
0 198
0 153
0 197
0 209
0 218
0 144
0 124
0 159
0 19
0 152
0 197
0 148
0 188
0 200
0 210
0 159
0 132
0 146
0 186
0 198
0 148
0 192
0 205
0 142
0 184
0 197
0 207
0 217
0 145
0 187
0 199
0 152
0 134
0 172
0 184
0 194
0 204
0 213
0 174
0 289
0 317
0 327
0 336
0 149
0 193
0 205
0 139
0 179
0 192
0 202
0 212
0 154
0 43
0 61
0 144
0 183
0 194
0 203
0 140
0 139
0 178
0 190
0 200
0 139
0 183
0 195
0 153
0 194
0 207
0 217
0 144
0 189
0 202
0 148
0 125
0 162
0 13
0 148
0 193
0 145
0 185
0 197
0 11
0 145
0 187
0 201
0 221
0 347
0 373
0 120
0 152
0 163
0 151
0 191
0 150
0 193
0 205
0 215
0 225
0 146
0 185
0 197
0 149
0 192
0 163
0 34
0 161
0 199
0 242
0 152
0 193
0 205
0 214
0 151
0 192
0 204
0 228
0 280
0 293
0 137
0 176
0 188
0 198
0 207
0 139
0 181
0 139
0 178
0 190
0 141
0 185
0 197
0 144
0 143
0 185
0 197
0 11
0 144
0 184
0 197
0 206
0 11
0 155
0 141
0 187
0 205
0 215
0 224
0 138
0 179
0 191
0 202
0 212
0 184
0 131
0 219
0 247
0 145
0 146
0 186
0 199
0 149
0 191
0 204
0 147
0 186
0 199
0 209
0 148
0 191
0 204
0 149
0 190
0 203
0 152
0 196
0 209
0 219
0 229
0 153
0 239
0 116
0 151
0 162
0 172
0 181
0 147
0 190
0 202
0 151
0 205
0 142
0 182
0 147
0 186
0 144
0 183
0 145
0 146
0 186
0 203
0 249
0 260
0 269
0 278
0 287
0 152
0 197
0 210
0 144
0 184
0 195
0 153
0 198
0 131
0 169
0 154
0 124
0 161
0 173
0 145
0 188
0 194
0 257
0 280
0 298
0 158
0 35
0 151
0 152
0 193
0 171
0 212
0 224
0 149
0 188
0 202
0 145
0 185
0 143
0 185
0 197
0 208
0 150
0 192
0 146
0 144
0 183
0 195
0 145
0 185
0 198
0 147
0 188
0 157
0 200
0 157
0 201
0 213
0 224
0 9
0 27
0 36
0 45
0 145
0 184
0 137
0 178
0 191
0 200
0 210
0 219
0 228
0 237
0 141
0 183
0 196
0 205
0 215
0 206
0 250
0 263
0 178
0 215
0 158
0 263
0 282
0 142
0 184
0 196
0 206
0 158
0 153
0 141
0 185
0 12
0 146
0 150
0 189
0 158
0 150
0 195
0 207
0 142
0 182
0 153
0 197
0 158
0 145
0 184
0 196
0 207
0 142
0 185
0 114
0 150
0 162
0 151
0 151
0 195
0 209
0 219
0 126
0 161
0 137
0 181
0 198
0 13
0 136
0 237
0 135
0 34
0 109
0 147
0 213
0 228
0 145
0 184
0 135
0 173
0 187
0 157
0 146
0 185
0 198
0 207
0 217
0 157
0 206
0 219
0 147
0 187
0 200
0 155
0 145
0 185
0 198
0 209
0 148
0 190
0 202
0 212
0 151
0 193
0 151
0 195
0 147
0 189
0 201
0 211
0 220
0 229
0 239
0 146
0 189
0 201
0 152
0 141
0 184
0 196
0 207
0 217
0 226
0 167
0 216
0 230
0 242
0 16
0 149
0 192
0 149
0 189
0 201
0 211
0 221
0 181
0 450
0 500
0 125
0 30
0 46
0 60
0 158
0 151
0 193
0 139
0 177
0 189
0 199
0 209
0 219
0 152
0 197
0 155
0 113
0 146
0 157
0 167
0 153
0 195
0 207
0 217
0 149
0 188
0 201
0 215
0 266
0 281
0 151
0 192
0 204
0 214
0 143
0 188
0 113
0 144
0 155
0 134
0 174
0 187
0 159
0 173
0 147
0 186
0 152
0 193
0 205
0 216
0 150
0 195
0 152
0 196
0 208
0 218
0 227
0 143
0 185
0 197
0 206
0 216
0 152
0 200
0 147
0 187
0 199
0 209
0 219
0 11
0 133
0 173
0 185
0 150
0 192
0 234
0 116
0 149
0 146
0 186
0 199
0 148
0 143
0 182
0 194
0 204
0 213
0 223
0 154
0 148
0 186
0 198
0 151
0 194
0 206
0 216
0 225
0 235
0 140
0 184
0 12
0 145
0 185
0 196
0 153
0 196
0 208
0 218
0 146
0 187
0 199
0 187
0 232
0 12
0 149
0 120
0 153
0 15
0 150
0 144
0 183
0 159
0 35
0 166
0 212
0 150
0 237
0 264
0 199
0 141
0 183
0 133
0 173
0 185
0 194
0 204
0 148
0 191
0 203
0 145
0 186
0 198
0 139
0 182
0 194
0 205
0 214
0 124
0 158
0 169
0 146
0 186
0 141
0 184
0 195
0 205
0 214
0 151
0 190
0 203
0 140
0 183
0 195
0 206
0 216
0 226
0 145
0 184
0 151
0 143
0 184
0 148
0 146
0 185
0 197
0 150
0 191
0 203
0 150
0 192
0 204
0 214
0 146
0 187
0 199
0 144
0 187
0 199
0 143
0 183
0 195
0 185
0 134
0 143
0 182
0 195
0 204
0 213
0 222
0 149
0 193
0 205
0 215
0 153
0 195
0 207
0 148
0 189
0 201
0 211
0 137
0 180
0 192
0 202
0 212
0 221
0 231
0 387
0 427
0 439
0 448
0 458
0 467
0 143
0 183
0 195
0 205
0 147
0 164
0 204
0 141
0 179
0 192
0 190
0 241
0 255
0 12
0 133
0 229
0 288
0 302
0 146
0 190
0 146
0 187
0 199
0 209
0 219
0 229
0 151
0 196
0 146
0 188
0 201
0 155
0 140
0 182
0 193
0 203
0 147
0 190
0 203
0 144
0 186
0 199
0 209
0 218
0 227
0 11
0 151
0 191
0 146
0 188
0 200
0 211
0 11
0 137
0 175
0 188
0 198
0 208
0 166
0 115
0 148
0 159
0 168
0 150
0 196
0 254
0 315
0 328
0 147
0 187
0 144
0 184
0 158
0 35
0 143
0 182
0 194
0 145
0 188
0 201
0 150
0 146
0 190
0 202
0 212
0 222
0 231
0 241
0 146
0 186
0 199
0 209
0 220
0 149
0 139
0 179
0 192
0 202
0 165
0 45
0 62
0 145
0 185
0 197
0 75
0 137
0 149
0 188
0 200
0 209
0 222
0 147
0 187
0 203
0 247
0 130
0 173
0 187
0 117
0 149
0 160
0 147
0 189
0 204
0 247
0 259
0 202
0 249
0 292
0 361
0 123
0 157
0 168
0 145
0 185
0 197
0 207
0 217
0 152
0 193
0 205
0 152
0 193
0 205
0 215
0 152
0 195
0 208
0 219
0 144
0 231
0 255
0 147
0 191
0 203
0 149
0 189
0 202
0 212
0 156
0 141
0 193
0 178
0 146
0 190
0 203
0 213
0 222
0 11
0 131
0 162
0 149
0 136
0 178
0 13
0 144
0 184
0 195
0 153
0 198
0 211
0 147
0 188
0 200
0 210
0 155
0 205
0 139
0 14
0 136
0 178
0 190
0 200
0 209
0 147
0 150
0 190
0 202
0 157
0 131
0 168
0 15
0 156
0 199
0 211
0 222
0 146
0 186
0 198
0 207
0 143
0 185
0 197
0 164
0 269
0 121
0 154
0 166
0 145
0 188
0 199
0 209
0 136
0 173
0 113
0 267
0 303
0 329
0 146
0 34
0 71
0 151
0 143
0 182
0 194
0 204
0 149
0 191
0 198
0 151
0 151
0 194
0 206
0 217
0 227
0 144
0 185
0 197
0 136
0 181
0 124
0 156
0 151
0 256
0 281
0 157
0 140
0 138
0 178
0 190
0 199
0 209
0 200
0 260
0 273
0 284
0 148
0 116
0 149
0 161
0 170
0 180
0 145
0 187
0 149
0 192
0 130
0 167
0 179
0 191
0 231
0 249
0 15
0 155
0 128
0 162
0 152
0 196
0 209
0 219
0 228
0 146
0 188
0 200
0 154
0 149
0 191
0 204
0 160
0 52
0 151
0 109
0 161
0 177
0 151
0 38
0 55
0 65
0 79
0 140
0 179
0 192
0 201
0 210
0 220
0 142
0 184
0 11
0 149
0 193
0 137
0 176
0 189
0 199
0 150
0 195
0 135
0 200
0 247
0 152
0 146
0 185
0 197
0 158
0 200
0 13
0 145
0 188
0 143
0 183
0 147
0 191
0 203
0 151
0 151
0 40
0 145
0 183
0 149
0 188
0 200
0 151
0 142
0 184
0 196
0 206
0 216
0 12
0 155
0 202
0 16
0 149
0 187
0 199
0 298
0 375
0 394
0 405
0 111
0 143
0 154
0 132
0 174
0 11
0 138
0 178
0 196
0 210
0 14
0 125
0 160
0 11
0 130
0 167
0 178
0 133
0 172
0 184
0 193
0 203
0 147
0 193
0 206
0 11
0 169
0 217
0 125
0 160
0 149
0 143
0 181
0 221
0 232
0 241
0 152
0 196
0 209
0 219
0 229
0 142
0 181
0 193
0 138
0 181
0 192
0 203
0 142
0 182
0 195
0 205
0 215
0 224
0 146
0 191
0 204
0 147
0 139
0 184
0 197
0 208
0 9
0 19
0 29
0 176
0 225
0 235
0 305
0 13
0 145
0 188
0 200
0 210
0 142
0 182
0 195
0 205
0 215
0 197
0 245
0 259
0 270
0 12
0 146
0 188
0 151
0 193
0 205
0 134
0 174
0 187
0 197
0 207
0 217
0 156
0 201
0 213
0 222
0 231
0 8
0 24
0 151
0 143
0 182
0 194
0 204
0 146
0 189
0 149
0 190
0 152
0 196
0 209
0 146
0 186
0 156
0 200
0 212
0 222
0 153
0 196
0 208
0 219
0 229
0 145
0 186
0 162
0 37
0 141
0 179
0 191
0 202
0 211
0 221
0 139
0 178
0 190
0 11
0 151
0 141
0 184
0 196
0 144
0 184
0 196
0 277
0 347
0 107
0 140
0 151
0 195
0 143
0 182
0 195
0 200
0 137
0 176
0 188
0 198
0 207
0 145
0 32
0 137
0 181
0 194
0 11
0 161
0 210
0 224
0 235
0 246
0 194
0 241
0 252
0 261
0 160
0 133
0 171
0 183
0 194
0 203
0 148
0 187
0 200
0 139
0 180
0 193
0 203
0 213
0 11
0 149
0 192
0 203
0 214
0 146
0 145
0 185
0 149
0 193
0 149
0 151
0 269
0 142
0 181
0 193
0 134
0 175
0 186
0 197
0 206
0 154
0 197
0 209
0 147
0 195
0 17
0 139
0 181
0 193
0 204
0 213
0 222
0 11
0 148
0 189
0 148
0 191
0 203
0 156
0 35
0 135
0 174
0 185
0 196
0 205
0 148
0 191
0 203
0 137
0 149
0 191
0 150
0 149
0 192
0 173
0 215
0 228
0 147
0 189
0 202
0 150
0 192
0 205
0 215
0 147
0 190
0 203
0 142
0 183
0 195
0 145
0 186
0 142
0 38
0 55
0 152
0 192
0 205
0 215
0 9
0 20
0 140
0 184
0 197
0 9
0 20
0 149
0 194
0 9
0 28
0 38
0 145
0 185
0 198
0 208
0 146
0 190
0 202
0 212
0 221
0 231
0 240
0 249
0 148
0 190
0 203
0 214
0 141
0 184
0 196
0 206
0 145
0 139
0 177
0 169
0 214
0 143
0 182
0 194
0 204
0 145
0 189
0 151
0 192
0 148
0 187
0 199
0 208
0 218
0 148
0 142
0 181
0 151
0 195
0 207
0 218
0 144
0 184
0 134
0 177
0 189
0 198
0 207
0 216
0 11
0 142
0 180
0 134
0 178
0 191
0 11
0 233
0 297
0 325
0 26
0 146
0 175
0 145
0 36
0 146
0 189
0 149
0 190
0 202
0 212
0 141
0 183
0 195
0 205
0 215
0 146
0 189
0 146
0 190
0 202
0 213
0 178
0 242
0 264
0 39
0 146
0 187
0 196
0 236
0 145
0 189
0 201
0 211
0 220
0 230
0 147
0 147
0 127
0 149
0 189
0 202
0 153
0 198
0 210
0 145
0 186
0 140
0 183
0 195
0 205
0 214
0 224
0 139
0 181
0 194
0 203
0 214
0 150
0 144
0 187
0 199
0 210
0 142
0 180
0 192
0 202
0 201
0 247
0 260
0 11
0 23
0 156
0 202
0 214
0 223
0 140
0 144
0 184
0 196
0 207
0 149
0 194
0 207
0 142
0 181
0 193
0 203
0 149
0 192
0 204
0 215
0 150
0 190
0 203
0 153
0 194
0 206
0 146
0 190
0 202
0 153
0 158
0 204
0 216
0 227
0 237
0 142
0 132
0 170
0 130
0 167
0 12
0 184
0 228
0 241
0 144
0 185
0 197
0 207
0 217
0 151
0 199
0 212
0 224
0 139
0 179
0 192
0 202
0 12
0 138
0 179
0 191
0 11
0 157
0 201
0 214
0 224
0 146
0 186
0 198
0 124
0 163
0 174
0 184
0 192
0 202
0 149
0 192
0 205
0 216
0 139
0 181
0 150
0 197
0 208
0 127
0 195
0 145
0 184
0 197
0 207
0 142
0 184
0 196
0 206
0 215
0 224
0 144
0 182
0 193
0 146
0 144
0 183
0 148
0 189
0 201
0 151
0 196
0 208
0 151
0 213
0 165
0 211
0 140
0 181
0 193
0 202
0 153
0 196
0 209
0 141
0 310
0 348
0 383
0 395
0 405
0 147
0 187
0 144
0 187
0 199
0 210
0 219
0 229
0 150
0 189
0 201
0 140
0 183
0 194
0 204
0 215
0 144
0 130
0 114
0 145
0 132
0 173
0 140
0 108
0 143
0 153
0 117
0 151
0 162
0 171
0 180
0 188
0 128
0 250
0 144
0 183
0 195
0 142
0 188
0 201
0 10
0 21
0 143
0 182
0 195
0 145
0 184
0 196
0 206
0 145
0 189
0 200
0 211
0 220
0 229
0 145
0 188
0 153
0 194
0 206
0 216
0 227
0 141
0 184
0 197
0 207
0 217
0 227
0 148
0 190
0 202
0 213
0 153
0 199
0 211
0 130
0 167
0 15
0 152
0 153
0 186
0 122
0 15
0 119
0 151
0 8
0 19
0 133
0 172
0 183
0 191
0 128
0 163
0 174
0 143
0 187
0 134
0 174
0 186
0 195
0 150
0 134
0 174
0 186
0 196
0 146
0 186
0 149
0 191
0 202
0 149
0 193
0 12
0 142
0 183
0 197
0 208
0 11
0 153
0 143
0 182
0 194
0 140
0 182
0 194
0 204
0 213
0 222
0 234
0 31
0 140
0 183
0 196
0 207
0 140
0 181
0 193
0 203
0 212
0 136
0 180
0 193
0 149
0 144
0 184
0 196
0 206
0 142
0 181
0 8
0 20
0 136
0 174
0 115
0 200
0 221
0 118
0 106
0 137
0 147
0 14
0 24
0 134
0 172
0 182
0 9
0 18
0 154
0 144
0 184
0 196
0 204
0 249
0 260
0 270
0 11
0 146
0 188
0 200
0 211
0 152
0 138
0 177
0 189
0 225
0 236
0 155
0 202
0 274
0 289
0 145
0 185
0 197
0 151
0 195
0 142
0 182
0 194
0 205
0 214
0 224
0 151
0 145
0 185
0 198
0 138
0 180
0 192
0 201
0 211
0 221
0 138
0 177
0 190
0 200
0 362
0 18
0 150
0 144
0 188
0 201
0 11
0 143
0 182
0 154
0 198
0 209
0 144
0 185
0 146
0 189
0 150
0 190
0 203
0 212
0 222
0 145
0 185
0 198
0 144
0 186
0 198
0 209
0 11
0 149
0 189
0 202
0 150
0 138
0 177
0 190
0 201
0 12
0 156
0 201
0 213
0 223
0 233
0 149
0 193
0 254
0 149
0 188
0 201
0 210
0 221
0 141
0 187
0 199
0 210
0 219
0 9
0 20
0 173
0 223
0 236
0 246
0 8
0 19
0 151
0 149
0 191
0 203
0 143
0 186
0 139
0 178
0 191
0 201
0 143
0 186
0 198
0 208
0 218
0 227
0 238
0 144
0 184
0 195
0 146
0 189
0 202
0 150
0 189
0 201
0 211
0 150
0 193
0 206
0 216
0 156
0 198
0 210
0 220
0 231
0 148
0 194
0 206
0 143
0 146
0 189
0 135
0 176
0 250
0 292
0 147
0 188
0 123
0 158
0 148
0 194
0 209
0 221
0 232
0 242
0 253
0 136
0 179
0 191
0 201
0 143
0 182
0 193
0 203
0 145
0 189
0 200
0 211
0 220
0 229
0 148
0 144
0 183
0 195
0 205
0 277
0 324
0 137
0 175
0 188
0 198
0 208
0 218
0 145
0 189
0 201
0 201
0 157
0 204
0 152
0 144
0 184
0 146
0 33
0 150
0 196
0 152
0 194
0 206
0 217
0 205
0 151
0 192
0 145
0 402
0 146
0 185
0 197
0 207
0 138
0 180
0 192
0 203
0 152
0 201
0 343
0 377
0 144
0 182
0 194
0 204
0 214
0 224
0 146
0 188
0 200
0 145
0 187
0 199
0 209
0 218
0 229
0 140
0 183
0 196
0 206
0 215
0 224
0 141
0 184
0 196
0 142
0 182
0 183
0 225
0 144
0 144
0 186
0 199
0 208
0 219
0 228
0 159
0 36
0 153
0 194
0 206
0 184
0 244
0 258
0 150
0 141
0 180
0 151
0 136
0 175
0 12
0 140
0 180
0 145
0 188
0 200
0 210
0 221
0 230
0 143
0 181
0 193
0 138
0 179
0 191
0 202
0 277
0 40
0 118
0 150
0 110
0 141
0 141
0 139
0 177
0 188
0 197
0 206
0 142
0 181
0 147
0 191
0 203
0 188
0 233
0 245
0 255
0 151
0 195
0 148
0 188
0 200
0 210
0 145
0 190
0 203
0 213
0 223
0 233
0 242
0 150
0 193
0 205
0 151
0 193
0 328
0 119
0 142
0 183
0 196
0 12
0 153
0 197
0 154
0 146
0 190
0 203
0 213
0 224
0 147
0 186
0 158
0 203
0 12
0 144
0 186
0 198
0 209
0 15
0 28
0 147
0 192
0 205
0 217
0 151
0 195
0 232
0 34
0 50
0 149
0 190
0 202
0 140
0 183
0 195
0 204
0 215
0 153
0 197
0 209
0 219
0 149
0 189
0 202
0 212
0 179
0 236
0 255
0 151
0 190
0 202
0 213
0 145
0 191
0 203
0 214
0 224
0 201
0 243
0 150
0 194
0 156
0 152
0 196
0 146
0 191
0 203
0 213
0 223
0 234
0 151
0 191
0 144
0 186
0 197
0 148
0 187
0 200
0 165
0 218
0 232
0 123
0 160
0 173
0 11
0 170
0 216
0 227
0 236
0 149
0 192
0 204
0 214
0 144
0 185
0 142
0 184
0 196
0 207
0 217
0 152
0 192
0 125
0 39
0 146
0 190
0 202
0 213
0 223
0 171
0 226
0 116
0 150
0 161
0 150
0 150
0 191
0 203
0 150
0 189
0 202
0 212
0 223
0 52
0 81
0 91
0 115
0 147
0 158
0 167
0 176
0 161
0 206
0 148
0 133
0 145
0 188
0 200
0 203
0 156
0 154
0 161
0 199
0 140
0 184
0 198
0 148
0 192
0 234
0 246
0 255
0 264
0 147
0 188
0 200
0 137
0 182
0 194
0 204
0 11
0 111
0 143
0 155
0 165
0 146
0 188
0 200
0 210
0 219
0 146
0 185
0 197
0 140
0 135
0 175
0 184
0 152
0 148
0 193
0 211
0 142
0 178
0 134
0 170
0 187
0 200
0 12
0 28
0 111
0 29
0 117
0 148
0 9
0 108
0 142
0 152
0 144
0 174
0 130
0 169
0 125
0 159
0 171
0 180
0 188
0 197
0 10
0 114
0 151
0 162
0 146
0 111
0 143
0 132
0 166
0 177
0 149
0 192
0 204
0 214
0 148
0 189
0 201
0 110
0 141
0 14
0 122
0 124
0 162
0 172
0 144
0 182
0 194
0 204
0 131
0 228
0 240
0 250
0 258
0 267
0 142
0 184
0 197
0 206
0 168
0 166
0 211
0 9
0 25
0 35
0 152
0 197
0 238
0 251
0 151
0 143
0 182
0 194
0 205
0 150
0 193
0 143
0 184
0 196
0 206
0 217
0 227
0 236
0 103
0 145
0 186
0 147
0 191
0 202
0 126
0 163
0 175
0 185
0 194
0 9
0 19
0 147
0 189
0 201
0 193
0 156
0 198
0 209
0 162
0 140
0 185
0 196
0 206
0 215
0 224
0 136
0 175
0 187
0 198
0 208
0 155
0 200
0 152
0 147
0 144
0 182
0 193
0 10
0 132
0 131
0 128
0 222
0 107
0 141
0 151
0 160
0 168
0 12
0 23
0 147
0 189
0 205
0 142
0 181
0 193
0 202
0 213
0 222
0 232
0 152
0 194
0 206
0 216
0 151
0 190
0 202
0 150
0 134
0 173
0 184
0 194
0 8
0 19
0 150
0 193
0 134
0 171
0 183
0 162
0 215
0 229
0 240
0 251
0 143
0 186
0 198
0 208
0 218
0 164
0 206
0 385
0 414
0 426
0 145
0 186
0 144
0 184
0 196
0 141
0 183
0 196
0 206
0 216
0 150
0 192
0 205
0 141
0 183
0 195
0 206
0 159
0 200
0 213
0 150
0 193
0 277
0 146
0 186
0 198
0 150
0 192
0 204
0 213
0 146
0 148
0 187
0 200
0 210
0 221
0 143
0 186
0 198
0 208
0 148
0 148
0 192
0 204
0 214
0 224
0 152
0 194
0 206
0 144
0 185
0 198
0 209
0 218
0 228
0 237
0 168
0 210
0 223
0 234
0 244
0 152
0 172
0 218
0 230
0 147
0 185
0 197
0 146
0 190
0 203
0 213
0 222
0 231
0 241
0 156
0 198
0 146
0 190
0 140
0 179
0 191
0 201
0 211
0 221
0 147
0 191
0 202
0 212
0 221
0 139
0 177
0 190
0 138
0 181
0 193
0 203
0 43
0 167
0 147
0 148
0 184
0 143
0 184
0 197
0 147
0 191
0 150
0 145
0 184
0 145
0 189
0 201
0 211
0 221
0 141
0 181
0 194
0 205
0 215
0 139
0 183
0 196
0 9
0 20
0 137
0 179
0 191
0 201
0 211
0 221
0 10
0 142
0 185
0 148
0 189
0 201
0 212
0 147
0 191
0 203
0 214
0 152
0 193
0 205
0 215
0 225
0 147
0 192
0 204
0 155
0 148
0 193
0 158
0 203
0 140
0 180
0 129
0 32
0 49
0 149
0 194
0 206
0 216
0 152
0 193
0 207
0 154
0 159
0 206
0 221
0 143
0 188
0 154
0 201
0 215
0 12
0 132
0 175
0 115
0 146
0 157
0 166
0 176
0 221
0 269
0 280
0 290
0 11
0 144
0 184
0 196
0 207
0 217
0 226
0 235
0 161
0 206
0 53
0 69
0 79
0 138
0 182
0 193
0 203
0 212
0 221
0 138
0 178
0 190
0 200
0 210
0 220
0 149
0 303
0 321
0 332
0 150
0 192
0 133
0 150
0 191
0 150
0 192
0 204
0 143
0 187
0 144
0 183
0 136
0 178
0 191
0 201
0 152
0 192
0 258
0 15
0 143
0 202
0 125
0 159
0 170
0 145
0 187
0 148
0 193
0 206
0 217
0 227
0 236
0 207
0 254
0 138
0 179
0 192
0 202
0 211
0 180
0 240
0 254
0 264
0 112
0 145
0 156
0 165
0 174
0 183
0 142
0 184
0 196
0 206
0 142
0 181
0 194
0 204
0 165
0 219
0 236
0 148
0 192
0 205
0 149
0 190
0 203
0 153
0 199
0 212
0 143
0 188
0 212
0 129
0 139
0 177
0 189
0 199
0 208
0 218
0 227
0 236
0 154
0 199
0 211
0 222
0 288
0 145
0 191
0 205
0 138
0 180
0 192
0 144
0 186
0 199
0 209
0 148
0 191
0 204
0 147
0 187
0 204
0 124
0 161
0 173
0 183
0 150
0 191
0 204
0 215
0 151
0 148
0 189
0 257
0 287
0 307
0 334
0 149
0 189
0 201
0 211
0 222
0 151
0 194
0 122
0 158
0 170
0 11
0 151
0 192
0 205
0 215
0 225
0 142
0 186
0 199
0 209
0 218
0 228
0 11
0 156
0 199
0 145
0 185
0 198
0 148
0 191
0 203
0 199
0 240
0 252
0 262
0 154
0 200
0 214
0 224
0 150
0 142
0 182
0 193
0 163
0 209
0 12
0 146
0 188
0 200
0 210
0 149
0 244
0 150
0 190
0 202
0 212
0 222
0 141
0 181
0 194
0 204
0 214
0 147
0 189
0 201
0 144
0 190
0 16
0 143
0 181
0 193
0 249
0 159
0 202
0 221
0 125
0 161
0 173
0 182
0 151
0 132
0 170
0 183
0 193
0 203
0 181
0 231
0 199
0 245
0 257
0 266
0 134
0 171
0 183
0 192
0 124
0 165
0 177
0 186
0 310
0 164
0 204
0 158
0 199
0 212
0 223
0 140
0 184
0 197
0 208
0 217
0 227
0 142
0 185
0 196
0 206
0 149
0 173
0 149
0 33
0 143
0 182
0 195
0 143
0 128
0 151
0 147
0 190
0 202
0 164
0 143
0 184
0 198
0 144
0 188
0 201
0 212
0 221
0 152
0 192
0 205
0 145
0 189
0 201
0 211
0 222
0 154
0 154
0 200
0 289
0 327
0 208
0 164
0 160
0 154
0 160
0 212
0 167
0 210
0 233
0 159
0 210
0 230
0 46
0 135
0 171
0 108
0 143
0 112
0 143
0 9
0 132
0 173
0 194
0 210
0 125
0 158
0 8
0 17
0 115
0 150
0 233
0 250
0 130
0 168
0 149
0 193
0 205
0 215
0 159
0 204
0 216
0 228
0 238
0 126
0 167
0 179
0 188
0 198
0 136
0 180
0 12
0 125
0 164
0 176
0 20
0 132
0 169
0 181
0 190
0 237
0 12
0 127
0 163
0 175
0 8
0 19
0 156
0 203
0 216
0 226
0 154
0 118
0 155
0 166
0 175
0 185
0 10
0 175
0 222
0 147
0 189
0 13
0 129
0 165
0 147
0 195
0 126
0 143
0 182
0 125
0 167
0 179
0 122
0 155
0 165
0 174
0 245
0 135
0 173
0 165
0 215
0 227
0 153
0 204
0 218
0 227
0 236
0 246
0 12
0 32
0 43
0 149
0 193
0 149
0 192
0 140
0 178
0 191
0 149
0 194
0 206
0 217
0 194
0 235
0 248
0 184
0 149
0 168
0 126
0 163
0 174
0 184
0 193
0 136
0 214
0 227
0 236
0 143
0 140
0 178
0 190
0 142
0 185
0 197
0 208
0 217
0 226
0 236
0 135
0 175
0 149
0 194
0 121
0 157
0 168
0 178
0 8
0 19
0 29
0 41
0 127
0 166
0 100
0 129
0 149
0 196
0 192
0 47816
0 47921
0 47939
0 47949
0 180
0 274
0 307
0 328
0 342
0 356
0 402
0 431
0 442
0 452
0 461
0 469
0 478
0 487
0 618
0 637
0 647
0 657
0 666
0 675
0 684
0 709
0 718
0 734
0 743
0 752
0 761
0 771
0 780
0 65
0 108
0 25
0 136
0 172
0 184
0 182
0 156
0 150
0 517
0 570
0 156
0 145
0 177
0 169
0 224
0 247
0 174
0 229
0 155
0 383
0 122
0 157
0 140
0 182
0 194
0 204
0 215
0 223
0 131
0 171
0 184
0 11
0 122
0 158
0 170
0 179
0 188
0 197
0 206
0 215
0 166
0 220
0 231
0 240
0 249
0 159
0 128
0 162
0 172
0 181
0 164
0 163
0 127
0 162
0 174
0 132
0 173
0 185
0 194
0 116
0 165
0 149
0 193
0 135
0 176
0 12
0 146
0 191
0 203
0 213
0 224
0 160
0 200
0 282
0 294
0 143
0 185
0 197
0 208
0 11
0 218
0 259
0 155
0 36
0 134
0 154
0 33
0 145
0 189
0 138
0 173
0 218
0 147
0 186
0 198
0 208
0 218
0 142
0 180
0 193
0 203
0 227
0 299
0 319
0 335
0 185
0 230
0 241
0 251
0 261
0 270
0 294
0 10
0 144
0 186
0 146
0 187
0 9
0 20
0 158
0 200
0 213
0 150
0 194
0 206
0 180
0 155
0 199
0 147
0 189
0 202
0 144
0 183
0 138
0 177
0 190
0 137
0 31
0 48
0 136
0 179
0 191
0 11
0 143
0 186
0 198
0 208
0 144
0 183
0 204
0 255
0 284
0 304
0 162
0 147
0 187
0 200
0 145
0 191
0 203
0 213
0 222
0 189
0 236
0 247
0 257
0 138
0 178
0 191
0 201
0 210
0 220
0 151
0 195
0 208
0 183
0 247
0 263
0 276
0 298
0 313
0 123
0 163
0 174
0 183
0 192
0 146
0 185
0 198
0 143
0 186
0 123
0 160
0 159
0 205
0 13
0 140
0 183
0 195
0 205
0 142
0 181
0 194
0 119
0 162
0 144
0 191
0 252
0 265
0 12
0 147
0 190
0 145
0 170
0 211
0 135
0 174
0 188
0 190
0 37
0 145
0 185
0 197
0 141
0 184
0 146
0 185
0 197
0 206
0 143
0 188
0 201
0 211
0 221
0 231
0 11
0 151
0 195
0 162
0 202
0 215
0 225
0 234
0 152
0 198
0 143
0 182
0 195
0 150
0 200
0 215
0 10
0 21
0 143
0 183
0 195
0 204
0 214
0 172
0 224
0 238
0 140
0 179
0 191
0 201
0 211
0 148
0 189
0 201
0 211
0 151
0 197
0 210
0 152
0 192
0 205
0 215
0 142
0 239
0 49
0 152
0 192
0 205
0 147
0 191
0 203
0 213
0 223
0 232
0 242
0 143
0 188
0 200
0 211
0 169
0 258
0 325
0 343
0 116
0 148
0 159
0 146
0 186
0 198
0 207
0 143
0 119
0 156
0 168
0 11
0 174
0 213
0 9
0 21
0 200
0 241
0 252
0 261
0 25
0 49
0 151
0 190
0 202
0 213
0 150
0 192
0 204
0 213
0 174
0 213
0 143
0 145
0 188
0 149
0 189
0 202
0 212
0 139
0 183
0 194
0 204
0 149
0 190
0 201
0 147
0 153
0 193
0 206
0 217
0 170
0 229
0 244
0 256
0 145
0 182
0 148
0 188
0 200
0 138
0 181
0 193
0 204
0 214
0 167
0 211
0 224
0 150
0 163
0 269
0 295
0 251
0 293
0 305
0 328
0 149
0 192
0 205
0 215
0 156
0 136
0 174
0 186
0 197
0 169
0 164
0 214
0 142
0 146
0 192
0 206
0 216
0 227
0 238
0 179
0 230
0 242
0 11
0 152
0 195
0 161
0 208
0 221
0 231
0 241
0 146
0 190
0 202
0 211
0 144
0 184
0 197
0 206
0 218
0 262
0 277
0 166
0 172
0 141
0 107
0 163
0 207
0 218
0 12
0 151
0 145
0 189
0 173
0 210
0 222
0 231
0 150
0 195
0 207
0 217
0 142
0 181
0 194
0 153
0 196
0 208
0 121
0 154
0 164
0 146
0 124
0 161
0 173
0 123
0 119
0 111
0 142
0 152
0 161
0 7
0 17
0 127
0 119
0 123
0 118
0 30
0 153
0 197
0 119
0 147
0 189
0 204
0 37
0 70
0 121
0 155
0 131
0 166
0 144
0 114
0 146
0 157
0 9
0 109
0 144
0 136
0 173
0 183
0 8
0 18
0 114
0 146
0 10
0 108
0 147
0 158
0 166
0 174
0 182
0 161
0 215
0 234
0 247
0 145
0 188
0 208
0 227
0 47
0 127
0 168
0 238
0 109
0 108
0 145
0 155
0 8
0 17
0 119
0 151
0 126
0 119
0 119
0 172
0 207
0 128
0 153
0 109
0 143
0 153
0 144
0 116
0 110
0 144
0 154
0 9
0 118
0 155
0 133
0 28
0 42
0 133
0 169
0 179
0 54
0 13
0 109
0 144
0 155
0 163
0 8
0 17
0 26
0 131
0 106
0 139
0 149
0 158
0 9
0 273
0 327
0 112
0 140
0 150
0 158
0 165
0 118
0 153
0 132
0 160
0 169
0 126
0 157
0 9
0 114
0 148
0 143
0 361
0 397
0 408
0 8
0 18
0 135
0 168
0 178
0 186
0 194
0 130
0 109
0 139
0 149
0 7
0 17
0 25
0 149
0 193
0 156
0 198
0 141
0 183
0 139
0 180
0 192
0 202
0 212
0 221
0 230
0 149
0 190
0 185
0 226
0 111
0 145
0 157
0 98
0 126
0 136
0 161
0 200
0 167
0 211
0 224
0 234
0 139
0 151
0 197
0 214
0 227
0 138
0 140
0 32
0 48
0 135
0 174
0 185
0 195
0 154
0 197
0 209
0 220
0 229
0 11
0 152
0 196
0 208
0 162
0 210
0 222
0 234
0 146
0 35
0 130
0 169
0 181
0 191
0 152
0 196
0 209
0 219
0 172
0 215
0 226
0 155
0 199
0 210
0 220
0 230
0 151
0 189
0 149
0 153
0 195
0 207
0 217
0 226
0 183
0 134
0 174
0 185
0 10
0 148
0 189
0 148
0 191
0 203
0 213
0 222
0 147
0 190
0 202
0 213
0 221
0 231
0 136
0 181
0 193
0 204
0 213
0 223
0 11
0 151
0 192
0 204
0 214
0 166
0 122
0 159
0 171
0 11
0 151
0 191
0 159
0 38
0 153
0 197
0 209
0 220
0 143
0 185
0 197
0 207
0 150
0 191
0 193
0 242
0 253
0 263
0 148
0 187
0 199
0 209
0 219
0 135
0 176
0 188
0 198
0 208
0 10
0 180
0 236
0 134
0 166
0 153
0 130
0 166
0 128
0 14
0 148
0 191
0 142
0 181
0 194
0 152
0 149
0 193
0 135
0 175
0 187
0 197
0 207
0 217
0 171
0 216
0 11
0 148
0 188
0 201
0 317
0 370
0 383
0 26
0 127
0 119
0 152
0 145
0 37
0 146
0 189
0 202
0 212
0 222
0 148
0 187
0 199
0 188
0 231
0 244
0 138
0 181
0 11
0 143
0 186
0 141
0 181
0 150
0 205
0 218
0 125
0 158
0 170
0 150
0 191
0 203
0 136
0 178
0 190
0 200
0 148
0 187
0 199
0 148
0 190
0 202
0 212
0 143
0 188
0 201
0 149
0 192
0 204
0 214
0 142
0 183
0 196
0 206
0 216
0 225
0 235
0 32
0 150
0 195
0 207
0 150
0 193
0 205
0 214
0 149
0 190
0 202
0 136
0 178
0 189
0 199
0 208
0 216
0 226
0 149
0 191
0 204
0 214
0 224
0 142
0 181
0 194
0 203
0 213
0 222
0 138
0 185
0 12
0 141
0 181
0 193
0 142
0 185
0 197
0 208
0 217
0 11
0 169
0 211
0 224
0 234
0 141
0 183
0 196
0 133
0 172
0 184
0 194
0 204
0 171
0 141
0 177
0 8
0 19
0 140
0 179
0 125
0 161
0 173
0 10
0 204
0 36
0 228
0 354
0 396
0 420
0 439
0 149
0 191
0 151
0 193
0 204
0 214
0 173
0 222
0 115
0 147
0 158
0 168
0 177
0 150
0 37
0 54
0 216
0 284
0 321
0 353
0 218
0 269
0 282
0 300
0 349
0 135
0 177
0 189
0 199
0 10
0 137
0 176
0 188
0 199
0 147
0 189
0 150
0 192
0 204
0 214
0 340
0 579
0 617
0 628
0 148
0 189
0 145
0 184
0 196
0 206
0 148
0 193
0 206
0 115
0 147
0 141
0 181
0 193
0 203
0 183
0 226
0 238
0 248
0 12
0 145
0 188
0 201
0 10
0 145
0 187
0 199
0 149
0 194
0 255
0 295
0 312
0 130
0 167
0 179
0 189
0 199
0 209
0 217
0 81
0 123
0 160
0 173
0 141
0 184
0 196
0 205
0 215
0 142
0 186
0 198
0 208
0 217
0 226
0 235
0 244
0 143
0 187
0 199
0 209
0 144
0 184
0 147
0 188
0 137
0 179
0 190
0 285
0 335
0 196
0 237
0 248
0 257
0 149
0 188
0 200
0 183
0 272
0 144
0 184
0 196
0 206
0 152
0 148
0 148
0 189
0 201
0 211
0 133
0 174
0 186
0 196
0 205
0 10
0 148
0 191
0 203
0 145
0 183
0 195
0 146
0 185
0 197
0 148
0 191
0 203
0 213
0 222
0 231
0 240
0 248
0 141
0 182
0 194
0 204
0 214
0 156
0 116
0 152
0 163
0 173
0 182
0 151
0 143
0 183
0 195
0 205
0 214
0 149
0 193
0 205
0 216
0 225
0 120
0 157
0 169
0 132
0 166
0 177
0 142
0 182
0 194
0 204
0 155
0 125
0 159
0 136
0 177
0 188
0 198
0 207
0 151
0 197
0 209
0 148
0 147
0 187
0 198
0 169
0 209
0 221
0 152
0 197
0 143
0 183
0 195
0 140
0 182
0 195
0 205
0 215
0 224
0 233
0 145
0 184
0 145
0 189
0 9
0 20
0 231
0 124
0 161
0 173
0 183
0 148
0 190
0 146
0 185
0 198
0 149
0 193
0 204
0 185
0 236
0 255
0 269
0 283
0 152
0 196
0 208
0 154
0 151
0 152
0 193
0 138
0 178
0 190
0 12
0 141
0 183
0 196
0 206
0 216
0 225
0 271
0 350
0 149
0 192
0 147
0 188
0 144
0 186
0 199
0 210
0 187
0 225
0 159
0 122
0 155
0 167
0 176
0 152
0 197
0 210
0 146
0 186
0 198
0 208
0 217
0 226
0 235
0 245
0 148
0 191
0 203
0 213
0 223
0 150
0 193
0 205
0 215
0 225
0 140
0 180
0 193
0 203
0 213
0 146
0 189
0 202
0 212
0 222
0 141
0 184
0 195
0 205
0 158
0 35
0 143
0 184
0 195
0 205
0 147
0 190
0 163
0 145
0 190
0 203
0 213
0 147
0 187
0 131
0 170
0 9
0 21
0 148
0 189
0 61
0 125
0 158
0 150
0 191
0 145
0 189
0 201
0 212
0 221
0 230
0 239
0 152
0 128
0 164
0 137
0 178
0 190
0 200
0 209
0 145
0 204
0 226
0 121
0 154
0 166
0 175
0 185
0 157
0 210
0 68
0 134
0 171
0 12
0 172
0 208
0 220
0 149
0 193
0 205
0 204
0 245
0 257
0 136
0 179
0 191
0 148
0 192
0 204
0 143
0 125
0 161
0 173
0 182
0 9
0 19
0 177
0 232
0 248
0 263
0 322
0 157
0 140
0 180
0 193
0 203
0 142
0 184
0 195
0 205
0 215
0 224
0 233
0 143
0 184
0 139
0 179
0 176
0 125
0 160
0 171
0 182
0 163
0 209
0 148
0 192
0 204
0 139
0 180
0 12
0 164
0 214
0 226
0 236
0 246
0 235
0 301
0 236
0 116
0 149
0 147
0 187
0 198
0 207
0 120
0 159
0 171
0 181
0 190
0 8
0 19
0 29
0 141
0 35
0 52
0 126
0 160
0 172
0 10
0 153
0 197
0 209
0 153
0 194
0 207
0 158
0 207
0 219
0 229
0 134
0 171
0 154
0 199
0 211
0 221
0 150
0 190
0 149
0 191
0 203
0 141
0 182
0 194
0 204
0 214
0 11
0 148
0 191
0 150
0 191
0 204
0 130
0 168
0 180
0 189
0 198
0 208
0 157
0 148
0 191
0 202
0 212
0 222
0 165
0 270
0 290
0 301
0 131
0 153
0 197
0 210
0 219
0 229
0 145
0 184
0 197
0 162
0 129
0 164
0 176
0 147
0 142
0 185
0 199
0 162
0 213
0 230
0 44
0 62
0 145
0 189
0 202
0 146
0 191
0 203
0 214
0 223
0 205
0 249
0 11
0 23
0 143
0 184
0 197
0 206
0 216
0 226
0 235
0 153
0 194
0 206
0 10
0 154
0 127
0 162
0 170
0 34
0 151
0 194
0 153
0 191
0 203
0 148
0 191
0 147
0 187
0 199
0 158
0 203
0 43
0 58
0 72
0 160
0 45
0 148
0 192
0 205
0 215
0 224
0 234
0 243
0 148
0 188
0 200
0 136
0 178
0 190
0 200
0 209
0 218
0 149
0 192
0 146
0 189
0 201
0 211
0 155
0 148
0 187
0 199
0 152
0 14
0 150
0 193
0 206
0 216
0 225
0 149
0 193
0 205
0 151
0 192
0 204
0 214
0 151
0 200
0 133
0 130
0 170
0 182
0 11
0 143
0 182
0 147
0 191
0 203
0 214
0 148
0 188
0 200
0 210
0 220
0 11
0 144
0 188
0 200
0 210
0 220
0 146
0 188
0 147
0 187
0 198
0 208
0 144
0 188
0 200
0 210
0 220
0 148
0 190
0 202
0 149
0 191
0 204
0 148
0 188
0 194
0 238
0 250
0 261
0 153
0 193
0 204
0 214
0 151
0 194
0 207
0 217
0 139
0 177
0 145
0 186
0 159
0 129
0 166
0 156
0 147
0 39
0 55
0 154
0 154
0 200
0 213
0 222
0 9
0 20
0 136
0 143
0 160
0 134
0 168
0 179
0 188
0 219
0 262
0 275
0 118
0 151
0 161
0 171
0 152
0 193
0 206
0 130
0 116
0 148
0 151
0 194
0 206
0 153
0 142
0 180
0 191
0 114
0 146
0 151
0 192
0 204
0 148
0 190
0 202
0 210
0 256
0 268
0 277
0 287
0 297
0 12
0 142
0 189
0 23
0 132
0 170
0 11
0 185
0 225
0 141
0 183
0 196
0 206
0 216
0 170
0 239
0 258
0 12
0 143
0 182
0 194
0 204
0 213
0 223
0 150
0 194
0 206
0 216
0 173
0 221
0 235
0 246
0 152
0 196
0 208
0 217
0 153
0 199
0 211
0 222
0 123
0 163
0 175
0 117
0 152
0 163
0 150
0 191
0 203
0 213
0 223
0 135
0 178
0 191
0 164
0 220
0 148
0 190
0 202
0 145
0 187
0 199
0 140
0 180
0 192
0 203
0 212
0 158
0 203
0 216
0 12
0 148
0 188
0 201
0 148
0 188
0 156
0 157
0 202
0 216
0 228
0 189
0 233
0 148
0 151
0 194
0 206
0 137
0 175
0 186
0 146
0 189
0 200
0 142
0 181
0 193
0 149
0 192
0 203
0 214
0 139
0 179
0 191
0 202
0 212
0 221
0 134
0 177
0 190
0 11
0 156
0 202
0 214
0 159
0 206
0 141
0 182
0 194
0 204
0 11
0 147
0 192
0 205
0 216
0 225
0 234
0 243
0 33
0 146
0 190
0 203
0 213
0 146
0 186
0 198
0 151
0 126
0 162
0 143
0 181
0 48
0 151
0 199
0 217
0 119
0 150
0 115
0 15
0 270
0 211
0 246
0 10
0 107
0 137
0 13
0 123
0 121
