0 23
0 18
0 16
0 21
0 14
0 117
0 116
0 113
0 119
0 133
0 150
0 118
0 119
0 115
0 117
0 116
0 128
0 107
0 104
0 106
0 108
0 106
0 100
0 106
0 111
0 147
0 103
0 12
0 116
0 156
0 135
0 113
0 114
0 118
0 112
0 121
0 111
0 123
0 159
0 139
0 150
0 118
0 131
0 153
0 204
0 115
0 156
0 119
0 124
0 218
0 144
0 181
0 120
0 144
0 114
0 116
0 140
0 12
0 109
0 225
0 258
0 162
0 123
0 114
0 121
0 109
0 117
0 273
0 131
0 146
0 112
0 133
0 158
0 114
0 131
0 125
0 118
0 140
0 175
0 119
0 186
0 109
0 136
0 11
0 124
0 120
0 12
0 105
0 120
0 117
0 150
0 11
0 115
0 12
0 22
0 138
0 120
0 32
0 133
0 124
0 108
0 146
0 144
0 98
0 174
0 117
0 114
0 161
0 121
0 123
0 112
0 116
0 113
0 123
0 124
0 115
0 148
0 160
0 127
0 152
0 111
0 142
0 137
0 128
0 131
0 121
0 128
0 114
0 296
0 136
0 126
0 141
0 185
0 134
0 114
0 159
0 114
0 154
0 198
0 212
0 119
0 112
0 155
0 197
0 178
0 130
0 149
0 191
0 128
0 134
0 142
0 181
0 135
0 112
0 204
0 14
0 122
0 115
0 119
0 114
0 134
0 114
0 132
0 136
0 91
0 12
0 133
0 182
0 135
0 110
0 135
0 134
0 150
0 132
0 124
0 128
0 133
0 118
0 124
0 117
0 112
0 118
0 117
0 156
0 115
0 134
0 207
0 14
0 116
0 132
0 116
0 11
0 111
0 120
0 131
0 137
0 140
0 138
0 81
0 141
0 164
0 119
0 197
0 187
0 158
0 162
0 45
0 103
0 149
0 187
0 136
0 161
0 133
0 14
0 148
0 137
0 141
0 112
0 113
0 135
0 127
0 111
0 130
0 164
0 159
0 46
0 122
0 118
0 155
0 140
0 111
0 168
0 113
0 143
0 132
0 106
0 11
0 22
0 108
0 128
0 23
0 133
0 160
0 169
0 132
0 182
0 136
0 128
0 137
0 149
0 129
0 13
0 123
0 158
0 221
0 140
0 181
0 12
0 129
0 168
0 209
0 121
0 127
0 163
0 160
0 122
0 158
0 125
0 127
0 169
0 128
0 124
0 158
0 137
0 161
0 173
0 163
0 198
0 129
0 126
0 14
0 137
0 129
0 146
0 163
0 124
0 127
0 126
0 134
0 412
0 177
0 124
0 125
0 138
0 166
0 247
0 145
0 127
0 214
0 152
0 146
0 146
0 147
0 195
0 127
0 135
0 39
0 149
0 148
0 190
0 146
0 282
0 18
0 172
0 181
0 160
0 138
0 153
0 248
0 35
0 141
0 136
0 137
0 14
0 150
0 148
0 190
0 158
0 35
0 148
0 145
0 189
0 15
0 147
0 221
0 165
0 214
0 143
0 162
0 208
0 165
0 214
0 171
0 146
0 16
0 187
0 19
0 163
0 208
0 173
0 160
0 204
0 175
0 143
0 145
0 153
0 142
0 185
0 146
0 145
0 16
0 145
0 184
0 141
0 182
0 175
0 227
0 250
0 169
0 169
0 205
0 43
0 169
0 218
0 265
0 278
0 169
0 207
0 204
0 176
0 172
0 223
0 237
0 180
0 201
0 145
0 174
0 36
0 177
0 231
0 151
0 195
0 238
0 10
0 167
0 214
0 233
0 210
0 259
0 169
0 214
0 176
0 195
0 176
0 176
0 172
0 165
0 213
0 168
0 169
0 151
0 166
0 210
0 224
0 171
0 164
0 209
0 167
0 155
0 198
0 220
0 211
0 160
0 131
0 128
0 192
0 151
0 142
0 200
0 254
0 145
0 172
0 159
0 165
0 230
0 271
0 142
0 167
0 211
0 169
0 162
0 143
0 219
0 266
0 142
0 175
0 224
0 187
0 224
0 162
0 145
0 166
0 214
0 219
0 175
0 214
0 194
0 171
0 156
0 205
0 167
0 246
0 139
0 180
0 183
0 238
0 168
0 184
0 284
0 171
0 170
0 174
0 160
0 170
0 174
0 175
0 171
0 188
0 229
0 160
0 205
0 181
0 170
0 181
0 17
0 145
0 148
0 163
0 166
0 214
0 173
0 17
0 167
0 214
0 171
0 216
0 164
0 212
0 242
0 290
0 149
0 174
0 164
0 162
0 180
0 16
0 160
0 152
0 179
0 15
0 31
0 165
0 213
0 227
0 141
0 175
0 167
0 217
0 230
0 169
0 149
0 175
0 147
0 161
0 207
0 220
0 170
0 220
0 169
0 170
0 220
0 168
0 214
0 175
0 166
0 214
0 228
0 162
0 212
0 173
0 172
0 134
0 178
0 191
0 152
0 173
0 219
0 174
0 193
0 254
0 163
0 167
0 214
0 227
0 170
0 148
0 173
0 162
0 206
0 173
0 145
0 142
0 169
0 144
0 170
0 165
0 212
0 227
0 274
0 164
0 174
0 167
0 170
0 217
0 150
0 165
0 210
0 169
0 161
0 206
0 219
0 161
0 210
0 11
0 157
0 203
0 146
0 148
0 172
0 164
0 213
0 176
0 170
0 160
0 207
0 171
0 172
0 169
0 198
0 250
0 169
0 170
0 166
0 167
0 212
0 226
0 166
0 214
0 167
0 169
0 219
0 232
0 167
0 171
0 218
0 146
0 167
0 300
0 16
0 248
0 325
0 158
0 18
0 152
0 448
0 166
0 210
0 175
0 167
0 163
0 209
0 167
0 167
0 215
0 172
0 164
0 213
0 168
0 158
0 171
0 224
0 10
0 165
0 168
0 160
0 204
0 218
0 151
0 200
0 167
0 167
0 216
0 159
0 203
0 167
0 170
0 147
0 161
0 33
0 52
0 157
0 41
0 169
0 170
0 219
0 146
0 36
0 148
0 147
0 180
0 226
0 136
0 128
0 152
0 47
0 96
0 127
0 192
0 132
0 149
0 148
0 137
0 179
0 9
0 146
0 15
0 149
0 131
0 151
0 154
0 14
0 148
0 174
0 16
0 161
0 207
0 152
0 194
0 155
0 168
0 218
0 169
0 166
0 218
0 168
0 212
0 272
0 161
0 211
0 225
0 235
0 168
0 218
0 163
0 209
0 166
0 160
0 208
0 221
0 169
0 174
0 160
0 207
0 165
0 213
0 163
0 213
0 309
0 171
0 170
0 167
0 217
0 207
0 150
0 136
0 177
0 12
0 166
0 163
0 212
0 167
0 154
0 199
0 155
0 167
0 215
0 229
0 177
0 228
0 241
0 170
0 158
0 173
0 179
0 167
0 168
0 160
0 206
0 170
0 169
0 254
0 158
0 163
0 213
0 166
0 148
0 139
0 183
0 195
0 168
0 162
0 212
0 225
0 235
0 167
0 213
0 226
0 172
0 173
0 167
0 219
0 165
0 165
0 216
0 183
0 17
0 156
0 216
0 229
0 147
0 197
0 121
0 157
0 170
0 180
0 190
0 200
0 209
0 219
0 229
0 238
0 248
0 258
0 267
0 286
0 295
0 305
0 315
0 324
0 334
0 343
0 352
0 91
0 17
0 170
0 147
0 169
0 220
0 167
0 215
0 200
0 294
0 151
0 192
0 171
0 166
0 214
0 155
0 201
0 167
0 167
0 164
0 211
0 226
0 17
0 167
0 212
0 161
0 209
0 167
0 169
0 221
0 168
0 146
0 163
0 212
0 206
0 280
0 141
0 187
0 200
0 9
0 166
0 157
0 327
0 344
0 168
0 249
0 158
0 163
0 210
0 175
0 165
0 167
0 215
0 174
0 195
0 170
0 169
0 174
0 171
0 170
0 153
0 195
0 152
0 120
0 155
0 135
0 124
0 61
0 157
0 208
0 229
0 142
0 184
0 153
0 15
0 148
0 145
0 189
0 144
0 184
0 151
0 166
0 166
0 160
0 206
0 226
0 166
0 213
0 171
0 168
0 219
0 164
0 18
0 38
0 149
0 170
0 217
0 176
0 173
0 160
0 209
0 222
0 166
0 213
0 155
0 146
0 150
0 162
0 208
0 156
0 206
0 170
0 217
0 157
0 206
0 219
0 167
0 215
0 175
0 166
0 212
0 225
0 166
0 214
0 159
0 165
0 222
0 270
0 175
0 172
0 174
0 166
0 213
0 171
0 173
0 224
0 237
0 176
0 18
0 155
0 177
0 20
0 297
0 420
0 12
0 188
0 138
0 178
0 159
0 204
0 168
0 167
0 216
0 154
0 204
0 144
0 186
0 166
0 214
0 168
0 184
0 168
0 218
0 177
0 160
0 211
0 224
0 235
0 169
0 218
0 170
0 161
0 210
0 224
0 161
0 207
0 220
0 161
0 212
0 9
0 155
0 154
0 202
0 160
0 41
0 60
0 146
0 152
0 171
0 169
0 160
0 205
0 170
0 244
0 299
0 169
0 217
0 172
0 170
0 219
0 232
0 172
0 155
0 42
0 171
0 165
0 212
0 160
0 177
0 167
0 218
0 165
0 213
0 170
0 172
0 166
0 158
0 152
0 168
0 170
0 166
0 214
0 171
0 218
0 199
0 172
0 225
0 238
0 156
0 201
0 186
0 165
0 211
0 169
0 166
0 218
0 231
0 166
0 173
0 165
0 201
0 160
0 206
0 169
0 217
0 142
0 187
0 145
0 186
0 153
0 169
0 164
0 210
0 170
0 220
0 175
0 179
0 231
0 171
0 184
0 164
0 209
0 170
0 218
0 231
0 171
0 165
0 212
0 171
0 163
0 211
0 170
0 221
0 234
0 165
0 215
0 164
0 212
0 225
0 161
0 164
0 209
0 192
0 144
0 187
0 182
0 168
0 164
0 211
0 168
0 217
0 160
0 209
0 166
0 215
0 167
0 169
0 165
0 214
0 164
0 214
0 226
0 159
0 203
0 166
0 171
0 162
0 213
0 166
0 167
0 165
0 172
0 146
0 167
0 162
0 148
0 152
0 169
0 216
0 185
0 170
0 166
0 212
0 225
0 181
0 17
0 33
0 173
0 175
0 172
0 153
0 198
0 173
0 165
0 214
0 175
0 237
0 71
0 169
0 168
0 167
0 217
0 142
0 183
0 193
0 251
0 170
0 217
0 173
0 165
0 209
0 147
0 140
0 182
0 164
0 210
0 167
0 165
0 211
0 225
0 169
0 162
0 208
0 222
0 166
0 169
0 167
0 177
0 16
0 163
0 209
0 159
0 16
0 158
0 204
0 171
0 220
0 200
0 175
0 276
0 164
0 210
0 222
0 325
0 200
0 241
0 169
0 155
0 144
0 186
0 169
0 171
0 169
0 222
0 167
0 277
0 351
0 377
0 194
0 160
0 207
0 169
0 216
0 229
0 175
0 162
0 208
0 222
0 268
0 172
0 163
0 213
0 173
0 184
0 171
0 169
0 204
0 260
0 167
0 216
0 230
0 162
0 207
0 219
0 168
0 217
0 230
0 169
0 169
0 163
0 210
0 222
0 165
0 214
0 228
0 160
0 16
0 187
0 163
0 209
0 172
0 222
0 167
0 171
0 167
0 167
0 219
0 171
0 218
0 166
0 145
0 171
0 173
0 168
0 215
0 201
0 265
0 279
0 167
0 217
0 169
0 216
0 284
0 181
0 233
0 28
0 165
0 214
0 228
0 171
0 229
0 139
0 148
0 127
0 12
0 24
0 153
0 188
0 243
0 11
0 149
0 178
0 167
0 156
0 203
0 169
0 173
0 173
0 164
0 215
0 228
0 170
0 216
0 162
0 210
0 223
0 234
0 171
0 167
0 218
0 233
0 146
0 156
0 159
0 208
0 165
0 179
0 232
0 254
0 145
0 190
0 147
0 195
0 134
0 173
0 185
0 131
0 130
0 144
0 187
0 198
0 155
0 210
0 135
0 148
0 141
0 181
0 150
0 195
0 138
0 205
0 256
0 167
0 217
0 231
0 178
0 222
0 159
0 15
0 156
0 202
0 215
0 225
0 159
0 355
0 161
0 41
0 60
0 168
0 166
0 162
0 36
0 144
0 187
0 10
0 150
0 182
0 168
0 164
0 213
0 226
0 184
0 237
0 166
0 164
0 214
0 152
0 161
0 208
0 166
0 246
0 260
0 165
0 164
0 211
0 161
0 210
0 167
0 215
0 165
0 149
0 192
0 168
0 170
0 228
0 149
0 191
0 145
0 161
0 209
0 171
0 154
0 175
0 175
0 186
0 241
0 169
0 144
0 188
0 164
0 213
0 227
0 170
0 166
0 218
0 173
0 235
0 155
0 171
0 168
0 169
0 156
0 44
0 173
0 172
0 147
0 189
0 149
0 162
0 207
0 170
0 163
0 218
0 231
0 241
0 208
0 163
0 208
0 221
0 167
0 219
0 206
0 274
0 294
0 20
0 168
0 220
0 268
0 166
0 173
0 166
0 213
0 165
0 211
0 159
0 208
0 170
0 213
0 139
0 183
0 10
0 172
0 148
0 182
0 232
0 191
0 242
0 173
0 151
0 195
0 253
0 301
0 154
0 151
0 148
0 190
0 148
0 165
0 217
0 229
0 207
0 258
0 272
0 282
0 170
0 156
0 209
0 10
0 215
0 168
0 170
0 166
0 157
0 166
0 215
0 165
0 214
0 152
0 172
0 223
0 236
0 166
0 212
0 168
0 160
0 16
0 162
0 138
0 177
0 188
0 197
0 211
0 263
0 175
0 17
0 213
0 276
0 162
0 207
0 220
0 168
0 169
0 184
0 166
0 167
0 168
0 154
0 169
0 170
0 218
0 174
0 167
0 218
0 18
0 146
0 192
0 205
0 226
0 148
0 190
0 152
0 139
0 180
0 165
0 213
0 171
0 161
0 148
0 207
0 191
0 151
0 40
0 135
0 31
0 82
0 119
0 146
0 26
0 128
0 166
0 134
0 123
0 162
0 173
0 181
0 135
0 150
0 197
0 208
0 122
0 159
0 9
0 142
0 185
0 197
0 149
0 144
0 188
0 159
0 208
0 177
0 159
0 204
0 148
0 191
0 148
0 168
0 217
0 230
0 176
0 230
0 145
0 164
0 211
0 224
0 171
0 220
0 172
0 255
0 311
0 324
0 168
0 216
0 176
0 144
0 185
0 172
0 223
0 168
0 169
0 220
0 141
0 186
0 199
0 209
0 150
0 198
0 211
0 222
0 9
0 169
0 166
0 176
0 173
0 222
0 235
0 9
0 315
0 383
0 167
0 213
0 148
0 169
0 221
0 235
0 155
0 200
0 213
0 183
0 170
0 16
0 146
0 155
0 205
0 217
0 227
0 150
0 196
0 200
0 260
0 139
0 169
0 170
0 192
0 251
0 265
0 164
0 220
0 168
0 226
0 273
0 173
0 224
0 171
0 208
0 169
0 217
0 187
0 174
0 18
0 151
0 240
0 302
0 316
0 170
0 168
0 219
0 173
0 163
0 212
0 183
0 155
0 22
0 166
0 173
0 224
0 169
0 147
0 16
0 170
0 173
0 225
0 234
0 172
0 220
0 233
0 176
0 18
0 171
0 220
0 163
0 208
0 221
0 161
0 210
0 223
0 192
0 161
0 208
0 222
0 157
0 169
0 216
0 171
0 222
0 162
0 210
0 202
0 137
0 180
0 193
0 184
0 240
0 145
0 34
0 53
0 212
0 165
0 215
0 229
0 8
0 161
0 207
0 167
0 216
0 230
0 169
0 219
0 145
0 191
0 167
0 218
0 231
0 242
0 168
0 219
0 233
0 152
0 160
0 209
0 224
0 234
0 165
0 151
0 16
0 144
0 169
0 220
0 234
0 159
0 205
0 166
0 214
0 227
0 212
0 153
0 201
0 214
0 225
0 165
0 211
0 165
0 216
0 230
0 164
0 214
0 174
0 224
0 169
0 168
0 165
0 212
0 182
0 16
0 169
0 218
0 170
0 220
0 170
0 168
0 175
0 178
0 143
0 174
0 171
0 223
0 164
0 215
0 228
0 239
0 159
0 206
0 218
0 162
0 208
0 212
0 168
0 156
0 203
0 217
0 227
0 256
0 34
0 55
0 180
0 166
0 166
0 166
0 216
0 158
0 203
0 217
0 172
0 168
0 168
0 17
0 165
0 214
0 91
0 165
0 211
0 225
0 171
0 161
0 281
0 297
0 164
0 173
0 224
0 148
0 237
0 14
0 167
0 212
0 182
0 237
0 166
0 212
0 169
0 219
0 232
0 202
0 257
0 153
0 16
0 100
0 158
0 204
0 217
0 165
0 216
0 156
0 201
0 214
0 224
0 167
0 216
0 230
0 143
0 169
0 172
0 223
0 236
0 246
0 173
0 159
0 206
0 220
0 276
0 162
0 209
0 162
0 212
0 227
0 166
0 216
0 160
0 207
0 177
0 41
0 228
0 282
0 210
0 153
0 202
0 215
0 9
0 178
0 161
0 209
0 222
0 165
0 214
0 226
0 142
0 184
0 137
0 178
0 145
0 188
0 145
0 185
0 178
0 166
0 163
0 165
0 212
0 166
0 215
0 229
0 166
0 195
0 256
0 134
0 144
0 187
0 143
0 183
0 196
0 148
0 143
0 187
0 145
0 189
0 201
0 130
0 169
0 136
0 179
0 192
0 201
0 146
0 190
0 135
0 177
0 150
0 148
0 142
0 152
0 197
0 225
0 277
0 171
0 165
0 213
0 158
0 205
0 11
0 141
0 232
0 263
0 168
0 162
0 207
0 220
0 187
0 165
0 171
0 163
0 208
0 150
0 196
0 183
0 236
0 163
0 212
0 170
0 165
0 210
0 171
0 172
0 147
0 19
0 168
0 216
0 174
0 170
0 218
0 232
0 169
0 220
0 167
0 168
0 217
0 232
0 243
0 233
0 166
0 215
0 229
0 162
0 209
0 167
0 161
0 206
0 219
0 168
0 180
0 237
0 134
0 177
0 190
0 9
0 170
0 161
0 18
0 159
0 16
0 145
0 224
0 196
0 244
0 8
0 19
0 161
0 207
0 167
0 216
0 228
0 207
0 256
0 166
0 213
0 158
0 159
0 205
0 10
0 159
0 206
0 167
0 330
0 170
0 169
0 218
0 196
0 157
0 85
0 170
0 215
0 229
0 154
0 271
0 24
0 210
0 164
0 210
0 164
0 213
0 226
0 366
0 424
0 437
0 161
0 207
0 162
0 211
0 165
0 158
0 203
0 217
0 227
0 188
0 228
0 268
0 10
0 238
0 294
0 167
0 217
0 170
0 73
0 156
0 199
0 253
0 152
0 42
0 167
0 215
0 166
0 212
0 168
0 219
0 232
0 164
0 214
0 162
0 214
0 227
0 181
0 146
0 160
0 210
0 173
0 220
0 270
0 147
0 185
0 168
0 219
0 269
0 169
0 38
0 190
0 238
0 147
0 188
0 15
0 172
0 223
0 170
0 218
0 230
0 168
0 213
0 226
0 237
0 172
0 165
0 213
0 226
0 158
0 205
0 219
0 173
0 165
0 214
0 227
0 172
0 227
0 280
0 164
0 212
0 225
0 236
0 171
0 177
0 15
0 44
0 174
0 145
0 186
0 154
0 167
0 218
0 171
0 167
0 216
0 230
0 173
0 169
0 174
0 174
0 165
0 173
0 143
0 184
0 9
0 166
0 216
0 161
0 206
0 163
0 90
0 166
0 212
0 225
0 162
0 210
0 223
0 167
0 215
0 152
0 184
0 239
0 17
0 49
0 171
0 184
0 241
0 146
0 190
0 167
0 212
0 226
0 164
0 213
0 172
0 223
0 236
0 246
0 156
0 203
0 215
0 226
0 173
0 168
0 219
0 232
0 168
0 214
0 238
0 311
0 157
0 262
0 311
0 149
0 189
0 174
0 168
0 215
0 228
0 171
0 221
0 146
0 16
0 144
0 188
0 199
0 162
0 211
0 224
0 179
0 17
0 8
0 174
0 224
0 167
0 215
0 164
0 209
0 149
0 246
0 171
0 222
0 162
0 170
0 222
0 206
0 148
0 188
0 9
0 171
0 222
0 235
0 170
0 221
0 11
0 252
0 309
0 324
0 165
0 214
0 120
0 180
0 193
0 148
0 144
0 188
0 200
0 210
0 189
0 208
0 156
0 203
0 11
0 172
0 143
0 187
0 8
0 20
0 167
0 222
0 8
0 21
0 31
0 170
0 166
0 212
0 225
0 165
0 215
0 228
0 201
0 256
0 270
0 281
0 167
0 163
0 213
0 226
0 152
0 130
0 153
0 149
0 189
0 8
0 144
0 14
0 123
0 157
0 144
0 36
0 60
0 306
0 461
0 31
0 112
0 143
0 7
0 147
0 189
0 131
0 115
0 149
0 112
0 10
0 20
0 141
0 187
0 9
0 139
0 180
0 191
0 143
0 186
0 197
0 147
0 190
0 201
0 211
0 157
0 136
0 15
0 166
0 219
0 16
0 158
0 204
0 218
0 228
0 175
0 219
0 125
0 166
0 221
0 233
0 9
0 182
0 236
0 249
0 206
0 164
0 214
0 161
0 207
0 169
0 220
0 232
0 167
0 214
0 227
0 163
0 211
0 153
0 200
0 138
0 179
0 148
0 171
0 170
0 222
0 141
0 232
0 166
0 217
0 170
0 221
0 234
0 163
0 215
0 229
0 240
0 172
0 152
0 195
0 169
0 218
0 232
0 178
0 160
0 212
0 224
0 234
0 244
0 174
0 196
0 143
0 185
0 173
0 225
0 17
0 131
0 170
0 10
0 164
0 214
0 227
0 168
0 176
0 175
0 229
0 280
0 332
0 10
0 167
0 153
0 17
0 164
0 48322
0 126
0 164
0 176
0 186
0 196
0 206
0 215
0 224
0 233
0 242
0 251
0 260
0 269
0 278
0 287
0 311
0 162
0 211
0 145
0 163
0 208
0 221
0 172
0 181
0 165
0 215
0 228
0 239
0 165
0 169
0 219
0 232
0 173
0 224
0 237
0 251
0 173
0 163
0 213
0 165
0 210
0 223
0 235
0 157
0 18
0 145
0 141
0 187
0 199
0 210
0 9
0 20
0 164
0 215
0 228
0 173
0 164
0 214
0 165
0 213
0 164
0 216
0 230
0 166
0 217
0 230
0 163
0 207
0 219
0 167
0 216
0 194
0 249
0 263
0 163
0 211
0 166
0 213
0 150
0 140
0 184
0 170
0 31
0 49
0 74
0 130
0 126
0 108
0 17
0 20
0 125
0 150
0 193
0 205
0 125
0 166
0 177
0 143
0 186
0 198
0 142
0 227
0 148
0 153
0 153
0 197
0 209
0 218
0 185
0 164
0 214
0 227
0 170
0 217
0 220
0 192
0 19
0 13
0 127
0 175
0 174
0 168
0 215
0 201
0 276
0 292
0 140
0 184
0 197
0 9
0 162
0 209
0 163
0 212
0 175
0 168
0 170
0 161
0 208
0 221
0 167
0 217
0 171
0 220
0 233
0 169
0 217
0 186
0 240
0 253
0 172
0 226
0 150
0 165
0 216
0 229
0 239
0 167
0 217
0 173
0 225
0 160
0 204
0 217
0 182
0 238
0 260
0 278
0 151
0 166
0 212
0 225
0 236
0 167
0 216
0 229
0 159
0 206
0 219
0 273
0 61
0 96
0 112
0 201
0 306
0 320
0 330
0 340
0 11
0 173
0 167
0 213
0 227
0 173
0 170
0 221
0 274
0 287
0 163
0 210
0 224
0 234
0 171
0 221
0 166
0 212
0 226
0 154
0 15
0 145
0 189
0 8
0 21
0 150
0 151
0 194
0 151
0 169
0 220
0 168
0 213
0 165
0 215
0 165
0 217
0 9
0 170
0 221
0 234
0 169
0 216
0 161
0 211
0 224
0 170
0 216
0 230
0 205
0 251
0 166
0 215
0 228
0 166
0 160
0 205
0 159
0 162
0 166
0 172
0 14
0 34
0 44
0 165
0 214
0 227
0 164
0 213
0 226
0 161
0 208
0 221
0 164
0 214
0 227
0 164
0 214
0 228
0 162
0 209
0 221
0 170
0 219
0 252
0 304
0 316
0 157
0 207
0 220
0 231
0 169
0 153
0 133
0 174
0 10
0 170
0 220
0 233
0 160
0 206
0 220
0 230
0 170
0 220
0 202
0 256
0 11
0 176
0 160
0 209
0 222
0 232
0 170
0 221
0 234
0 148
0 190
0 203
0 160
0 209
0 169
0 217
0 231
0 170
0 222
0 235
0 246
0 207
0 257
0 270
0 166
0 220
0 233
0 167
0 217
0 230
0 240
0 250
0 260
0 148
0 191
0 203
0 213
0 137
0 164
0 216
0 165
0 242
0 164
0 214
0 226
0 171
0 162
0 208
0 221
0 172
0 233
0 333
0 144
0 188
0 201
0 211
0 9
0 166
0 215
0 203
0 173
0 220
0 233
0 169
0 218
0 172
0 220
0 234
0 167
0 170
0 274
0 146
0 193
0 167
0 166
0 216
0 168
0 166
0 215
0 228
0 168
0 169
0 152
0 196
0 209
0 219
0 210
0 161
0 207
0 180
0 168
0 218
0 231
0 242
0 164
0 215
0 228
0 238
0 159
0 186
0 101
0 137
0 15
0 165
0 200
0 163
0 212
0 164
0 210
0 169
0 220
0 160
0 207
0 219
0 166
0 211
0 188
0 169
0 147
0 167
0 213
0 155
0 201
0 10
0 159
0 206
0 244
0 293
0 306
0 155
0 202
0 215
0 225
0 170
0 219
0 155
0 204
0 218
0 163
0 210
0 143
0 188
0 10
0 167
0 169
0 216
0 230
0 240
0 176
0 169
0 175
0 337
0 420
0 439
0 136
0 177
0 13
0 29
0 165
0 216
0 230
0 241
0 184
0 246
0 14
0 28
0 176
0 226
0 169
0 216
0 153
0 201
0 215
0 226
0 163
0 212
0 156
0 205
0 219
0 229
0 163
0 210
0 224
0 158
0 149
0 155
0 203
0 217
0 228
0 237
0 160
0 16
0 134
0 16
0 245
0 168
0 158
0 207
0 220
0 165
0 149
0 171
0 167
0 217
0 229
0 177
0 228
0 160
0 206
0 168
0 216
0 230
0 171
0 217
0 167
0 226
0 240
0 251
0 261
0 135
0 145
0 188
0 127
0 162
0 146
0 189
0 146
0 193
0 204
0 213
0 152
0 224
0 44
0 62
0 74
0 147
0 192
0 144
0 184
0 237
0 173
0 168
0 218
0 231
0 164
0 211
0 189
0 150
0 127
0 146
0 190
0 146
0 185
0 196
0 146
0 189
0 195
0 270
0 122
0 156
0 167
0 11
0 145
0 187
0 147
0 189
0 201
0 252
0 302
0 10
0 142
0 183
0 195
0 151
0 196
0 151
0 198
0 209
0 148
0 164
0 212
0 225
0 153
0 153
0 199
0 203
0 15
0 28
0 141
0 185
0 197
0 207
0 215
0 149
0 193
0 159
0 204
0 215
0 143
0 185
0 132
0 171
0 182
0 192
0 148
0 192
0 203
0 145
0 186
0 197
0 206
0 166
0 211
0 224
0 160
0 212
0 155
0 199
0 212
0 223
0 233
0 193
0 155
0 16
0 166
0 217
0 139
0 183
0 196
0 150
0 195
0 10
0 149
0 194
0 130
0 154
0 201
0 262
0 182
0 238
0 302
0 333
0 147
0 187
0 169
0 218
0 230
0 169
0 171
0 139
0 180
0 8
0 19
0 167
0 143
0 161
0 209
0 222
0 233
0 137
0 184
0 197
0 207
0 10
0 149
0 145
0 187
0 149
0 248
0 298
0 144
0 185
0 143
0 187
0 147
0 187
0 146
0 189
0 201
0 149
0 192
0 163
0 209
0 222
0 223
0 277
0 14
0 28
0 164
0 214
0 227
0 166
0 217
0 184
0 236
0 250
0 260
0 292
0 351
0 13
0 7
0 6
0 129
0 415
0 43
0 110
0 134
0 180
0 13
0 27
0 148
0 193
0 171
0 261
0 312
0 164
0 215
0 228
0 239
0 152
0 203
0 216
0 150
0 168
0 220
0 234
0 165
0 14
0 26
0 194
0 237
0 248
0 166
0 217
0 230
0 172
0 223
0 236
0 148
0 195
0 208
0 141
0 185
0 197
0 141
0 180
0 166
0 215
0 228
0 243
0 163
0 209
0 153
0 201
0 214
0 224
0 234
0 157
0 203
0 146
0 191
0 148
0 168
0 218
0 134
0 151
0 144
0 184
0 145
0 187
0 143
0 184
0 196
0 185
0 223
0 150
0 193
0 251
0 140
0 325
0 95
0 125
0 151
0 148
0 17
0 135
0 172
0 149
0 192
0 203
0 142
0 187
0 199
0 208
0 151
0 139
0 183
0 195
0 204
0 155
0 198
0 143
0 186
0 197
0 162
0 210
0 164
0 213
0 227
0 132
0 170
0 8
0 145
0 184
0 195
0 158
0 207
0 145
0 186
0 198
0 149
0 192
0 204
0 213
0 147
0 191
0 202
0 147
0 191
0 144
0 291
0 313
0 157
0 216
0 230
0 240
0 250
0 259
0 172
0 221
0 147
0 193
0 205
0 165
0 214
0 227
0 162
0 168
0 17
0 170
0 220
0 233
0 140
0 185
0 198
0 446
0 190
0 243
0 256
0 266
0 276
0 9
0 21
0 173
0 44
0 65
0 76
0 6
0 168
0 216
0 229
0 157
0 202
0 250
0 264
0 275
0 164
0 215
0 162
0 212
0 206
0 163
0 213
0 227
0 168
0 168
0 173
0 156
0 203
0 216
0 154
0 200
0 137
0 124
0 13
0 136
0 12
0 25
0 146
0 191
0 204
0 213
0 148
0 190
0 151
0 147
0 191
0 142
0 183
0 195
0 138
0 168
0 218
0 231
0 204
0 167
0 209
0 9
0 160
0 211
0 266
0 44
0 65
0 75
0 122
0 161
0 173
0 183
0 8
0 162
0 151
0 149
0 143
0 185
0 197
0 143
0 184
0 195
0 137
0 13
0 25
0 124
0 161
0 145
0 185
0 152
0 136
0 175
0 187
0 197
0 149
0 192
0 204
0 214
0 140
0 185
0 149
0 194
0 162
0 210
0 222
0 148
0 192
0 203
0 212
0 221
0 230
0 152
0 14
0 146
0 190
0 202
0 146
0 189
0 201
0 147
0 147
0 193
0 148
0 193
0 205
0 160
0 37
0 57
0 67
0 173
0 141
0 186
0 198
0 207
0 216
0 160
0 212
0 225
0 235
0 246
0 167
0 218
0 232
0 243
0 170
0 160
0 208
0 222
0 233
0 168
0 220
0 147
0 12
0 31
0 145
0 188
0 141
0 182
0 158
0 208
0 220
0 146
0 187
0 148
0 191
0 138
0 178
0 189
0 199
0 151
0 150
0 167
0 218
0 190
0 167
0 216
0 230
0 264
0 166
0 246
0 260
0 271
0 168
0 218
0 142
0 187
0 149
0 150
0 193
0 206
0 205
0 32
0 50
0 60
0 165
0 216
0 230
0 240
0 249
0 259
0 172
0 165
0 214
0 227
0 238
0 166
0 217
0 167
0 164
0 215
0 228
0 168
0 143
0 188
0 10
0 147
0 189
0 215
0 269
0 281
0 144
0 184
0 195
0 147
0 190
0 201
0 211
0 120
0 159
0 153
0 199
0 211
0 138
0 177
0 189
0 140
0 184
0 195
0 205
0 214
0 223
0 7
0 146
0 190
0 146
0 186
0 198
0 149
0 193
0 205
0 141
0 186
0 147
0 192
0 203
0 145
0 184
0 147
0 191
0 203
0 154
0 150
0 12
0 28
0 36
0 144
0 188
0 200
0 210
0 220
0 228
0 147
0 192
0 203
0 151
0 167
0 216
0 229
0 164
0 213
0 227
0 165
0 215
0 165
0 213
0 227
0 161
0 208
0 222
0 166
0 215
0 228
0 199
0 258
0 165
0 212
0 164
0 212
0 224
0 236
0 159
0 206
0 146
0 168
0 199
0 140
0 183
0 194
0 204
0 213
0 151
0 195
0 207
0 149
0 147
0 191
0 69
0 20
0 147
0 190
0 140
0 187
0 205
0 219
0 11
0 26
0 139
0 184
0 196
0 206
0 215
0 130
0 171
0 182
0 145
0 188
0 201
0 153
0 147
0 191
0 170
0 224
0 236
0 245
0 140
0 183
0 142
0 183
0 155
0 147
0 147
0 214
0 268
0 281
0 291
0 166
0 215
0 229
0 145
0 185
0 197
0 171
0 220
0 8
0 19
0 13
0 36
0 149
0 193
0 205
0 215
0 147
0 190
0 269
0 323
0 338
0 144
0 183
0 194
0 142
0 187
0 147
0 190
0 202
0 209
0 263
0 277
0 142
0 187
0 199
0 208
0 153
0 136
0 179
0 191
0 200
0 209
0 218
0 153
0 197
0 209
0 218
0 227
0 177
0 217
0 228
0 238
0 246
0 182
0 269
0 281
0 162
0 208
0 222
0 185
0 244
0 267
0 164
0 212
0 160
0 205
0 218
0 206
0 255
0 267
0 164
0 265
0 281
0 166
0 212
0 156
0 206
0 220
0 9
0 188
0 239
0 252
0 157
0 379
0 513
0 144
0 108
0 155
0 200
0 213
0 137
0 178
0 172
0 227
0 179
0 224
0 236
0 245
0 161
0 208
0 135
0 15
0 32
0 131
0 172
0 183
0 16
0 27
0 151
0 121
0 164
0 175
0 125
0 165
0 176
0 130
0 171
0 182
0 190
0 150
0 147
0 189
0 180
0 180
0 221
0 234
0 142
0 186
0 142
0 186
0 146
0 185
0 145
0 188
0 184
0 224
0 133
0 176
0 188
0 198
0 206
0 148
0 193
0 204
0 214
0 145
0 186
0 198
0 158
0 206
0 9
0 7
0 132
0 172
0 184
0 192
0 201
0 13
0 23
0 152
0 194
0 149
0 12
0 24
0 170
0 222
0 164
0 211
0 169
0 217
0 229
0 164
0 216
0 162
0 207
0 221
0 169
0 158
0 207
0 221
0 231
0 241
0 251
0 148
0 194
0 211
0 11
0 165
0 215
0 226
0 236
0 156
0 201
0 10
0 164
0 214
0 161
0 208
0 166
0 216
0 150
0 195
0 191
0 60
0 173
0 181
0 224
0 235
0 157
0 200
0 212
0 160
0 218
0 312
0 329
0 20
0 36
0 147
0 191
0 204
0 150
0 193
0 165
0 219
0 150
0 194
0 8
0 138
0 179
0 190
0 147
0 192
0 143
0 187
0 198
0 208
0 117
0 154
0 165
0 174
0 8
0 154
0 163
0 207
0 219
0 228
0 142
0 187
0 199
0 208
0 183
0 224
0 234
0 243
0 153
0 147
0 191
0 161
0 15
0 147
0 233
0 126
0 14
0 156
0 291
0 325
0 12
0 164
0 209
0 140
0 184
0 9
0 146
0 190
0 164
0 210
0 222
0 146
0 189
0 201
0 210
0 144
0 188
0 199
0 138
0 181
0 192
0 204
0 139
0 183
0 195
0 205
0 213
0 222
0 151
0 158
0 203
0 215
0 146
0 190
0 201
0 144
0 184
0 195
0 150
0 193
0 203
0 142
0 184
0 130
0 168
0 179
0 188
0 153
0 149
0 198
0 217
0 14
0 34
0 145
0 188
0 200
0 142
0 186
0 199
0 149
0 182
0 231
0 244
0 255
0 148
0 193
0 143
0 188
0 199
0 171
0 169
0 219
0 170
0 179
0 234
0 152
0 195
0 209
0 219
0 152
0 201
0 221
0 146
0 190
0 201
0 167
0 216
0 182
0 233
0 246
0 205
0 256
0 166
0 212
0 195
0 263
0 278
0 290
0 168
0 214
0 228
0 238
0 247
0 172
0 167
0 218
0 231
0 149
0 365
0 400
0 413
0 165
0 215
0 234
0 250
0 15
0 166
0 129
0 178
0 118
0 156
0 131
0 169
0 8
0 144
0 180
0 8
0 103
0 135
0 234
0 10
0 131
0 168
0 131
0 170
0 181
0 148
0 123
0 159
0 7
0 28
0 146
0 189
0 201
0 211
0 157
0 206
0 219
0 139
0 183
0 194
0 204
0 213
0 221
0 148
0 194
0 205
0 215
0 128
0 166
0 214
0 227
0 236
0 146
0 189
0 200
0 209
0 143
0 185
0 149
0 191
0 204
0 146
0 185
0 197
0 149
0 189
0 201
0 144
0 186
0 198
0 207
0 216
0 142
0 186
0 198
0 207
0 148
0 191
0 203
0 176
0 128
0 167
0 9
0 149
0 192
0 171
0 167
0 206
0 217
0 226
0 234
0 242
0 250
0 259
0 282
0 318
0 331
0 340
0 349
0 357
0 365
0 128
0 139
0 181
0 192
0 201
0 140
0 182
0 194
0 203
0 212
0 220
0 147
0 190
0 145
0 188
0 150
0 192
0 167
0 221
0 234
0 151
0 151
0 144
0 187
0 200
0 209
0 149
0 146
0 189
0 200
0 209
0 218
0 127
0 173
0 185
0 194
0 203
0 9
0 143
0 214
0 227
0 150
0 151
0 167
0 15
0 138
0 181
0 193
0 204
0 146
0 187
0 199
0 146
0 189
0 199
0 149
0 195
0 148
0 188
0 132
0 164
0 200
0 147
0 190
0 144
0 191
0 123
0 161
0 177
0 11
0 30
0 128
0 167
0 177
0 186
0 194
0 201
0 148
0 148
0 192
0 205
0 145
0 190
0 201
0 138
0 179
0 204
0 269
0 147
0 193
0 204
0 149
0 193
0 152
0 126
0 165
0 150
0 195
0 8
0 163
0 219
0 233
0 243
0 254
0 147
0 150
0 191
0 203
0 167
0 143
0 186
0 142
0 184
0 144
0 189
0 184
0 239
0 167
0 166
0 216
0 157
0 203
0 217
0 227
0 237
0 202
0 250
0 158
0 216
0 239
0 155
0 206
0 219
0 230
0 240
0 250
0 160
0 210
0 222
0 232
0 172
0 217
0 164
0 214
0 171
0 221
0 155
0 41
0 174
0 284
0 163
0 210
0 158
0 256
0 287
0 299
0 309
0 142
0 185
0 196
0 206
0 215
0 224
0 131
0 176
0 188
0 198
0 142
0 186
0 197
0 169
0 144
0 188
0 145
0 188
0 200
0 150
0 144
0 185
0 197
0 147
0 189
0 146
0 219
0 233
0 150
0 162
0 209
0 210
0 14
0 40
0 139
0 180
0 140
0 125
0 159
0 170
0 134
0 176
0 189
0 198
0 207
0 216
0 138
0 180
0 147
0 187
0 129
0 168
0 60
0 127
0 160
0 134
0 174
0 145
0 187
0 143
0 186
0 152
0 155
0 203
0 216
0 227
0 238
0 149
0 196
0 209
0 218
0 228
0 9
0 139
0 185
0 197
0 207
0 151
0 194
0 255
0 269
0 162
0 208
0 163
0 211
0 131
0 195
0 10
0 150
0 196
0 210
0 221
0 168
0 219
0 151
0 149
0 212
0 274
0 295
0 12
0 257
0 313
0 164
0 212
0 174
0 227
0 239
0 249
0 167
0 217
0 274
0 290
0 155
0 202
0 169
0 218
0 232
0 168
0 154
0 36
0 178
0 228
0 139
0 179
0 10
0 169
0 219
0 232
0 242
0 253
0 173
0 156
0 203
0 217
0 228
0 238
0 163
0 213
0 227
0 172
0 221
0 234
0 245
0 154
0 200
0 8
0 29
0 145
0 33
0 52
0 144
0 188
0 200
0 164
0 215
0 148
0 173
0 141
0 187
0 167
0 215
0 166
0 14
0 28
0 247
0 151
0 165
0 211
0 225
0 175
0 228
0 241
0 251
0 260
0 270
0 171
0 221
0 235
0 245
0 255
0 180
0 17
0 166
0 214
0 227
0 127
0 166
0 177
0 8
0 134
0 173
0 147
0 192
0 204
0 146
0 186
0 198
0 148
0 191
0 203
0 128
0 192
0 9
0 164
0 214
0 228
0 238
0 248
0 259
0 164
0 215
0 229
0 170
0 182
0 237
0 9
0 160
0 208
0 222
0 232
0 148
0 190
0 139
0 180
0 193
0 148
0 191
0 202
0 150
0 137
0 56
0 91
0 12
0 188
0 250
0 145
0 186
0 146
0 190
0 201
0 211
0 217
0 285
0 308
0 325
0 167
0 217
0 158
0 208
0 161
0 330
0 364
0 21
0 24
0 41
0 207
0 273
0 144
0 16
0 164
0 214
0 228
0 168
0 157
0 204
0 217
0 228
0 238
0 248
0 159
0 207
0 220
0 231
0 241
0 251
0 166
0 216
0 229
0 239
0 249
0 162
0 213
0 226
0 163
0 254
0 281
0 166
0 215
0 228
0 168
0 220
0 166
0 213
0 167
0 216
0 230
0 203
0 272
0 289
0 150
0 192
0 98
0 15
0 46
0 56
0 148
0 192
0 164
0 210
0 156
0 207
0 219
0 231
0 240
0 251
0 155
0 203
0 216
0 226
0 236
0 245
0 170
0 154
0 201
0 154
0 200
0 212
0 222
0 231
0 153
0 148
0 192
0 164
0 209
0 221
0 146
0 188
0 199
0 209
0 141
0 186
0 198
0 208
0 139
0 184
0 196
0 206
0 139
0 184
0 197
0 207
0 148
0 171
0 221
0 148
0 191
0 148
0 38
0 147
0 192
0 141
0 182
0 194
0 145
0 188
0 149
0 193
0 205
0 164
0 209
0 58
0 81
0 8
0 149
0 196
0 208
0 143
0 183
0 144
0 188
0 142
0 184
0 197
0 207
0 148
0 192
0 149
0 193
0 147
0 192
0 203
0 213
0 8
0 144
0 187
0 177
0 223
0 237
0 147
0 189
0 201
0 211
0 153
0 143
0 187
0 199
0 208
0 217
0 226
0 156
0 197
0 208
0 218
0 137
0 180
0 192
0 170
0 148
0 191
0 203
0 139
0 237
0 295
0 147
0 188
0 200
0 163
0 213
0 226
0 144
0 184
0 195
0 149
0 193
0 148
0 314
0 124
0 159
0 170
0 179
0 144
0 186
0 141
0 180
0 191
0 143
0 186
0 197
0 206
0 215
0 8
0 141
0 183
0 195
0 204
0 214
0 153
0 139
0 179
0 166
0 215
0 227
0 237
0 247
0 9
0 151
0 126
0 165
0 145
0 184
0 151
0 174
0 217
0 229
0 153
0 199
0 210
0 131
0 173
0 185
0 194
0 203
0 212
0 149
0 140
0 184
0 195
0 205
0 153
0 196
0 147
0 190
0 202
0 147
0 146
0 189
0 201
0 145
0 148
0 191
0 202
0 143
0 184
0 195
0 141
0 186
0 198
0 207
0 148
0 194
0 206
0 139
0 181
0 193
0 202
0 145
0 188
0 148
0 191
0 143
0 186
0 197
0 206
0 146
0 189
0 201
0 169
0 214
0 8
0 129
0 167
0 178
0 187
0 8
0 152
0 140
0 179
0 191
0 200
0 208
0 229
0 277
0 289
0 298
0 307
0 130
0 171
0 182
0 147
0 147
0 191
0 131
0 171
0 146
0 17
0 146
0 186
0 198
0 159
0 13
0 25
0 146
0 191
0 202
0 184
0 244
0 257
0 131
0 172
0 43
0 74
0 97
0 145
0 187
0 199
0 146
0 186
0 198
0 181
0 237
0 250
0 262
0 271
0 144
0 188
0 200
0 210
0 219
0 227
0 148
0 194
0 206
0 151
0 196
0 140
0 183
0 195
0 204
0 214
0 143
0 188
0 143
0 186
0 201
0 210
0 155
0 195
0 151
0 147
0 190
0 202
0 211
0 154
0 203
0 128
0 168
0 180
0 189
0 198
0 145
0 127
0 163
0 9
0 137
0 181
0 142
0 185
0 197
0 206
0 149
0 190
0 202
0 142
0 188
0 152
0 145
0 186
0 271
0 323
0 31
0 56
0 69
0 83
0 162
0 212
0 226
0 236
0 165
0 212
0 162
0 208
0 23
0 35
0 44
0 155
0 204
0 217
0 227
0 237
0 256
0 336
0 137
0 176
0 7
0 16
0 158
0 205
0 217
0 226
0 234
0 140
0 183
0 146
0 143
0 187
0 199
0 208
0 154
0 134
0 175
0 187
0 196
0 204
0 159
0 204
0 216
0 6
0 18
0 149
0 196
0 208
0 151
0 149
0 190
0 162
0 132
0 171
0 144
0 188
0 199
0 145
0 185
0 8
0 147
0 188
0 138
0 180
0 191
0 147
0 189
0 150
0 149
0 192
0 203
0 213
0 222
0 145
0 187
0 199
0 209
0 218
0 143
0 185
0 197
0 139
0 182
0 193
0 202
0 210
0 14
0 28
0 148
0 195
0 209
0 137
0 177
0 190
0 11
0 147
0 189
0 201
0 172
0 169
0 215
0 228
0 238
0 248
0 158
0 208
0 222
0 37
0 53
0 64
0 172
0 225
0 238
0 248
0 258
0 148
0 190
0 148
0 191
0 146
0 188
0 200
0 209
0 146
0 186
0 144
0 188
0 149
0 191
0 146
0 167
0 222
0 116
0 146
0 157
0 166
0 174
0 140
0 183
0 194
0 145
0 188
0 199
0 140
0 182
0 195
0 204
0 213
0 222
0 152
0 200
0 211
0 221
0 155
0 196
0 146
0 190
0 201
0 164
0 218
0 229
0 239
0 248
0 257
0 266
0 148
0 191
0 163
0 163
0 209
0 221
0 230
0 239
0 9
0 158
0 205
0 241
0 7
0 25
0 34
0 43
0 172
0 137
0 180
0 191
0 200
0 145
0 140
0 179
0 192
0 201
0 167
0 215
0 169
0 199
0 247
0 154
0 201
0 214
0 224
0 161
0 209
0 170
0 222
0 234
0 138
0 181
0 194
0 9
0 195
0 253
0 141
0 184
0 196
0 205
0 139
0 184
0 196
0 205
0 174
0 223
0 163
0 209
0 223
0 164
0 213
0 167
0 177
0 224
0 236
0 157
0 208
0 221
0 8
0 164
0 214
0 226
0 122
0 164
0 175
0 184
0 192
0 137
0 182
0 193
0 203
0 212
0 219
0 267
0 148
0 187
0 199
0 149
0 191
0 204
0 167
0 218
0 143
0 183
0 185
0 227
0 239
0 134
0 139
0 178
0 189
0 198
0 206
0 150
0 193
0 205
0 215
0 155
0 202
0 224
0 149
0 191
0 202
0 212
0 221
0 147
0 192
0 202
0 212
0 149
0 146
0 187
0 199
0 143
0 187
0 199
0 208
0 218
0 227
0 236
0 146
0 189
0 202
0 151
0 193
0 149
0 191
0 203
0 212
0 150
0 138
0 178
0 189
0 199
0 208
0 217
0 171
0 140
0 183
0 194
0 203
0 212
0 221
0 139
0 150
0 194
0 206
0 216
0 146
0 186
0 198
0 149
0 148
0 190
0 146
0 188
0 199
0 145
0 188
0 172
0 222
0 234
0 139
0 181
0 193
0 202
0 211
0 219
0 166
0 214
0 226
0 164
0 209
0 165
0 214
0 144
0 187
0 199
0 208
0 163
0 218
0 11
0 128
0 164
0 175
0 150
0 312
0 140
0 184
0 147
0 188
0 200
0 210
0 149
0 193
0 204
0 213
0 154
0 144
0 184
0 196
0 205
0 151
0 194
0 206
0 215
0 224
0 147
0 190
0 201
0 210
0 146
0 189
0 145
0 184
0 148
0 192
0 203
0 212
0 135
0 173
0 14
0 152
0 15
0 148
0 153
0 202
0 213
0 222
0 231
0 240
0 162
0 120
0 14
0 98
0 131
0 142
0 150
0 158
0 7
0 118
0 153
0 163
0 126
0 146
0 194
0 378
0 173
0 227
0 241
0 251
0 262
0 274
0 135
0 176
0 115
0 153
0 163
0 172
0 181
0 150
0 190
0 230
0 241
0 250
0 142
0 186
0 199
0 208
0 217
0 228
0 275
0 287
0 296
0 305
0 146
0 143
0 185
0 137
0 12
0 25
0 145
0 189
0 140
0 147
0 187
0 199
0 149
0 192
0 205
0 149
0 193
0 205
0 138
0 180
0 192
0 202
0 149
0 193
0 205
0 214
0 151
0 152
0 194
0 206
0 215
0 224
0 159
0 38
0 57
0 67
0 82
0 146
0 190
0 202
0 123
0 163
0 174
0 8
0 158
0 203
0 214
0 224
0 136
0 176
0 187
0 129
0 164
0 176
0 12
0 147
0 189
0 149
0 147
0 185
0 197
0 207
0 216
0 147
0 192
0 203
0 141
0 149
0 147
0 190
0 202
0 146
0 130
0 170
0 182
0 8
0 162
0 199
0 145
0 184
0 146
0 192
0 150
0 138
0 178
0 190
0 200
0 208
0 217
0 226
0 146
0 192
0 199
0 246
0 260
0 142
0 183
0 195
0 205
0 214
0 143
0 185
0 197
0 20
0 32
0 40
0 130
0 170
0 180
0 233
0 250
0 264
0 145
0 188
0 143
0 186
0 198
0 207
0 216
0 156
0 292
0 340
0 8
0 51
0 152
0 197
0 209
0 220
0 139
0 184
0 196
0 205
0 214
0 147
0 191
0 202
0 142
0 183
0 195
0 241
0 254
0 143
0 183
0 144
0 185
0 146
0 189
0 201
0 145
0 186
0 160
0 201
0 212
0 221
0 143
0 185
0 146
0 187
0 148
0 193
0 205
0 214
0 223
0 232
0 128
0 167
0 178
0 187
0 128
0 169
0 179
0 124
0 162
0 173
0 207
0 152
0 198
0 211
0 219
0 228
0 144
0 189
0 201
0 158
0 202
0 215
0 154
0 199
0 212
0 147
0 190
0 201
0 211
0 220
0 138
0 180
0 193
0 203
0 212
0 162
0 16
0 144
0 149
0 193
0 206
0 146
0 189
0 201
0 296
0 351
0 364
0 132
0 169
0 179
0 217
0 148
0 189
0 144
0 187
0 199
0 147
0 190
0 202
0 210
0 146
0 189
0 202
0 149
0 129
0 169
0 7
0 27
0 140
0 185
0 197
0 208
0 216
0 225
0 150
0 135
0 179
0 191
0 200
0 141
0 185
0 198
0 207
0 216
0 148
0 144
0 150
0 189
0 202
0 211
0 166
0 141
0 182
0 154
0 199
0 211
0 119
0 160
0 171
0 180
0 8
0 145
0 186
0 197
0 145
0 188
0 199
0 146
0 15
0 148
0 153
0 196
0 207
0 217
0 134
0 162
0 214
0 228
0 7
0 17
0 147
0 191
0 204
0 194
0 237
0 219
0 267
0 33
0 49
0 58
0 142
0 185
0 197
0 206
0 215
0 137
0 178
0 8
0 142
0 187
0 158
0 207
0 220
0 230
0 8
0 141
0 183
0 194
0 203
0 260
0 274
0 285
0 223
0 259
0 7
0 17
0 138
0 251
0 269
0 278
0 287
0 296
0 304
0 151
0 244
0 259
0 19
0 151
0 194
0 206
0 215
0 152
0 149
0 175
0 145
0 191
0 203
0 213
0 163
0 210
0 223
0 159
0 206
0 218
0 167
0 219
0 166
0 212
0 225
0 137
0 180
0 191
0 200
0 208
0 173
0 159
0 195
0 121
0 156
0 143
0 185
0 196
0 140
0 183
0 193
0 203
0 212
0 220
0 159
0 143
0 188
0 200
0 140
0 184
0 196
0 205
0 214
0 147
0 191
0 144
0 188
0 138
0 181
0 193
0 202
0 211
0 151
0 146
0 186
0 198
0 207
0 122
0 162
0 139
0 182
0 194
0 203
0 212
0 220
0 148
0 47057
0 47106
0 116
0 151
0 163
0 173
0 183
0 192
0 202
0 211
0 220
0 229
0 238
0 248
0 257
0 266
0 290
0 308
0 318
0 327
0 337
0 205
0 264
0 164
0 195
0 250
0 263
0 273
0 283
0 292
0 152
0 196
0 208
0 217
0 226
0 150
0 194
0 206
0 146
0 188
0 147
0 189
0 201
0 210
0 219
0 146
0 190
0 171
0 274
0 289
0 146
0 190
0 201
0 210
0 158
0 136
0 175
0 188
0 197
0 206
0 215
0 150
0 194
0 205
0 215
0 139
0 180
0 191
0 131
0 147
0 188
0 153
0 196
0 208
0 144
0 187
0 147
0 188
0 149
0 193
0 205
0 131
0 116
0 148
0 107
0 140
0 150
0 158
0 6
0 140
0 180
0 190
0 199
0 207
0 254
0 266
0 149
0 193
0 205
0 151
0 194
0 206
0 215
0 152
0 141
0 185
0 197
0 206
0 147
0 190
0 201
0 211
0 220
0 144
0 188
0 146
0 186
0 199
0 208
0 150
0 194
0 205
0 215
0 149
0 192
0 203
0 213
0 223
0 215
0 291
0 15
0 148
0 192
0 205
0 214
0 163
0 121
0 156
0 7
0 17
0 148
0 192
0 148
0 192
0 203
0 212
0 142
0 181
0 193
0 147
0 192
0 203
0 145
0 190
0 155
0 140
0 181
0 192
0 201
0 209
0 147
0 191
0 130
0 150
0 194
0 206
0 215
0 224
0 167
0 216
0 229
0 145
0 184
0 9
0 129
0 167
0 148
0 191
0 203
0 212
0 143
0 187
0 145
0 185
0 197
0 206
0 148
0 192
0 203
0 212
0 152
0 162
0 211
0 224
0 310
0 332
0 351
0 146
0 187
0 199
0 152
0 195
0 150
0 193
0 145
0 189
0 49
0 82
0 14
0 120
0 158
0 146
0 189
0 145
0 189
0 200
0 148
0 190
0 7
0 17
0 26
0 35
0 137
0 181
0 192
0 201
0 147
0 184
0 147
0 191
0 124
0 165
0 176
0 185
0 8
0 150
0 140
0 180
0 141
0 186
0 197
0 206
0 215
0 224
0 148
0 194
0 144
0 185
0 196
0 162
0 217
0 16
0 149
0 133
0 172
0 184
0 193
0 202
0 8
0 143
0 186
0 198
0 207
0 216
0 146
0 191
0 203
0 213
0 222
0 150
0 144
0 186
0 147
0 190
0 202
0 146
0 190
0 140
0 180
0 143
0 185
0 196
0 206
0 149
0 193
0 205
0 145
0 148
0 197
0 220
0 237
0 254
0 145
0 190
0 153
0 198
0 148
0 193
0 204
0 214
0 223
0 231
0 241
0 147
0 189
0 200
0 209
0 217
0 226
0 144
0 188
0 134
0 174
0 186
0 195
0 223
0 270
0 282
0 153
0 143
0 184
0 195
0 204
0 148
0 192
0 204
0 213
0 149
0 184
0 239
0 254
0 265
0 146
0 189
0 200
0 209
0 143
0 187
0 198
0 207
0 216
0 224
0 144
0 187
0 198
0 190
0 238
0 250
0 147
0 190
0 202
0 154
0 15
0 144
0 184
0 196
0 205
0 150
0 145
0 188
0 135
0 174
0 186
0 195
0 204
0 180
0 237
0 252
0 156
0 144
0 189
0 200
0 136
0 179
0 190
0 199
0 207
0 215
0 165
0 16
0 146
0 187
0 199
0 142
0 184
0 195
0 204
0 214
0 222
0 145
0 188
0 140
0 179
0 190
0 140
0 184
0 196
0 205
0 214
0 150
0 153
0 200
0 211
0 221
0 230
0 241
0 136
0 178
0 189
0 198
0 146
0 189
0 149
0 146
0 190
0 151
0 171
0 275
0 308
0 141
0 181
0 193
0 149
0 147
0 190
0 201
0 146
0 138
0 180
0 194
0 204
0 214
0 223
0 156
0 205
0 148
0 189
0 155
0 201
0 213
0 222
0 231
0 158
0 209
0 223
0 152
0 146
0 188
0 145
0 189
0 201
0 145
0 188
0 138
0 177
0 189
0 199
0 148
0 191
0 231
0 242
0 154
0 289
0 43
0 61
0 73
0 166
0 216
0 229
0 167
0 216
0 230
0 240
0 168
0 266
0 333
0 133
0 169
0 8
0 145
0 189
0 147
0 190
0 146
0 187
0 199
0 144
0 187
0 145
0 189
0 201
0 132
0 174
0 186
0 195
0 8
0 147
0 192
0 203
0 123
0 159
0 146
0 189
0 201
0 210
0 137
0 179
0 190
0 199
0 208
0 7
0 148
0 193
0 149
0 193
0 205
0 133
0 174
0 185
0 194
0 203
0 212
0 221
0 171
0 288
0 9
0 122
0 154
0 199
0 211
0 220
0 229
0 152
0 194
0 206
0 215
0 142
0 185
0 197
0 206
0 215
0 144
0 189
0 201
0 211
0 151
0 151
0 195
0 207
0 148
0 192
0 256
0 309
0 163
0 53
0 39
0 230
0 149
0 125
0 164
0 176
0 185
0 151
0 197
0 209
0 218
0 132
0 172
0 97
0 130
0 140
0 148
0 122
0 9
0 18
0 25
0 138
0 152
0 192
0 33
0 133
0 170
0 181
0 145
0 189
0 200
0 158
0 209
0 228
0 244
0 176
0 153
0 193
0 205
0 213
0 156
0 203
0 215
0 129
0 173
0 184
0 194
0 8
0 150
0 141
0 186
0 198
0 208
0 133
0 174
0 186
0 148
0 191
0 202
0 147
0 187
0 145
0 184
0 196
0 195
0 243
0 146
0 187
0 199
0 135
0 177
0 190
0 13
0 158
0 208
0 271
0 13
0 27
0 36
0 146
0 188
0 200
0 209
0 217
0 139
0 184
0 196
0 205
0 146
0 189
0 147
0 188
0 144
0 189
0 201
0 210
0 219
0 228
0 146
0 189
0 201
0 139
0 15
0 141
0 184
0 196
0 206
0 215
0 223
0 122
0 162
0 173
0 182
0 190
0 138
0 183
0 195
0 7
0 152
0 203
0 150
0 147
0 191
0 203
0 183
0 161
0 139
0 178
0 189
0 146
0 276
0 143
0 187
0 145
0 186
0 140
0 180
0 192
0 201
0 210
0 200
0 259
0 271
0 22
0 33
0 132
0 177
0 188
0 198
0 207
0 8
0 143
0 187
0 199
0 208
0 217
0 150
0 194
0 150
0 195
0 206
0 149
0 192
0 204
0 213
0 143
0 188
0 115
0 28
0 43
0 148
0 192
0 204
0 213
0 152
0 173
0 209
0 221
0 7
0 17
0 174
0 229
0 241
0 136
0 179
0 191
0 201
0 210
0 287
0 141
0 183
0 196
0 248
0 296
0 308
0 149
0 195
0 207
0 162
0 133
0 172
0 204
0 15
0 142
0 182
0 141
0 184
0 196
0 206
0 178
0 244
0 258
0 268
0 277
0 9
0 161
0 212
0 225
0 235
0 147
0 191
0 203
0 212
0 221
0 147
0 135
0 35
0 149
0 191
0 203
0 212
0 221
0 142
0 293
0 123
0 158
0 150
0 193
0 204
0 150
0 202
0 216
0 225
0 9
0 185
0 227
0 238
0 247
0 142
0 185
0 144
0 189
0 201
0 210
0 163
0 142
0 186
0 197
0 206
0 142
0 181
0 193
0 146
0 189
0 147
0 191
0 141
0 181
0 114
0 153
0 164
0 173
0 181
0 190
0 144
0 188
0 199
0 140
0 183
0 194
0 203
0 143
0 187
0 199
0 208
0 216
0 225
0 153
0 198
0 210
0 147
0 190
0 202
0 211
0 161
0 210
0 221
0 232
0 241
0 150
0 512
0 98
0 131
0 141
0 139
0 182
0 193
0 202
0 211
0 220
0 228
0 41
0 31
0 164
0 197
0 6
0 17
0 159
0 208
0 221
0 232
0 115
0 154
0 165
0 174
0 183
0 8
0 151
0 149
0 180
0 231
0 11
0 148
0 193
0 145
0 193
0 250
0 144
0 140
0 179
0 115
0 155
0 10
0 29
0 123
0 166
0 221
0 234
0 244
0 253
0 263
0 152
0 196
0 208
0 217
0 226
0 148
0 191
0 202
0 211
0 148
0 192
0 144
0 187
0 198
0 149
0 192
0 204
0 213
0 144
0 186
0 151
0 195
0 207
0 137
0 185
0 197
0 6
0 17
0 135
0 175
0 186
0 145
0 188
0 200
0 138
0 180
0 191
0 201
0 161
0 148
0 193
0 205
0 150
0 188
0 200
0 221
0 272
0 286
0 169
0 218
0 164
0 213
0 172
0 117
0 153
0 165
0 211
0 277
0 290
0 300
0 9
0 144
0 187
0 200
0 208
0 217
0 145
0 188
0 200
0 209
0 218
0 188
0 229
0 241
0 146
0 189
0 152
0 195
0 206
0 215
0 138
0 184
0 196
0 7
0 18
0 30
0 144
0 187
0 198
0 208
0 217
0 143
0 185
0 197
0 206
0 8
0 269
0 125
0 160
0 171
0 138
0 181
0 192
0 201
0 210
0 149
0 148
0 190
0 202
0 141
0 181
0 144
0 186
0 148
0 149
0 191
0 234
0 246
0 147
0 191
0 117
0 153
0 164
0 8
0 136
0 176
0 6
0 26
0 35
0 5
0 147
0 190
0 201
0 211
0 148
0 192
0 204
0 146
0 190
0 146
0 188
0 199
0 147
0 190
0 202
0 211
0 220
0 140
0 185
0 151
0 195
0 207
0 216
0 134
0 176
0 187
0 8
0 132
0 181
0 13
0 145
0 189
0 200
0 138
0 151
0 147
0 190
0 148
0 192
0 204
0 117
0 153
0 128
0 167
0 178
0 149
0 246
0 294
0 116
0 12
0 23
0 41
0 6
0 134
0 174
0 185
0 194
0 7
0 17
0 143
0 187
0 199
0 208
0 217
0 226
0 234
0 140
0 184
0 195
0 203
0 212
0 147
0 13
0 131
0 12
0 24
0 146
0 190
0 201
0 210
0 135
0 180
0 192
0 201
0 210
0 152
0 195
0 206
0 137
0 181
0 192
0 201
0 210
0 218
0 227
0 236
0 119
0 160
0 171
0 180
0 8
0 149
0 195
0 207
0 216
0 150
0 143
0 186
0 197
0 206
0 145
0 12
0 24
0 151
0 194
0 206
0 126
0 163
0 174
0 144
0 182
0 222
0 164
0 220
0 10
0 152
0 15
0 29
0 6
0 125
0 146
0 189
0 200
0 149
0 191
0 204
0 213
0 120
0 156
0 167
0 8
